1.5781 	WARNING 	We strongly recommend you activate the PTB sound engine in PsychoPy prefs as the preferred audio engine. Its timing is vastly superior. Your prefs are currently set to use ['sounddevice', 'PTB', 'pyo', 'pygame'] (in that order).
4.6028 	WARNING 	User requested fullscreen with size [1024  768], but screen is actually [1920, 1080]. Using actual size
9.3925 	EXP 	Created window1 = Window(allowGUI=True, allowStencil=False, autoLog=True, backendConf=UNKNOWN, bitsMode=UNKNOWN, blendMode='avg', bpc=(8, 8, 8), color=array([0, 0, 0]), colorSpace='rgb', depthBits=8, fullscr=<method-wrapper '__getattribute__' of attributeSetter object at 0x000001F9621D8C10>, gamma=None, gammaErrorPolicy='raise', lms=UNKNOWN, monitor=<psychopy.monitors.calibTools.Monitor object at 0x000001F96549D550>, multiSample=False, name='window1', numSamples=2, pos=(0, 0), screen=0, size=array([1920, 1080]), stencilBits=0, stereo=False, units='height', useFBO=True, useRetina=False, viewOri=0.0, viewPos=None, viewScale=None, waitBlanking=True, winType='pyglet')
9.3927 	EXP 	window1: mouseVisible = True
9.3927 	EXP 	window1: mouseVisible = False
9.3928 	EXP 	window1: Attempting to measure frame rate of screen (0) ...
9.3928 	EXP 	window1: recordFrameIntervals = False
9.5592 	EXP 	window1: recordFrameIntervals = True
9.7426 	EXP 	Screen (0) actual frame rate measured at 60.11Hz
9.7427 	EXP 	window1: recordFrameIntervals = False
11.5373 	EXP 	Created text = TextStim(__class__=<class 'psychopy.visual.text.TextStim'>, alignHoriz=method-wrapper(...), alignText='center', alignVert=method-wrapper(...), anchorHoriz='center', anchorVert='center', antialias=True, autoDraw=False, autoLog=True, bold=False, color=array([1, 1, 1]), colorSpace='rgb', contrast=1.0, depth=0.0, flipHoriz=False, flipVert=False, font='Open Sans', fontFiles=[], height=0.05, italic=False, languageStyle='LTR', name='text', opacity=1.0, ori=0.0, pos=array([0., 0.]), rgb=UNKNOWN, text='To start press "SPACE"', units='height', win=Window(...), wrapWidth=1)
11.5429 	EXP 	Created text_3 = TextStim(__class__=<class 'psychopy.visual.text.TextStim'>, alignHoriz=method-wrapper(...), alignText='center', alignVert=method-wrapper(...), anchorHoriz='center', anchorVert='center', antialias=True, autoDraw=False, autoLog=True, bold=False, color=array([1, 1, 1]), colorSpace='rgb', contrast=1.0, depth=0.0, flipHoriz=False, flipVert=False, font='Open Sans', fontFiles=[], height=0.05, italic=False, languageStyle='LTR', name='text_3', opacity=1.0, ori=0.0, pos=array([0., 0.]), rgb=UNKNOWN, text='Press a letter from a to c\n', units='height', win=Window(...), wrapWidth=1)
11.5471 	EXP 	Created text_2 = TextStim(__class__=<class 'psychopy.visual.text.TextStim'>, alignHoriz=method-wrapper(...), alignText='center', alignVert=method-wrapper(...), anchorHoriz='center', anchorVert='center', antialias=True, autoDraw=False, autoLog=True, bold=False, color=array([1, 1, 1]), colorSpace='rgb', contrast=1.0, depth=0.0, flipHoriz=False, flipVert=False, font='Open Sans', fontFiles=[], height=0.05, italic=False, languageStyle='LTR', name='text_2', opacity=1.0, ori=0.0, pos=array([0., 0.]), rgb=UNKNOWN, text='End of Task\n\nPress "SPACE"\n', units='height', win=Window(...), wrapWidth=1)
11.5527 	EXP 	text: autoDraw = True
12.1069 	EXP 	Created sequence: random, trialTypes=1, nReps=5, seed=None
12.1072 	EXP 	New trial (rep=0, index=0): None
12.1091 	DATA 	Keypress: space
12.1215 	EXP 	text: autoDraw = False
12.1215 	EXP 	text_3: autoDraw = True
15.1044 	EXP 	New trial (rep=1, index=0): None
15.1082 	DATA 	Keypress: b
15.1172 	EXP 	text_3: autoDraw = False
15.1172 	EXP 	text_3: autoDraw = True
15.5515 	EXP 	New trial (rep=2, index=0): None
15.5531 	DATA 	Keypress: a
15.5663 	EXP 	text_3: autoDraw = False
15.5663 	EXP 	text_3: autoDraw = True
15.9009 	EXP 	New trial (rep=3, index=0): None
15.9025 	DATA 	Keypress: c
15.9158 	EXP 	text_3: autoDraw = False
15.9158 	EXP 	text_3: autoDraw = True
17.3160 	EXP 	New trial (rep=4, index=0): None
17.3180 	DATA 	Keypress: b
17.3303 	EXP 	text_3: autoDraw = False
17.3303 	EXP 	text_3: autoDraw = True
18.3324 	DATA 	Keypress: a
18.3455 	EXP 	text_3: autoDraw = False
18.3455 	EXP 	text_2: autoDraw = True
21.3605 	DATA 	Keypress: space
21.3744 	EXP 	text_2: autoDraw = False
24.4234 	EXP 	window1: mouseVisible = True
