1.5530 	WARNING 	We strongly recommend you activate the PTB sound engine in PsychoPy prefs as the preferred audio engine. Its timing is vastly superior. Your prefs are currently set to use ['sounddevice', 'PTB', 'pyo', 'pygame'] (in that order).
4.5832 	WARNING 	User requested fullscreen with size [1024  768], but screen is actually [1920, 1080]. Using actual size
8.8379 	EXP 	Created window1 = Window(allowGUI=True, allowStencil=False, autoLog=True, backendConf=UNKNOWN, bitsMode=UNKNOWN, blendMode='avg', bpc=(8, 8, 8), color=array([0, 0, 0]), colorSpace='rgb', depthBits=8, fullscr=<method-wrapper '__getattribute__' of attributeSetter object at 0x000002F3A1E48BE0>, gamma=None, gammaErrorPolicy='raise', lms=UNKNOWN, monitor=<psychopy.monitors.calibTools.Monitor object at 0x000002F3A5114550>, multiSample=False, name='window1', numSamples=2, pos=(0, 0), screen=0, size=array([1920, 1080]), stencilBits=0, stereo=False, units='height', useFBO=True, useRetina=False, viewOri=0.0, viewPos=None, viewScale=None, waitBlanking=True, winType='pyglet')
8.8382 	EXP 	window1: mouseVisible = True
8.8385 	EXP 	window1: mouseVisible = False
8.8385 	EXP 	window1: Attempting to measure frame rate of screen (0) ...
8.8386 	EXP 	window1: recordFrameIntervals = False
9.0033 	EXP 	window1: recordFrameIntervals = True
9.1868 	EXP 	Screen (0) actual frame rate measured at 60.06Hz
9.1869 	EXP 	window1: recordFrameIntervals = False
11.0252 	EXP 	Created text = TextStim(__class__=<class 'psychopy.visual.text.TextStim'>, alignHoriz=method-wrapper(...), alignText='center', alignVert=method-wrapper(...), anchorHoriz='center', anchorVert='center', antialias=True, autoDraw=False, autoLog=True, bold=False, color=array([1, 1, 1]), colorSpace='rgb', contrast=1.0, depth=0.0, flipHoriz=False, flipVert=False, font='Open Sans', fontFiles=[], height=0.05, italic=False, languageStyle='LTR', name='text', opacity=1.0, ori=0.0, pos=array([0., 0.]), rgb=UNKNOWN, text='To start press "SPACE"', units='height', win=Window(...), wrapWidth=1)
11.0306 	EXP 	Created text_3 = TextStim(__class__=<class 'psychopy.visual.text.TextStim'>, alignHoriz=method-wrapper(...), alignText='center', alignVert=method-wrapper(...), anchorHoriz='center', anchorVert='center', antialias=True, autoDraw=False, autoLog=True, bold=False, color=array([1, 1, 1]), colorSpace='rgb', contrast=1.0, depth=0.0, flipHoriz=False, flipVert=False, font='Open Sans', fontFiles=[], height=0.05, italic=False, languageStyle='LTR', name='text_3', opacity=1.0, ori=0.0, pos=array([0., 0.]), rgb=UNKNOWN, text='Press a letter from a to c\n', units='height', win=Window(...), wrapWidth=1)
11.0353 	EXP 	Created text_4 = TextStim(__class__=<class 'psychopy.visual.text.TextStim'>, alignHoriz=method-wrapper(...), alignText='center', alignVert=method-wrapper(...), anchorHoriz='center', anchorVert='center', antialias=True, autoDraw=False, autoLog=True, bold=False, color=array([1, 1, 1]), colorSpace='rgb', contrast=1.0, depth=-2.0, flipHoriz=False, flipVert=False, font='Open Sans', fontFiles=[], height=0.05, italic=False, languageStyle='LTR', name='text_4', opacity=1.0, ori=0.0, pos=array([0., 0.]), rgb=UNKNOWN, text='Next "y"', units='height', win=Window(...), wrapWidth=1)
11.0400 	EXP 	Created text_2 = TextStim(__class__=<class 'psychopy.visual.text.TextStim'>, alignHoriz=method-wrapper(...), alignText='center', alignVert=method-wrapper(...), anchorHoriz='center', anchorVert='center', antialias=True, autoDraw=False, autoLog=True, bold=False, color=array([1, 1, 1]), colorSpace='rgb', contrast=1.0, depth=0.0, flipHoriz=False, flipVert=False, font='Open Sans', fontFiles=[], height=0.05, italic=False, languageStyle='LTR', name='text_2', opacity=1.0, ori=0.0, pos=array([0., 0.]), rgb=UNKNOWN, text='End of Task\n\nPress "SPACE"\n', units='height', win=Window(...), wrapWidth=1)
11.0458 	EXP 	text: autoDraw = True
12.1168 	EXP 	Created sequence: random, trialTypes=1, nReps=5, seed=None
12.1172 	EXP 	New trial (rep=0, index=0): None
12.1197 	DATA 	Keypress: space
12.1315 	EXP 	text: autoDraw = False
12.1315 	EXP 	text_3: autoDraw = True
12.1315 	EXP 	text_4: autoDraw = True
17.0439 	DATA 	Keypress: y
17.0599 	EXP 	New trial (rep=1, index=0): None
17.0741 	EXP 	text_3: autoDraw = False
17.0741 	EXP 	text_4: autoDraw = False
17.0741 	EXP 	text_3: autoDraw = True
17.0741 	EXP 	text_4: autoDraw = True
17.5423 	EXP 	New trial (rep=2, index=0): None
17.5442 	DATA 	Keypress: y
17.5567 	EXP 	text_3: autoDraw = False
17.5567 	EXP 	text_4: autoDraw = False
17.5567 	EXP 	text_3: autoDraw = True
17.5567 	EXP 	text_4: autoDraw = True
19.4558 	EXP 	New trial (rep=3, index=0): None
19.4575 	DATA 	Keypress: c
19.4704 	EXP 	text_3: autoDraw = False
19.4704 	EXP 	text_4: autoDraw = False
19.4704 	EXP 	text_3: autoDraw = True
19.4704 	EXP 	text_4: autoDraw = True
19.6729 	EXP 	New trial (rep=4, index=0): None
19.6753 	DATA 	Keypress: b
19.6868 	EXP 	text_3: autoDraw = False
19.6868 	EXP 	text_4: autoDraw = False
19.6868 	EXP 	text_3: autoDraw = True
19.6868 	EXP 	text_4: autoDraw = True
19.8917 	DATA 	Keypress: a
19.9031 	EXP 	text_3: autoDraw = False
19.9031 	EXP 	text_4: autoDraw = False
19.9031 	EXP 	text_2: autoDraw = True
24.7155 	DATA 	Keypress: space
24.7292 	EXP 	text_2: autoDraw = False
27.7812 	EXP 	window1: mouseVisible = True
