12.0499 	WARNING 	We strongly recommend you activate the PTB sound engine in PsychoPy prefs as the preferred audio engine. Its timing is vastly superior. Your prefs are currently set to use ['sounddevice', 'PTB', 'pyo', 'pygame'] (in that order).
23.0182 	WARNING 	User requested fullscreen with size [1024  768], but screen is actually [1920, 1080]. Using actual size
28.7341 	EXP 	Created window1 = Window(allowGUI=True, allowStencil=False, autoLog=True, backendConf=UNKNOWN, bitsMode=UNKNOWN, blendMode='avg', bpc=(8, 8, 8), color=array([0, 0, 0]), colorSpace='rgb', depthBits=8, fullscr=<method-wrapper '__getattribute__' of attributeSetter object at 0x00000217B1BA8BE0>, gamma=None, gammaErrorPolicy='raise', lms=UNKNOWN, monitor=<psychopy.monitors.calibTools.Monitor object at 0x00000217B4DE14F0>, multiSample=False, name='window1', numSamples=2, pos=(0, 0), screen=0, size=array([1920, 1080]), stencilBits=0, stereo=False, units='height', useFBO=True, useRetina=False, viewOri=0.0, viewPos=None, viewScale=None, waitBlanking=True, winType='pyglet')
28.7344 	EXP 	window1: mouseVisible = True
28.7346 	EXP 	window1: mouseVisible = False
28.7347 	EXP 	window1: Attempting to measure frame rate of screen (0) ...
28.7347 	EXP 	window1: recordFrameIntervals = False
28.8992 	EXP 	window1: recordFrameIntervals = True
29.0826 	EXP 	Screen (0) actual frame rate measured at 60.08Hz
29.0827 	EXP 	window1: recordFrameIntervals = False
31.7386 	EXP 	Created text = TextStim(__class__=<class 'psychopy.visual.text.TextStim'>, alignHoriz=method-wrapper(...), alignText='center', alignVert=method-wrapper(...), anchorHoriz='center', anchorVert='center', antialias=True, autoDraw=False, autoLog=True, bold=False, color=array([1, 1, 1]), colorSpace='rgb', contrast=1.0, depth=0.0, flipHoriz=False, flipVert=False, font='Open Sans', fontFiles=[], height=0.05, italic=False, languageStyle='LTR', name='text', opacity=1.0, ori=0.0, pos=array([0., 0.]), rgb=UNKNOWN, text='To start press "SPACE"', units='height', win=Window(...), wrapWidth=1)
31.7504 	EXP 	Created text_3 = TextStim(__class__=<class 'psychopy.visual.text.TextStim'>, alignHoriz=method-wrapper(...), alignText='center', alignVert=method-wrapper(...), anchorHoriz='center', anchorVert='center', antialias=True, autoDraw=False, autoLog=True, bold=False, color=array([1, 1, 1]), colorSpace='rgb', contrast=1.0, depth=0.0, flipHoriz=False, flipVert=False, font='Open Sans', fontFiles=[], height=0.05, italic=False, languageStyle='LTR', name='text_3', opacity=1.0, ori=0.0, pos=array([0., 0.]), rgb=UNKNOWN, text='Press a letter from a to c\n', units='height', win=Window(...), wrapWidth=1)
31.7553 	EXP 	Created text_2 = TextStim(__class__=<class 'psychopy.visual.text.TextStim'>, alignHoriz=method-wrapper(...), alignText='center', alignVert=method-wrapper(...), anchorHoriz='center', anchorVert='center', antialias=True, autoDraw=False, autoLog=True, bold=False, color=array([1, 1, 1]), colorSpace='rgb', contrast=1.0, depth=0.0, flipHoriz=False, flipVert=False, font='Open Sans', fontFiles=[], height=0.05, italic=False, languageStyle='LTR', name='text_2', opacity=1.0, ori=0.0, pos=array([0., 0.]), rgb=UNKNOWN, text='End of Task\n\nPress "SPACE"\n', units='height', win=Window(...), wrapWidth=1)
31.7694 	EXP 	text: autoDraw = True
35.4041 	EXP 	Created sequence: random, trialTypes=1, nReps=3, seed=None
35.4046 	EXP 	New trial (rep=0, index=0): None
35.4077 	DATA 	Keypress: space
35.4106 	EXP 	text: autoDraw = False
35.4106 	EXP 	text_3: autoDraw = True
38.5167 	EXP 	New trial (rep=1, index=0): None
38.5195 	DATA 	Keypress: a
38.5224 	EXP 	text_3: autoDraw = False
38.5224 	EXP 	text_3: autoDraw = True
40.7497 	EXP 	New trial (rep=2, index=0): None
40.7516 	DATA 	Keypress: a
40.7643 	EXP 	text_3: autoDraw = False
40.7643 	EXP 	text_3: autoDraw = True
41.8686 	DATA 	Keypress: c
41.8795 	EXP 	text_3: autoDraw = False
41.8795 	EXP 	text_2: autoDraw = True
45.8919 	DATA 	Keypress: space
47.6228 	DATA 	Keypress: c
48.9386 	DATA 	Keypress: space
49.4386 	DATA 	Keypress: space
50.1202 	DATA 	Keypress: c
50.5014 	DATA 	Keypress: a
52.0173 	DATA 	Keypress: b
52.4334 	DATA 	Keypress: c
52.6501 	DATA 	Keypress: a
53.7315 	DATA 	Keypress: a
54.4804 	DATA 	Keypress: b
54.6801 	DATA 	Keypress: c
55.3618 	DATA 	Keypress: c
55.5615 	DATA 	Keypress: b
55.6946 	DATA 	Keypress: a
56.1762 	DATA 	Keypress: space
56.5086 	DATA 	Keypress: return
56.8585 	DATA 	Keypress: return
57.0906 	DATA 	Keypress: return
57.3257 	DATA 	Keypress: space
57.8747 	DATA 	Keypress: escape
61.5345 	EXP 	window1: mouseVisible = True
