3.1721 	WARNING 	We strongly recommend you activate the PTB sound engine in PsychoPy prefs as the preferred audio engine. Its timing is vastly superior. Your prefs are currently set to use ['sounddevice', 'PTB', 'pyo', 'pygame'] (in that order).
14.0431 	EXP 	Created window1 = Window(allowGUI=True, allowStencil=False, autoLog=True, backendConf=UNKNOWN, bitsMode=UNKNOWN, blendMode='avg', bpc=(8, 8, 8), color=array([0.5216, 0.5216, 0.5216]), colorSpace='rgb', depthBits=8, fullscr=<method-wrapper '__getattribute__' of attributeSetter object at 0x00000178B5C61FA0>, gamma=None, gammaErrorPolicy='raise', lms=UNKNOWN, monitor=<psychopy.monitors.calibTools.Monitor object at 0x00000178BAB90A30>, multiSample=False, name='window1', numSamples=2, pos=(0, 0), screen=0, size=array([1920, 1080]), stencilBits=0, stereo=False, units='height', useFBO=True, useRetina=False, viewOri=0.0, viewPos=None, viewScale=None, waitBlanking=True, winType='pyglet')
14.0432 	EXP 	window1: mouseVisible = True
14.0433 	EXP 	window1: mouseVisible = False
14.0433 	EXP 	window1: Attempting to measure frame rate of screen (0) ...
14.0433 	EXP 	window1: recordFrameIntervals = False
14.2089 	EXP 	window1: recordFrameIntervals = True
14.3922 	EXP 	Screen (0) actual frame rate measured at 60.09Hz
14.3922 	EXP 	window1: recordFrameIntervals = False
16.2855 	EXP 	Created cgeRDMstartTxt = TextStim(__class__=<class 'psychopy.visual.text.TextStim'>, alignHoriz=method-wrapper(...), alignText='center', alignVert=method-wrapper(...), anchorHoriz='center', anchorVert='center', antialias=True, autoDraw=False, autoLog=True, bold=False, color=array([-0.0667,  0.6392,  1.    ]), colorSpace='rgb', contrast=1.0, depth=0.0, flipHoriz=False, flipVert=False, font='Arial', fontFiles=[], height=0.05, italic=False, languageStyle='LTR', name='cgeRDMstartTxt', opacity=1.0, ori=0, pos=array([0., 0.]), rgb=UNKNOWN, text=str(...), units='height', win=Window(...), wrapWidth=1.5)
16.2928 	EXP 	Created pracStartTxt = TextStim(__class__=<class 'psychopy.visual.text.TextStim'>, alignHoriz=method-wrapper(...), alignText='center', alignVert=method-wrapper(...), anchorHoriz='center', anchorVert='center', antialias=True, autoDraw=False, autoLog=True, bold=False, color=array([-0.0667,  0.6392,  1.    ]), colorSpace='rgb', contrast=1.0, depth=0.0, flipHoriz=False, flipVert=False, font='Arial', fontFiles=[], height=0.05, italic=False, languageStyle='LTR', name='pracStartTxt', opacity=1.0, ori=0, pos=array([0., 0.]), rgb=UNKNOWN, text=str(...), units='height', win=Window(...), wrapWidth=1.5)
16.2964 	EXP 	Created pracCircLeft = ShapeStim(__class__=<class 'psychopy.visual.shape.ShapeStim'>, anchor=('center', 'center'), autoDraw=False, autoLog=True, closeShape=True, color=method-wrapper(...), colorSpace='rgb', contrast=None, depth=-1.0, fillColor=array([-0.0667,  0.6392,  1.    ]), fillColorSpace='rgb', fillRGB=array([-0.0667,  0.6392,  1.    ]), interpolate=True, lineColor=array([-0.0667,  0.6392,  1.    ]), lineColorSpace='rgb', lineRGB=array([-0.0667,  0.6392,  1.    ]), lineWidth=1, name='pracCircLeft', opacity=1.0, ori=0.0, pos=array([-0.35,  0.  ]), size=array([0.5, 0.5]), units='height', vertices=ndarray(...), win=Window(...), windingRule=None)
16.3008 	EXP 	Created pracCircRight = ShapeStim(__class__=<class 'psychopy.visual.shape.ShapeStim'>, anchor=('center', 'center'), autoDraw=False, autoLog=True, closeShape=True, color=method-wrapper(...), colorSpace='rgb', contrast=None, depth=-2.0, fillColor=array([1, 1, 1]), fillColorSpace='rgb', fillRGB=array([1, 1, 1]), interpolate=True, lineColor=array([1, 1, 1]), lineColorSpace='rgb', lineRGB=array([1, 1, 1]), lineWidth=1, name='pracCircRight', opacity=1.0, ori=0.0, pos=array([0.35, 0.  ]), size=array([0.5, 0.5]), units='height', vertices=ndarray(...), win=Window(...), windingRule=None)
16.3017 	EXP 	Created pracRiskLine = ShapeStim(__class__=<class 'psychopy.visual.shape.ShapeStim'>, anchor=('center', 'center'), autoDraw=False, autoLog=True, closeShape=True, color=method-wrapper(...), colorSpace='rgb', contrast=None, depth=-3.0, fillColor=array([0.5216, 0.5216, 0.5216]), fillColorSpace='rgb', fillRGB=array([0.5216, 0.5216, 0.5216]), interpolate=True, lineColor=array([0.5216, 0.5216, 0.5216]), lineColorSpace='rgb', lineRGB=array([0.5216, 0.5216, 0.5216]), lineWidth=3, name='pracRiskLine', opacity=1.0, ori=0.0, pos=array([0., 0.]), size=array([0.5 , 0.01]), units='height', vertices=ndarray(...), win=Window(...), windingRule=None)
16.3055 	EXP 	Created pracORtxt = TextStim(__class__=<class 'psychopy.visual.text.TextStim'>, alignHoriz=method-wrapper(...), alignText='center', alignVert=method-wrapper(...), anchorHoriz='center', anchorVert='center', antialias=True, autoDraw=False, autoLog=True, bold=False, color=array([-0.0667,  0.6392,  1.    ]), colorSpace='rgb', contrast=1.0, depth=-4.0, flipHoriz=False, flipVert=False, font='Arial', fontFiles=[], height=0.05, italic=False, languageStyle='LTR', name='pracORtxt', opacity=1.0, ori=0, pos=array([0., 0.]), rgb=UNKNOWN, text='OR', units='height', win=Window(...), wrapWidth=1)
16.3062 	EXP 	Created pracLossTxt = TextStim(__class__=<class 'psychopy.visual.text.TextStim'>, alignHoriz=method-wrapper(...), alignText='center', alignVert=method-wrapper(...), anchorHoriz='center', anchorVert='center', antialias=True, autoDraw=False, autoLog=True, bold=False, color=array([0.5216, 0.5216, 0.5216]), colorSpace='rgb', contrast=1.0, depth=-5.0, flipHoriz=False, flipVert=False, font='Arial', fontFiles=[], height=0.1, italic=False, languageStyle='LTR', name='pracLossTxt', opacity=1.0, ori=0, pos=array([0., 0.]), rgb=UNKNOWN, text='', units='height', win=Window(...), wrapWidth=1)
16.3066 	EXP 	Created pracGainTxt = TextStim(__class__=<class 'psychopy.visual.text.TextStim'>, alignHoriz=method-wrapper(...), alignText='center', alignVert=method-wrapper(...), anchorHoriz='center', anchorVert='center', antialias=True, autoDraw=False, autoLog=True, bold=False, color=array([0.5216, 0.5216, 0.5216]), colorSpace='rgb', contrast=1.0, depth=-6.0, flipHoriz=False, flipVert=False, font='Arial', fontFiles=[], height=0.1, italic=False, languageStyle='LTR', name='pracGainTxt', opacity=1.0, ori=0, pos=array([0., 0.]), rgb=UNKNOWN, text='', units='height', win=Window(...), wrapWidth=1)
16.3070 	EXP 	Created pracSafeTxt = TextStim(__class__=<class 'psychopy.visual.text.TextStim'>, alignHoriz=method-wrapper(...), alignText='center', alignVert=method-wrapper(...), anchorHoriz='center', anchorVert='center', antialias=True, autoDraw=False, autoLog=True, bold=False, color=array([0.5216, 0.5216, 0.5216]), colorSpace='rgb', contrast=1.0, depth=-7.0, flipHoriz=False, flipVert=False, font='Arial', fontFiles=[], height=0.1, italic=False, languageStyle='LTR', name='pracSafeTxt', opacity=1.0, ori=0, pos=array([0., 0.]), rgb=UNKNOWN, text='', units='height', win=Window(...), wrapWidth=1)
16.3107 	EXP 	Created pracVleft = TextStim(__class__=<class 'psychopy.visual.text.TextStim'>, alignHoriz=method-wrapper(...), alignText='center', alignVert=method-wrapper(...), anchorHoriz='center', anchorVert='center', antialias=True, autoDraw=False, autoLog=True, bold=False, color=array([-0.0667,  0.6392,  1.    ]), colorSpace='rgb', contrast=1.0, depth=-8.0, flipHoriz=False, flipVert=False, font='Arial', fontFiles=[], height=0.05, italic=False, languageStyle='LTR', name='pracVleft', opacity=1.0, ori=0, pos=array([-0.35, -0.35]), rgb=UNKNOWN, text='V-Left', units='height', win=Window(...), wrapWidth=1)
16.3125 	EXP 	Created pracNright = TextStim(__class__=<class 'psychopy.visual.text.TextStim'>, alignHoriz=method-wrapper(...), alignText='center', alignVert=method-wrapper(...), anchorHoriz='center', anchorVert='center', antialias=True, autoDraw=False, autoLog=True, bold=False, color=array([-0.0667,  0.6392,  1.    ]), colorSpace='rgb', contrast=1.0, depth=-9.0, flipHoriz=False, flipVert=False, font='Arial', fontFiles=[], height=0.05, italic=False, languageStyle='LTR', name='pracNright', opacity=1.0, ori=0, pos=array([ 0.35, -0.35]), rgb=UNKNOWN, text='N-Right', units='height', win=Window(...), wrapWidth=1)
16.3149 	EXP 	Created isiPracFix = TextStim(__class__=<class 'psychopy.visual.text.TextStim'>, alignHoriz=method-wrapper(...), alignText='center', alignVert=method-wrapper(...), anchorHoriz='center', anchorVert='center', antialias=True, autoDraw=False, autoLog=True, bold=False, color=array([-0.0667,  0.6392,  1.    ]), colorSpace='rgb', contrast=1.0, depth=0.0, flipHoriz=False, flipVert=False, font='Arial', fontFiles=[], height=0.05, italic=False, languageStyle='LTR', name='isiPracFix', opacity=1.0, ori=0, pos=array([0., 0.]), rgb=UNKNOWN, text='+', units='height', win=Window(...), wrapWidth=1)
16.3257 	EXP 	Created pracNoRespTxt = TextStim(__class__=<class 'psychopy.visual.text.TextStim'>, alignHoriz=method-wrapper(...), alignText='center', alignVert=method-wrapper(...), anchorHoriz='center', anchorVert='center', antialias=True, autoDraw=False, autoLog=True, bold=False, color=array([-0.0667,  0.6392,  1.    ]), colorSpace='rgb', contrast=1.0, depth=-1.0, flipHoriz=False, flipVert=False, font='Arial', fontFiles=[], height=0.08, italic=False, languageStyle='LTR', name='pracNoRespTxt', opacity=1.0, ori=0, pos=array([0., 0.]), rgb=UNKNOWN, text='You did not respond in time\n', units='height', win=Window(...), wrapWidth=1)
16.3286 	EXP 	Created pracRiskOC = ShapeStim(__class__=<class 'psychopy.visual.shape.ShapeStim'>, anchor=('center', 'center'), autoDraw=False, autoLog=True, closeShape=True, color=method-wrapper(...), colorSpace='rgb', contrast=None, depth=-2.0, fillColor=array([-0.0667,  0.6392,  1.    ]), fillColorSpace='rgb', fillRGB=array([-0.0667,  0.6392,  1.    ]), interpolate=True, lineColor=array([-0.0667,  0.6392,  1.    ]), lineColorSpace='rgb', lineRGB=array([-0.0667,  0.6392,  1.    ]), lineWidth=1, name='pracRiskOC', opacity=1.0, ori=0.0, pos=array([0., 0.]), size=array([0.5, 0.5]), units='height', vertices=ndarray(...), win=Window(...), windingRule=None)
16.3314 	EXP 	Created pracSafeOC = ShapeStim(__class__=<class 'psychopy.visual.shape.ShapeStim'>, anchor=('center', 'center'), autoDraw=False, autoLog=True, closeShape=True, color=method-wrapper(...), colorSpace='rgb', contrast=None, depth=-3.0, fillColor=array([-0.0667,  0.6392,  1.    ]), fillColorSpace='rgb', fillRGB=array([-0.0667,  0.6392,  1.    ]), interpolate=True, lineColor=array([-0.0667,  0.6392,  1.    ]), lineColorSpace='rgb', lineRGB=array([-0.0667,  0.6392,  1.    ]), lineWidth=1, name='pracSafeOC', opacity=1.0, ori=0.0, pos=array([0., 0.]), size=array([0.5, 0.5]), units='height', vertices=ndarray(...), win=Window(...), windingRule=None)
16.3319 	EXP 	Created pracOCtxt = TextStim(__class__=<class 'psychopy.visual.text.TextStim'>, alignHoriz=method-wrapper(...), alignText='center', alignVert=method-wrapper(...), anchorHoriz='center', anchorVert='center', antialias=True, autoDraw=False, autoLog=True, bold=False, color=array([1, 1, 1]), colorSpace='rgb', contrast=1.0, depth=-4.0, flipHoriz=False, flipVert=False, font='Arial', fontFiles=[], height=0.1, italic=False, languageStyle='LTR', name='pracOCtxt', opacity=1.0, ori=0, pos=array([0., 0.]), rgb=UNKNOWN, text='', units='height', win=Window(...), wrapWidth=1)
16.3329 	EXP 	Created pracHideRisk = ShapeStim(__class__=<class 'psychopy.visual.shape.ShapeStim'>, anchor=('center', 'center'), autoDraw=False, autoLog=True, closeShape=True, color=method-wrapper(...), colorSpace='rgb', contrast=None, depth=-5.0, fillColor=array([0.5216, 0.5216, 0.5216]), fillColorSpace='rgb', fillRGB=array([0.5216, 0.5216, 0.5216]), interpolate=True, lineColor=array([0.5216, 0.5216, 0.5216]), lineColorSpace='rgb', lineRGB=array([0.5216, 0.5216, 0.5216]), lineWidth=1, name='pracHideRisk', opacity=1.0, ori=0.0, pos=array([0., 0.]), size=array([0.6, 0.3]), units='height', vertices=ndarray(...), win=Window(...), windingRule=None)
16.3366 	EXP 	Created itiPracFix = TextStim(__class__=<class 'psychopy.visual.text.TextStim'>, alignHoriz=method-wrapper(...), alignText='center', alignVert=method-wrapper(...), anchorHoriz='center', anchorVert='center', antialias=True, autoDraw=False, autoLog=True, bold=False, color=array([-0.0667,  0.6392,  1.    ]), colorSpace='rgb', contrast=1.0, depth=0.0, flipHoriz=False, flipVert=False, font='Arial', fontFiles=[], height=0.05, italic=False, languageStyle='LTR', name='itiPracFix', opacity=1.0, ori=0, pos=array([0., 0.]), rgb=UNKNOWN, text='+', units='height', win=Window(...), wrapWidth=1)
16.3589 	EXP 	Created statStartTxt = TextStim(__class__=<class 'psychopy.visual.text.TextStim'>, alignHoriz=method-wrapper(...), alignText='center', alignVert=method-wrapper(...), anchorHoriz='center', anchorVert='center', antialias=True, autoDraw=False, autoLog=True, bold=False, color=array([-0.0667,  0.6392,  1.    ]), colorSpace='rgb', contrast=1.0, depth=0.0, flipHoriz=False, flipVert=False, font='Arial', fontFiles=[], height=0.05, italic=False, languageStyle='LTR', name='statStartTxt', opacity=1.0, ori=0, pos=array([0., 0.]), rgb=UNKNOWN, text=str(...), units='height', win=Window(...), wrapWidth=1.5)
16.3621 	EXP 	Created realCircLeft = ShapeStim(__class__=<class 'psychopy.visual.shape.ShapeStim'>, anchor=('center', 'center'), autoDraw=False, autoLog=True, closeShape=True, color=method-wrapper(...), colorSpace='rgb', contrast=None, depth=-1.0, fillColor=array([-0.0667,  0.6392,  1.    ]), fillColorSpace='rgb', fillRGB=array([-0.0667,  0.6392,  1.    ]), interpolate=True, lineColor=array([-0.0667,  0.6392,  1.    ]), lineColorSpace='rgb', lineRGB=array([-0.0667,  0.6392,  1.    ]), lineWidth=1, name='realCircLeft', opacity=1.0, ori=0.0, pos=array([-0.35,  0.  ]), size=array([0.5, 0.5]), units='height', vertices=ndarray(...), win=Window(...), windingRule=None)
16.3650 	EXP 	Created realCircRight = ShapeStim(__class__=<class 'psychopy.visual.shape.ShapeStim'>, anchor=('center', 'center'), autoDraw=False, autoLog=True, closeShape=True, color=method-wrapper(...), colorSpace='rgb', contrast=None, depth=-2.0, fillColor=array([1, 1, 1]), fillColorSpace='rgb', fillRGB=array([1, 1, 1]), interpolate=True, lineColor=array([1, 1, 1]), lineColorSpace='rgb', lineRGB=array([1, 1, 1]), lineWidth=1, name='realCircRight', opacity=1.0, ori=0.0, pos=array([0.35, 0.  ]), size=array([0.5, 0.5]), units='height', vertices=ndarray(...), win=Window(...), windingRule=None)
16.3660 	EXP 	Created realRiskLine = ShapeStim(__class__=<class 'psychopy.visual.shape.ShapeStim'>, anchor=('center', 'center'), autoDraw=False, autoLog=True, closeShape=True, color=method-wrapper(...), colorSpace='rgb', contrast=None, depth=-3.0, fillColor=array([0.5216, 0.5216, 0.5216]), fillColorSpace='rgb', fillRGB=array([0.5216, 0.5216, 0.5216]), interpolate=True, lineColor=array([0.5216, 0.5216, 0.5216]), lineColorSpace='rgb', lineRGB=array([0.5216, 0.5216, 0.5216]), lineWidth=3, name='realRiskLine', opacity=1.0, ori=0.0, pos=array([0., 0.]), size=array([0.5 , 0.01]), units='height', vertices=ndarray(...), win=Window(...), windingRule=None)
16.3676 	EXP 	Created realORtxt = TextStim(__class__=<class 'psychopy.visual.text.TextStim'>, alignHoriz=method-wrapper(...), alignText='center', alignVert=method-wrapper(...), anchorHoriz='center', anchorVert='center', antialias=True, autoDraw=False, autoLog=True, bold=False, color=array([-0.0667,  0.6392,  1.    ]), colorSpace='rgb', contrast=1.0, depth=-4.0, flipHoriz=False, flipVert=False, font='Arial', fontFiles=[], height=0.05, italic=False, languageStyle='LTR', name='realORtxt', opacity=1.0, ori=0, pos=array([0., 0.]), rgb=UNKNOWN, text='OR', units='height', win=Window(...), wrapWidth=1)
16.3680 	EXP 	Created realLossTxt = TextStim(__class__=<class 'psychopy.visual.text.TextStim'>, alignHoriz=method-wrapper(...), alignText='center', alignVert=method-wrapper(...), anchorHoriz='center', anchorVert='center', antialias=True, autoDraw=False, autoLog=True, bold=False, color=array([0.5216, 0.5216, 0.5216]), colorSpace='rgb', contrast=1.0, depth=-5.0, flipHoriz=False, flipVert=False, font='Arial', fontFiles=[], height=0.1, italic=False, languageStyle='LTR', name='realLossTxt', opacity=1.0, ori=0, pos=array([0., 0.]), rgb=UNKNOWN, text='', units='height', win=Window(...), wrapWidth=1)
16.3684 	EXP 	Created realGainTxt = TextStim(__class__=<class 'psychopy.visual.text.TextStim'>, alignHoriz=method-wrapper(...), alignText='center', alignVert=method-wrapper(...), anchorHoriz='center', anchorVert='center', antialias=True, autoDraw=False, autoLog=True, bold=False, color=array([0.5216, 0.5216, 0.5216]), colorSpace='rgb', contrast=1.0, depth=-6.0, flipHoriz=False, flipVert=False, font='Arial', fontFiles=[], height=0.1, italic=False, languageStyle='LTR', name='realGainTxt', opacity=1.0, ori=0, pos=array([0., 0.]), rgb=UNKNOWN, text='', units='height', win=Window(...), wrapWidth=1)
16.3688 	EXP 	Created realSafeTxt = TextStim(__class__=<class 'psychopy.visual.text.TextStim'>, alignHoriz=method-wrapper(...), alignText='center', alignVert=method-wrapper(...), anchorHoriz='center', anchorVert='center', antialias=True, autoDraw=False, autoLog=True, bold=False, color=array([0.5216, 0.5216, 0.5216]), colorSpace='rgb', contrast=1.0, depth=-7.0, flipHoriz=False, flipVert=False, font='Arial', fontFiles=[], height=0.1, italic=False, languageStyle='LTR', name='realSafeTxt', opacity=1.0, ori=0, pos=array([0., 0.]), rgb=UNKNOWN, text='', units='height', win=Window(...), wrapWidth=1)
16.3727 	EXP 	Created realVleft = TextStim(__class__=<class 'psychopy.visual.text.TextStim'>, alignHoriz=method-wrapper(...), alignText='center', alignVert=method-wrapper(...), anchorHoriz='center', anchorVert='center', antialias=True, autoDraw=False, autoLog=True, bold=False, color=array([-0.0667,  0.6392,  1.    ]), colorSpace='rgb', contrast=1.0, depth=-8.0, flipHoriz=False, flipVert=False, font='Arial', fontFiles=[], height=0.05, italic=False, languageStyle='LTR', name='realVleft', opacity=1.0, ori=0, pos=array([-0.35, -0.35]), rgb=UNKNOWN, text='V-Left', units='height', win=Window(...), wrapWidth=1)
16.3758 	EXP 	Created realNright = TextStim(__class__=<class 'psychopy.visual.text.TextStim'>, alignHoriz=method-wrapper(...), alignText='center', alignVert=method-wrapper(...), anchorHoriz='center', anchorVert='center', antialias=True, autoDraw=False, autoLog=True, bold=False, color=array([-0.0667,  0.6392,  1.    ]), colorSpace='rgb', contrast=1.0, depth=-9.0, flipHoriz=False, flipVert=False, font='Arial', fontFiles=[], height=0.05, italic=False, languageStyle='LTR', name='realNright', opacity=1.0, ori=0, pos=array([ 0.35, -0.35]), rgb=UNKNOWN, text='N-Right', units='height', win=Window(...), wrapWidth=1)
16.3772 	EXP 	Created isiRealFix = TextStim(__class__=<class 'psychopy.visual.text.TextStim'>, alignHoriz=method-wrapper(...), alignText='center', alignVert=method-wrapper(...), anchorHoriz='center', anchorVert='center', antialias=True, autoDraw=False, autoLog=True, bold=False, color=array([-0.0667,  0.6392,  1.    ]), colorSpace='rgb', contrast=1.0, depth=0.0, flipHoriz=False, flipVert=False, font='Arial', fontFiles=[], height=0.05, italic=False, languageStyle='LTR', name='isiRealFix', opacity=1.0, ori=0, pos=array([0., 0.]), rgb=UNKNOWN, text='+', units='height', win=Window(...), wrapWidth=1)
16.3800 	EXP 	Created statNoRespTxt = TextStim(__class__=<class 'psychopy.visual.text.TextStim'>, alignHoriz=method-wrapper(...), alignText='center', alignVert=method-wrapper(...), anchorHoriz='center', anchorVert='center', antialias=True, autoDraw=False, autoLog=True, bold=False, color=array([-0.0667,  0.6392,  1.    ]), colorSpace='rgb', contrast=1.0, depth=-1.0, flipHoriz=False, flipVert=False, font='Arial', fontFiles=[], height=0.08, italic=False, languageStyle='LTR', name='statNoRespTxt', opacity=1.0, ori=0, pos=array([0., 0.]), rgb=UNKNOWN, text='You did not respond in time\n', units='height', win=Window(...), wrapWidth=1)
16.3836 	EXP 	Created statRiskOC = ShapeStim(__class__=<class 'psychopy.visual.shape.ShapeStim'>, anchor=('center', 'center'), autoDraw=False, autoLog=True, closeShape=True, color=method-wrapper(...), colorSpace='rgb', contrast=None, depth=-2.0, fillColor=array([-0.0667,  0.6392,  1.    ]), fillColorSpace='rgb', fillRGB=array([-0.0667,  0.6392,  1.    ]), interpolate=True, lineColor=array([-0.0667,  0.6392,  1.    ]), lineColorSpace='rgb', lineRGB=array([-0.0667,  0.6392,  1.    ]), lineWidth=1, name='statRiskOC', opacity=1.0, ori=0.0, pos=array([0., 0.]), size=array([0.5, 0.5]), units='height', vertices=ndarray(...), win=Window(...), windingRule=None)
16.3869 	EXP 	Created statSafeOC = ShapeStim(__class__=<class 'psychopy.visual.shape.ShapeStim'>, anchor=('center', 'center'), autoDraw=False, autoLog=True, closeShape=True, color=method-wrapper(...), colorSpace='rgb', contrast=None, depth=-3.0, fillColor=array([-0.0667,  0.6392,  1.    ]), fillColorSpace='rgb', fillRGB=array([-0.0667,  0.6392,  1.    ]), interpolate=True, lineColor=array([-0.0667,  0.6392,  1.    ]), lineColorSpace='rgb', lineRGB=array([-0.0667,  0.6392,  1.    ]), lineWidth=1, name='statSafeOC', opacity=1.0, ori=0.0, pos=array([0., 0.]), size=array([0.5, 0.5]), units='height', vertices=ndarray(...), win=Window(...), windingRule=None)
16.3874 	EXP 	Created statOCtxt = TextStim(__class__=<class 'psychopy.visual.text.TextStim'>, alignHoriz=method-wrapper(...), alignText='center', alignVert=method-wrapper(...), anchorHoriz='center', anchorVert='center', antialias=True, autoDraw=False, autoLog=True, bold=False, color=array([1, 1, 1]), colorSpace='rgb', contrast=1.0, depth=-4.0, flipHoriz=False, flipVert=False, font='Arial', fontFiles=[], height=0.1, italic=False, languageStyle='LTR', name='statOCtxt', opacity=1.0, ori=0, pos=array([0., 0.]), rgb=UNKNOWN, text='', units='height', win=Window(...), wrapWidth=1)
16.3883 	EXP 	Created statHideRisk = ShapeStim(__class__=<class 'psychopy.visual.shape.ShapeStim'>, anchor=('center', 'center'), autoDraw=False, autoLog=True, closeShape=True, color=method-wrapper(...), colorSpace='rgb', contrast=None, depth=-5.0, fillColor=array([0.5216, 0.5216, 0.5216]), fillColorSpace='rgb', fillRGB=array([0.5216, 0.5216, 0.5216]), interpolate=True, lineColor=array([0.5216, 0.5216, 0.5216]), lineColorSpace='rgb', lineRGB=array([0.5216, 0.5216, 0.5216]), lineWidth=1, name='statHideRisk', opacity=1.0, ori=0.0, pos=array([0., 0.]), size=array([0.6, 0.3]), units='height', vertices=ndarray(...), win=Window(...), windingRule=None)
16.3898 	EXP 	Created itiRealFix = TextStim(__class__=<class 'psychopy.visual.text.TextStim'>, alignHoriz=method-wrapper(...), alignText='center', alignVert=method-wrapper(...), anchorHoriz='center', anchorVert='center', antialias=True, autoDraw=False, autoLog=True, bold=False, color=array([-0.0667,  0.6392,  1.    ]), colorSpace='rgb', contrast=1.0, depth=0.0, flipHoriz=False, flipVert=False, font='Arial', fontFiles=[], height=0.05, italic=False, languageStyle='LTR', name='itiRealFix', opacity=1.0, ori=0, pos=array([0., 0.]), rgb=UNKNOWN, text='+', units='height', win=Window(...), wrapWidth=1)
16.3990 	EXP 	Created setupBestFitTxt = TextStim(__class__=<class 'psychopy.visual.text.TextStim'>, alignHoriz=method-wrapper(...), alignText='center', alignVert=method-wrapper(...), anchorHoriz='center', anchorVert='center', antialias=True, autoDraw=False, autoLog=True, bold=False, color=array([-0.0667,  0.6392,  1.    ]), colorSpace='rgb', contrast=1.0, depth=-4.0, flipHoriz=False, flipVert=False, font='Arial', fontFiles=[], height=0.05, italic=False, languageStyle='LTR', name='setupBestFitTxt', opacity=1.0, ori=0.0, pos=array([0., 0.]), rgb=UNKNOWN, text=str(...), units='height', win=Window(...), wrapWidth=1.5)
16.4008 	EXP 	Created loadDynaChoicesTxt = TextStim(__class__=<class 'psychopy.visual.text.TextStim'>, alignHoriz=method-wrapper(...), alignText='center', alignVert=method-wrapper(...), anchorHoriz='center', anchorVert='center', antialias=True, autoDraw=False, autoLog=True, bold=False, color=array([1, 1, 1]), colorSpace='rgb', contrast=1.0, depth=0.0, flipHoriz=False, flipVert=False, font='Open Sans', fontFiles=[], height=0.05, italic=False, languageStyle='LTR', name='loadDynaChoicesTxt', opacity=1.0, ori=0.0, pos=array([0., 0.]), rgb=UNKNOWN, text='', units='height', win=Window(...), wrapWidth=1)
16.4060 	EXP 	Created dynaStartTxt = TextStim(__class__=<class 'psychopy.visual.text.TextStim'>, alignHoriz=method-wrapper(...), alignText='center', alignVert=method-wrapper(...), anchorHoriz='center', anchorVert='center', antialias=True, autoDraw=False, autoLog=True, bold=False, color=array([-0.0667,  0.6392,  1.    ]), colorSpace='rgb', contrast=1.0, depth=0.0, flipHoriz=False, flipVert=False, font='Arial', fontFiles=[], height=0.05, italic=False, languageStyle='LTR', name='dynaStartTxt', opacity=1.0, ori=0.0, pos=array([0., 0.]), rgb=UNKNOWN, text=str(...), units='height', win=Window(...), wrapWidth=1.5)
16.4091 	EXP 	Created realCircLeft = ShapeStim(__class__=<class 'psychopy.visual.shape.ShapeStim'>, anchor=('center', 'center'), autoDraw=False, autoLog=True, closeShape=True, color=method-wrapper(...), colorSpace='rgb', contrast=None, depth=-1.0, fillColor=array([-0.0667,  0.6392,  1.    ]), fillColorSpace='rgb', fillRGB=array([-0.0667,  0.6392,  1.    ]), interpolate=True, lineColor=array([-0.0667,  0.6392,  1.    ]), lineColorSpace='rgb', lineRGB=array([-0.0667,  0.6392,  1.    ]), lineWidth=1, name='realCircLeft', opacity=1.0, ori=0.0, pos=array([-0.35,  0.  ]), size=array([0.5, 0.5]), units='height', vertices=ndarray(...), win=Window(...), windingRule=None)
16.4119 	EXP 	Created realCircRight = ShapeStim(__class__=<class 'psychopy.visual.shape.ShapeStim'>, anchor=('center', 'center'), autoDraw=False, autoLog=True, closeShape=True, color=method-wrapper(...), colorSpace='rgb', contrast=None, depth=-2.0, fillColor=array([1, 1, 1]), fillColorSpace='rgb', fillRGB=array([1, 1, 1]), interpolate=True, lineColor=array([1, 1, 1]), lineColorSpace='rgb', lineRGB=array([1, 1, 1]), lineWidth=1, name='realCircRight', opacity=1.0, ori=0.0, pos=array([0.35, 0.  ]), size=array([0.5, 0.5]), units='height', vertices=ndarray(...), win=Window(...), windingRule=None)
16.4129 	EXP 	Created realRiskLine = ShapeStim(__class__=<class 'psychopy.visual.shape.ShapeStim'>, anchor=('center', 'center'), autoDraw=False, autoLog=True, closeShape=True, color=method-wrapper(...), colorSpace='rgb', contrast=None, depth=-3.0, fillColor=array([0.5216, 0.5216, 0.5216]), fillColorSpace='rgb', fillRGB=array([0.5216, 0.5216, 0.5216]), interpolate=True, lineColor=array([0.5216, 0.5216, 0.5216]), lineColorSpace='rgb', lineRGB=array([0.5216, 0.5216, 0.5216]), lineWidth=3, name='realRiskLine', opacity=1.0, ori=0.0, pos=array([0., 0.]), size=array([0.5 , 0.01]), units='height', vertices=ndarray(...), win=Window(...), windingRule=None)
16.4145 	EXP 	Created realORtxt = TextStim(__class__=<class 'psychopy.visual.text.TextStim'>, alignHoriz=method-wrapper(...), alignText='center', alignVert=method-wrapper(...), anchorHoriz='center', anchorVert='center', antialias=True, autoDraw=False, autoLog=True, bold=False, color=array([-0.0667,  0.6392,  1.    ]), colorSpace='rgb', contrast=1.0, depth=-4.0, flipHoriz=False, flipVert=False, font='Arial', fontFiles=[], height=0.05, italic=False, languageStyle='LTR', name='realORtxt', opacity=1.0, ori=0, pos=array([0., 0.]), rgb=UNKNOWN, text='OR', units='height', win=Window(...), wrapWidth=1)
16.4149 	EXP 	Created realLossTxt = TextStim(__class__=<class 'psychopy.visual.text.TextStim'>, alignHoriz=method-wrapper(...), alignText='center', alignVert=method-wrapper(...), anchorHoriz='center', anchorVert='center', antialias=True, autoDraw=False, autoLog=True, bold=False, color=array([0.5216, 0.5216, 0.5216]), colorSpace='rgb', contrast=1.0, depth=-5.0, flipHoriz=False, flipVert=False, font='Arial', fontFiles=[], height=0.1, italic=False, languageStyle='LTR', name='realLossTxt', opacity=1.0, ori=0, pos=array([0., 0.]), rgb=UNKNOWN, text='', units='height', win=Window(...), wrapWidth=1)
16.4155 	EXP 	Created realGainTxt = TextStim(__class__=<class 'psychopy.visual.text.TextStim'>, alignHoriz=method-wrapper(...), alignText='center', alignVert=method-wrapper(...), anchorHoriz='center', anchorVert='center', antialias=True, autoDraw=False, autoLog=True, bold=False, color=array([0.5216, 0.5216, 0.5216]), colorSpace='rgb', contrast=1.0, depth=-6.0, flipHoriz=False, flipVert=False, font='Arial', fontFiles=[], height=0.1, italic=False, languageStyle='LTR', name='realGainTxt', opacity=1.0, ori=0, pos=array([0., 0.]), rgb=UNKNOWN, text='', units='height', win=Window(...), wrapWidth=1)
16.4159 	EXP 	Created realSafeTxt = TextStim(__class__=<class 'psychopy.visual.text.TextStim'>, alignHoriz=method-wrapper(...), alignText='center', alignVert=method-wrapper(...), anchorHoriz='center', anchorVert='center', antialias=True, autoDraw=False, autoLog=True, bold=False, color=array([0.5216, 0.5216, 0.5216]), colorSpace='rgb', contrast=1.0, depth=-7.0, flipHoriz=False, flipVert=False, font='Arial', fontFiles=[], height=0.1, italic=False, languageStyle='LTR', name='realSafeTxt', opacity=1.0, ori=0, pos=array([0., 0.]), rgb=UNKNOWN, text='', units='height', win=Window(...), wrapWidth=1)
16.4177 	EXP 	Created realVleft = TextStim(__class__=<class 'psychopy.visual.text.TextStim'>, alignHoriz=method-wrapper(...), alignText='center', alignVert=method-wrapper(...), anchorHoriz='center', anchorVert='center', antialias=True, autoDraw=False, autoLog=True, bold=False, color=array([-0.0667,  0.6392,  1.    ]), colorSpace='rgb', contrast=1.0, depth=-8.0, flipHoriz=False, flipVert=False, font='Arial', fontFiles=[], height=0.05, italic=False, languageStyle='LTR', name='realVleft', opacity=1.0, ori=0, pos=array([-0.35, -0.35]), rgb=UNKNOWN, text='V-Left', units='height', win=Window(...), wrapWidth=1)
16.4198 	EXP 	Created realNright = TextStim(__class__=<class 'psychopy.visual.text.TextStim'>, alignHoriz=method-wrapper(...), alignText='center', alignVert=method-wrapper(...), anchorHoriz='center', anchorVert='center', antialias=True, autoDraw=False, autoLog=True, bold=False, color=array([-0.0667,  0.6392,  1.    ]), colorSpace='rgb', contrast=1.0, depth=-9.0, flipHoriz=False, flipVert=False, font='Arial', fontFiles=[], height=0.05, italic=False, languageStyle='LTR', name='realNright', opacity=1.0, ori=0, pos=array([ 0.35, -0.35]), rgb=UNKNOWN, text='N-Right', units='height', win=Window(...), wrapWidth=1)
16.4212 	EXP 	Created isiRealFix = TextStim(__class__=<class 'psychopy.visual.text.TextStim'>, alignHoriz=method-wrapper(...), alignText='center', alignVert=method-wrapper(...), anchorHoriz='center', anchorVert='center', antialias=True, autoDraw=False, autoLog=True, bold=False, color=array([-0.0667,  0.6392,  1.    ]), colorSpace='rgb', contrast=1.0, depth=0.0, flipHoriz=False, flipVert=False, font='Arial', fontFiles=[], height=0.05, italic=False, languageStyle='LTR', name='isiRealFix', opacity=1.0, ori=0, pos=array([0., 0.]), rgb=UNKNOWN, text='+', units='height', win=Window(...), wrapWidth=1)
16.4235 	EXP 	Created dynaNoRespTxt = TextStim(__class__=<class 'psychopy.visual.text.TextStim'>, alignHoriz=method-wrapper(...), alignText='center', alignVert=method-wrapper(...), anchorHoriz='center', anchorVert='center', antialias=True, autoDraw=False, autoLog=True, bold=False, color=array([-0.0667,  0.6392,  1.    ]), colorSpace='rgb', contrast=1.0, depth=-1.0, flipHoriz=False, flipVert=False, font='Arial', fontFiles=[], height=0.08, italic=False, languageStyle='LTR', name='dynaNoRespTxt', opacity=1.0, ori=0, pos=array([0., 0.]), rgb=UNKNOWN, text='You did not respond in time\n', units='height', win=Window(...), wrapWidth=1)
16.4266 	EXP 	Created dynaRiskOC = ShapeStim(__class__=<class 'psychopy.visual.shape.ShapeStim'>, anchor=('center', 'center'), autoDraw=False, autoLog=True, closeShape=True, color=method-wrapper(...), colorSpace='rgb', contrast=None, depth=-2.0, fillColor=array([-0.0667,  0.6392,  1.    ]), fillColorSpace='rgb', fillRGB=array([-0.0667,  0.6392,  1.    ]), interpolate=True, lineColor=array([-0.0667,  0.6392,  1.    ]), lineColorSpace='rgb', lineRGB=array([-0.0667,  0.6392,  1.    ]), lineWidth=1, name='dynaRiskOC', opacity=1.0, ori=0.0, pos=array([0., 0.]), size=array([0.5, 0.5]), units='height', vertices=ndarray(...), win=Window(...), windingRule=None)
16.4294 	EXP 	Created dynaSafeOC = ShapeStim(__class__=<class 'psychopy.visual.shape.ShapeStim'>, anchor=('center', 'center'), autoDraw=False, autoLog=True, closeShape=True, color=method-wrapper(...), colorSpace='rgb', contrast=None, depth=-3.0, fillColor=array([-0.0667,  0.6392,  1.    ]), fillColorSpace='rgb', fillRGB=array([-0.0667,  0.6392,  1.    ]), interpolate=True, lineColor=array([-0.0667,  0.6392,  1.    ]), lineColorSpace='rgb', lineRGB=array([-0.0667,  0.6392,  1.    ]), lineWidth=1, name='dynaSafeOC', opacity=1.0, ori=0.0, pos=array([0., 0.]), size=array([0.5, 0.5]), units='height', vertices=ndarray(...), win=Window(...), windingRule=None)
16.4299 	EXP 	Created dynaOCtxt = TextStim(__class__=<class 'psychopy.visual.text.TextStim'>, alignHoriz=method-wrapper(...), alignText='center', alignVert=method-wrapper(...), anchorHoriz='center', anchorVert='center', antialias=True, autoDraw=False, autoLog=True, bold=False, color=array([1, 1, 1]), colorSpace='rgb', contrast=1.0, depth=-4.0, flipHoriz=False, flipVert=False, font='Arial', fontFiles=[], height=0.1, italic=False, languageStyle='LTR', name='dynaOCtxt', opacity=1.0, ori=0, pos=array([0., 0.]), rgb=UNKNOWN, text='', units='height', win=Window(...), wrapWidth=1)
16.4310 	EXP 	Created dynaHideRisk = ShapeStim(__class__=<class 'psychopy.visual.shape.ShapeStim'>, anchor=('center', 'center'), autoDraw=False, autoLog=True, closeShape=True, color=method-wrapper(...), colorSpace='rgb', contrast=None, depth=-5.0, fillColor=array([0.5216, 0.5216, 0.5216]), fillColorSpace='rgb', fillRGB=array([0.5216, 0.5216, 0.5216]), interpolate=True, lineColor=array([0.5216, 0.5216, 0.5216]), lineColorSpace='rgb', lineRGB=array([0.5216, 0.5216, 0.5216]), lineWidth=1, name='dynaHideRisk', opacity=1.0, ori=0.0, pos=array([0., 0.]), size=array([0.6, 0.3]), units='height', vertices=ndarray(...), win=Window(...), windingRule=None)
16.4325 	EXP 	Created itiRealFix = TextStim(__class__=<class 'psychopy.visual.text.TextStim'>, alignHoriz=method-wrapper(...), alignText='center', alignVert=method-wrapper(...), anchorHoriz='center', anchorVert='center', antialias=True, autoDraw=False, autoLog=True, bold=False, color=array([-0.0667,  0.6392,  1.    ]), colorSpace='rgb', contrast=1.0, depth=0.0, flipHoriz=False, flipVert=False, font='Arial', fontFiles=[], height=0.05, italic=False, languageStyle='LTR', name='itiRealFix', opacity=1.0, ori=0, pos=array([0., 0.]), rgb=UNKNOWN, text='+', units='height', win=Window(...), wrapWidth=1)
16.4475 	EXP 	Created cgeRDMendTxt = TextStim(__class__=<class 'psychopy.visual.text.TextStim'>, alignHoriz=method-wrapper(...), alignText='center', alignVert=method-wrapper(...), anchorHoriz='center', anchorVert='center', antialias=True, autoDraw=False, autoLog=True, bold=False, color=array([-0.0667,  0.6392,  1.    ]), colorSpace='rgb', contrast=1.0, depth=0.0, flipHoriz=False, flipVert=False, font='Arial', fontFiles=[], height=0.05, italic=False, languageStyle='LTR', name='cgeRDMendTxt', opacity=1.0, ori=0.0, pos=array([0., 0.]), rgb=UNKNOWN, text=str(...), units='height', win=Window(...), wrapWidth=1.5)
16.4556 	EXP 	Created ThankYou = TextStim(__class__=<class 'psychopy.visual.text.TextStim'>, alignHoriz=method-wrapper(...), alignText='center', alignVert=method-wrapper(...), anchorHoriz='center', anchorVert='center', antialias=True, autoDraw=False, autoLog=True, bold=False, color=array([-0.0667,  0.6392,  1.    ]), colorSpace='rgb', contrast=1.0, depth=0.0, flipHoriz=False, flipVert=False, font='Arial', fontFiles=[], height=0.05, italic=False, languageStyle='LTR', name='ThankYou', opacity=1.0, ori=0.0, pos=array([0., 0.]), rgb=UNKNOWN, text=str(...), units='height', win=Window(...), wrapWidth=1.5)
16.4632 	EXP 	cgeRDMstartTxt: autoDraw = True
19.4696 	DATA 	Keypress: return
19.4842 	EXP 	cgeRDMstartTxt: autoDraw = False
19.4842 	EXP 	pracStartTxt: autoDraw = True
21.7530 	EXP 	Imported cgeRDMPractice.xlsx as conditions, 4 conditions, 6 params
21.7533 	EXP 	Created sequence: sequential, trialTypes=4, nReps=1, seed=None
21.7536 	EXP 	New trial (rep=0, index=0): {'riskyGain': 18.23, 'riskyLoss': 0, 'alternative': 9.45, 'isi': 1, 'iti': 3, 'loc': 1}
21.7712 	DATA 	Keypress: v
21.7741 	EXP 	pracStartTxt: autoDraw = False
21.7741 	EXP 	pracCircRight: fillColor = <psychopy.colors.Color: (-0.07, 0.64, 1.0, 1.0)>
21.7741 	EXP 	pracCircRight: borderColor = <psychopy.colors.Color: (-0.07, 0.64, 1.0, 1.0)>
21.7741 	EXP 	pracLossTxt: height = 0.1
21.7741 	EXP 	pracLossTxt: height = 0.1
21.7741 	EXP 	pracLossTxt: height = 0.1
21.7741 	EXP 	pracLossTxt: text = '$0'
21.7741 	EXP 	pracGainTxt: height = 0.1
21.7741 	EXP 	pracGainTxt: height = 0.1
21.7741 	EXP 	pracGainTxt: height = 0.1
21.7741 	EXP 	pracGainTxt: text = '$18.23'
21.7741 	EXP 	pracSafeTxt: height = 0.1
21.7741 	EXP 	pracSafeTxt: height = 0.1
21.7741 	EXP 	pracSafeTxt: height = 0.1
21.7741 	EXP 	pracSafeTxt: text = '$9.45'
21.7741 	EXP 	pracCircLeft: autoDraw = True
21.7741 	EXP 	pracCircRight: autoDraw = True
21.7741 	EXP 	pracRiskLine: autoDraw = True
21.7741 	EXP 	pracORtxt: autoDraw = True
21.7741 	EXP 	pracLossTxt: autoDraw = True
21.7741 	EXP 	pracGainTxt: autoDraw = True
21.7741 	EXP 	pracSafeTxt: autoDraw = True
21.7741 	EXP 	pracVleft: autoDraw = True
21.7741 	EXP 	pracNright: autoDraw = True
24.3122 	DATA 	Keypress: v
24.3269 	EXP 	pracCircLeft: autoDraw = False
24.3269 	EXP 	pracCircRight: autoDraw = False
24.3269 	EXP 	pracRiskLine: autoDraw = False
24.3269 	EXP 	pracORtxt: autoDraw = False
24.3269 	EXP 	pracLossTxt: autoDraw = False
24.3269 	EXP 	pracGainTxt: autoDraw = False
24.3269 	EXP 	pracSafeTxt: autoDraw = False
24.3269 	EXP 	pracVleft: autoDraw = False
24.3269 	EXP 	pracNright: autoDraw = False
24.3269 	EXP 	isiPracFix: autoDraw = True
25.3421 	EXP 	isiPracFix: autoDraw = False
25.3421 	EXP 	isiPracFix: autoDraw = False
25.3421 	EXP 	pracOCtxt: foreColor = <psychopy.colors.Color: (0.52, 0.52, 0.52, 1.0)>
25.3421 	EXP 	pracOCtxt: height = 0.1
25.3421 	EXP 	pracOCtxt: height = 0.1
25.3421 	EXP 	pracOCtxt: height = 0.1
25.3421 	EXP 	pracOCtxt: text = '$0'
25.3421 	EXP 	pracNoRespTxt: autoDraw = True
25.3421 	EXP 	pracRiskOC: autoDraw = True
25.3421 	EXP 	pracSafeOC: autoDraw = True
25.3421 	EXP 	pracOCtxt: autoDraw = True
25.3421 	EXP 	pracHideRisk: autoDraw = True
26.3572 	EXP 	pracNoRespTxt: autoDraw = False
26.3572 	EXP 	pracRiskOC: autoDraw = False
26.3572 	EXP 	pracSafeOC: autoDraw = False
26.3572 	EXP 	pracOCtxt: autoDraw = False
26.3572 	EXP 	pracHideRisk: autoDraw = False
26.3572 	EXP 	itiPracFix: autoDraw = True
29.3529 	EXP 	New trial (rep=0, index=1): {'riskyGain': 53.27, 'riskyLoss': 0, 'alternative': 35.16, 'isi': 1, 'iti': 3.5, 'loc': 1}
29.3694 	EXP 	itiPracFix: autoDraw = False
29.3694 	EXP 	itiPracFix: autoDraw = False
29.3694 	EXP 	pracCircRight: fillColor = <psychopy.colors.Color: (-0.07, 0.64, 1.0, 1.0)>
29.3694 	EXP 	pracCircRight: borderColor = <psychopy.colors.Color: (-0.07, 0.64, 1.0, 1.0)>
29.3694 	EXP 	pracLossTxt: text = '$0'
29.3694 	EXP 	pracGainTxt: height = 0.1
29.3694 	EXP 	pracGainTxt: height = 0.1
29.3694 	EXP 	pracGainTxt: height = 0.1
29.3694 	EXP 	pracGainTxt: text = '$53.27'
29.3694 	EXP 	pracSafeTxt: height = 0.1
29.3694 	EXP 	pracSafeTxt: height = 0.1
29.3694 	EXP 	pracSafeTxt: height = 0.1
29.3694 	EXP 	pracSafeTxt: text = '$35.16'
29.3694 	EXP 	pracCircLeft: autoDraw = True
29.3694 	EXP 	pracCircRight: autoDraw = True
29.3694 	EXP 	pracRiskLine: autoDraw = True
29.3694 	EXP 	pracORtxt: autoDraw = True
29.3694 	EXP 	pracLossTxt: autoDraw = True
29.3694 	EXP 	pracGainTxt: autoDraw = True
29.3694 	EXP 	pracSafeTxt: autoDraw = True
29.3694 	EXP 	pracVleft: autoDraw = True
29.3694 	EXP 	pracNright: autoDraw = True
31.0856 	DATA 	Keypress: n
31.1000 	EXP 	pracCircLeft: autoDraw = False
31.1000 	EXP 	pracCircRight: autoDraw = False
31.1000 	EXP 	pracRiskLine: autoDraw = False
31.1000 	EXP 	pracORtxt: autoDraw = False
31.1000 	EXP 	pracLossTxt: autoDraw = False
31.1000 	EXP 	pracGainTxt: autoDraw = False
31.1000 	EXP 	pracSafeTxt: autoDraw = False
31.1000 	EXP 	pracVleft: autoDraw = False
31.1000 	EXP 	pracNright: autoDraw = False
31.1000 	EXP 	isiPracFix: autoDraw = True
32.1150 	EXP 	isiPracFix: autoDraw = False
32.1150 	EXP 	isiPracFix: autoDraw = False
32.1150 	EXP 	pracOCtxt: foreColor = <psychopy.colors.Color: (0.52, 0.52, 0.52, 1.0)>
32.1150 	EXP 	pracOCtxt: height = 0.1
32.1150 	EXP 	pracOCtxt: height = 0.1
32.1150 	EXP 	pracOCtxt: height = 0.1
32.1150 	EXP 	pracOCtxt: text = '$35.16'
32.1150 	EXP 	pracNoRespTxt: autoDraw = True
32.1150 	EXP 	pracRiskOC: autoDraw = True
32.1150 	EXP 	pracSafeOC: autoDraw = True
32.1150 	EXP 	pracOCtxt: autoDraw = True
32.1150 	EXP 	pracHideRisk: autoDraw = True
33.1303 	EXP 	pracNoRespTxt: autoDraw = False
33.1303 	EXP 	pracRiskOC: autoDraw = False
33.1303 	EXP 	pracSafeOC: autoDraw = False
33.1303 	EXP 	pracOCtxt: autoDraw = False
33.1303 	EXP 	pracHideRisk: autoDraw = False
33.1303 	EXP 	itiPracFix: autoDraw = True
36.6258 	EXP 	New trial (rep=0, index=2): {'riskyGain': 8.27, 'riskyLoss': 0, 'alternative': 1.15, 'isi': 1, 'iti': 3, 'loc': 2}
36.6418 	EXP 	itiPracFix: autoDraw = False
36.6418 	EXP 	itiPracFix: autoDraw = False
36.6418 	EXP 	pracCircRight: fillColor = <psychopy.colors.Color: (-0.07, 0.64, 1.0, 1.0)>
36.6418 	EXP 	pracCircRight: borderColor = <psychopy.colors.Color: (-0.07, 0.64, 1.0, 1.0)>
36.6418 	EXP 	pracLossTxt: text = '$0'
36.6418 	EXP 	pracGainTxt: height = 0.1
36.6418 	EXP 	pracGainTxt: height = 0.1
36.6418 	EXP 	pracGainTxt: height = 0.1
36.6418 	EXP 	pracGainTxt: text = '$8.27'
36.6418 	EXP 	pracSafeTxt: height = 0.1
36.6418 	EXP 	pracSafeTxt: height = 0.1
36.6418 	EXP 	pracSafeTxt: height = 0.1
36.6418 	EXP 	pracSafeTxt: text = '$1.15'
36.6418 	EXP 	pracCircLeft: autoDraw = True
36.6418 	EXP 	pracCircRight: autoDraw = True
36.6418 	EXP 	pracRiskLine: autoDraw = True
36.6418 	EXP 	pracORtxt: autoDraw = True
36.6418 	EXP 	pracLossTxt: autoDraw = True
36.6418 	EXP 	pracGainTxt: autoDraw = True
36.6418 	EXP 	pracSafeTxt: autoDraw = True
36.6418 	EXP 	pracVleft: autoDraw = True
36.6418 	EXP 	pracNright: autoDraw = True
38.0430 	DATA 	Keypress: v
38.0729 	EXP 	pracCircLeft: autoDraw = False
38.0729 	EXP 	pracCircRight: autoDraw = False
38.0729 	EXP 	pracRiskLine: autoDraw = False
38.0729 	EXP 	pracORtxt: autoDraw = False
38.0729 	EXP 	pracLossTxt: autoDraw = False
38.0729 	EXP 	pracGainTxt: autoDraw = False
38.0729 	EXP 	pracSafeTxt: autoDraw = False
38.0729 	EXP 	pracVleft: autoDraw = False
38.0729 	EXP 	pracNright: autoDraw = False
38.0729 	EXP 	isiPracFix: autoDraw = True
39.0880 	EXP 	isiPracFix: autoDraw = False
39.0880 	EXP 	isiPracFix: autoDraw = False
39.0880 	EXP 	pracOCtxt: foreColor = <psychopy.colors.Color: (0.52, 0.52, 0.52, 1.0)>
39.0880 	EXP 	pracOCtxt: height = 0.1
39.0880 	EXP 	pracOCtxt: height = 0.1
39.0880 	EXP 	pracOCtxt: height = 0.1
39.0880 	EXP 	pracOCtxt: text = '$1.15'
39.0880 	EXP 	pracNoRespTxt: autoDraw = True
39.0880 	EXP 	pracRiskOC: autoDraw = True
39.0880 	EXP 	pracSafeOC: autoDraw = True
39.0880 	EXP 	pracOCtxt: autoDraw = True
39.0880 	EXP 	pracHideRisk: autoDraw = True
40.1031 	EXP 	pracNoRespTxt: autoDraw = False
40.1031 	EXP 	pracRiskOC: autoDraw = False
40.1031 	EXP 	pracSafeOC: autoDraw = False
40.1031 	EXP 	pracOCtxt: autoDraw = False
40.1031 	EXP 	pracHideRisk: autoDraw = False
40.1031 	EXP 	itiPracFix: autoDraw = True
43.0995 	EXP 	New trial (rep=0, index=3): {'riskyGain': 45.88, 'riskyLoss': 0, 'alternative': 40.41, 'isi': 1, 'iti': 3.5, 'loc': 1}
43.1175 	EXP 	itiPracFix: autoDraw = False
43.1175 	EXP 	itiPracFix: autoDraw = False
43.1175 	EXP 	pracCircRight: fillColor = <psychopy.colors.Color: (-0.07, 0.64, 1.0, 1.0)>
43.1175 	EXP 	pracCircRight: borderColor = <psychopy.colors.Color: (-0.07, 0.64, 1.0, 1.0)>
43.1175 	EXP 	pracLossTxt: text = '$0'
43.1175 	EXP 	pracGainTxt: height = 0.1
43.1175 	EXP 	pracGainTxt: height = 0.1
43.1175 	EXP 	pracGainTxt: height = 0.1
43.1175 	EXP 	pracGainTxt: text = '$45.88'
43.1175 	EXP 	pracSafeTxt: height = 0.1
43.1175 	EXP 	pracSafeTxt: height = 0.1
43.1175 	EXP 	pracSafeTxt: height = 0.1
43.1175 	EXP 	pracSafeTxt: text = '$40.41'
43.1175 	EXP 	pracCircLeft: autoDraw = True
43.1175 	EXP 	pracCircRight: autoDraw = True
43.1175 	EXP 	pracRiskLine: autoDraw = True
43.1175 	EXP 	pracORtxt: autoDraw = True
43.1175 	EXP 	pracLossTxt: autoDraw = True
43.1175 	EXP 	pracGainTxt: autoDraw = True
43.1175 	EXP 	pracSafeTxt: autoDraw = True
43.1175 	EXP 	pracVleft: autoDraw = True
43.1175 	EXP 	pracNright: autoDraw = True
44.4487 	DATA 	Keypress: n
44.4630 	EXP 	pracCircLeft: autoDraw = False
44.4630 	EXP 	pracCircRight: autoDraw = False
44.4630 	EXP 	pracRiskLine: autoDraw = False
44.4630 	EXP 	pracORtxt: autoDraw = False
44.4630 	EXP 	pracLossTxt: autoDraw = False
44.4630 	EXP 	pracGainTxt: autoDraw = False
44.4630 	EXP 	pracSafeTxt: autoDraw = False
44.4630 	EXP 	pracVleft: autoDraw = False
44.4630 	EXP 	pracNright: autoDraw = False
44.4630 	EXP 	isiPracFix: autoDraw = True
45.4784 	EXP 	isiPracFix: autoDraw = False
45.4784 	EXP 	isiPracFix: autoDraw = False
45.4784 	EXP 	pracOCtxt: foreColor = <psychopy.colors.Color: (0.52, 0.52, 0.52, 1.0)>
45.4784 	EXP 	pracOCtxt: height = 0.1
45.4784 	EXP 	pracOCtxt: height = 0.1
45.4784 	EXP 	pracOCtxt: height = 0.1
45.4784 	EXP 	pracOCtxt: text = '$40.41'
45.4784 	EXP 	pracNoRespTxt: autoDraw = True
45.4784 	EXP 	pracRiskOC: autoDraw = True
45.4784 	EXP 	pracSafeOC: autoDraw = True
45.4784 	EXP 	pracOCtxt: autoDraw = True
45.4784 	EXP 	pracHideRisk: autoDraw = True
46.4936 	EXP 	pracNoRespTxt: autoDraw = False
46.4936 	EXP 	pracRiskOC: autoDraw = False
46.4936 	EXP 	pracSafeOC: autoDraw = False
46.4936 	EXP 	pracOCtxt: autoDraw = False
46.4936 	EXP 	pracHideRisk: autoDraw = False
46.4936 	EXP 	itiPracFix: autoDraw = True
50.0048 	EXP 	itiPracFix: autoDraw = False
50.0048 	EXP 	itiPracFix: autoDraw = False
50.0048 	EXP 	statStartTxt: autoDraw = True
51.4084 	EXP 	Imported CGT-choice-set.csv as conditions, 4 conditions, 4 params
51.4099 	EXP 	Created sequence: random, trialTypes=4, nReps=1, seed=None
51.4101 	EXP 	New trial (rep=0, index=0): OrderedDict([('riskyoption1', 28.21), ('riskyoption2', 0.0), ('safeoption', 3.89), ('ischecktrial', 0)])
51.4182 	DATA 	Keypress: v
51.4212 	EXP 	statStartTxt: autoDraw = False
51.4212 	EXP 	realCircRight: fillColor = <psychopy.colors.Color: (-0.07, 0.64, 1.0, 1.0)>
51.4212 	EXP 	realCircRight: borderColor = <psychopy.colors.Color: (-0.07, 0.64, 1.0, 1.0)>
51.4212 	EXP 	realLossTxt: height = 0.1
51.4212 	EXP 	realLossTxt: height = 0.1
51.4212 	EXP 	realLossTxt: height = 0.1
51.4212 	EXP 	realLossTxt: text = '$0'
51.4212 	EXP 	realGainTxt: height = 0.1
51.4212 	EXP 	realGainTxt: height = 0.1
51.4212 	EXP 	realGainTxt: height = 0.1
51.4212 	EXP 	realGainTxt: text = '$28.21'
51.4212 	EXP 	realSafeTxt: height = 0.1
51.4212 	EXP 	realSafeTxt: height = 0.1
51.4212 	EXP 	realSafeTxt: height = 0.1
51.4212 	EXP 	realSafeTxt: text = '$3.89'
51.4212 	EXP 	realCircLeft: autoDraw = True
51.4212 	EXP 	realCircRight: autoDraw = True
51.4212 	EXP 	realRiskLine: autoDraw = True
51.4212 	EXP 	realORtxt: autoDraw = True
51.4212 	EXP 	realLossTxt: autoDraw = True
51.4212 	EXP 	realGainTxt: autoDraw = True
51.4212 	EXP 	realSafeTxt: autoDraw = True
51.4212 	EXP 	realVleft: autoDraw = True
51.4212 	EXP 	realNright: autoDraw = True
53.5856 	DATA 	Keypress: v
53.5995 	EXP 	realCircLeft: autoDraw = False
53.5995 	EXP 	realCircRight: autoDraw = False
53.5995 	EXP 	realRiskLine: autoDraw = False
53.5995 	EXP 	realORtxt: autoDraw = False
53.5995 	EXP 	realLossTxt: autoDraw = False
53.5995 	EXP 	realGainTxt: autoDraw = False
53.5995 	EXP 	realSafeTxt: autoDraw = False
53.5995 	EXP 	realVleft: autoDraw = False
53.5995 	EXP 	realNright: autoDraw = False
53.5995 	EXP 	isiRealFix: autoDraw = True
54.6147 	EXP 	isiRealFix: autoDraw = False
54.6147 	EXP 	statOCtxt: foreColor = <psychopy.colors.Color: (0.52, 0.52, 0.52, 1.0)>
54.6147 	EXP 	statOCtxt: height = 0.1
54.6147 	EXP 	statOCtxt: height = 0.1
54.6147 	EXP 	statOCtxt: height = 0.1
54.6147 	EXP 	statOCtxt: text = '$3.89'
54.6147 	EXP 	statNoRespTxt: autoDraw = True
54.6147 	EXP 	statRiskOC: autoDraw = True
54.6147 	EXP 	statSafeOC: autoDraw = True
54.6147 	EXP 	statOCtxt: autoDraw = True
54.6147 	EXP 	statHideRisk: autoDraw = True
55.6129 	EXP 	statNoRespTxt: autoDraw = False
55.6129 	EXP 	statRiskOC: autoDraw = False
55.6129 	EXP 	statSafeOC: autoDraw = False
55.6129 	EXP 	statOCtxt: autoDraw = False
55.6129 	EXP 	statHideRisk: autoDraw = False
55.6129 	EXP 	itiRealFix: autoDraw = True
59.1084 	EXP 	New trial (rep=0, index=1): OrderedDict([('riskyoption1', 20.03), ('riskyoption2', 0.0), ('safeoption', 1.99), ('ischecktrial', 0)])
59.1246 	EXP 	itiRealFix: autoDraw = False
59.1246 	EXP 	itiRealFix: autoDraw = False
59.1246 	EXP 	realCircRight: fillColor = <psychopy.colors.Color: (-0.07, 0.64, 1.0, 1.0)>
59.1246 	EXP 	realCircRight: borderColor = <psychopy.colors.Color: (-0.07, 0.64, 1.0, 1.0)>
59.1246 	EXP 	realLossTxt: text = '$0'
59.1246 	EXP 	realGainTxt: height = 0.1
59.1246 	EXP 	realGainTxt: height = 0.1
59.1246 	EXP 	realGainTxt: height = 0.1
59.1246 	EXP 	realGainTxt: text = '$20.03'
59.1246 	EXP 	realSafeTxt: height = 0.1
59.1246 	EXP 	realSafeTxt: height = 0.1
59.1246 	EXP 	realSafeTxt: height = 0.1
59.1246 	EXP 	realSafeTxt: text = '$1.99'
59.1246 	EXP 	realCircLeft: autoDraw = True
59.1246 	EXP 	realCircRight: autoDraw = True
59.1246 	EXP 	realRiskLine: autoDraw = True
59.1246 	EXP 	realORtxt: autoDraw = True
59.1246 	EXP 	realLossTxt: autoDraw = True
59.1246 	EXP 	realGainTxt: autoDraw = True
59.1246 	EXP 	realSafeTxt: autoDraw = True
59.1246 	EXP 	realVleft: autoDraw = True
59.1246 	EXP 	realNright: autoDraw = True
59.8588 	DATA 	Keypress: n
59.8737 	EXP 	realCircLeft: autoDraw = False
59.8737 	EXP 	realCircRight: autoDraw = False
59.8737 	EXP 	realRiskLine: autoDraw = False
59.8737 	EXP 	realORtxt: autoDraw = False
59.8737 	EXP 	realLossTxt: autoDraw = False
59.8737 	EXP 	realGainTxt: autoDraw = False
59.8737 	EXP 	realSafeTxt: autoDraw = False
59.8737 	EXP 	realVleft: autoDraw = False
59.8737 	EXP 	realNright: autoDraw = False
59.8737 	EXP 	isiRealFix: autoDraw = True
60.8884 	EXP 	isiRealFix: autoDraw = False
60.8884 	EXP 	statOCtxt: foreColor = <psychopy.colors.Color: (0.52, 0.52, 0.52, 1.0)>
60.8884 	EXP 	statOCtxt: height = 0.1
60.8884 	EXP 	statOCtxt: height = 0.1
60.8884 	EXP 	statOCtxt: height = 0.1
60.8884 	EXP 	statOCtxt: text = '$0'
60.8884 	EXP 	statNoRespTxt: autoDraw = True
60.8884 	EXP 	statRiskOC: autoDraw = True
60.8884 	EXP 	statSafeOC: autoDraw = True
60.8884 	EXP 	statOCtxt: autoDraw = True
60.8884 	EXP 	statHideRisk: autoDraw = True
61.8869 	EXP 	statNoRespTxt: autoDraw = False
61.8869 	EXP 	statRiskOC: autoDraw = False
61.8869 	EXP 	statSafeOC: autoDraw = False
61.8869 	EXP 	statOCtxt: autoDraw = False
61.8869 	EXP 	statHideRisk: autoDraw = False
61.8869 	EXP 	itiRealFix: autoDraw = True
64.8835 	EXP 	New trial (rep=0, index=2): OrderedDict([('riskyoption1', 25.2), ('riskyoption2', 0.0), ('safeoption', 5.4), ('ischecktrial', 0)])
64.8992 	EXP 	itiRealFix: autoDraw = False
64.8992 	EXP 	itiRealFix: autoDraw = False
64.8992 	EXP 	realCircRight: fillColor = <psychopy.colors.Color: (-0.07, 0.64, 1.0, 1.0)>
64.8992 	EXP 	realCircRight: borderColor = <psychopy.colors.Color: (-0.07, 0.64, 1.0, 1.0)>
64.8992 	EXP 	realLossTxt: text = '$0'
64.8992 	EXP 	realGainTxt: height = 0.1
64.8992 	EXP 	realGainTxt: height = 0.1
64.8992 	EXP 	realGainTxt: height = 0.1
64.8992 	EXP 	realGainTxt: text = '$25.20'
64.8992 	EXP 	realSafeTxt: height = 0.1
64.8992 	EXP 	realSafeTxt: height = 0.1
64.8992 	EXP 	realSafeTxt: height = 0.1
64.8992 	EXP 	realSafeTxt: text = '$5.40'
64.8992 	EXP 	realCircLeft: autoDraw = True
64.8992 	EXP 	realCircRight: autoDraw = True
64.8992 	EXP 	realRiskLine: autoDraw = True
64.8992 	EXP 	realORtxt: autoDraw = True
64.8992 	EXP 	realLossTxt: autoDraw = True
64.8992 	EXP 	realGainTxt: autoDraw = True
64.8992 	EXP 	realSafeTxt: autoDraw = True
64.8992 	EXP 	realVleft: autoDraw = True
64.8992 	EXP 	realNright: autoDraw = True
66.0161 	DATA 	Keypress: v
66.0306 	EXP 	realCircLeft: autoDraw = False
66.0306 	EXP 	realCircRight: autoDraw = False
66.0306 	EXP 	realRiskLine: autoDraw = False
66.0306 	EXP 	realORtxt: autoDraw = False
66.0306 	EXP 	realLossTxt: autoDraw = False
66.0306 	EXP 	realGainTxt: autoDraw = False
66.0306 	EXP 	realSafeTxt: autoDraw = False
66.0306 	EXP 	realVleft: autoDraw = False
66.0306 	EXP 	realNright: autoDraw = False
66.0306 	EXP 	isiRealFix: autoDraw = True
67.0459 	EXP 	isiRealFix: autoDraw = False
67.0459 	EXP 	statOCtxt: foreColor = <psychopy.colors.Color: (0.52, 0.52, 0.52, 1.0)>
67.0459 	EXP 	statOCtxt: height = 0.1
67.0459 	EXP 	statOCtxt: height = 0.1
67.0459 	EXP 	statOCtxt: height = 0.1
67.0459 	EXP 	statOCtxt: text = '$25.20'
67.0459 	EXP 	statNoRespTxt: autoDraw = True
67.0459 	EXP 	statRiskOC: autoDraw = True
67.0459 	EXP 	statSafeOC: autoDraw = True
67.0459 	EXP 	statOCtxt: autoDraw = True
67.0459 	EXP 	statHideRisk: autoDraw = True
68.0443 	EXP 	statNoRespTxt: autoDraw = False
68.0443 	EXP 	statRiskOC: autoDraw = False
68.0443 	EXP 	statSafeOC: autoDraw = False
68.0443 	EXP 	statOCtxt: autoDraw = False
68.0443 	EXP 	statHideRisk: autoDraw = False
68.0443 	EXP 	itiRealFix: autoDraw = True
71.5398 	EXP 	New trial (rep=0, index=3): OrderedDict([('riskyoption1', 17.73), ('riskyoption2', 0.0), ('safeoption', 3.13), ('ischecktrial', 0)])
71.5558 	EXP 	itiRealFix: autoDraw = False
71.5558 	EXP 	itiRealFix: autoDraw = False
71.5558 	EXP 	realCircRight: fillColor = <psychopy.colors.Color: (-0.07, 0.64, 1.0, 1.0)>
71.5558 	EXP 	realCircRight: borderColor = <psychopy.colors.Color: (-0.07, 0.64, 1.0, 1.0)>
71.5558 	EXP 	realLossTxt: text = '$0'
71.5558 	EXP 	realGainTxt: height = 0.1
71.5558 	EXP 	realGainTxt: height = 0.1
71.5558 	EXP 	realGainTxt: height = 0.1
71.5558 	EXP 	realGainTxt: text = '$17.73'
71.5558 	EXP 	realSafeTxt: height = 0.1
71.5558 	EXP 	realSafeTxt: height = 0.1
71.5558 	EXP 	realSafeTxt: height = 0.1
71.5558 	EXP 	realSafeTxt: text = '$3.13'
71.5558 	EXP 	realCircLeft: autoDraw = True
71.5558 	EXP 	realCircRight: autoDraw = True
71.5558 	EXP 	realRiskLine: autoDraw = True
71.5558 	EXP 	realORtxt: autoDraw = True
71.5558 	EXP 	realLossTxt: autoDraw = True
71.5558 	EXP 	realGainTxt: autoDraw = True
71.5558 	EXP 	realSafeTxt: autoDraw = True
71.5558 	EXP 	realVleft: autoDraw = True
71.5558 	EXP 	realNright: autoDraw = True
72.9890 	DATA 	Keypress: v
73.0036 	EXP 	realCircLeft: autoDraw = False
73.0036 	EXP 	realCircRight: autoDraw = False
73.0036 	EXP 	realRiskLine: autoDraw = False
73.0036 	EXP 	realORtxt: autoDraw = False
73.0036 	EXP 	realLossTxt: autoDraw = False
73.0036 	EXP 	realGainTxt: autoDraw = False
73.0036 	EXP 	realSafeTxt: autoDraw = False
73.0036 	EXP 	realVleft: autoDraw = False
73.0036 	EXP 	realNright: autoDraw = False
73.0036 	EXP 	isiRealFix: autoDraw = True
74.0188 	EXP 	isiRealFix: autoDraw = False
74.0188 	EXP 	statOCtxt: foreColor = <psychopy.colors.Color: (0.52, 0.52, 0.52, 1.0)>
74.0188 	EXP 	statOCtxt: height = 0.1
74.0188 	EXP 	statOCtxt: height = 0.1
74.0188 	EXP 	statOCtxt: height = 0.1
74.0188 	EXP 	statOCtxt: text = '$17.73'
74.0188 	EXP 	statNoRespTxt: autoDraw = True
74.0188 	EXP 	statRiskOC: autoDraw = True
74.0188 	EXP 	statSafeOC: autoDraw = True
74.0188 	EXP 	statOCtxt: autoDraw = True
74.0188 	EXP 	statHideRisk: autoDraw = True
75.0176 	EXP 	statNoRespTxt: autoDraw = False
75.0176 	EXP 	statRiskOC: autoDraw = False
75.0176 	EXP 	statSafeOC: autoDraw = False
75.0176 	EXP 	statOCtxt: autoDraw = False
75.0176 	EXP 	statHideRisk: autoDraw = False
75.0176 	EXP 	itiRealFix: autoDraw = True
78.0132 	EXP 	Created sequence: random, trialTypes=1, nReps=1, seed=None
78.0133 	EXP 	New trial (rep=0, index=0): None
78.3416 	EXP 	itiRealFix: autoDraw = False
78.3416 	EXP 	itiRealFix: autoDraw = False
78.3416 	EXP 	setupBestFitTxt: autoDraw = True
82.3559 	EXP 	setupBestFitTxt: autoDraw = False
82.3559 	EXP 	setupBestFitTxt: autoDraw = False
82.3559 	EXP 	loadDynaChoicesTxt: autoDraw = True
84.3692 	EXP 	loadDynaChoicesTxt: autoDraw = False
84.3692 	EXP 	dynaStartTxt: autoDraw = True
85.4605 	EXP 	Imported ../CGE/bespoke_choicesets/bespoke_choiceset_rhoInd027_muInd001.csv as conditions, 4 conditions, 5 params
85.4608 	EXP 	Created sequence: random, trialTypes=4, nReps=1, seed=None
85.4610 	EXP 	New trial (rep=0, index=0): OrderedDict([('riskyoption1', 12.8072421100922), ('riskyoption2', 0), ('safeoption', 3.38608002529945), ('choiceP', 0.531067506241578), ('easy0difficult1', 1)])
85.4672 	DATA 	Keypress: v
85.4702 	EXP 	dynaStartTxt: autoDraw = False
85.4702 	EXP 	realCircRight: fillColor = <psychopy.colors.Color: (-0.07, 0.64, 1.0, 1.0)>
85.4702 	EXP 	realCircRight: borderColor = <psychopy.colors.Color: (-0.07, 0.64, 1.0, 1.0)>
85.4702 	EXP 	realLossTxt: text = '$0'
85.4702 	EXP 	realGainTxt: height = 0.1
85.4702 	EXP 	realGainTxt: height = 0.1
85.4702 	EXP 	realGainTxt: height = 0.1
85.4702 	EXP 	realGainTxt: text = '$12.81'
85.4702 	EXP 	realSafeTxt: height = 0.1
85.4702 	EXP 	realSafeTxt: height = 0.1
85.4702 	EXP 	realSafeTxt: height = 0.1
85.4702 	EXP 	realSafeTxt: text = '$3.39'
85.4702 	EXP 	realCircLeft: autoDraw = True
85.4702 	EXP 	realCircRight: autoDraw = True
85.4702 	EXP 	realRiskLine: autoDraw = True
85.4702 	EXP 	realORtxt: autoDraw = True
85.4702 	EXP 	realLossTxt: autoDraw = True
85.4702 	EXP 	realGainTxt: autoDraw = True
85.4702 	EXP 	realSafeTxt: autoDraw = True
85.4702 	EXP 	realVleft: autoDraw = True
85.4702 	EXP 	realNright: autoDraw = True
86.7018 	DATA 	Keypress: n
86.7162 	EXP 	realCircLeft: autoDraw = False
86.7162 	EXP 	realCircRight: autoDraw = False
86.7162 	EXP 	realRiskLine: autoDraw = False
86.7162 	EXP 	realORtxt: autoDraw = False
86.7162 	EXP 	realLossTxt: autoDraw = False
86.7162 	EXP 	realGainTxt: autoDraw = False
86.7162 	EXP 	realSafeTxt: autoDraw = False
86.7162 	EXP 	realVleft: autoDraw = False
86.7162 	EXP 	realNright: autoDraw = False
86.7162 	EXP 	isiRealFix: autoDraw = True
87.7312 	EXP 	isiRealFix: autoDraw = False
87.7312 	EXP 	dynaOCtxt: foreColor = <psychopy.colors.Color: (0.52, 0.52, 0.52, 1.0)>
87.7312 	EXP 	dynaOCtxt: height = 0.1
87.7312 	EXP 	dynaOCtxt: height = 0.1
87.7312 	EXP 	dynaOCtxt: height = 0.1
87.7312 	EXP 	dynaOCtxt: text = '$3.39'
87.7312 	EXP 	dynaNoRespTxt: autoDraw = True
87.7312 	EXP 	dynaRiskOC: autoDraw = True
87.7312 	EXP 	dynaSafeOC: autoDraw = True
87.7312 	EXP 	dynaOCtxt: autoDraw = True
87.7312 	EXP 	dynaHideRisk: autoDraw = True
88.7297 	EXP 	dynaNoRespTxt: autoDraw = False
88.7297 	EXP 	dynaRiskOC: autoDraw = False
88.7297 	EXP 	dynaSafeOC: autoDraw = False
88.7297 	EXP 	dynaOCtxt: autoDraw = False
88.7297 	EXP 	dynaHideRisk: autoDraw = False
88.7297 	EXP 	itiRealFix: autoDraw = True
91.7263 	EXP 	New trial (rep=0, index=1): OrderedDict([('riskyoption1', 7.70123073521536), ('riskyoption2', 0), ('safeoption', 5.82795860558981), ('choiceP', 0.0752925221523599), ('easy0difficult1', 0)])
91.7421 	EXP 	itiRealFix: autoDraw = False
91.7421 	EXP 	itiRealFix: autoDraw = False
91.7421 	EXP 	realCircRight: fillColor = <psychopy.colors.Color: (-0.07, 0.64, 1.0, 1.0)>
91.7421 	EXP 	realCircRight: borderColor = <psychopy.colors.Color: (-0.07, 0.64, 1.0, 1.0)>
91.7421 	EXP 	realLossTxt: text = '$0'
91.7421 	EXP 	realGainTxt: height = 0.1
91.7421 	EXP 	realGainTxt: height = 0.1
91.7421 	EXP 	realGainTxt: height = 0.1
91.7421 	EXP 	realGainTxt: text = '$7.70'
91.7421 	EXP 	realSafeTxt: height = 0.1
91.7421 	EXP 	realSafeTxt: height = 0.1
91.7421 	EXP 	realSafeTxt: height = 0.1
91.7421 	EXP 	realSafeTxt: text = '$5.83'
91.7421 	EXP 	realCircLeft: autoDraw = True
91.7421 	EXP 	realCircRight: autoDraw = True
91.7421 	EXP 	realRiskLine: autoDraw = True
91.7421 	EXP 	realORtxt: autoDraw = True
91.7421 	EXP 	realLossTxt: autoDraw = True
91.7421 	EXP 	realGainTxt: autoDraw = True
91.7421 	EXP 	realSafeTxt: autoDraw = True
91.7421 	EXP 	realVleft: autoDraw = True
91.7421 	EXP 	realNright: autoDraw = True
92.5761 	DATA 	Keypress: v
92.5905 	EXP 	realCircLeft: autoDraw = False
92.5905 	EXP 	realCircRight: autoDraw = False
92.5905 	EXP 	realRiskLine: autoDraw = False
92.5905 	EXP 	realORtxt: autoDraw = False
92.5905 	EXP 	realLossTxt: autoDraw = False
92.5905 	EXP 	realGainTxt: autoDraw = False
92.5905 	EXP 	realSafeTxt: autoDraw = False
92.5905 	EXP 	realVleft: autoDraw = False
92.5905 	EXP 	realNright: autoDraw = False
92.5905 	EXP 	isiRealFix: autoDraw = True
93.6057 	EXP 	isiRealFix: autoDraw = False
93.6057 	EXP 	dynaOCtxt: foreColor = <psychopy.colors.Color: (0.52, 0.52, 0.52, 1.0)>
93.6057 	EXP 	dynaOCtxt: height = 0.1
93.6057 	EXP 	dynaOCtxt: height = 0.1
93.6057 	EXP 	dynaOCtxt: height = 0.1
93.6057 	EXP 	dynaOCtxt: text = '$5.83'
93.6057 	EXP 	dynaNoRespTxt: autoDraw = True
93.6057 	EXP 	dynaRiskOC: autoDraw = True
93.6057 	EXP 	dynaSafeOC: autoDraw = True
93.6057 	EXP 	dynaOCtxt: autoDraw = True
93.6057 	EXP 	dynaHideRisk: autoDraw = True
94.6040 	EXP 	dynaNoRespTxt: autoDraw = False
94.6040 	EXP 	dynaRiskOC: autoDraw = False
94.6040 	EXP 	dynaSafeOC: autoDraw = False
94.6040 	EXP 	dynaOCtxt: autoDraw = False
94.6040 	EXP 	dynaHideRisk: autoDraw = False
94.6040 	EXP 	itiRealFix: autoDraw = True
98.0995 	EXP 	New trial (rep=0, index=2): OrderedDict([('riskyoption1', 28.8747539980686), ('riskyoption2', 0), ('safeoption', 8.18948649073718), ('choiceP', 0.497985706324983), ('easy0difficult1', 1)])
98.1157 	EXP 	itiRealFix: autoDraw = False
98.1157 	EXP 	itiRealFix: autoDraw = False
98.1157 	EXP 	realCircRight: fillColor = <psychopy.colors.Color: (-0.07, 0.64, 1.0, 1.0)>
98.1157 	EXP 	realCircRight: borderColor = <psychopy.colors.Color: (-0.07, 0.64, 1.0, 1.0)>
98.1157 	EXP 	realLossTxt: text = '$0'
98.1157 	EXP 	realGainTxt: height = 0.1
98.1157 	EXP 	realGainTxt: height = 0.1
98.1157 	EXP 	realGainTxt: height = 0.1
98.1157 	EXP 	realGainTxt: text = '$28.87'
98.1157 	EXP 	realSafeTxt: height = 0.1
98.1157 	EXP 	realSafeTxt: height = 0.1
98.1157 	EXP 	realSafeTxt: height = 0.1
98.1157 	EXP 	realSafeTxt: text = '$8.19'
98.1157 	EXP 	realCircLeft: autoDraw = True
98.1157 	EXP 	realCircRight: autoDraw = True
98.1157 	EXP 	realRiskLine: autoDraw = True
98.1157 	EXP 	realORtxt: autoDraw = True
98.1157 	EXP 	realLossTxt: autoDraw = True
98.1157 	EXP 	realGainTxt: autoDraw = True
98.1157 	EXP 	realSafeTxt: autoDraw = True
98.1157 	EXP 	realVleft: autoDraw = True
98.1157 	EXP 	realNright: autoDraw = True
99.2830 	DATA 	Keypress: n
99.3139 	EXP 	realCircLeft: autoDraw = False
99.3139 	EXP 	realCircRight: autoDraw = False
99.3139 	EXP 	realRiskLine: autoDraw = False
99.3139 	EXP 	realORtxt: autoDraw = False
99.3139 	EXP 	realLossTxt: autoDraw = False
99.3139 	EXP 	realGainTxt: autoDraw = False
99.3139 	EXP 	realSafeTxt: autoDraw = False
99.3139 	EXP 	realVleft: autoDraw = False
99.3139 	EXP 	realNright: autoDraw = False
99.3139 	EXP 	isiRealFix: autoDraw = True
100.3290 	EXP 	isiRealFix: autoDraw = False
100.3290 	EXP 	dynaOCtxt: foreColor = <psychopy.colors.Color: (0.52, 0.52, 0.52, 1.0)>
100.3290 	EXP 	dynaOCtxt: height = 0.1
100.3290 	EXP 	dynaOCtxt: height = 0.1
100.3290 	EXP 	dynaOCtxt: height = 0.1
100.3290 	EXP 	dynaOCtxt: text = '$8.19'
100.3290 	EXP 	dynaNoRespTxt: autoDraw = True
100.3290 	EXP 	dynaRiskOC: autoDraw = True
100.3290 	EXP 	dynaSafeOC: autoDraw = True
100.3290 	EXP 	dynaOCtxt: autoDraw = True
100.3290 	EXP 	dynaHideRisk: autoDraw = True
101.3273 	EXP 	dynaNoRespTxt: autoDraw = False
101.3273 	EXP 	dynaRiskOC: autoDraw = False
101.3273 	EXP 	dynaSafeOC: autoDraw = False
101.3273 	EXP 	dynaOCtxt: autoDraw = False
101.3273 	EXP 	dynaHideRisk: autoDraw = False
101.3273 	EXP 	itiRealFix: autoDraw = True
104.8229 	EXP 	New trial (rep=0, index=3): OrderedDict([('riskyoption1', 24.2443166251876), ('riskyoption2', 0), ('safeoption', 6.45411731714848), ('choiceP', 0.527892324205729), ('easy0difficult1', 1)])
104.8388 	EXP 	itiRealFix: autoDraw = False
104.8388 	EXP 	itiRealFix: autoDraw = False
104.8388 	EXP 	realCircRight: fillColor = <psychopy.colors.Color: (-0.07, 0.64, 1.0, 1.0)>
104.8388 	EXP 	realCircRight: borderColor = <psychopy.colors.Color: (-0.07, 0.64, 1.0, 1.0)>
104.8388 	EXP 	realLossTxt: text = '$0'
104.8388 	EXP 	realGainTxt: height = 0.1
104.8388 	EXP 	realGainTxt: height = 0.1
104.8388 	EXP 	realGainTxt: height = 0.1
104.8388 	EXP 	realGainTxt: text = '$24.24'
104.8388 	EXP 	realSafeTxt: height = 0.1
104.8388 	EXP 	realSafeTxt: height = 0.1
104.8388 	EXP 	realSafeTxt: height = 0.1
104.8388 	EXP 	realSafeTxt: text = '$6.45'
104.8388 	EXP 	realCircLeft: autoDraw = True
104.8388 	EXP 	realCircRight: autoDraw = True
104.8388 	EXP 	realRiskLine: autoDraw = True
104.8388 	EXP 	realORtxt: autoDraw = True
104.8388 	EXP 	realLossTxt: autoDraw = True
104.8388 	EXP 	realGainTxt: autoDraw = True
104.8388 	EXP 	realSafeTxt: autoDraw = True
104.8388 	EXP 	realVleft: autoDraw = True
104.8388 	EXP 	realNright: autoDraw = True
106.2228 	DATA 	Keypress: v
106.2363 	EXP 	realCircLeft: autoDraw = False
106.2363 	EXP 	realCircRight: autoDraw = False
106.2363 	EXP 	realRiskLine: autoDraw = False
106.2363 	EXP 	realORtxt: autoDraw = False
106.2363 	EXP 	realLossTxt: autoDraw = False
106.2363 	EXP 	realGainTxt: autoDraw = False
106.2363 	EXP 	realSafeTxt: autoDraw = False
106.2363 	EXP 	realVleft: autoDraw = False
106.2363 	EXP 	realNright: autoDraw = False
106.2363 	EXP 	isiRealFix: autoDraw = True
107.2522 	EXP 	isiRealFix: autoDraw = False
107.2522 	EXP 	dynaOCtxt: foreColor = <psychopy.colors.Color: (0.52, 0.52, 0.52, 1.0)>
107.2522 	EXP 	dynaOCtxt: height = 0.1
107.2522 	EXP 	dynaOCtxt: height = 0.1
107.2522 	EXP 	dynaOCtxt: height = 0.1
107.2522 	EXP 	dynaOCtxt: text = '$24.24'
107.2522 	EXP 	dynaNoRespTxt: autoDraw = True
107.2522 	EXP 	dynaRiskOC: autoDraw = True
107.2522 	EXP 	dynaSafeOC: autoDraw = True
107.2522 	EXP 	dynaOCtxt: autoDraw = True
107.2522 	EXP 	dynaHideRisk: autoDraw = True
108.2503 	EXP 	dynaNoRespTxt: autoDraw = False
108.2503 	EXP 	dynaRiskOC: autoDraw = False
108.2503 	EXP 	dynaSafeOC: autoDraw = False
108.2503 	EXP 	dynaOCtxt: autoDraw = False
108.2503 	EXP 	dynaHideRisk: autoDraw = False
108.2503 	EXP 	itiRealFix: autoDraw = True
111.7615 	EXP 	itiRealFix: autoDraw = False
111.7615 	EXP 	itiRealFix: autoDraw = False
111.7615 	EXP 	cgeRDMendTxt: autoDraw = True
113.9282 	DATA 	Keypress: return
113.9416 	EXP 	cgeRDMendTxt: autoDraw = False
113.9416 	EXP 	ThankYou: autoDraw = True
115.5907 	DATA 	Keypress: return
115.9552 	EXP 	ThankYou: autoDraw = False
117.3902 	EXP 	window1: mouseVisible = True
