5.5872 	WARNING 	We strongly recommend you activate the PTB sound engine in PsychoPy prefs as the preferred audio engine. Its timing is vastly superior. Your prefs are currently set to use ['sounddevice', 'PTB', 'pyo', 'pygame'] (in that order).
16.1278 	EXP 	Created window1 = Window(allowGUI=True, allowStencil=False, autoLog=True, backendConf=UNKNOWN, bitsMode=UNKNOWN, blendMode='avg', bpc=(8, 8, 8), color=array([-1, -1, -1]), colorSpace='rgb', depthBits=8, fullscr=<method-wrapper '__getattribute__' of attributeSetter object at 0x0000017035F91580>, gamma=None, gammaErrorPolicy='raise', lms=UNKNOWN, monitor=<psychopy.monitors.calibTools.Monitor object at 0x00000170392BED90>, multiSample=False, name='window1', numSamples=2, pos=(0, 0), screen=0, size=array([1920, 1080]), stencilBits=0, stereo=False, units='height', useFBO=True, useRetina=False, viewOri=0.0, viewPos=None, viewScale=None, waitBlanking=True, winType='pyglet')
16.1279 	EXP 	window1: mouseVisible = True
16.1280 	EXP 	window1: mouseVisible = False
16.1280 	EXP 	window1: Attempting to measure frame rate of screen (0) ...
16.1280 	EXP 	window1: recordFrameIntervals = False
16.2939 	EXP 	window1: recordFrameIntervals = True
16.4770 	EXP 	Screen (0) actual frame rate measured at 60.14Hz
16.4771 	EXP 	window1: recordFrameIntervals = False
18.3655 	EXP 	Created CGErdmStartText = TextStim(__class__=<class 'psychopy.visual.text.TextStim'>, alignHoriz=method-wrapper(...), alignText='center', alignVert=method-wrapper(...), anchorHoriz='center', anchorVert='center', antialias=True, autoDraw=False, autoLog=True, bold=False, color=array([1., 1., 1.]), colorSpace='rgb', contrast=1.0, depth=0.0, flipHoriz=False, flipVert=False, font='Arial', fontFiles=[], height=0.05, italic=False, languageStyle='LTR', name='CGErdmStartText', opacity=1.0, ori=0, pos=array([0., 0.]), rgb=UNKNOWN, text=str(...), units='height', win=Window(...), wrapWidth=1.5)
18.3757 	EXP 	Created pracStartText = TextStim(__class__=<class 'psychopy.visual.text.TextStim'>, alignHoriz=method-wrapper(...), alignText='center', alignVert=method-wrapper(...), anchorHoriz='center', anchorVert='center', antialias=True, autoDraw=False, autoLog=True, bold=False, color=array([1., 1., 1.]), colorSpace='rgb', contrast=1.0, depth=0.0, flipHoriz=False, flipVert=False, font='Arial', fontFiles=[], height=0.05, italic=False, languageStyle='LTR', name='pracStartText', opacity=1.0, ori=0, pos=array([0., 0.]), rgb=UNKNOWN, text=str(...), units='height', win=Window(...), wrapWidth=1.5)
18.3776 	EXP 	Created pracCircleLeft = Rect(__class__=<class 'psychopy.visual.rect.Rect'>, anchor=('center', 'center'), autoDraw=False, autoLog=True, closeShape=True, color=method-wrapper(...), colorSpace='rgb', contrast=None, depth=-1.0, fillColor=array([1, 1, 1]), fillColorSpace='rgb', fillRGB=array([1, 1, 1]), interpolate=True, lineColor=array([1., 1., 1.]), lineColorSpace='rgb', lineRGB=array([1, 1, 1]), lineWidth=1, name='pracCircleLeft', opacity=1.0, ori=0.0, pos=array([-0.4,  0. ]), size=array([0.5, 0.5]), units='height', vertices=ndarray(...), win=Window(...))
18.3795 	EXP 	Created pracCircleRight = Rect(__class__=<class 'psychopy.visual.rect.Rect'>, anchor=('center', 'center'), autoDraw=False, autoLog=True, closeShape=True, color=method-wrapper(...), colorSpace='rgb', contrast=None, depth=-2.0, fillColor=array([1, 1, 1]), fillColorSpace='rgb', fillRGB=array([1, 1, 1]), interpolate=True, lineColor=array([1., 1., 1.]), lineColorSpace='rgb', lineRGB=array([1, 1, 1]), lineWidth=1, name='pracCircleRight', opacity=1.0, ori=0.0, pos=array([0.4, 0. ]), size=array([0.5, 0.5]), units='height', vertices=ndarray(...), win=Window(...))
18.3809 	EXP 	Created pracLineLeft = Rect(__class__=<class 'psychopy.visual.rect.Rect'>, anchor=('center', 'center'), autoDraw=False, autoLog=True, closeShape=True, color=method-wrapper(...), colorSpace='rgb', contrast=None, depth=-3.0, fillColor=array([-1, -1, -1]), fillColorSpace='rgb', fillRGB=array([-1, -1, -1]), interpolate=True, lineColor=array([-1., -1., -1.]), lineColorSpace='rgb', lineRGB=array([-1, -1, -1]), lineWidth=3, name='pracLineLeft', opacity=1.0, ori=0.0, pos=array([0., 0.]), size=array([0.5 , 0.01]), units='height', vertices=ndarray(...), win=Window(...))
18.3855 	EXP 	Created pracORtext = TextStim(__class__=<class 'psychopy.visual.text.TextStim'>, alignHoriz=method-wrapper(...), alignText='center', alignVert=method-wrapper(...), anchorHoriz='center', anchorVert='center', antialias=True, autoDraw=False, autoLog=True, bold=False, color=array([1., 1., 1.]), colorSpace='rgb', contrast=1.0, depth=-4.0, flipHoriz=False, flipVert=False, font='Arial', fontFiles=[], height=0.05, italic=False, languageStyle='LTR', name='pracORtext', opacity=1.0, ori=0, pos=array([0., 0.]), rgb=UNKNOWN, text='OR', units='height', win=Window(...), wrapWidth=1)
18.3871 	EXP 	Created pracLossText = TextStim(__class__=<class 'psychopy.visual.text.TextStim'>, alignHoriz=method-wrapper(...), alignText='center', alignVert=method-wrapper(...), anchorHoriz='center', anchorVert='center', antialias=True, autoDraw=False, autoLog=True, bold=False, color=array([-1., -1., -1.]), colorSpace='rgb', contrast=1.0, depth=-5.0, flipHoriz=False, flipVert=False, font='Arial', fontFiles=[], height=0.1, italic=False, languageStyle='LTR', name='pracLossText', opacity=1.0, ori=0, pos=array([0., 0.]), rgb=UNKNOWN, text='', units='height', win=Window(...), wrapWidth=1)
18.3884 	EXP 	Created pracGainText = TextStim(__class__=<class 'psychopy.visual.text.TextStim'>, alignHoriz=method-wrapper(...), alignText='center', alignVert=method-wrapper(...), anchorHoriz='center', anchorVert='center', antialias=True, autoDraw=False, autoLog=True, bold=False, color=array([-1., -1., -1.]), colorSpace='rgb', contrast=1.0, depth=-6.0, flipHoriz=False, flipVert=False, font='Arial', fontFiles=[], height=0.1, italic=False, languageStyle='LTR', name='pracGainText', opacity=1.0, ori=0, pos=array([0., 0.]), rgb=UNKNOWN, text='', units='height', win=Window(...), wrapWidth=1)
18.3896 	EXP 	Created pracSafeText = TextStim(__class__=<class 'psychopy.visual.text.TextStim'>, alignHoriz=method-wrapper(...), alignText='center', alignVert=method-wrapper(...), anchorHoriz='center', anchorVert='center', antialias=True, autoDraw=False, autoLog=True, bold=False, color=array([-1., -1., -1.]), colorSpace='rgb', contrast=1.0, depth=-7.0, flipHoriz=False, flipVert=False, font='Arial', fontFiles=[], height=0.1, italic=False, languageStyle='LTR', name='pracSafeText', opacity=1.0, ori=0, pos=array([0., 0.]), rgb=UNKNOWN, text='', units='height', win=Window(...), wrapWidth=1)
18.3955 	EXP 	Created pracVLeft = TextStim(__class__=<class 'psychopy.visual.text.TextStim'>, alignHoriz=method-wrapper(...), alignText='center', alignVert=method-wrapper(...), anchorHoriz='center', anchorVert='center', antialias=True, autoDraw=False, autoLog=True, bold=False, color=array([1., 1., 1.]), colorSpace='rgb', contrast=1.0, depth=-8.0, flipHoriz=False, flipVert=False, font='Arial', fontFiles=[], height=0.05, italic=False, languageStyle='LTR', name='pracVLeft', opacity=1.0, ori=0, pos=array([-0.4 , -0.35]), rgb=UNKNOWN, text='V-Left', units='height', win=Window(...), wrapWidth=1)
18.3987 	EXP 	Created pracNRight = TextStim(__class__=<class 'psychopy.visual.text.TextStim'>, alignHoriz=method-wrapper(...), alignText='center', alignVert=method-wrapper(...), anchorHoriz='center', anchorVert='center', antialias=True, autoDraw=False, autoLog=True, bold=False, color=array([1., 1., 1.]), colorSpace='rgb', contrast=1.0, depth=-9.0, flipHoriz=False, flipVert=False, font='Arial', fontFiles=[], height=0.05, italic=False, languageStyle='LTR', name='pracNRight', opacity=1.0, ori=0, pos=array([ 0.4 , -0.35]), rgb=UNKNOWN, text='N-Right', units='height', win=Window(...), wrapWidth=1)
18.4025 	EXP 	Created isiPracFix = TextStim(__class__=<class 'psychopy.visual.text.TextStim'>, alignHoriz=method-wrapper(...), alignText='center', alignVert=method-wrapper(...), anchorHoriz='center', anchorVert='center', antialias=True, autoDraw=False, autoLog=True, bold=False, color=array([1., 1., 1.]), colorSpace='rgb', contrast=1.0, depth=0.0, flipHoriz=False, flipVert=False, font='Arial', fontFiles=[], height=0.05, italic=False, languageStyle='LTR', name='isiPracFix', opacity=1.0, ori=0, pos=array([0., 0.]), rgb=UNKNOWN, text='+', units='height', win=Window(...), wrapWidth=1)
18.4060 	EXP 	Created pracNoRespText = TextStim(__class__=<class 'psychopy.visual.text.TextStim'>, alignHoriz=method-wrapper(...), alignText='center', alignVert=method-wrapper(...), anchorHoriz='center', anchorVert='center', antialias=True, autoDraw=False, autoLog=True, bold=False, color=array([1., 1., 1.]), colorSpace='rgb', contrast=1.0, depth=-1.0, flipHoriz=False, flipVert=False, font='Arial', fontFiles=[], height=0.05, italic=False, languageStyle='LTR', name='pracNoRespText', opacity=1.0, ori=0, pos=array([0., 0.]), rgb=UNKNOWN, text='You did not respond in time\n', units='height', win=Window(...), wrapWidth=1)
18.4073 	EXP 	Created pracRiskOC = Rect(__class__=<class 'psychopy.visual.rect.Rect'>, anchor=('center', 'center'), autoDraw=False, autoLog=True, closeShape=True, color=method-wrapper(...), colorSpace='rgb', contrast=None, depth=-2.0, fillColor=array([1, 1, 1]), fillColorSpace='rgb', fillRGB=array([1, 1, 1]), interpolate=True, lineColor=array([1., 1., 1.]), lineColorSpace='rgb', lineRGB=array([1, 1, 1]), lineWidth=1, name='pracRiskOC', opacity=1.0, ori=0.0, pos=array([0., 0.]), size=array([0.5, 0.5]), units='height', vertices=ndarray(...), win=Window(...))
18.4085 	EXP 	Created pracSafeOC = Rect(__class__=<class 'psychopy.visual.rect.Rect'>, anchor=('center', 'center'), autoDraw=False, autoLog=True, closeShape=True, color=method-wrapper(...), colorSpace='rgb', contrast=None, depth=-3.0, fillColor=array([1, 1, 1]), fillColorSpace='rgb', fillRGB=array([1, 1, 1]), interpolate=True, lineColor=array([1., 1., 1.]), lineColorSpace='rgb', lineRGB=array([1, 1, 1]), lineWidth=1, name='pracSafeOC', opacity=1.0, ori=0.0, pos=array([0., 0.]), size=array([0.5, 0.5]), units='height', vertices=ndarray(...), win=Window(...))
18.4098 	EXP 	Created pracOCtext = TextStim(__class__=<class 'psychopy.visual.text.TextStim'>, alignHoriz=method-wrapper(...), alignText='center', alignVert=method-wrapper(...), anchorHoriz='center', anchorVert='center', antialias=True, autoDraw=False, autoLog=True, bold=False, color=array([1., 1., 1.]), colorSpace='rgb', contrast=1.0, depth=-4.0, flipHoriz=False, flipVert=False, font='Arial', fontFiles=[], height=0.1, italic=False, languageStyle='LTR', name='pracOCtext', opacity=1.0, ori=0, pos=array([0., 0.]), rgb=UNKNOWN, text='', units='height', win=Window(...), wrapWidth=1)
18.4110 	EXP 	Created pracHideRisk = Rect(__class__=<class 'psychopy.visual.rect.Rect'>, anchor=('center', 'center'), autoDraw=False, autoLog=True, closeShape=True, color=method-wrapper(...), colorSpace='rgb', contrast=None, depth=-5.0, fillColor=array([-1, -1, -1]), fillColorSpace='rgb', fillRGB=array([-1, -1, -1]), interpolate=True, lineColor=array([-1., -1., -1.]), lineColorSpace='rgb', lineRGB=array([-1, -1, -1]), lineWidth=1, name='pracHideRisk', opacity=1.0, ori=0.0, pos=array([0., 0.]), size=array([0.6, 0.3]), units='height', vertices=ndarray(...), win=Window(...))
18.4136 	EXP 	Created itiPracFix = TextStim(__class__=<class 'psychopy.visual.text.TextStim'>, alignHoriz=method-wrapper(...), alignText='center', alignVert=method-wrapper(...), anchorHoriz='center', anchorVert='center', antialias=True, autoDraw=False, autoLog=True, bold=False, color=array([1., 1., 1.]), colorSpace='rgb', contrast=1.0, depth=0.0, flipHoriz=False, flipVert=False, font='Arial', fontFiles=[], height=0.05, italic=False, languageStyle='LTR', name='itiPracFix', opacity=1.0, ori=0, pos=array([0., 0.]), rgb=UNKNOWN, text='+', units='height', win=Window(...), wrapWidth=1)
18.4228 	EXP 	Created staticStartText = TextStim(__class__=<class 'psychopy.visual.text.TextStim'>, alignHoriz=method-wrapper(...), alignText='center', alignVert=method-wrapper(...), anchorHoriz='center', anchorVert='center', antialias=True, autoDraw=False, autoLog=True, bold=False, color=array([1., 1., 1.]), colorSpace='rgb', contrast=1.0, depth=0.0, flipHoriz=False, flipVert=False, font='Arial', fontFiles=[], height=0.05, italic=False, languageStyle='LTR', name='staticStartText', opacity=1.0, ori=0, pos=array([0., 0.]), rgb=UNKNOWN, text=str(...), units='height', win=Window(...), wrapWidth=1.5)
18.4241 	EXP 	Created CircleLeft = Rect(__class__=<class 'psychopy.visual.rect.Rect'>, anchor=('center', 'center'), autoDraw=False, autoLog=True, closeShape=True, color=method-wrapper(...), colorSpace='rgb', contrast=None, depth=-1.0, fillColor=array([1, 1, 1]), fillColorSpace='rgb', fillRGB=array([1, 1, 1]), interpolate=True, lineColor=array([1., 1., 1.]), lineColorSpace='rgb', lineRGB=array([1, 1, 1]), lineWidth=1, name='CircleLeft', opacity=1.0, ori=0.0, pos=array([-0.4,  0. ]), size=array([0.5, 0.5]), units='height', vertices=ndarray(...), win=Window(...))
18.4260 	EXP 	Created realCircleRight = Rect(__class__=<class 'psychopy.visual.rect.Rect'>, anchor=('center', 'center'), autoDraw=False, autoLog=True, closeShape=True, color=method-wrapper(...), colorSpace='rgb', contrast=None, depth=-2.0, fillColor=array([1, 1, 1]), fillColorSpace='rgb', fillRGB=array([1, 1, 1]), interpolate=True, lineColor=array([1., 1., 1.]), lineColorSpace='rgb', lineRGB=array([1, 1, 1]), lineWidth=1, name='realCircleRight', opacity=1.0, ori=0.0, pos=array([0.4, 0. ]), size=array([0.5, 0.5]), units='height', vertices=ndarray(...), win=Window(...))
18.4273 	EXP 	Created realLineLeft = Rect(__class__=<class 'psychopy.visual.rect.Rect'>, anchor=('center', 'center'), autoDraw=False, autoLog=True, closeShape=True, color=method-wrapper(...), colorSpace='rgb', contrast=None, depth=-3.0, fillColor=array([-1, -1, -1]), fillColorSpace='rgb', fillRGB=array([-1, -1, -1]), interpolate=True, lineColor=array([-1., -1., -1.]), lineColorSpace='rgb', lineRGB=array([-1, -1, -1]), lineWidth=3, name='realLineLeft', opacity=1.0, ori=0.0, pos=array([0., 0.]), size=array([0.5 , 0.01]), units='height', vertices=ndarray(...), win=Window(...))
18.4298 	EXP 	Created realORtext = TextStim(__class__=<class 'psychopy.visual.text.TextStim'>, alignHoriz=method-wrapper(...), alignText='center', alignVert=method-wrapper(...), anchorHoriz='center', anchorVert='center', antialias=True, autoDraw=False, autoLog=True, bold=False, color=array([1., 1., 1.]), colorSpace='rgb', contrast=1.0, depth=-4.0, flipHoriz=False, flipVert=False, font='Arial', fontFiles=[], height=0.05, italic=False, languageStyle='LTR', name='realORtext', opacity=1.0, ori=0, pos=array([0., 0.]), rgb=UNKNOWN, text='OR', units='height', win=Window(...), wrapWidth=1)
18.4310 	EXP 	Created realLossText = TextStim(__class__=<class 'psychopy.visual.text.TextStim'>, alignHoriz=method-wrapper(...), alignText='center', alignVert=method-wrapper(...), anchorHoriz='center', anchorVert='center', antialias=True, autoDraw=False, autoLog=True, bold=False, color=array([-1., -1., -1.]), colorSpace='rgb', contrast=1.0, depth=-5.0, flipHoriz=False, flipVert=False, font='Arial', fontFiles=[], height=0.1, italic=False, languageStyle='LTR', name='realLossText', opacity=1.0, ori=0, pos=array([0., 0.]), rgb=UNKNOWN, text='', units='height', win=Window(...), wrapWidth=1)
18.4322 	EXP 	Created realGainText = TextStim(__class__=<class 'psychopy.visual.text.TextStim'>, alignHoriz=method-wrapper(...), alignText='center', alignVert=method-wrapper(...), anchorHoriz='center', anchorVert='center', antialias=True, autoDraw=False, autoLog=True, bold=False, color=array([-1., -1., -1.]), colorSpace='rgb', contrast=1.0, depth=-6.0, flipHoriz=False, flipVert=False, font='Arial', fontFiles=[], height=0.1, italic=False, languageStyle='LTR', name='realGainText', opacity=1.0, ori=0, pos=array([0., 0.]), rgb=UNKNOWN, text='', units='height', win=Window(...), wrapWidth=1)
18.4334 	EXP 	Created realSafeText = TextStim(__class__=<class 'psychopy.visual.text.TextStim'>, alignHoriz=method-wrapper(...), alignText='center', alignVert=method-wrapper(...), anchorHoriz='center', anchorVert='center', antialias=True, autoDraw=False, autoLog=True, bold=False, color=array([-1., -1., -1.]), colorSpace='rgb', contrast=1.0, depth=-7.0, flipHoriz=False, flipVert=False, font='Arial', fontFiles=[], height=0.1, italic=False, languageStyle='LTR', name='realSafeText', opacity=1.0, ori=0, pos=array([0., 0.]), rgb=UNKNOWN, text='', units='height', win=Window(...), wrapWidth=1)
18.4365 	EXP 	Created realVLeft = TextStim(__class__=<class 'psychopy.visual.text.TextStim'>, alignHoriz=method-wrapper(...), alignText='center', alignVert=method-wrapper(...), anchorHoriz='center', anchorVert='center', antialias=True, autoDraw=False, autoLog=True, bold=False, color=array([1., 1., 1.]), colorSpace='rgb', contrast=1.0, depth=-8.0, flipHoriz=False, flipVert=False, font='Arial', fontFiles=[], height=0.05, italic=False, languageStyle='LTR', name='realVLeft', opacity=1.0, ori=0, pos=array([-0.4 , -0.35]), rgb=UNKNOWN, text='V-Left', units='height', win=Window(...), wrapWidth=1)
18.4396 	EXP 	Created realNRight = TextStim(__class__=<class 'psychopy.visual.text.TextStim'>, alignHoriz=method-wrapper(...), alignText='center', alignVert=method-wrapper(...), anchorHoriz='center', anchorVert='center', antialias=True, autoDraw=False, autoLog=True, bold=False, color=array([1., 1., 1.]), colorSpace='rgb', contrast=1.0, depth=-9.0, flipHoriz=False, flipVert=False, font='Arial', fontFiles=[], height=0.05, italic=False, languageStyle='LTR', name='realNRight', opacity=1.0, ori=0, pos=array([ 0.4 , -0.35]), rgb=UNKNOWN, text='N-Right', units='height', win=Window(...), wrapWidth=1)
18.4422 	EXP 	Created isiFix = TextStim(__class__=<class 'psychopy.visual.text.TextStim'>, alignHoriz=method-wrapper(...), alignText='center', alignVert=method-wrapper(...), anchorHoriz='center', anchorVert='center', antialias=True, autoDraw=False, autoLog=True, bold=False, color=array([1., 1., 1.]), colorSpace='rgb', contrast=1.0, depth=0.0, flipHoriz=False, flipVert=False, font='Arial', fontFiles=[], height=0.05, italic=False, languageStyle='LTR', name='isiFix', opacity=1.0, ori=0, pos=array([0., 0.]), rgb=UNKNOWN, text='+', units='height', win=Window(...), wrapWidth=1)
18.4527 	EXP 	Created staticNoRespText = TextStim(__class__=<class 'psychopy.visual.text.TextStim'>, alignHoriz=method-wrapper(...), alignText='center', alignVert=method-wrapper(...), anchorHoriz='center', anchorVert='center', antialias=True, autoDraw=False, autoLog=True, bold=False, color=array([1., 1., 1.]), colorSpace='rgb', contrast=1.0, depth=-1.0, flipHoriz=False, flipVert=False, font='Arial', fontFiles=[], height=0.08, italic=False, languageStyle='LTR', name='staticNoRespText', opacity=1.0, ori=0, pos=array([0., 0.]), rgb=UNKNOWN, text='You did not respond in time\n', units='height', win=Window(...), wrapWidth=1)
18.4539 	EXP 	Created staticRiskOC = Rect(__class__=<class 'psychopy.visual.rect.Rect'>, anchor=('center', 'center'), autoDraw=False, autoLog=True, closeShape=True, color=method-wrapper(...), colorSpace='rgb', contrast=None, depth=-2.0, fillColor=array([1, 1, 1]), fillColorSpace='rgb', fillRGB=array([1, 1, 1]), interpolate=True, lineColor=array([1., 1., 1.]), lineColorSpace='rgb', lineRGB=array([1, 1, 1]), lineWidth=1, name='staticRiskOC', opacity=1.0, ori=0.0, pos=array([0., 0.]), size=array([0.5, 0.5]), units='height', vertices=ndarray(...), win=Window(...))
18.4551 	EXP 	Created staticSafeOC = Rect(__class__=<class 'psychopy.visual.rect.Rect'>, anchor=('center', 'center'), autoDraw=False, autoLog=True, closeShape=True, color=method-wrapper(...), colorSpace='rgb', contrast=None, depth=-3.0, fillColor=array([1, 1, 1]), fillColorSpace='rgb', fillRGB=array([1, 1, 1]), interpolate=True, lineColor=array([1., 1., 1.]), lineColorSpace='rgb', lineRGB=array([1, 1, 1]), lineWidth=1, name='staticSafeOC', opacity=1.0, ori=0.0, pos=array([0., 0.]), size=array([0.5, 0.5]), units='height', vertices=ndarray(...), win=Window(...))
18.4563 	EXP 	Created staticOCtext = TextStim(__class__=<class 'psychopy.visual.text.TextStim'>, alignHoriz=method-wrapper(...), alignText='center', alignVert=method-wrapper(...), anchorHoriz='center', anchorVert='center', antialias=True, autoDraw=False, autoLog=True, bold=False, color=array([1., 1., 1.]), colorSpace='rgb', contrast=1.0, depth=-4.0, flipHoriz=False, flipVert=False, font='Arial', fontFiles=[], height=0.1, italic=False, languageStyle='LTR', name='staticOCtext', opacity=1.0, ori=0, pos=array([0., 0.]), rgb=UNKNOWN, text='', units='height', win=Window(...), wrapWidth=1)
18.4574 	EXP 	Created staticHideRisk = Rect(__class__=<class 'psychopy.visual.rect.Rect'>, anchor=('center', 'center'), autoDraw=False, autoLog=True, closeShape=True, color=method-wrapper(...), colorSpace='rgb', contrast=None, depth=-5.0, fillColor=array([-1, -1, -1]), fillColorSpace='rgb', fillRGB=array([-1, -1, -1]), interpolate=True, lineColor=array([-1., -1., -1.]), lineColorSpace='rgb', lineRGB=array([-1, -1, -1]), lineWidth=1, name='staticHideRisk', opacity=1.0, ori=0.0, pos=array([0., 0.]), size=array([0.6, 0.3]), units='height', vertices=ndarray(...), win=Window(...))
18.4617 	EXP 	Created itiFix = TextStim(__class__=<class 'psychopy.visual.text.TextStim'>, alignHoriz=method-wrapper(...), alignText='center', alignVert=method-wrapper(...), anchorHoriz='center', anchorVert='center', antialias=True, autoDraw=False, autoLog=True, bold=False, color=array([1., 1., 1.]), colorSpace='rgb', contrast=1.0, depth=0.0, flipHoriz=False, flipVert=False, font='Arial', fontFiles=[], height=0.05, italic=False, languageStyle='LTR', name='itiFix', opacity=1.0, ori=0, pos=array([0., 0.]), rgb=UNKNOWN, text='+', units='height', win=Window(...), wrapWidth=1)
18.4829 	EXP 	Created setupBestFit = TextStim(__class__=<class 'psychopy.visual.text.TextStim'>, alignHoriz=method-wrapper(...), alignText='center', alignVert=method-wrapper(...), anchorHoriz='center', anchorVert='center', antialias=True, autoDraw=False, autoLog=True, bold=False, color=array([1., 1., 1.]), colorSpace='rgb', contrast=1.0, depth=-4.0, flipHoriz=False, flipVert=False, font='Arial', fontFiles=[], height=0.05, italic=False, languageStyle='LTR', name='setupBestFit', opacity=1.0, ori=0.0, pos=array([0., 0.]), rgb=UNKNOWN, text=str(...), units='height', win=Window(...), wrapWidth=1.5)
18.4925 	EXP 	Created dynamicStartText = TextStim(__class__=<class 'psychopy.visual.text.TextStim'>, alignHoriz=method-wrapper(...), alignText='center', alignVert=method-wrapper(...), anchorHoriz='center', anchorVert='center', antialias=True, autoDraw=False, autoLog=True, bold=False, color=array([1., 1., 1.]), colorSpace='rgb', contrast=1.0, depth=0.0, flipHoriz=False, flipVert=False, font='Arial', fontFiles=[], height=0.05, italic=False, languageStyle='LTR', name='dynamicStartText', opacity=1.0, ori=0.0, pos=array([0., 0.]), rgb=UNKNOWN, text=str(...), units='height', win=Window(...), wrapWidth=1.5)
18.4938 	EXP 	Created CircleLeft = Rect(__class__=<class 'psychopy.visual.rect.Rect'>, anchor=('center', 'center'), autoDraw=False, autoLog=True, closeShape=True, color=method-wrapper(...), colorSpace='rgb', contrast=None, depth=-1.0, fillColor=array([1, 1, 1]), fillColorSpace='rgb', fillRGB=array([1, 1, 1]), interpolate=True, lineColor=array([1., 1., 1.]), lineColorSpace='rgb', lineRGB=array([1, 1, 1]), lineWidth=1, name='CircleLeft', opacity=1.0, ori=0.0, pos=array([-0.4,  0. ]), size=array([0.5, 0.5]), units='height', vertices=ndarray(...), win=Window(...))
18.4957 	EXP 	Created realCircleRight = Rect(__class__=<class 'psychopy.visual.rect.Rect'>, anchor=('center', 'center'), autoDraw=False, autoLog=True, closeShape=True, color=method-wrapper(...), colorSpace='rgb', contrast=None, depth=-2.0, fillColor=array([1, 1, 1]), fillColorSpace='rgb', fillRGB=array([1, 1, 1]), interpolate=True, lineColor=array([1., 1., 1.]), lineColorSpace='rgb', lineRGB=array([1, 1, 1]), lineWidth=1, name='realCircleRight', opacity=1.0, ori=0.0, pos=array([0.4, 0. ]), size=array([0.5, 0.5]), units='height', vertices=ndarray(...), win=Window(...))
18.4969 	EXP 	Created realLineLeft = Rect(__class__=<class 'psychopy.visual.rect.Rect'>, anchor=('center', 'center'), autoDraw=False, autoLog=True, closeShape=True, color=method-wrapper(...), colorSpace='rgb', contrast=None, depth=-3.0, fillColor=array([-1, -1, -1]), fillColorSpace='rgb', fillRGB=array([-1, -1, -1]), interpolate=True, lineColor=array([-1., -1., -1.]), lineColorSpace='rgb', lineRGB=array([-1, -1, -1]), lineWidth=3, name='realLineLeft', opacity=1.0, ori=0.0, pos=array([0., 0.]), size=array([0.5 , 0.01]), units='height', vertices=ndarray(...), win=Window(...))
18.5008 	EXP 	Created realORtext = TextStim(__class__=<class 'psychopy.visual.text.TextStim'>, alignHoriz=method-wrapper(...), alignText='center', alignVert=method-wrapper(...), anchorHoriz='center', anchorVert='center', antialias=True, autoDraw=False, autoLog=True, bold=False, color=array([1., 1., 1.]), colorSpace='rgb', contrast=1.0, depth=-4.0, flipHoriz=False, flipVert=False, font='Arial', fontFiles=[], height=0.05, italic=False, languageStyle='LTR', name='realORtext', opacity=1.0, ori=0, pos=array([0., 0.]), rgb=UNKNOWN, text='OR', units='height', win=Window(...), wrapWidth=1)
18.5020 	EXP 	Created realLossText = TextStim(__class__=<class 'psychopy.visual.text.TextStim'>, alignHoriz=method-wrapper(...), alignText='center', alignVert=method-wrapper(...), anchorHoriz='center', anchorVert='center', antialias=True, autoDraw=False, autoLog=True, bold=False, color=array([-1., -1., -1.]), colorSpace='rgb', contrast=1.0, depth=-5.0, flipHoriz=False, flipVert=False, font='Arial', fontFiles=[], height=0.1, italic=False, languageStyle='LTR', name='realLossText', opacity=1.0, ori=0, pos=array([0., 0.]), rgb=UNKNOWN, text='', units='height', win=Window(...), wrapWidth=1)
18.5033 	EXP 	Created realGainText = TextStim(__class__=<class 'psychopy.visual.text.TextStim'>, alignHoriz=method-wrapper(...), alignText='center', alignVert=method-wrapper(...), anchorHoriz='center', anchorVert='center', antialias=True, autoDraw=False, autoLog=True, bold=False, color=array([-1., -1., -1.]), colorSpace='rgb', contrast=1.0, depth=-6.0, flipHoriz=False, flipVert=False, font='Arial', fontFiles=[], height=0.1, italic=False, languageStyle='LTR', name='realGainText', opacity=1.0, ori=0, pos=array([0., 0.]), rgb=UNKNOWN, text='', units='height', win=Window(...), wrapWidth=1)
18.5045 	EXP 	Created realSafeText = TextStim(__class__=<class 'psychopy.visual.text.TextStim'>, alignHoriz=method-wrapper(...), alignText='center', alignVert=method-wrapper(...), anchorHoriz='center', anchorVert='center', antialias=True, autoDraw=False, autoLog=True, bold=False, color=array([-1., -1., -1.]), colorSpace='rgb', contrast=1.0, depth=-7.0, flipHoriz=False, flipVert=False, font='Arial', fontFiles=[], height=0.1, italic=False, languageStyle='LTR', name='realSafeText', opacity=1.0, ori=0, pos=array([0., 0.]), rgb=UNKNOWN, text='', units='height', win=Window(...), wrapWidth=1)
18.5089 	EXP 	Created realVLeft = TextStim(__class__=<class 'psychopy.visual.text.TextStim'>, alignHoriz=method-wrapper(...), alignText='center', alignVert=method-wrapper(...), anchorHoriz='center', anchorVert='center', antialias=True, autoDraw=False, autoLog=True, bold=False, color=array([1., 1., 1.]), colorSpace='rgb', contrast=1.0, depth=-8.0, flipHoriz=False, flipVert=False, font='Arial', fontFiles=[], height=0.05, italic=False, languageStyle='LTR', name='realVLeft', opacity=1.0, ori=0, pos=array([-0.4 , -0.35]), rgb=UNKNOWN, text='V-Left', units='height', win=Window(...), wrapWidth=1)
18.5122 	EXP 	Created realNRight = TextStim(__class__=<class 'psychopy.visual.text.TextStim'>, alignHoriz=method-wrapper(...), alignText='center', alignVert=method-wrapper(...), anchorHoriz='center', anchorVert='center', antialias=True, autoDraw=False, autoLog=True, bold=False, color=array([1., 1., 1.]), colorSpace='rgb', contrast=1.0, depth=-9.0, flipHoriz=False, flipVert=False, font='Arial', fontFiles=[], height=0.05, italic=False, languageStyle='LTR', name='realNRight', opacity=1.0, ori=0, pos=array([ 0.4 , -0.35]), rgb=UNKNOWN, text='N-Right', units='height', win=Window(...), wrapWidth=1)
18.5148 	EXP 	Created isiFix = TextStim(__class__=<class 'psychopy.visual.text.TextStim'>, alignHoriz=method-wrapper(...), alignText='center', alignVert=method-wrapper(...), anchorHoriz='center', anchorVert='center', antialias=True, autoDraw=False, autoLog=True, bold=False, color=array([1., 1., 1.]), colorSpace='rgb', contrast=1.0, depth=0.0, flipHoriz=False, flipVert=False, font='Arial', fontFiles=[], height=0.05, italic=False, languageStyle='LTR', name='isiFix', opacity=1.0, ori=0, pos=array([0., 0.]), rgb=UNKNOWN, text='+', units='height', win=Window(...), wrapWidth=1)
18.5190 	EXP 	Created dynamicNoRespText = TextStim(__class__=<class 'psychopy.visual.text.TextStim'>, alignHoriz=method-wrapper(...), alignText='center', alignVert=method-wrapper(...), anchorHoriz='center', anchorVert='center', antialias=True, autoDraw=False, autoLog=True, bold=False, color=array([1., 1., 1.]), colorSpace='rgb', contrast=1.0, depth=-1.0, flipHoriz=False, flipVert=False, font='Arial', fontFiles=[], height=0.08, italic=False, languageStyle='LTR', name='dynamicNoRespText', opacity=1.0, ori=0, pos=array([0., 0.]), rgb=UNKNOWN, text='You did not respond in time\n', units='height', win=Window(...), wrapWidth=1)
18.5203 	EXP 	Created dynamicRiskOC = Rect(__class__=<class 'psychopy.visual.rect.Rect'>, anchor=('center', 'center'), autoDraw=False, autoLog=True, closeShape=True, color=method-wrapper(...), colorSpace='rgb', contrast=None, depth=-2.0, fillColor=array([1, 1, 1]), fillColorSpace='rgb', fillRGB=array([1, 1, 1]), interpolate=True, lineColor=array([1., 1., 1.]), lineColorSpace='rgb', lineRGB=array([1, 1, 1]), lineWidth=1, name='dynamicRiskOC', opacity=1.0, ori=0.0, pos=array([0., 0.]), size=array([0.5, 0.5]), units='height', vertices=ndarray(...), win=Window(...))
18.5215 	EXP 	Created dynamicSafeOC = Rect(__class__=<class 'psychopy.visual.rect.Rect'>, anchor=('center', 'center'), autoDraw=False, autoLog=True, closeShape=True, color=method-wrapper(...), colorSpace='rgb', contrast=None, depth=-3.0, fillColor=array([1, 1, 1]), fillColorSpace='rgb', fillRGB=array([1, 1, 1]), interpolate=True, lineColor=array([1., 1., 1.]), lineColorSpace='rgb', lineRGB=array([1, 1, 1]), lineWidth=1, name='dynamicSafeOC', opacity=1.0, ori=0.0, pos=array([0., 0.]), size=array([0.5, 0.5]), units='height', vertices=ndarray(...), win=Window(...))
18.5228 	EXP 	Created dynamicOCtext = TextStim(__class__=<class 'psychopy.visual.text.TextStim'>, alignHoriz=method-wrapper(...), alignText='center', alignVert=method-wrapper(...), anchorHoriz='center', anchorVert='center', antialias=True, autoDraw=False, autoLog=True, bold=False, color=array([1., 1., 1.]), colorSpace='rgb', contrast=1.0, depth=-4.0, flipHoriz=False, flipVert=False, font='Arial', fontFiles=[], height=0.1, italic=False, languageStyle='LTR', name='dynamicOCtext', opacity=1.0, ori=0, pos=array([0., 0.]), rgb=UNKNOWN, text='', units='height', win=Window(...), wrapWidth=1)
18.5240 	EXP 	Created dynamicHideRisk = Rect(__class__=<class 'psychopy.visual.rect.Rect'>, anchor=('center', 'center'), autoDraw=False, autoLog=True, closeShape=True, color=method-wrapper(...), colorSpace='rgb', contrast=None, depth=-5.0, fillColor=array([-1, -1, -1]), fillColorSpace='rgb', fillRGB=array([-1, -1, -1]), interpolate=True, lineColor=array([-1., -1., -1.]), lineColorSpace='rgb', lineRGB=array([-1, -1, -1]), lineWidth=1, name='dynamicHideRisk', opacity=1.0, ori=0.0, pos=array([0., 0.]), size=array([0.6, 0.3]), units='height', vertices=ndarray(...), win=Window(...))
18.5266 	EXP 	Created itiFix = TextStim(__class__=<class 'psychopy.visual.text.TextStim'>, alignHoriz=method-wrapper(...), alignText='center', alignVert=method-wrapper(...), anchorHoriz='center', anchorVert='center', antialias=True, autoDraw=False, autoLog=True, bold=False, color=array([1., 1., 1.]), colorSpace='rgb', contrast=1.0, depth=0.0, flipHoriz=False, flipVert=False, font='Arial', fontFiles=[], height=0.05, italic=False, languageStyle='LTR', name='itiFix', opacity=1.0, ori=0, pos=array([0., 0.]), rgb=UNKNOWN, text='+', units='height', win=Window(...), wrapWidth=1)
18.5464 	EXP 	Created cgeRDMendText = TextStim(__class__=<class 'psychopy.visual.text.TextStim'>, alignHoriz=method-wrapper(...), alignText='center', alignVert=method-wrapper(...), anchorHoriz='center', anchorVert='center', antialias=True, autoDraw=False, autoLog=True, bold=False, color=array([1., 1., 1.]), colorSpace='rgb', contrast=1.0, depth=0.0, flipHoriz=False, flipVert=False, font='Arial', fontFiles=[], height=0.05, italic=False, languageStyle='LTR', name='cgeRDMendText', opacity=1.0, ori=0.0, pos=array([0., 0.]), rgb=UNKNOWN, text=str(...), units='height', win=Window(...), wrapWidth=1.5)
18.5576 	EXP 	Created ThankYou = TextStim(__class__=<class 'psychopy.visual.text.TextStim'>, alignHoriz=method-wrapper(...), alignText='center', alignVert=method-wrapper(...), anchorHoriz='center', anchorVert='center', antialias=True, autoDraw=False, autoLog=True, bold=False, color=array([1., 1., 1.]), colorSpace='rgb', contrast=1.0, depth=0.0, flipHoriz=False, flipVert=False, font='Arial', fontFiles=[], height=0.05, italic=False, languageStyle='LTR', name='ThankYou', opacity=1.0, ori=0.0, pos=array([0., 0.]), rgb=UNKNOWN, text=str(...), units='height', win=Window(...), wrapWidth=1.5)
18.5654 	EXP 	CGErdmStartText: autoDraw = True
20.4894 	DATA 	Keypress: return
20.9903 	DATA 	Keypress: return
21.0036 	EXP 	CGErdmStartText: autoDraw = False
21.0036 	EXP 	pracStartText: autoDraw = True
23.1566 	EXP 	Imported cgtRDMPractice.xlsx as conditions, 5 conditions, 6 params
23.1570 	EXP 	Created sequence: sequential, trialTypes=5, nReps=1, seed=None
23.1573 	EXP 	New trial (rep=0, index=0): {'riskyGain': 18.23, 'riskyLoss': 0, 'alternative': 9.45, 'isi': 2, 'iti': 1, 'loc': 1}
23.1776 	DATA 	Keypress: v
23.1794 	EXP 	pracStartText: autoDraw = False
23.1794 	EXP 	pracLossText: height = 0.1
23.1794 	EXP 	pracLossText: height = 0.1
23.1794 	EXP 	pracLossText: height = 0.1
23.1794 	EXP 	pracLossText: text = '$0'
23.1794 	EXP 	pracGainText: height = 0.1
23.1794 	EXP 	pracGainText: height = 0.1
23.1794 	EXP 	pracGainText: height = 0.1
23.1794 	EXP 	pracGainText: text = '$18.23'
23.1794 	EXP 	pracSafeText: height = 0.1
23.1794 	EXP 	pracSafeText: height = 0.1
23.1794 	EXP 	pracSafeText: height = 0.1
23.1794 	EXP 	pracSafeText: text = '$9.45'
23.1794 	EXP 	pracCircleLeft: autoDraw = True
23.1794 	EXP 	pracCircleRight: autoDraw = True
23.1794 	EXP 	pracLineLeft: autoDraw = True
23.1794 	EXP 	pracORtext: autoDraw = True
23.1794 	EXP 	pracLossText: autoDraw = True
23.1794 	EXP 	pracGainText: autoDraw = True
23.1794 	EXP 	pracSafeText: autoDraw = True
23.1794 	EXP 	pracVLeft: autoDraw = True
23.1794 	EXP 	pracNRight: autoDraw = True
24.5016 	DATA 	Keypress: v
24.5148 	EXP 	pracCircleLeft: autoDraw = False
24.5148 	EXP 	pracCircleRight: autoDraw = False
24.5148 	EXP 	pracLineLeft: autoDraw = False
24.5148 	EXP 	pracORtext: autoDraw = False
24.5148 	EXP 	pracLossText: autoDraw = False
24.5148 	EXP 	pracGainText: autoDraw = False
24.5148 	EXP 	pracSafeText: autoDraw = False
24.5148 	EXP 	pracVLeft: autoDraw = False
24.5148 	EXP 	pracNRight: autoDraw = False
27.1609 	EXP 	isiPracFix: autoDraw = True
29.1750 	EXP 	isiPracFix: autoDraw = False
29.1750 	EXP 	isiPracFix: autoDraw = False
29.1750 	EXP 	pracOCtext: height = 0.1
29.1750 	EXP 	pracOCtext: height = 0.1
29.1750 	EXP 	pracOCtext: height = 0.1
29.1750 	EXP 	pracOCtext: text = '$0'
29.1750 	EXP 	pracNoRespText: autoDraw = True
29.1750 	EXP 	pracRiskOC: autoDraw = True
29.1750 	EXP 	pracSafeOC: autoDraw = True
29.1750 	EXP 	pracOCtext: autoDraw = True
29.1750 	EXP 	pracHideRisk: autoDraw = True
30.1896 	EXP 	pracNoRespText: autoDraw = False
30.1896 	EXP 	pracRiskOC: autoDraw = False
30.1896 	EXP 	pracSafeOC: autoDraw = False
30.1896 	EXP 	pracOCtext: autoDraw = False
30.1896 	EXP 	pracHideRisk: autoDraw = False
30.1896 	EXP 	itiPracFix: autoDraw = True
33.8679 	EXP 	New trial (rep=0, index=1): {'riskyGain': 53.27, 'riskyLoss': 0, 'alternative': 35.16, 'isi': 1, 'iti': 3, 'loc': 1}
33.8845 	EXP 	itiPracFix: autoDraw = False
33.8845 	EXP 	itiPracFix: autoDraw = False
33.8845 	EXP 	pracLossText: text = '$0'
33.8845 	EXP 	pracGainText: height = 0.1
33.8845 	EXP 	pracGainText: height = 0.1
33.8845 	EXP 	pracGainText: height = 0.1
33.8845 	EXP 	pracGainText: text = '$53.27'
33.8845 	EXP 	pracSafeText: height = 0.1
33.8845 	EXP 	pracSafeText: height = 0.1
33.8845 	EXP 	pracSafeText: height = 0.1
33.8845 	EXP 	pracSafeText: text = '$35.16'
33.8845 	EXP 	pracCircleLeft: autoDraw = True
33.8845 	EXP 	pracCircleRight: autoDraw = True
33.8845 	EXP 	pracLineLeft: autoDraw = True
33.8845 	EXP 	pracORtext: autoDraw = True
33.8845 	EXP 	pracLossText: autoDraw = True
33.8845 	EXP 	pracGainText: autoDraw = True
33.8845 	EXP 	pracSafeText: autoDraw = True
33.8845 	EXP 	pracVLeft: autoDraw = True
33.8845 	EXP 	pracNRight: autoDraw = True
35.6001 	DATA 	Keypress: n
35.6148 	EXP 	pracCircleLeft: autoDraw = False
35.6148 	EXP 	pracCircleRight: autoDraw = False
35.6148 	EXP 	pracLineLeft: autoDraw = False
35.6148 	EXP 	pracORtext: autoDraw = False
35.6148 	EXP 	pracLossText: autoDraw = False
35.6148 	EXP 	pracGainText: autoDraw = False
35.6148 	EXP 	pracSafeText: autoDraw = False
35.6148 	EXP 	pracVLeft: autoDraw = False
35.6148 	EXP 	pracNRight: autoDraw = False
37.8780 	EXP 	isiPracFix: autoDraw = True
38.8934 	EXP 	isiPracFix: autoDraw = False
38.8934 	EXP 	isiPracFix: autoDraw = False
38.8934 	EXP 	pracOCtext: height = 0.1
38.8934 	EXP 	pracOCtext: height = 0.1
38.8934 	EXP 	pracOCtext: height = 0.1
38.8934 	EXP 	pracOCtext: text = '$35.16'
38.8934 	EXP 	pracNoRespText: autoDraw = True
38.8934 	EXP 	pracRiskOC: autoDraw = True
38.8934 	EXP 	pracSafeOC: autoDraw = True
38.8934 	EXP 	pracOCtext: autoDraw = True
38.8934 	EXP 	pracHideRisk: autoDraw = True
39.9083 	EXP 	pracNoRespText: autoDraw = False
39.9083 	EXP 	pracRiskOC: autoDraw = False
39.9083 	EXP 	pracSafeOC: autoDraw = False
39.9083 	EXP 	pracOCtext: autoDraw = False
39.9083 	EXP 	pracHideRisk: autoDraw = False
39.9083 	EXP 	itiPracFix: autoDraw = True
45.1841 	EXP 	New trial (rep=0, index=2): {'riskyGain': 8.27, 'riskyLoss': 0, 'alternative': 1.15, 'isi': 1, 'iti': 2, 'loc': 2}
45.2008 	EXP 	itiPracFix: autoDraw = False
45.2008 	EXP 	itiPracFix: autoDraw = False
45.2008 	EXP 	pracLossText: text = '$0'
45.2008 	EXP 	pracGainText: height = 0.1
45.2008 	EXP 	pracGainText: height = 0.1
45.2008 	EXP 	pracGainText: height = 0.1
45.2008 	EXP 	pracGainText: text = '$8.27'
45.2008 	EXP 	pracSafeText: height = 0.1
45.2008 	EXP 	pracSafeText: height = 0.1
45.2008 	EXP 	pracSafeText: height = 0.1
45.2008 	EXP 	pracSafeText: text = '$1.15'
45.2008 	EXP 	pracCircleLeft: autoDraw = True
45.2008 	EXP 	pracCircleRight: autoDraw = True
45.2008 	EXP 	pracLineLeft: autoDraw = True
45.2008 	EXP 	pracORtext: autoDraw = True
45.2008 	EXP 	pracLossText: autoDraw = True
45.2008 	EXP 	pracGainText: autoDraw = True
45.2008 	EXP 	pracSafeText: autoDraw = True
45.2008 	EXP 	pracVLeft: autoDraw = True
45.2008 	EXP 	pracNRight: autoDraw = True
46.5502 	DATA 	Keypress: n
46.5649 	EXP 	pracCircleLeft: autoDraw = False
46.5649 	EXP 	pracCircleRight: autoDraw = False
46.5649 	EXP 	pracLineLeft: autoDraw = False
46.5649 	EXP 	pracORtext: autoDraw = False
46.5649 	EXP 	pracLossText: autoDraw = False
46.5649 	EXP 	pracGainText: autoDraw = False
46.5649 	EXP 	pracSafeText: autoDraw = False
46.5649 	EXP 	pracVLeft: autoDraw = False
46.5649 	EXP 	pracNRight: autoDraw = False
49.1943 	EXP 	isiPracFix: autoDraw = True
50.2098 	EXP 	isiPracFix: autoDraw = False
50.2098 	EXP 	isiPracFix: autoDraw = False
50.2098 	EXP 	pracOCtext: height = 0.1
50.2098 	EXP 	pracOCtext: height = 0.1
50.2098 	EXP 	pracOCtext: height = 0.1
50.2098 	EXP 	pracOCtext: text = '$0'
50.2098 	EXP 	pracNoRespText: autoDraw = True
50.2098 	EXP 	pracRiskOC: autoDraw = True
50.2098 	EXP 	pracSafeOC: autoDraw = True
50.2098 	EXP 	pracOCtext: autoDraw = True
50.2098 	EXP 	pracHideRisk: autoDraw = True
51.2245 	EXP 	pracNoRespText: autoDraw = False
51.2245 	EXP 	pracRiskOC: autoDraw = False
51.2245 	EXP 	pracSafeOC: autoDraw = False
51.2245 	EXP 	pracOCtext: autoDraw = False
51.2245 	EXP 	pracHideRisk: autoDraw = False
51.2245 	EXP 	itiPracFix: autoDraw = True
55.8847 	EXP 	New trial (rep=0, index=3): {'riskyGain': 45.88, 'riskyLoss': 0, 'alternative': 40.41, 'isi': 3, 'iti': 1, 'loc': 1}
55.9014 	EXP 	itiPracFix: autoDraw = False
55.9014 	EXP 	itiPracFix: autoDraw = False
55.9014 	EXP 	pracLossText: text = '$0'
55.9014 	EXP 	pracGainText: height = 0.1
55.9014 	EXP 	pracGainText: height = 0.1
55.9014 	EXP 	pracGainText: height = 0.1
55.9014 	EXP 	pracGainText: text = '$45.88'
55.9014 	EXP 	pracSafeText: height = 0.1
55.9014 	EXP 	pracSafeText: height = 0.1
55.9014 	EXP 	pracSafeText: height = 0.1
55.9014 	EXP 	pracSafeText: text = '$40.41'
55.9014 	EXP 	pracCircleLeft: autoDraw = True
55.9014 	EXP 	pracCircleRight: autoDraw = True
55.9014 	EXP 	pracLineLeft: autoDraw = True
55.9014 	EXP 	pracORtext: autoDraw = True
55.9014 	EXP 	pracLossText: autoDraw = True
55.9014 	EXP 	pracGainText: autoDraw = True
55.9014 	EXP 	pracSafeText: autoDraw = True
55.9014 	EXP 	pracVLeft: autoDraw = True
55.9014 	EXP 	pracNRight: autoDraw = True
56.4186 	DATA 	Keypress: v
56.4334 	EXP 	pracCircleLeft: autoDraw = False
56.4334 	EXP 	pracCircleRight: autoDraw = False
56.4334 	EXP 	pracLineLeft: autoDraw = False
56.4334 	EXP 	pracORtext: autoDraw = False
56.4334 	EXP 	pracLossText: autoDraw = False
56.4334 	EXP 	pracGainText: autoDraw = False
56.4334 	EXP 	pracSafeText: autoDraw = False
56.4334 	EXP 	pracVLeft: autoDraw = False
56.4334 	EXP 	pracNRight: autoDraw = False
59.8948 	EXP 	isiPracFix: autoDraw = True
62.9073 	EXP 	isiPracFix: autoDraw = False
62.9073 	EXP 	isiPracFix: autoDraw = False
62.9073 	EXP 	pracOCtext: text = '$0'
62.9073 	EXP 	pracNoRespText: autoDraw = True
62.9073 	EXP 	pracRiskOC: autoDraw = True
62.9073 	EXP 	pracSafeOC: autoDraw = True
62.9073 	EXP 	pracOCtext: autoDraw = True
62.9073 	EXP 	pracHideRisk: autoDraw = True
63.9221 	EXP 	pracNoRespText: autoDraw = False
63.9221 	EXP 	pracRiskOC: autoDraw = False
63.9221 	EXP 	pracSafeOC: autoDraw = False
63.9221 	EXP 	pracOCtext: autoDraw = False
63.9221 	EXP 	pracHideRisk: autoDraw = False
63.9221 	EXP 	itiPracFix: autoDraw = True
68.3992 	EXP 	New trial (rep=0, index=4): {'riskyGain': 21.56, 'riskyLoss': 0, 'alternative': 11.96, 'isi': 1, 'iti': 1, 'loc': 2}
68.4158 	EXP 	itiPracFix: autoDraw = False
68.4158 	EXP 	itiPracFix: autoDraw = False
68.4158 	EXP 	pracLossText: text = '$0'
68.4158 	EXP 	pracGainText: height = 0.1
68.4158 	EXP 	pracGainText: height = 0.1
68.4158 	EXP 	pracGainText: height = 0.1
68.4158 	EXP 	pracGainText: text = '$21.56'
68.4158 	EXP 	pracSafeText: height = 0.1
68.4158 	EXP 	pracSafeText: height = 0.1
68.4158 	EXP 	pracSafeText: height = 0.1
68.4158 	EXP 	pracSafeText: text = '$11.96'
68.4158 	EXP 	pracCircleLeft: autoDraw = True
68.4158 	EXP 	pracCircleRight: autoDraw = True
68.4158 	EXP 	pracLineLeft: autoDraw = True
68.4158 	EXP 	pracORtext: autoDraw = True
68.4158 	EXP 	pracLossText: autoDraw = True
68.4158 	EXP 	pracGainText: autoDraw = True
68.4158 	EXP 	pracSafeText: autoDraw = True
68.4158 	EXP 	pracVLeft: autoDraw = True
68.4158 	EXP 	pracNRight: autoDraw = True
69.0163 	DATA 	Keypress: n
69.0310 	EXP 	pracCircleLeft: autoDraw = False
69.0310 	EXP 	pracCircleRight: autoDraw = False
69.0310 	EXP 	pracLineLeft: autoDraw = False
69.0310 	EXP 	pracORtext: autoDraw = False
69.0310 	EXP 	pracLossText: autoDraw = False
69.0310 	EXP 	pracGainText: autoDraw = False
69.0310 	EXP 	pracSafeText: autoDraw = False
69.0310 	EXP 	pracVLeft: autoDraw = False
69.0310 	EXP 	pracNRight: autoDraw = False
72.4093 	EXP 	isiPracFix: autoDraw = True
73.4248 	EXP 	isiPracFix: autoDraw = False
73.4248 	EXP 	isiPracFix: autoDraw = False
73.4248 	EXP 	pracOCtext: text = '$0'
73.4248 	EXP 	pracNoRespText: autoDraw = True
73.4248 	EXP 	pracRiskOC: autoDraw = True
73.4248 	EXP 	pracSafeOC: autoDraw = True
73.4248 	EXP 	pracOCtext: autoDraw = True
73.4248 	EXP 	pracHideRisk: autoDraw = True
74.4395 	EXP 	pracNoRespText: autoDraw = False
74.4395 	EXP 	pracRiskOC: autoDraw = False
74.4395 	EXP 	pracSafeOC: autoDraw = False
74.4395 	EXP 	pracOCtext: autoDraw = False
74.4395 	EXP 	pracHideRisk: autoDraw = False
74.4395 	EXP 	itiPracFix: autoDraw = True
78.8664 	EXP 	itiPracFix: autoDraw = False
78.8664 	EXP 	itiPracFix: autoDraw = False
78.8664 	EXP 	staticStartText: autoDraw = True
79.9373 	EXP 	Imported CGT-choice-set.csv as conditions, 50 conditions, 4 params
79.9378 	EXP 	Created sequence: random, trialTypes=50, nReps=1, seed=None
79.9380 	EXP 	New trial (rep=0, index=0): OrderedDict([('riskyoption1', 17.94), ('riskyoption2', 0.0), ('safeoption', 9.03), ('ischecktrial', 0)])
79.9518 	DATA 	Keypress: v
79.9536 	EXP 	staticStartText: autoDraw = False
79.9536 	EXP 	realLossText: height = 0.1
79.9536 	EXP 	realLossText: height = 0.1
79.9536 	EXP 	realLossText: height = 0.1
79.9536 	EXP 	realLossText: text = '$0'
79.9536 	EXP 	realGainText: height = 0.1
79.9536 	EXP 	realGainText: height = 0.1
79.9536 	EXP 	realGainText: height = 0.1
79.9536 	EXP 	realGainText: text = '$17.94'
79.9536 	EXP 	realSafeText: height = 0.1
79.9536 	EXP 	realSafeText: height = 0.1
79.9536 	EXP 	realSafeText: height = 0.1
79.9536 	EXP 	realSafeText: text = '$9.03'
79.9536 	EXP 	CircleLeft: autoDraw = True
79.9536 	EXP 	realCircleRight: autoDraw = True
79.9536 	EXP 	realLineLeft: autoDraw = True
79.9536 	EXP 	realORtext: autoDraw = True
79.9536 	EXP 	realLossText: autoDraw = True
79.9536 	EXP 	realGainText: autoDraw = True
79.9536 	EXP 	realSafeText: autoDraw = True
79.9536 	EXP 	realVLeft: autoDraw = True
79.9536 	EXP 	realNRight: autoDraw = True
81.1316 	DATA 	Keypress: v
81.1461 	EXP 	CircleLeft: autoDraw = False
81.1461 	EXP 	realCircleRight: autoDraw = False
81.1461 	EXP 	realLineLeft: autoDraw = False
81.1461 	EXP 	realORtext: autoDraw = False
81.1461 	EXP 	realLossText: autoDraw = False
81.1461 	EXP 	realGainText: autoDraw = False
81.1461 	EXP 	realSafeText: autoDraw = False
81.1461 	EXP 	realVLeft: autoDraw = False
81.1461 	EXP 	realNRight: autoDraw = False
83.9420 	EXP 	isiFix: autoDraw = True
84.4415 	EXP 	isiFix: autoDraw = False
84.4415 	EXP 	isiFix: autoDraw = False
84.4415 	EXP 	staticOCtext: height = 0.1
84.4415 	EXP 	staticOCtext: height = 0.1
84.4415 	EXP 	staticOCtext: height = 0.1
84.4415 	EXP 	staticOCtext: text = '$18'
84.4415 	EXP 	staticNoRespText: autoDraw = True
84.4415 	EXP 	staticRiskOC: autoDraw = True
84.4415 	EXP 	staticSafeOC: autoDraw = True
84.4415 	EXP 	staticOCtext: autoDraw = True
84.4415 	EXP 	staticHideRisk: autoDraw = True
85.4563 	EXP 	staticNoRespText: autoDraw = False
85.4563 	EXP 	staticRiskOC: autoDraw = False
85.4563 	EXP 	staticSafeOC: autoDraw = False
85.4563 	EXP 	staticOCtext: autoDraw = False
85.4563 	EXP 	staticHideRisk: autoDraw = False
85.4563 	EXP 	itiFix: autoDraw = True
89.7837 	EXP 	New trial (rep=0, index=1): OrderedDict([('riskyoption1', 19.86), ('riskyoption2', 0.0), ('safeoption', 0.0), ('ischecktrial', 1)])
89.8002 	EXP 	itiFix: autoDraw = False
89.8002 	EXP 	itiFix: autoDraw = False
89.8002 	EXP 	realLossText: text = '$0'
89.8002 	EXP 	realGainText: height = 0.1
89.8002 	EXP 	realGainText: height = 0.1
89.8002 	EXP 	realGainText: height = 0.1
89.8002 	EXP 	realGainText: text = '$19.86'
89.8002 	EXP 	realSafeText: height = 0.1
89.8002 	EXP 	realSafeText: height = 0.1
89.8002 	EXP 	realSafeText: height = 0.1
89.8002 	EXP 	realSafeText: text = '$0.00'
89.8002 	EXP 	CircleLeft: autoDraw = True
89.8002 	EXP 	realCircleRight: autoDraw = True
89.8002 	EXP 	realLineLeft: autoDraw = True
89.8002 	EXP 	realORtext: autoDraw = True
89.8002 	EXP 	realLossText: autoDraw = True
89.8002 	EXP 	realGainText: autoDraw = True
89.8002 	EXP 	realSafeText: autoDraw = True
89.8002 	EXP 	realVLeft: autoDraw = True
89.8002 	EXP 	realNRight: autoDraw = True
90.4007 	DATA 	Keypress: n
90.4154 	EXP 	CircleLeft: autoDraw = False
90.4154 	EXP 	realCircleRight: autoDraw = False
90.4154 	EXP 	realLineLeft: autoDraw = False
90.4154 	EXP 	realORtext: autoDraw = False
90.4154 	EXP 	realLossText: autoDraw = False
90.4154 	EXP 	realGainText: autoDraw = False
90.4154 	EXP 	realSafeText: autoDraw = False
90.4154 	EXP 	realVLeft: autoDraw = False
90.4154 	EXP 	realNRight: autoDraw = False
93.7938 	EXP 	isiFix: autoDraw = True
94.2933 	EXP 	isiFix: autoDraw = False
94.2933 	EXP 	isiFix: autoDraw = False
94.2933 	EXP 	staticOCtext: height = 0.1
94.2933 	EXP 	staticOCtext: height = 0.1
94.2933 	EXP 	staticOCtext: height = 0.1
94.2933 	EXP 	staticOCtext: text = '$20'
94.2933 	EXP 	staticNoRespText: autoDraw = True
94.2933 	EXP 	staticRiskOC: autoDraw = True
94.2933 	EXP 	staticSafeOC: autoDraw = True
94.2933 	EXP 	staticOCtext: autoDraw = True
94.2933 	EXP 	staticHideRisk: autoDraw = True
95.3081 	EXP 	staticNoRespText: autoDraw = False
95.3081 	EXP 	staticRiskOC: autoDraw = False
95.3081 	EXP 	staticSafeOC: autoDraw = False
95.3081 	EXP 	staticOCtext: autoDraw = False
95.3081 	EXP 	staticHideRisk: autoDraw = False
95.3081 	EXP 	itiFix: autoDraw = True
99.7019 	EXP 	New trial (rep=0, index=2): OrderedDict([('riskyoption1', 11.62), ('riskyoption2', 0.0), ('safeoption', 6.19), ('ischecktrial', 0)])
99.7186 	EXP 	itiFix: autoDraw = False
99.7186 	EXP 	itiFix: autoDraw = False
99.7186 	EXP 	realLossText: text = '$0'
99.7186 	EXP 	realGainText: height = 0.1
99.7186 	EXP 	realGainText: height = 0.1
99.7186 	EXP 	realGainText: height = 0.1
99.7186 	EXP 	realGainText: text = '$11.62'
99.7186 	EXP 	realSafeText: height = 0.1
99.7186 	EXP 	realSafeText: height = 0.1
99.7186 	EXP 	realSafeText: height = 0.1
99.7186 	EXP 	realSafeText: text = '$6.19'
99.7186 	EXP 	CircleLeft: autoDraw = True
99.7186 	EXP 	realCircleRight: autoDraw = True
99.7186 	EXP 	realLineLeft: autoDraw = True
99.7186 	EXP 	realORtext: autoDraw = True
99.7186 	EXP 	realLossText: autoDraw = True
99.7186 	EXP 	realGainText: autoDraw = True
99.7186 	EXP 	realSafeText: autoDraw = True
99.7186 	EXP 	realVLeft: autoDraw = True
99.7186 	EXP 	realNRight: autoDraw = True
100.2525 	DATA 	Keypress: v
100.2672 	EXP 	CircleLeft: autoDraw = False
100.2672 	EXP 	realCircleRight: autoDraw = False
100.2672 	EXP 	realLineLeft: autoDraw = False
100.2672 	EXP 	realORtext: autoDraw = False
100.2672 	EXP 	realLossText: autoDraw = False
100.2672 	EXP 	realGainText: autoDraw = False
100.2672 	EXP 	realSafeText: autoDraw = False
100.2672 	EXP 	realVLeft: autoDraw = False
100.2672 	EXP 	realNRight: autoDraw = False
103.7120 	EXP 	isiFix: autoDraw = True
104.2116 	EXP 	isiFix: autoDraw = False
104.2116 	EXP 	isiFix: autoDraw = False
104.2116 	EXP 	staticOCtext: height = 0.1
104.2116 	EXP 	staticOCtext: height = 0.1
104.2116 	EXP 	staticOCtext: height = 0.1
104.2116 	EXP 	staticOCtext: text = '$12'
104.2116 	EXP 	staticNoRespText: autoDraw = True
104.2116 	EXP 	staticRiskOC: autoDraw = True
104.2116 	EXP 	staticSafeOC: autoDraw = True
104.2116 	EXP 	staticOCtext: autoDraw = True
104.2116 	EXP 	staticHideRisk: autoDraw = True
105.2264 	EXP 	staticNoRespText: autoDraw = False
105.2264 	EXP 	staticRiskOC: autoDraw = False
105.2264 	EXP 	staticSafeOC: autoDraw = False
105.2264 	EXP 	staticOCtext: autoDraw = False
105.2264 	EXP 	staticHideRisk: autoDraw = False
105.2264 	EXP 	itiFix: autoDraw = True
109.7055 	EXP 	New trial (rep=0, index=3): OrderedDict([('riskyoption1', 15.47), ('riskyoption2', 0.0), ('safeoption', 10.27), ('ischecktrial', 0)])
109.7461 	EXP 	itiFix: autoDraw = False
109.7461 	EXP 	itiFix: autoDraw = False
109.7461 	EXP 	realLossText: text = '$0'
109.7461 	EXP 	realGainText: height = 0.1
109.7461 	EXP 	realGainText: height = 0.1
109.7461 	EXP 	realGainText: height = 0.1
109.7461 	EXP 	realGainText: text = '$15.47'
109.7461 	EXP 	realSafeText: height = 0.1
109.7461 	EXP 	realSafeText: height = 0.1
109.7461 	EXP 	realSafeText: height = 0.1
109.7461 	EXP 	realSafeText: text = '$10.27'
109.7461 	EXP 	CircleLeft: autoDraw = True
109.7461 	EXP 	realCircleRight: autoDraw = True
109.7461 	EXP 	realLineLeft: autoDraw = True
109.7461 	EXP 	realORtext: autoDraw = True
109.7461 	EXP 	realLossText: autoDraw = True
109.7461 	EXP 	realGainText: autoDraw = True
109.7461 	EXP 	realSafeText: autoDraw = True
109.7461 	EXP 	realVLeft: autoDraw = True
109.7461 	EXP 	realNRight: autoDraw = True
110.9038 	DATA 	Keypress: n
110.9180 	EXP 	CircleLeft: autoDraw = False
110.9180 	EXP 	realCircleRight: autoDraw = False
110.9180 	EXP 	realLineLeft: autoDraw = False
110.9180 	EXP 	realORtext: autoDraw = False
110.9180 	EXP 	realLossText: autoDraw = False
110.9180 	EXP 	realGainText: autoDraw = False
110.9180 	EXP 	realSafeText: autoDraw = False
110.9180 	EXP 	realVLeft: autoDraw = False
110.9180 	EXP 	realNRight: autoDraw = False
113.7144 	EXP 	isiFix: autoDraw = True
114.2220 	EXP 	isiFix: autoDraw = False
114.2220 	EXP 	isiFix: autoDraw = False
114.2220 	EXP 	staticOCtext: height = 0.1
114.2220 	EXP 	staticOCtext: height = 0.1
114.2220 	EXP 	staticOCtext: height = 0.1
114.2220 	EXP 	staticOCtext: text = '$0'
114.2220 	EXP 	staticNoRespText: autoDraw = True
114.2220 	EXP 	staticRiskOC: autoDraw = True
114.2220 	EXP 	staticSafeOC: autoDraw = True
114.2220 	EXP 	staticOCtext: autoDraw = True
114.2220 	EXP 	staticHideRisk: autoDraw = True
115.2283 	EXP 	staticNoRespText: autoDraw = False
115.2283 	EXP 	staticRiskOC: autoDraw = False
115.2283 	EXP 	staticSafeOC: autoDraw = False
115.2283 	EXP 	staticOCtext: autoDraw = False
115.2283 	EXP 	staticHideRisk: autoDraw = False
115.2283 	EXP 	itiFix: autoDraw = True
119.5736 	EXP 	New trial (rep=0, index=4): OrderedDict([('riskyoption1', 10.73), ('riskyoption2', 0.0), ('safeoption', 6.63), ('ischecktrial', 0)])
119.6102 	EXP 	itiFix: autoDraw = False
119.6102 	EXP 	itiFix: autoDraw = False
119.6102 	EXP 	realLossText: text = '$0'
119.6102 	EXP 	realGainText: height = 0.1
119.6102 	EXP 	realGainText: height = 0.1
119.6102 	EXP 	realGainText: height = 0.1
119.6102 	EXP 	realGainText: text = '$10.73'
119.6102 	EXP 	realSafeText: height = 0.1
119.6102 	EXP 	realSafeText: height = 0.1
119.6102 	EXP 	realSafeText: height = 0.1
119.6102 	EXP 	realSafeText: text = '$6.63'
119.6102 	EXP 	CircleLeft: autoDraw = True
119.6102 	EXP 	realCircleRight: autoDraw = True
119.6102 	EXP 	realLineLeft: autoDraw = True
119.6102 	EXP 	realORtext: autoDraw = True
119.6102 	EXP 	realLossText: autoDraw = True
119.6102 	EXP 	realGainText: autoDraw = True
119.6102 	EXP 	realSafeText: autoDraw = True
119.6102 	EXP 	realVLeft: autoDraw = True
119.6102 	EXP 	realNRight: autoDraw = True
120.5725 	DATA 	Keypress: v
120.5868 	EXP 	CircleLeft: autoDraw = False
120.5868 	EXP 	realCircleRight: autoDraw = False
120.5868 	EXP 	realLineLeft: autoDraw = False
120.5868 	EXP 	realORtext: autoDraw = False
120.5868 	EXP 	realLossText: autoDraw = False
120.5868 	EXP 	realGainText: autoDraw = False
120.5868 	EXP 	realSafeText: autoDraw = False
120.5868 	EXP 	realVLeft: autoDraw = False
120.5868 	EXP 	realNRight: autoDraw = False
123.5827 	EXP 	isiFix: autoDraw = True
124.0914 	EXP 	isiFix: autoDraw = False
124.0914 	EXP 	isiFix: autoDraw = False
124.0914 	EXP 	staticOCtext: height = 0.1
124.0914 	EXP 	staticOCtext: height = 0.1
124.0914 	EXP 	staticOCtext: height = 0.1
124.0914 	EXP 	staticOCtext: text = '$7'
124.0914 	EXP 	staticNoRespText: autoDraw = True
124.0914 	EXP 	staticRiskOC: autoDraw = True
124.0914 	EXP 	staticSafeOC: autoDraw = True
124.0914 	EXP 	staticOCtext: autoDraw = True
124.0914 	EXP 	staticHideRisk: autoDraw = True
125.0966 	EXP 	staticNoRespText: autoDraw = False
125.0966 	EXP 	staticRiskOC: autoDraw = False
125.0966 	EXP 	staticSafeOC: autoDraw = False
125.0966 	EXP 	staticOCtext: autoDraw = False
125.0966 	EXP 	staticHideRisk: autoDraw = False
125.0966 	EXP 	itiFix: autoDraw = True
125.4342 	DATA 	Keypress: escape
127.4600 	EXP 	window1: mouseVisible = True
