5.4521 	WARNING 	We strongly recommend you activate the PTB sound engine in PsychoPy prefs as the preferred audio engine. Its timing is vastly superior. Your prefs are currently set to use ['sounddevice', 'PTB', 'pyo', 'pygame'] (in that order).
18.2149 	EXP 	Created window1 = Window(allowGUI=True, allowStencil=False, autoLog=True, backendConf=UNKNOWN, bitsMode=UNKNOWN, blendMode='avg', bpc=(8, 8, 8), color=array([-1, -1, -1]), colorSpace='rgb', depthBits=8, fullscr=<method-wrapper '__getattribute__' of attributeSetter object at 0x000001D283A20550>, gamma=None, gammaErrorPolicy='raise', lms=UNKNOWN, monitor=<psychopy.monitors.calibTools.Monitor object at 0x000001D285E19DC0>, multiSample=False, name='window1', numSamples=2, pos=(0, 0), screen=0, size=array([1920, 1080]), stencilBits=0, stereo=False, units='height', useFBO=True, useRetina=False, viewOri=0.0, viewPos=None, viewScale=None, waitBlanking=True, winType='pyglet')
18.2151 	EXP 	window1: mouseVisible = True
18.2153 	EXP 	window1: mouseVisible = False
18.2154 	EXP 	window1: Attempting to measure frame rate of screen (0) ...
18.2154 	EXP 	window1: recordFrameIntervals = False
18.3798 	EXP 	window1: recordFrameIntervals = True
18.5636 	EXP 	Screen (0) actual frame rate measured at 60.00Hz
18.5637 	EXP 	window1: recordFrameIntervals = False
20.7334 	EXP 	Created CGErdmStartText = TextStim(__class__=<class 'psychopy.visual.text.TextStim'>, alignHoriz=method-wrapper(...), alignText='center', alignVert=method-wrapper(...), anchorHoriz='center', anchorVert='center', antialias=True, autoDraw=False, autoLog=True, bold=False, color=array([1., 1., 1.]), colorSpace='rgb', contrast=1.0, depth=0.0, flipHoriz=False, flipVert=False, font='Arial', fontFiles=[], height=0.05, italic=False, languageStyle='LTR', name='CGErdmStartText', opacity=1.0, ori=0, pos=array([0., 0.]), rgb=UNKNOWN, text=str(...), units='height', win=Window(...), wrapWidth=1.5)
20.7419 	EXP 	Created pracStartText = TextStim(__class__=<class 'psychopy.visual.text.TextStim'>, alignHoriz=method-wrapper(...), alignText='center', alignVert=method-wrapper(...), anchorHoriz='center', anchorVert='center', antialias=True, autoDraw=False, autoLog=True, bold=False, color=array([1., 1., 1.]), colorSpace='rgb', contrast=1.0, depth=0.0, flipHoriz=False, flipVert=False, font='Arial', fontFiles=[], height=0.05, italic=False, languageStyle='LTR', name='pracStartText', opacity=1.0, ori=0, pos=array([0., 0.]), rgb=UNKNOWN, text=str(...), units='height', win=Window(...), wrapWidth=1.5)
20.7437 	EXP 	Created pracCircleLeft = Rect(__class__=<class 'psychopy.visual.rect.Rect'>, anchor=('center', 'center'), autoDraw=False, autoLog=True, closeShape=True, color=method-wrapper(...), colorSpace='rgb', contrast=None, depth=-1.0, fillColor=array([1, 1, 1]), fillColorSpace='rgb', fillRGB=array([1, 1, 1]), interpolate=True, lineColor=array([1., 1., 1.]), lineColorSpace='rgb', lineRGB=array([1, 1, 1]), lineWidth=1, name='pracCircleLeft', opacity=1.0, ori=0.0, pos=array([-0.4,  0. ]), size=array([0.5, 0.5]), units='height', vertices=ndarray(...), win=Window(...))
20.7455 	EXP 	Created pracCircleRight = Rect(__class__=<class 'psychopy.visual.rect.Rect'>, anchor=('center', 'center'), autoDraw=False, autoLog=True, closeShape=True, color=method-wrapper(...), colorSpace='rgb', contrast=None, depth=-2.0, fillColor=array([1, 1, 1]), fillColorSpace='rgb', fillRGB=array([1, 1, 1]), interpolate=True, lineColor=array([1., 1., 1.]), lineColorSpace='rgb', lineRGB=array([1, 1, 1]), lineWidth=1, name='pracCircleRight', opacity=1.0, ori=0.0, pos=array([0.4, 0. ]), size=array([0.5, 0.5]), units='height', vertices=ndarray(...), win=Window(...))
20.7468 	EXP 	Created pracLineLeft = Rect(__class__=<class 'psychopy.visual.rect.Rect'>, anchor=('center', 'center'), autoDraw=False, autoLog=True, closeShape=True, color=method-wrapper(...), colorSpace='rgb', contrast=None, depth=-3.0, fillColor=array([-1, -1, -1]), fillColorSpace='rgb', fillRGB=array([-1, -1, -1]), interpolate=True, lineColor=array([-1., -1., -1.]), lineColorSpace='rgb', lineRGB=array([-1, -1, -1]), lineWidth=3, name='pracLineLeft', opacity=1.0, ori=0.0, pos=array([0., 0.]), size=array([0.5 , 0.01]), units='height', vertices=ndarray(...), win=Window(...))
20.7509 	EXP 	Created pracORtext = TextStim(__class__=<class 'psychopy.visual.text.TextStim'>, alignHoriz=method-wrapper(...), alignText='center', alignVert=method-wrapper(...), anchorHoriz='center', anchorVert='center', antialias=True, autoDraw=False, autoLog=True, bold=False, color=array([1., 1., 1.]), colorSpace='rgb', contrast=1.0, depth=-4.0, flipHoriz=False, flipVert=False, font='Arial', fontFiles=[], height=0.05, italic=False, languageStyle='LTR', name='pracORtext', opacity=1.0, ori=0, pos=array([0., 0.]), rgb=UNKNOWN, text='OR', units='height', win=Window(...), wrapWidth=1)
20.7524 	EXP 	Created pracLossText = TextStim(__class__=<class 'psychopy.visual.text.TextStim'>, alignHoriz=method-wrapper(...), alignText='center', alignVert=method-wrapper(...), anchorHoriz='center', anchorVert='center', antialias=True, autoDraw=False, autoLog=True, bold=False, color=array([-1., -1., -1.]), colorSpace='rgb', contrast=1.0, depth=-5.0, flipHoriz=False, flipVert=False, font='Arial', fontFiles=[], height=0.1, italic=False, languageStyle='LTR', name='pracLossText', opacity=1.0, ori=0, pos=array([0., 0.]), rgb=UNKNOWN, text='', units='height', win=Window(...), wrapWidth=1)
20.7535 	EXP 	Created pracGainText = TextStim(__class__=<class 'psychopy.visual.text.TextStim'>, alignHoriz=method-wrapper(...), alignText='center', alignVert=method-wrapper(...), anchorHoriz='center', anchorVert='center', antialias=True, autoDraw=False, autoLog=True, bold=False, color=array([-1., -1., -1.]), colorSpace='rgb', contrast=1.0, depth=-6.0, flipHoriz=False, flipVert=False, font='Arial', fontFiles=[], height=0.1, italic=False, languageStyle='LTR', name='pracGainText', opacity=1.0, ori=0, pos=array([0., 0.]), rgb=UNKNOWN, text='', units='height', win=Window(...), wrapWidth=1)
20.7546 	EXP 	Created pracSafeText = TextStim(__class__=<class 'psychopy.visual.text.TextStim'>, alignHoriz=method-wrapper(...), alignText='center', alignVert=method-wrapper(...), anchorHoriz='center', anchorVert='center', antialias=True, autoDraw=False, autoLog=True, bold=False, color=array([-1., -1., -1.]), colorSpace='rgb', contrast=1.0, depth=-7.0, flipHoriz=False, flipVert=False, font='Arial', fontFiles=[], height=0.1, italic=False, languageStyle='LTR', name='pracSafeText', opacity=1.0, ori=0, pos=array([0., 0.]), rgb=UNKNOWN, text='', units='height', win=Window(...), wrapWidth=1)
20.7590 	EXP 	Created pracVLeft = TextStim(__class__=<class 'psychopy.visual.text.TextStim'>, alignHoriz=method-wrapper(...), alignText='center', alignVert=method-wrapper(...), anchorHoriz='center', anchorVert='center', antialias=True, autoDraw=False, autoLog=True, bold=False, color=array([1., 1., 1.]), colorSpace='rgb', contrast=1.0, depth=-8.0, flipHoriz=False, flipVert=False, font='Arial', fontFiles=[], height=0.05, italic=False, languageStyle='LTR', name='pracVLeft', opacity=1.0, ori=0, pos=array([-0.4 , -0.35]), rgb=UNKNOWN, text='V-Left', units='height', win=Window(...), wrapWidth=1)
20.7619 	EXP 	Created pracNRight = TextStim(__class__=<class 'psychopy.visual.text.TextStim'>, alignHoriz=method-wrapper(...), alignText='center', alignVert=method-wrapper(...), anchorHoriz='center', anchorVert='center', antialias=True, autoDraw=False, autoLog=True, bold=False, color=array([1., 1., 1.]), colorSpace='rgb', contrast=1.0, depth=-9.0, flipHoriz=False, flipVert=False, font='Arial', fontFiles=[], height=0.05, italic=False, languageStyle='LTR', name='pracNRight', opacity=1.0, ori=0, pos=array([ 0.4 , -0.35]), rgb=UNKNOWN, text='N-Right', units='height', win=Window(...), wrapWidth=1)
20.7653 	EXP 	Created isiPracFix = TextStim(__class__=<class 'psychopy.visual.text.TextStim'>, alignHoriz=method-wrapper(...), alignText='center', alignVert=method-wrapper(...), anchorHoriz='center', anchorVert='center', antialias=True, autoDraw=False, autoLog=True, bold=False, color=array([1., 1., 1.]), colorSpace='rgb', contrast=1.0, depth=0.0, flipHoriz=False, flipVert=False, font='Arial', fontFiles=[], height=0.05, italic=False, languageStyle='LTR', name='isiPracFix', opacity=1.0, ori=0, pos=array([0., 0.]), rgb=UNKNOWN, text='+', units='height', win=Window(...), wrapWidth=1)
20.7686 	EXP 	Created pracNoRespText = TextStim(__class__=<class 'psychopy.visual.text.TextStim'>, alignHoriz=method-wrapper(...), alignText='center', alignVert=method-wrapper(...), anchorHoriz='center', anchorVert='center', antialias=True, autoDraw=False, autoLog=True, bold=False, color=array([1., 1., 1.]), colorSpace='rgb', contrast=1.0, depth=-1.0, flipHoriz=False, flipVert=False, font='Arial', fontFiles=[], height=0.05, italic=False, languageStyle='LTR', name='pracNoRespText', opacity=1.0, ori=0, pos=array([0., 0.]), rgb=UNKNOWN, text='You did not respond in time\n', units='height', win=Window(...), wrapWidth=1)
20.7698 	EXP 	Created pracRiskOC = Rect(__class__=<class 'psychopy.visual.rect.Rect'>, anchor=('center', 'center'), autoDraw=False, autoLog=True, closeShape=True, color=method-wrapper(...), colorSpace='rgb', contrast=None, depth=-2.0, fillColor=array([1, 1, 1]), fillColorSpace='rgb', fillRGB=array([1, 1, 1]), interpolate=True, lineColor=array([1., 1., 1.]), lineColorSpace='rgb', lineRGB=array([1, 1, 1]), lineWidth=1, name='pracRiskOC', opacity=1.0, ori=0.0, pos=array([0., 0.]), size=array([0.5, 0.5]), units='height', vertices=ndarray(...), win=Window(...))
20.7710 	EXP 	Created pracSafeOC = Rect(__class__=<class 'psychopy.visual.rect.Rect'>, anchor=('center', 'center'), autoDraw=False, autoLog=True, closeShape=True, color=method-wrapper(...), colorSpace='rgb', contrast=None, depth=-3.0, fillColor=array([1, 1, 1]), fillColorSpace='rgb', fillRGB=array([1, 1, 1]), interpolate=True, lineColor=array([1., 1., 1.]), lineColorSpace='rgb', lineRGB=array([1, 1, 1]), lineWidth=1, name='pracSafeOC', opacity=1.0, ori=0.0, pos=array([0., 0.]), size=array([0.5, 0.5]), units='height', vertices=ndarray(...), win=Window(...))
20.7721 	EXP 	Created pracOCtext = TextStim(__class__=<class 'psychopy.visual.text.TextStim'>, alignHoriz=method-wrapper(...), alignText='center', alignVert=method-wrapper(...), anchorHoriz='center', anchorVert='center', antialias=True, autoDraw=False, autoLog=True, bold=False, color=array([1., 1., 1.]), colorSpace='rgb', contrast=1.0, depth=-4.0, flipHoriz=False, flipVert=False, font='Arial', fontFiles=[], height=0.1, italic=False, languageStyle='LTR', name='pracOCtext', opacity=1.0, ori=0, pos=array([0., 0.]), rgb=UNKNOWN, text='', units='height', win=Window(...), wrapWidth=1)
20.7733 	EXP 	Created pracHideRisk = Rect(__class__=<class 'psychopy.visual.rect.Rect'>, anchor=('center', 'center'), autoDraw=False, autoLog=True, closeShape=True, color=method-wrapper(...), colorSpace='rgb', contrast=None, depth=-5.0, fillColor=array([-1, -1, -1]), fillColorSpace='rgb', fillRGB=array([-1, -1, -1]), interpolate=True, lineColor=array([-1., -1., -1.]), lineColorSpace='rgb', lineRGB=array([-1, -1, -1]), lineWidth=1, name='pracHideRisk', opacity=1.0, ori=0.0, pos=array([0., 0.]), size=array([0.6, 0.3]), units='height', vertices=ndarray(...), win=Window(...))
20.7757 	EXP 	Created itiPracFix = TextStim(__class__=<class 'psychopy.visual.text.TextStim'>, alignHoriz=method-wrapper(...), alignText='center', alignVert=method-wrapper(...), anchorHoriz='center', anchorVert='center', antialias=True, autoDraw=False, autoLog=True, bold=False, color=array([1., 1., 1.]), colorSpace='rgb', contrast=1.0, depth=0.0, flipHoriz=False, flipVert=False, font='Arial', fontFiles=[], height=0.05, italic=False, languageStyle='LTR', name='itiPracFix', opacity=1.0, ori=0, pos=array([0., 0.]), rgb=UNKNOWN, text='+', units='height', win=Window(...), wrapWidth=1)
20.7844 	EXP 	Created staticStartText = TextStim(__class__=<class 'psychopy.visual.text.TextStim'>, alignHoriz=method-wrapper(...), alignText='center', alignVert=method-wrapper(...), anchorHoriz='center', anchorVert='center', antialias=True, autoDraw=False, autoLog=True, bold=False, color=array([1., 1., 1.]), colorSpace='rgb', contrast=1.0, depth=0.0, flipHoriz=False, flipVert=False, font='Arial', fontFiles=[], height=0.05, italic=False, languageStyle='LTR', name='staticStartText', opacity=1.0, ori=0, pos=array([0., 0.]), rgb=UNKNOWN, text=str(...), units='height', win=Window(...), wrapWidth=1.5)
20.7856 	EXP 	Created CircleLeft = Rect(__class__=<class 'psychopy.visual.rect.Rect'>, anchor=('center', 'center'), autoDraw=False, autoLog=True, closeShape=True, color=method-wrapper(...), colorSpace='rgb', contrast=None, depth=-1.0, fillColor=array([1, 1, 1]), fillColorSpace='rgb', fillRGB=array([1, 1, 1]), interpolate=True, lineColor=array([1., 1., 1.]), lineColorSpace='rgb', lineRGB=array([1, 1, 1]), lineWidth=1, name='CircleLeft', opacity=1.0, ori=0.0, pos=array([-0.4,  0. ]), size=array([0.5, 0.5]), units='height', vertices=ndarray(...), win=Window(...))
20.7874 	EXP 	Created realCircleRight = Rect(__class__=<class 'psychopy.visual.rect.Rect'>, anchor=('center', 'center'), autoDraw=False, autoLog=True, closeShape=True, color=method-wrapper(...), colorSpace='rgb', contrast=None, depth=-2.0, fillColor=array([1, 1, 1]), fillColorSpace='rgb', fillRGB=array([1, 1, 1]), interpolate=True, lineColor=array([1., 1., 1.]), lineColorSpace='rgb', lineRGB=array([1, 1, 1]), lineWidth=1, name='realCircleRight', opacity=1.0, ori=0.0, pos=array([0.4, 0. ]), size=array([0.5, 0.5]), units='height', vertices=ndarray(...), win=Window(...))
20.7885 	EXP 	Created realLineLeft = Rect(__class__=<class 'psychopy.visual.rect.Rect'>, anchor=('center', 'center'), autoDraw=False, autoLog=True, closeShape=True, color=method-wrapper(...), colorSpace='rgb', contrast=None, depth=-3.0, fillColor=array([-1, -1, -1]), fillColorSpace='rgb', fillRGB=array([-1, -1, -1]), interpolate=True, lineColor=array([-1., -1., -1.]), lineColorSpace='rgb', lineRGB=array([-1, -1, -1]), lineWidth=3, name='realLineLeft', opacity=1.0, ori=0.0, pos=array([0., 0.]), size=array([0.5 , 0.01]), units='height', vertices=ndarray(...), win=Window(...))
20.7910 	EXP 	Created realORtext = TextStim(__class__=<class 'psychopy.visual.text.TextStim'>, alignHoriz=method-wrapper(...), alignText='center', alignVert=method-wrapper(...), anchorHoriz='center', anchorVert='center', antialias=True, autoDraw=False, autoLog=True, bold=False, color=array([1., 1., 1.]), colorSpace='rgb', contrast=1.0, depth=-4.0, flipHoriz=False, flipVert=False, font='Arial', fontFiles=[], height=0.05, italic=False, languageStyle='LTR', name='realORtext', opacity=1.0, ori=0, pos=array([0., 0.]), rgb=UNKNOWN, text='OR', units='height', win=Window(...), wrapWidth=1)
20.7921 	EXP 	Created realLossText = TextStim(__class__=<class 'psychopy.visual.text.TextStim'>, alignHoriz=method-wrapper(...), alignText='center', alignVert=method-wrapper(...), anchorHoriz='center', anchorVert='center', antialias=True, autoDraw=False, autoLog=True, bold=False, color=array([-1., -1., -1.]), colorSpace='rgb', contrast=1.0, depth=-5.0, flipHoriz=False, flipVert=False, font='Arial', fontFiles=[], height=0.1, italic=False, languageStyle='LTR', name='realLossText', opacity=1.0, ori=0, pos=array([0., 0.]), rgb=UNKNOWN, text='', units='height', win=Window(...), wrapWidth=1)
20.7932 	EXP 	Created realGainText = TextStim(__class__=<class 'psychopy.visual.text.TextStim'>, alignHoriz=method-wrapper(...), alignText='center', alignVert=method-wrapper(...), anchorHoriz='center', anchorVert='center', antialias=True, autoDraw=False, autoLog=True, bold=False, color=array([-1., -1., -1.]), colorSpace='rgb', contrast=1.0, depth=-6.0, flipHoriz=False, flipVert=False, font='Arial', fontFiles=[], height=0.1, italic=False, languageStyle='LTR', name='realGainText', opacity=1.0, ori=0, pos=array([0., 0.]), rgb=UNKNOWN, text='', units='height', win=Window(...), wrapWidth=1)
20.7945 	EXP 	Created realSafeText = TextStim(__class__=<class 'psychopy.visual.text.TextStim'>, alignHoriz=method-wrapper(...), alignText='center', alignVert=method-wrapper(...), anchorHoriz='center', anchorVert='center', antialias=True, autoDraw=False, autoLog=True, bold=False, color=array([-1., -1., -1.]), colorSpace='rgb', contrast=1.0, depth=-7.0, flipHoriz=False, flipVert=False, font='Arial', fontFiles=[], height=0.1, italic=False, languageStyle='LTR', name='realSafeText', opacity=1.0, ori=0, pos=array([0., 0.]), rgb=UNKNOWN, text='', units='height', win=Window(...), wrapWidth=1)
20.7976 	EXP 	Created realVLeft = TextStim(__class__=<class 'psychopy.visual.text.TextStim'>, alignHoriz=method-wrapper(...), alignText='center', alignVert=method-wrapper(...), anchorHoriz='center', anchorVert='center', antialias=True, autoDraw=False, autoLog=True, bold=False, color=array([1., 1., 1.]), colorSpace='rgb', contrast=1.0, depth=-8.0, flipHoriz=False, flipVert=False, font='Arial', fontFiles=[], height=0.05, italic=False, languageStyle='LTR', name='realVLeft', opacity=1.0, ori=0, pos=array([-0.4 , -0.35]), rgb=UNKNOWN, text='V-Left', units='height', win=Window(...), wrapWidth=1)
20.8004 	EXP 	Created realNRight = TextStim(__class__=<class 'psychopy.visual.text.TextStim'>, alignHoriz=method-wrapper(...), alignText='center', alignVert=method-wrapper(...), anchorHoriz='center', anchorVert='center', antialias=True, autoDraw=False, autoLog=True, bold=False, color=array([1., 1., 1.]), colorSpace='rgb', contrast=1.0, depth=-9.0, flipHoriz=False, flipVert=False, font='Arial', fontFiles=[], height=0.05, italic=False, languageStyle='LTR', name='realNRight', opacity=1.0, ori=0, pos=array([ 0.4 , -0.35]), rgb=UNKNOWN, text='N-Right', units='height', win=Window(...), wrapWidth=1)
20.8028 	EXP 	Created isiFix = TextStim(__class__=<class 'psychopy.visual.text.TextStim'>, alignHoriz=method-wrapper(...), alignText='center', alignVert=method-wrapper(...), anchorHoriz='center', anchorVert='center', antialias=True, autoDraw=False, autoLog=True, bold=False, color=array([1., 1., 1.]), colorSpace='rgb', contrast=1.0, depth=0.0, flipHoriz=False, flipVert=False, font='Arial', fontFiles=[], height=0.05, italic=False, languageStyle='LTR', name='isiFix', opacity=1.0, ori=0, pos=array([0., 0.]), rgb=UNKNOWN, text='+', units='height', win=Window(...), wrapWidth=1)
20.8136 	EXP 	Created staticNoRespText = TextStim(__class__=<class 'psychopy.visual.text.TextStim'>, alignHoriz=method-wrapper(...), alignText='center', alignVert=method-wrapper(...), anchorHoriz='center', anchorVert='center', antialias=True, autoDraw=False, autoLog=True, bold=False, color=array([1., 1., 1.]), colorSpace='rgb', contrast=1.0, depth=-1.0, flipHoriz=False, flipVert=False, font='Arial', fontFiles=[], height=0.08, italic=False, languageStyle='LTR', name='staticNoRespText', opacity=1.0, ori=0, pos=array([0., 0.]), rgb=UNKNOWN, text='You did not respond in time\n', units='height', win=Window(...), wrapWidth=1)
20.8147 	EXP 	Created staticRiskOC = Rect(__class__=<class 'psychopy.visual.rect.Rect'>, anchor=('center', 'center'), autoDraw=False, autoLog=True, closeShape=True, color=method-wrapper(...), colorSpace='rgb', contrast=None, depth=-2.0, fillColor=array([1, 1, 1]), fillColorSpace='rgb', fillRGB=array([1, 1, 1]), interpolate=True, lineColor=array([1., 1., 1.]), lineColorSpace='rgb', lineRGB=array([1, 1, 1]), lineWidth=1, name='staticRiskOC', opacity=1.0, ori=0.0, pos=array([0., 0.]), size=array([0.5, 0.5]), units='height', vertices=ndarray(...), win=Window(...))
20.8159 	EXP 	Created staticSafeOC = Rect(__class__=<class 'psychopy.visual.rect.Rect'>, anchor=('center', 'center'), autoDraw=False, autoLog=True, closeShape=True, color=method-wrapper(...), colorSpace='rgb', contrast=None, depth=-3.0, fillColor=array([1, 1, 1]), fillColorSpace='rgb', fillRGB=array([1, 1, 1]), interpolate=True, lineColor=array([1., 1., 1.]), lineColorSpace='rgb', lineRGB=array([1, 1, 1]), lineWidth=1, name='staticSafeOC', opacity=1.0, ori=0.0, pos=array([0., 0.]), size=array([0.5, 0.5]), units='height', vertices=ndarray(...), win=Window(...))
20.8170 	EXP 	Created staticOCtext = TextStim(__class__=<class 'psychopy.visual.text.TextStim'>, alignHoriz=method-wrapper(...), alignText='center', alignVert=method-wrapper(...), anchorHoriz='center', anchorVert='center', antialias=True, autoDraw=False, autoLog=True, bold=False, color=array([1., 1., 1.]), colorSpace='rgb', contrast=1.0, depth=-4.0, flipHoriz=False, flipVert=False, font='Arial', fontFiles=[], height=0.1, italic=False, languageStyle='LTR', name='staticOCtext', opacity=1.0, ori=0, pos=array([0., 0.]), rgb=UNKNOWN, text='', units='height', win=Window(...), wrapWidth=1)
20.8182 	EXP 	Created staticHideRisk = Rect(__class__=<class 'psychopy.visual.rect.Rect'>, anchor=('center', 'center'), autoDraw=False, autoLog=True, closeShape=True, color=method-wrapper(...), colorSpace='rgb', contrast=None, depth=-5.0, fillColor=array([-1, -1, -1]), fillColorSpace='rgb', fillRGB=array([-1, -1, -1]), interpolate=True, lineColor=array([-1., -1., -1.]), lineColorSpace='rgb', lineRGB=array([-1, -1, -1]), lineWidth=1, name='staticHideRisk', opacity=1.0, ori=0.0, pos=array([0., 0.]), size=array([0.6, 0.3]), units='height', vertices=ndarray(...), win=Window(...))
20.8223 	EXP 	Created itiFix = TextStim(__class__=<class 'psychopy.visual.text.TextStim'>, alignHoriz=method-wrapper(...), alignText='center', alignVert=method-wrapper(...), anchorHoriz='center', anchorVert='center', antialias=True, autoDraw=False, autoLog=True, bold=False, color=array([1., 1., 1.]), colorSpace='rgb', contrast=1.0, depth=0.0, flipHoriz=False, flipVert=False, font='Arial', fontFiles=[], height=0.05, italic=False, languageStyle='LTR', name='itiFix', opacity=1.0, ori=0, pos=array([0., 0.]), rgb=UNKNOWN, text='+', units='height', win=Window(...), wrapWidth=1)
20.8419 	EXP 	Created setupBestFit = TextStim(__class__=<class 'psychopy.visual.text.TextStim'>, alignHoriz=method-wrapper(...), alignText='center', alignVert=method-wrapper(...), anchorHoriz='center', anchorVert='center', antialias=True, autoDraw=False, autoLog=True, bold=False, color=array([1., 1., 1.]), colorSpace='rgb', contrast=1.0, depth=-4.0, flipHoriz=False, flipVert=False, font='Arial', fontFiles=[], height=0.05, italic=False, languageStyle='LTR', name='setupBestFit', opacity=1.0, ori=0.0, pos=array([0., 0.]), rgb=UNKNOWN, text=str(...), units='height', win=Window(...), wrapWidth=1.5)
20.8507 	EXP 	Created dynamicStartText = TextStim(__class__=<class 'psychopy.visual.text.TextStim'>, alignHoriz=method-wrapper(...), alignText='center', alignVert=method-wrapper(...), anchorHoriz='center', anchorVert='center', antialias=True, autoDraw=False, autoLog=True, bold=False, color=array([1., 1., 1.]), colorSpace='rgb', contrast=1.0, depth=0.0, flipHoriz=False, flipVert=False, font='Arial', fontFiles=[], height=0.05, italic=False, languageStyle='LTR', name='dynamicStartText', opacity=1.0, ori=0.0, pos=array([0., 0.]), rgb=UNKNOWN, text=str(...), units='height', win=Window(...), wrapWidth=1.5)
20.8519 	EXP 	Created CircleLeft = Rect(__class__=<class 'psychopy.visual.rect.Rect'>, anchor=('center', 'center'), autoDraw=False, autoLog=True, closeShape=True, color=method-wrapper(...), colorSpace='rgb', contrast=None, depth=-1.0, fillColor=array([1, 1, 1]), fillColorSpace='rgb', fillRGB=array([1, 1, 1]), interpolate=True, lineColor=array([1., 1., 1.]), lineColorSpace='rgb', lineRGB=array([1, 1, 1]), lineWidth=1, name='CircleLeft', opacity=1.0, ori=0.0, pos=array([-0.4,  0. ]), size=array([0.5, 0.5]), units='height', vertices=ndarray(...), win=Window(...))
20.8536 	EXP 	Created realCircleRight = Rect(__class__=<class 'psychopy.visual.rect.Rect'>, anchor=('center', 'center'), autoDraw=False, autoLog=True, closeShape=True, color=method-wrapper(...), colorSpace='rgb', contrast=None, depth=-2.0, fillColor=array([1, 1, 1]), fillColorSpace='rgb', fillRGB=array([1, 1, 1]), interpolate=True, lineColor=array([1., 1., 1.]), lineColorSpace='rgb', lineRGB=array([1, 1, 1]), lineWidth=1, name='realCircleRight', opacity=1.0, ori=0.0, pos=array([0.4, 0. ]), size=array([0.5, 0.5]), units='height', vertices=ndarray(...), win=Window(...))
20.8548 	EXP 	Created realLineLeft = Rect(__class__=<class 'psychopy.visual.rect.Rect'>, anchor=('center', 'center'), autoDraw=False, autoLog=True, closeShape=True, color=method-wrapper(...), colorSpace='rgb', contrast=None, depth=-3.0, fillColor=array([-1, -1, -1]), fillColorSpace='rgb', fillRGB=array([-1, -1, -1]), interpolate=True, lineColor=array([-1., -1., -1.]), lineColorSpace='rgb', lineRGB=array([-1, -1, -1]), lineWidth=3, name='realLineLeft', opacity=1.0, ori=0.0, pos=array([0., 0.]), size=array([0.5 , 0.01]), units='height', vertices=ndarray(...), win=Window(...))
20.8589 	EXP 	Created realORtext = TextStim(__class__=<class 'psychopy.visual.text.TextStim'>, alignHoriz=method-wrapper(...), alignText='center', alignVert=method-wrapper(...), anchorHoriz='center', anchorVert='center', antialias=True, autoDraw=False, autoLog=True, bold=False, color=array([1., 1., 1.]), colorSpace='rgb', contrast=1.0, depth=-4.0, flipHoriz=False, flipVert=False, font='Arial', fontFiles=[], height=0.05, italic=False, languageStyle='LTR', name='realORtext', opacity=1.0, ori=0, pos=array([0., 0.]), rgb=UNKNOWN, text='OR', units='height', win=Window(...), wrapWidth=1)
20.8601 	EXP 	Created realLossText = TextStim(__class__=<class 'psychopy.visual.text.TextStim'>, alignHoriz=method-wrapper(...), alignText='center', alignVert=method-wrapper(...), anchorHoriz='center', anchorVert='center', antialias=True, autoDraw=False, autoLog=True, bold=False, color=array([-1., -1., -1.]), colorSpace='rgb', contrast=1.0, depth=-5.0, flipHoriz=False, flipVert=False, font='Arial', fontFiles=[], height=0.1, italic=False, languageStyle='LTR', name='realLossText', opacity=1.0, ori=0, pos=array([0., 0.]), rgb=UNKNOWN, text='', units='height', win=Window(...), wrapWidth=1)
20.8613 	EXP 	Created realGainText = TextStim(__class__=<class 'psychopy.visual.text.TextStim'>, alignHoriz=method-wrapper(...), alignText='center', alignVert=method-wrapper(...), anchorHoriz='center', anchorVert='center', antialias=True, autoDraw=False, autoLog=True, bold=False, color=array([-1., -1., -1.]), colorSpace='rgb', contrast=1.0, depth=-6.0, flipHoriz=False, flipVert=False, font='Arial', fontFiles=[], height=0.1, italic=False, languageStyle='LTR', name='realGainText', opacity=1.0, ori=0, pos=array([0., 0.]), rgb=UNKNOWN, text='', units='height', win=Window(...), wrapWidth=1)
20.8624 	EXP 	Created realSafeText = TextStim(__class__=<class 'psychopy.visual.text.TextStim'>, alignHoriz=method-wrapper(...), alignText='center', alignVert=method-wrapper(...), anchorHoriz='center', anchorVert='center', antialias=True, autoDraw=False, autoLog=True, bold=False, color=array([-1., -1., -1.]), colorSpace='rgb', contrast=1.0, depth=-7.0, flipHoriz=False, flipVert=False, font='Arial', fontFiles=[], height=0.1, italic=False, languageStyle='LTR', name='realSafeText', opacity=1.0, ori=0, pos=array([0., 0.]), rgb=UNKNOWN, text='', units='height', win=Window(...), wrapWidth=1)
20.8664 	EXP 	Created realVLeft = TextStim(__class__=<class 'psychopy.visual.text.TextStim'>, alignHoriz=method-wrapper(...), alignText='center', alignVert=method-wrapper(...), anchorHoriz='center', anchorVert='center', antialias=True, autoDraw=False, autoLog=True, bold=False, color=array([1., 1., 1.]), colorSpace='rgb', contrast=1.0, depth=-8.0, flipHoriz=False, flipVert=False, font='Arial', fontFiles=[], height=0.05, italic=False, languageStyle='LTR', name='realVLeft', opacity=1.0, ori=0, pos=array([-0.4 , -0.35]), rgb=UNKNOWN, text='V-Left', units='height', win=Window(...), wrapWidth=1)
20.8693 	EXP 	Created realNRight = TextStim(__class__=<class 'psychopy.visual.text.TextStim'>, alignHoriz=method-wrapper(...), alignText='center', alignVert=method-wrapper(...), anchorHoriz='center', anchorVert='center', antialias=True, autoDraw=False, autoLog=True, bold=False, color=array([1., 1., 1.]), colorSpace='rgb', contrast=1.0, depth=-9.0, flipHoriz=False, flipVert=False, font='Arial', fontFiles=[], height=0.05, italic=False, languageStyle='LTR', name='realNRight', opacity=1.0, ori=0, pos=array([ 0.4 , -0.35]), rgb=UNKNOWN, text='N-Right', units='height', win=Window(...), wrapWidth=1)
20.8718 	EXP 	Created isiFix = TextStim(__class__=<class 'psychopy.visual.text.TextStim'>, alignHoriz=method-wrapper(...), alignText='center', alignVert=method-wrapper(...), anchorHoriz='center', anchorVert='center', antialias=True, autoDraw=False, autoLog=True, bold=False, color=array([1., 1., 1.]), colorSpace='rgb', contrast=1.0, depth=0.0, flipHoriz=False, flipVert=False, font='Arial', fontFiles=[], height=0.05, italic=False, languageStyle='LTR', name='isiFix', opacity=1.0, ori=0, pos=array([0., 0.]), rgb=UNKNOWN, text='+', units='height', win=Window(...), wrapWidth=1)
20.8755 	EXP 	Created dynamicNoRespText = TextStim(__class__=<class 'psychopy.visual.text.TextStim'>, alignHoriz=method-wrapper(...), alignText='center', alignVert=method-wrapper(...), anchorHoriz='center', anchorVert='center', antialias=True, autoDraw=False, autoLog=True, bold=False, color=array([1., 1., 1.]), colorSpace='rgb', contrast=1.0, depth=-1.0, flipHoriz=False, flipVert=False, font='Arial', fontFiles=[], height=0.08, italic=False, languageStyle='LTR', name='dynamicNoRespText', opacity=1.0, ori=0, pos=array([0., 0.]), rgb=UNKNOWN, text='You did not respond in time\n', units='height', win=Window(...), wrapWidth=1)
20.8767 	EXP 	Created dynamicRiskOC = Rect(__class__=<class 'psychopy.visual.rect.Rect'>, anchor=('center', 'center'), autoDraw=False, autoLog=True, closeShape=True, color=method-wrapper(...), colorSpace='rgb', contrast=None, depth=-2.0, fillColor=array([1, 1, 1]), fillColorSpace='rgb', fillRGB=array([1, 1, 1]), interpolate=True, lineColor=array([1., 1., 1.]), lineColorSpace='rgb', lineRGB=array([1, 1, 1]), lineWidth=1, name='dynamicRiskOC', opacity=1.0, ori=0.0, pos=array([0., 0.]), size=array([0.5, 0.5]), units='height', vertices=ndarray(...), win=Window(...))
20.8778 	EXP 	Created dynamicSafeOC = Rect(__class__=<class 'psychopy.visual.rect.Rect'>, anchor=('center', 'center'), autoDraw=False, autoLog=True, closeShape=True, color=method-wrapper(...), colorSpace='rgb', contrast=None, depth=-3.0, fillColor=array([1, 1, 1]), fillColorSpace='rgb', fillRGB=array([1, 1, 1]), interpolate=True, lineColor=array([1., 1., 1.]), lineColorSpace='rgb', lineRGB=array([1, 1, 1]), lineWidth=1, name='dynamicSafeOC', opacity=1.0, ori=0.0, pos=array([0., 0.]), size=array([0.5, 0.5]), units='height', vertices=ndarray(...), win=Window(...))
20.8790 	EXP 	Created dynamicOCtext = TextStim(__class__=<class 'psychopy.visual.text.TextStim'>, alignHoriz=method-wrapper(...), alignText='center', alignVert=method-wrapper(...), anchorHoriz='center', anchorVert='center', antialias=True, autoDraw=False, autoLog=True, bold=False, color=array([1., 1., 1.]), colorSpace='rgb', contrast=1.0, depth=-4.0, flipHoriz=False, flipVert=False, font='Arial', fontFiles=[], height=0.1, italic=False, languageStyle='LTR', name='dynamicOCtext', opacity=1.0, ori=0, pos=array([0., 0.]), rgb=UNKNOWN, text='', units='height', win=Window(...), wrapWidth=1)
20.8801 	EXP 	Created dynamicHideRisk = Rect(__class__=<class 'psychopy.visual.rect.Rect'>, anchor=('center', 'center'), autoDraw=False, autoLog=True, closeShape=True, color=method-wrapper(...), colorSpace='rgb', contrast=None, depth=-5.0, fillColor=array([-1, -1, -1]), fillColorSpace='rgb', fillRGB=array([-1, -1, -1]), interpolate=True, lineColor=array([-1., -1., -1.]), lineColorSpace='rgb', lineRGB=array([-1, -1, -1]), lineWidth=1, name='dynamicHideRisk', opacity=1.0, ori=0.0, pos=array([0., 0.]), size=array([0.6, 0.3]), units='height', vertices=ndarray(...), win=Window(...))
20.8825 	EXP 	Created itiFix = TextStim(__class__=<class 'psychopy.visual.text.TextStim'>, alignHoriz=method-wrapper(...), alignText='center', alignVert=method-wrapper(...), anchorHoriz='center', anchorVert='center', antialias=True, autoDraw=False, autoLog=True, bold=False, color=array([1., 1., 1.]), colorSpace='rgb', contrast=1.0, depth=0.0, flipHoriz=False, flipVert=False, font='Arial', fontFiles=[], height=0.05, italic=False, languageStyle='LTR', name='itiFix', opacity=1.0, ori=0, pos=array([0., 0.]), rgb=UNKNOWN, text='+', units='height', win=Window(...), wrapWidth=1)
20.9001 	EXP 	Created cgeRDMendText = TextStim(__class__=<class 'psychopy.visual.text.TextStim'>, alignHoriz=method-wrapper(...), alignText='center', alignVert=method-wrapper(...), anchorHoriz='center', anchorVert='center', antialias=True, autoDraw=False, autoLog=True, bold=False, color=array([1., 1., 1.]), colorSpace='rgb', contrast=1.0, depth=0.0, flipHoriz=False, flipVert=False, font='Arial', fontFiles=[], height=0.05, italic=False, languageStyle='LTR', name='cgeRDMendText', opacity=1.0, ori=0.0, pos=array([0., 0.]), rgb=UNKNOWN, text=str(...), units='height', win=Window(...), wrapWidth=1.5)
20.9102 	EXP 	Created ThankYou = TextStim(__class__=<class 'psychopy.visual.text.TextStim'>, alignHoriz=method-wrapper(...), alignText='center', alignVert=method-wrapper(...), anchorHoriz='center', anchorVert='center', antialias=True, autoDraw=False, autoLog=True, bold=False, color=array([1., 1., 1.]), colorSpace='rgb', contrast=1.0, depth=0.0, flipHoriz=False, flipVert=False, font='Arial', fontFiles=[], height=0.05, italic=False, languageStyle='LTR', name='ThankYou', opacity=1.0, ori=0.0, pos=array([0., 0.]), rgb=UNKNOWN, text=str(...), units='height', win=Window(...), wrapWidth=1.5)
20.9175 	EXP 	CGErdmStartText: autoDraw = True
22.2266 	DATA 	Keypress: return
22.9088 	DATA 	Keypress: return
23.9085 	DATA 	Keypress: return
23.9217 	EXP 	CGErdmStartText: autoDraw = False
23.9217 	EXP 	pracStartText: autoDraw = True
26.1746 	EXP 	Imported cgtRDMPractice.xlsx as conditions, 5 conditions, 6 params
26.1751 	EXP 	Created sequence: sequential, trialTypes=5, nReps=1, seed=None
26.1755 	EXP 	New trial (rep=0, index=0): {'riskyGain': 18.23, 'riskyLoss': 0, 'alternative': 9.45, 'isi': 2, 'iti': 1, 'loc': 1}
26.2035 	DATA 	Keypress: v
26.2055 	EXP 	pracStartText: autoDraw = False
26.2055 	EXP 	pracLossText: height = 0.1
26.2055 	EXP 	pracLossText: height = 0.1
26.2055 	EXP 	pracLossText: height = 0.1
26.2055 	EXP 	pracLossText: text = '$0'
26.2055 	EXP 	pracGainText: height = 0.1
26.2055 	EXP 	pracGainText: height = 0.1
26.2055 	EXP 	pracGainText: height = 0.1
26.2055 	EXP 	pracGainText: text = '$18.23'
26.2055 	EXP 	pracSafeText: height = 0.1
26.2055 	EXP 	pracSafeText: height = 0.1
26.2055 	EXP 	pracSafeText: height = 0.1
26.2055 	EXP 	pracSafeText: text = '$9.45'
26.2055 	EXP 	pracCircleLeft: autoDraw = True
26.2055 	EXP 	pracCircleRight: autoDraw = True
26.2055 	EXP 	pracLineLeft: autoDraw = True
26.2055 	EXP 	pracORtext: autoDraw = True
26.2055 	EXP 	pracLossText: autoDraw = True
26.2055 	EXP 	pracGainText: autoDraw = True
26.2055 	EXP 	pracSafeText: autoDraw = True
26.2055 	EXP 	pracVLeft: autoDraw = True
26.2055 	EXP 	pracNRight: autoDraw = True
27.2072 	DATA 	Keypress: v
27.2161 	EXP 	pracCircleLeft: autoDraw = False
27.2161 	EXP 	pracCircleRight: autoDraw = False
27.2161 	EXP 	pracLineLeft: autoDraw = False
27.2161 	EXP 	pracORtext: autoDraw = False
27.2161 	EXP 	pracLossText: autoDraw = False
27.2161 	EXP 	pracGainText: autoDraw = False
27.2161 	EXP 	pracSafeText: autoDraw = False
27.2161 	EXP 	pracVLeft: autoDraw = False
27.2161 	EXP 	pracNRight: autoDraw = False
30.1624 	EXP 	isiPracFix: autoDraw = True
32.1797 	EXP 	isiPracFix: autoDraw = False
32.1797 	EXP 	isiPracFix: autoDraw = False
32.1797 	EXP 	pracOCtext: height = 0.1
32.1797 	EXP 	pracOCtext: height = 0.1
32.1797 	EXP 	pracOCtext: height = 0.1
32.1797 	EXP 	pracOCtext: text = '$0'
32.1797 	EXP 	pracNoRespText: autoDraw = True
32.1797 	EXP 	pracRiskOC: autoDraw = True
32.1797 	EXP 	pracSafeOC: autoDraw = True
32.1797 	EXP 	pracOCtext: autoDraw = True
32.1797 	EXP 	pracHideRisk: autoDraw = True
33.1910 	EXP 	pracNoRespText: autoDraw = False
33.1910 	EXP 	pracRiskOC: autoDraw = False
33.1910 	EXP 	pracSafeOC: autoDraw = False
33.1910 	EXP 	pracOCtext: autoDraw = False
33.1910 	EXP 	pracHideRisk: autoDraw = False
33.1910 	EXP 	itiPracFix: autoDraw = True
37.1871 	EXP 	New trial (rep=0, index=1): {'riskyGain': 53.27, 'riskyLoss': 0, 'alternative': 35.16, 'isi': 1, 'iti': 3, 'loc': 1}
37.2177 	EXP 	itiPracFix: autoDraw = False
37.2177 	EXP 	itiPracFix: autoDraw = False
37.2177 	EXP 	pracLossText: text = '$0'
37.2177 	EXP 	pracGainText: height = 0.1
37.2177 	EXP 	pracGainText: height = 0.1
37.2177 	EXP 	pracGainText: height = 0.1
37.2177 	EXP 	pracGainText: text = '$53.27'
37.2177 	EXP 	pracSafeText: height = 0.1
37.2177 	EXP 	pracSafeText: height = 0.1
37.2177 	EXP 	pracSafeText: height = 0.1
37.2177 	EXP 	pracSafeText: text = '$35.16'
37.2177 	EXP 	pracCircleLeft: autoDraw = True
37.2177 	EXP 	pracCircleRight: autoDraw = True
37.2177 	EXP 	pracLineLeft: autoDraw = True
37.2177 	EXP 	pracORtext: autoDraw = True
37.2177 	EXP 	pracLossText: autoDraw = True
37.2177 	EXP 	pracGainText: autoDraw = True
37.2177 	EXP 	pracSafeText: autoDraw = True
37.2177 	EXP 	pracVLeft: autoDraw = True
37.2177 	EXP 	pracNRight: autoDraw = True
39.4321 	DATA 	Keypress: n
39.4405 	EXP 	pracCircleLeft: autoDraw = False
39.4405 	EXP 	pracCircleRight: autoDraw = False
39.4405 	EXP 	pracLineLeft: autoDraw = False
39.4405 	EXP 	pracORtext: autoDraw = False
39.4405 	EXP 	pracLossText: autoDraw = False
39.4405 	EXP 	pracGainText: autoDraw = False
39.4405 	EXP 	pracSafeText: autoDraw = False
39.4405 	EXP 	pracVLeft: autoDraw = False
39.4405 	EXP 	pracNRight: autoDraw = False
41.1957 	EXP 	isiPracFix: autoDraw = True
42.2211 	EXP 	isiPracFix: autoDraw = False
42.2211 	EXP 	isiPracFix: autoDraw = False
42.2211 	EXP 	pracOCtext: height = 0.1
42.2211 	EXP 	pracOCtext: height = 0.1
42.2211 	EXP 	pracOCtext: height = 0.1
42.2211 	EXP 	pracOCtext: text = '$35.16'
42.2211 	EXP 	pracNoRespText: autoDraw = True
42.2211 	EXP 	pracRiskOC: autoDraw = True
42.2211 	EXP 	pracSafeOC: autoDraw = True
42.2211 	EXP 	pracOCtext: autoDraw = True
42.2211 	EXP 	pracHideRisk: autoDraw = True
43.2260 	EXP 	pracNoRespText: autoDraw = False
43.2260 	EXP 	pracRiskOC: autoDraw = False
43.2260 	EXP 	pracSafeOC: autoDraw = False
43.2260 	EXP 	pracOCtext: autoDraw = False
43.2260 	EXP 	pracHideRisk: autoDraw = False
43.2260 	EXP 	itiPracFix: autoDraw = True
48.0194 	EXP 	New trial (rep=0, index=2): {'riskyGain': 8.27, 'riskyLoss': 0, 'alternative': 1.15, 'isi': 1, 'iti': 2, 'loc': 2}
48.0395 	EXP 	itiPracFix: autoDraw = False
48.0395 	EXP 	itiPracFix: autoDraw = False
48.0395 	EXP 	pracLossText: text = '$0'
48.0395 	EXP 	pracGainText: height = 0.1
48.0395 	EXP 	pracGainText: height = 0.1
48.0395 	EXP 	pracGainText: height = 0.1
48.0395 	EXP 	pracGainText: text = '$8.27'
48.0395 	EXP 	pracSafeText: height = 0.1
48.0395 	EXP 	pracSafeText: height = 0.1
48.0395 	EXP 	pracSafeText: height = 0.1
48.0395 	EXP 	pracSafeText: text = '$1.15'
48.0395 	EXP 	pracCircleLeft: autoDraw = True
48.0395 	EXP 	pracCircleRight: autoDraw = True
48.0395 	EXP 	pracLineLeft: autoDraw = True
48.0395 	EXP 	pracORtext: autoDraw = True
48.0395 	EXP 	pracLossText: autoDraw = True
48.0395 	EXP 	pracGainText: autoDraw = True
48.0395 	EXP 	pracSafeText: autoDraw = True
48.0395 	EXP 	pracVLeft: autoDraw = True
48.0395 	EXP 	pracNRight: autoDraw = True
52.0328 	EXP 	pracCircleLeft: autoDraw = False
52.0328 	EXP 	pracCircleRight: autoDraw = False
52.0328 	EXP 	pracLineLeft: autoDraw = False
52.0328 	EXP 	pracORtext: autoDraw = False
52.0328 	EXP 	pracLossText: autoDraw = False
52.0328 	EXP 	pracGainText: autoDraw = False
52.0328 	EXP 	pracSafeText: autoDraw = False
52.0328 	EXP 	pracVLeft: autoDraw = False
52.0328 	EXP 	pracNRight: autoDraw = False
52.0328 	EXP 	isiPracFix: autoDraw = True
53.0585 	EXP 	isiPracFix: autoDraw = False
53.0585 	EXP 	isiPracFix: autoDraw = False
53.0585 	EXP 	pracOCtext: height = 0.1
53.0585 	EXP 	pracOCtext: height = 0.1
53.0585 	EXP 	pracOCtext: height = 0.1
53.0585 	EXP 	pracOCtext: text = '$nan'
53.0585 	EXP 	pracNoRespText: autoDraw = True
53.0585 	EXP 	pracRiskOC: autoDraw = True
53.0585 	EXP 	pracSafeOC: autoDraw = True
53.0585 	EXP 	pracOCtext: autoDraw = True
53.0585 	EXP 	pracHideRisk: autoDraw = True
54.0596 	EXP 	pracNoRespText: autoDraw = False
54.0596 	EXP 	pracRiskOC: autoDraw = False
54.0596 	EXP 	pracSafeOC: autoDraw = False
54.0596 	EXP 	pracOCtext: autoDraw = False
54.0596 	EXP 	pracHideRisk: autoDraw = False
54.0596 	EXP 	itiPracFix: autoDraw = True
57.8544 	EXP 	New trial (rep=0, index=3): {'riskyGain': 45.88, 'riskyLoss': 0, 'alternative': 40.41, 'isi': 3, 'iti': 1, 'loc': 1}
57.8706 	EXP 	itiPracFix: autoDraw = False
57.8706 	EXP 	itiPracFix: autoDraw = False
57.8706 	EXP 	pracLossText: text = '$0'
57.8706 	EXP 	pracGainText: height = 0.1
57.8706 	EXP 	pracGainText: height = 0.1
57.8706 	EXP 	pracGainText: height = 0.1
57.8706 	EXP 	pracGainText: text = '$45.88'
57.8706 	EXP 	pracSafeText: height = 0.1
57.8706 	EXP 	pracSafeText: height = 0.1
57.8706 	EXP 	pracSafeText: height = 0.1
57.8706 	EXP 	pracSafeText: text = '$40.41'
57.8706 	EXP 	pracCircleLeft: autoDraw = True
57.8706 	EXP 	pracCircleRight: autoDraw = True
57.8706 	EXP 	pracLineLeft: autoDraw = True
57.8706 	EXP 	pracORtext: autoDraw = True
57.8706 	EXP 	pracLossText: autoDraw = True
57.8706 	EXP 	pracGainText: autoDraw = True
57.8706 	EXP 	pracSafeText: autoDraw = True
57.8706 	EXP 	pracVLeft: autoDraw = True
57.8706 	EXP 	pracNRight: autoDraw = True
58.7854 	DATA 	Keypress: v
58.7937 	EXP 	pracCircleLeft: autoDraw = False
58.7937 	EXP 	pracCircleRight: autoDraw = False
58.7937 	EXP 	pracLineLeft: autoDraw = False
58.7937 	EXP 	pracORtext: autoDraw = False
58.7937 	EXP 	pracLossText: autoDraw = False
58.7937 	EXP 	pracGainText: autoDraw = False
58.7937 	EXP 	pracSafeText: autoDraw = False
58.7937 	EXP 	pracVLeft: autoDraw = False
58.7937 	EXP 	pracNRight: autoDraw = False
61.8645 	EXP 	isiPracFix: autoDraw = True
64.8819 	EXP 	isiPracFix: autoDraw = False
64.8819 	EXP 	isiPracFix: autoDraw = False
64.8819 	EXP 	pracOCtext: height = 0.1
64.8819 	EXP 	pracOCtext: height = 0.1
64.8819 	EXP 	pracOCtext: height = 0.1
64.8819 	EXP 	pracOCtext: text = '$45.88'
64.8819 	EXP 	pracNoRespText: autoDraw = True
64.8819 	EXP 	pracRiskOC: autoDraw = True
64.8819 	EXP 	pracSafeOC: autoDraw = True
64.8819 	EXP 	pracOCtext: autoDraw = True
64.8819 	EXP 	pracHideRisk: autoDraw = True
65.8918 	EXP 	pracNoRespText: autoDraw = False
65.8918 	EXP 	pracRiskOC: autoDraw = False
65.8918 	EXP 	pracSafeOC: autoDraw = False
65.8918 	EXP 	pracOCtext: autoDraw = False
65.8918 	EXP 	pracHideRisk: autoDraw = False
65.8918 	EXP 	itiPracFix: autoDraw = True
69.9875 	EXP 	New trial (rep=0, index=4): {'riskyGain': 21.56, 'riskyLoss': 0, 'alternative': 11.96, 'isi': 1, 'iti': 1, 'loc': 2}
70.0270 	EXP 	itiPracFix: autoDraw = False
70.0270 	EXP 	itiPracFix: autoDraw = False
70.0270 	EXP 	pracLossText: text = '$0'
70.0270 	EXP 	pracGainText: height = 0.1
70.0270 	EXP 	pracGainText: height = 0.1
70.0270 	EXP 	pracGainText: height = 0.1
70.0270 	EXP 	pracGainText: text = '$21.56'
70.0270 	EXP 	pracSafeText: height = 0.1
70.0270 	EXP 	pracSafeText: height = 0.1
70.0270 	EXP 	pracSafeText: height = 0.1
70.0270 	EXP 	pracSafeText: text = '$11.96'
70.0270 	EXP 	pracCircleLeft: autoDraw = True
70.0270 	EXP 	pracCircleRight: autoDraw = True
70.0270 	EXP 	pracLineLeft: autoDraw = True
70.0270 	EXP 	pracORtext: autoDraw = True
70.0270 	EXP 	pracLossText: autoDraw = True
70.0270 	EXP 	pracGainText: autoDraw = True
70.0270 	EXP 	pracSafeText: autoDraw = True
70.0270 	EXP 	pracVLeft: autoDraw = True
70.0270 	EXP 	pracNRight: autoDraw = True
73.4654 	DATA 	Keypress: n
73.4801 	EXP 	pracCircleLeft: autoDraw = False
73.4801 	EXP 	pracCircleRight: autoDraw = False
73.4801 	EXP 	pracLineLeft: autoDraw = False
73.4801 	EXP 	pracORtext: autoDraw = False
73.4801 	EXP 	pracLossText: autoDraw = False
73.4801 	EXP 	pracGainText: autoDraw = False
73.4801 	EXP 	pracSafeText: autoDraw = False
73.4801 	EXP 	pracVLeft: autoDraw = False
73.4801 	EXP 	pracNRight: autoDraw = False
73.9963 	EXP 	isiPracFix: autoDraw = True
75.0169 	EXP 	isiPracFix: autoDraw = False
75.0169 	EXP 	isiPracFix: autoDraw = False
75.0169 	EXP 	pracOCtext: height = 0.1
75.0169 	EXP 	pracOCtext: height = 0.1
75.0169 	EXP 	pracOCtext: height = 0.1
75.0169 	EXP 	pracOCtext: text = '$21.56'
75.0169 	EXP 	pracNoRespText: autoDraw = True
75.0169 	EXP 	pracRiskOC: autoDraw = True
75.0169 	EXP 	pracSafeOC: autoDraw = True
75.0169 	EXP 	pracOCtext: autoDraw = True
75.0169 	EXP 	pracHideRisk: autoDraw = True
76.0264 	EXP 	pracNoRespText: autoDraw = False
76.0264 	EXP 	pracRiskOC: autoDraw = False
76.0264 	EXP 	pracSafeOC: autoDraw = False
76.0264 	EXP 	pracOCtext: autoDraw = False
76.0264 	EXP 	pracHideRisk: autoDraw = False
76.0264 	EXP 	itiPracFix: autoDraw = True
77.5909 	EXP 	itiPracFix: autoDraw = False
77.5909 	EXP 	itiPracFix: autoDraw = False
77.5909 	EXP 	staticStartText: autoDraw = True
80.7403 	EXP 	Imported CGT-choice-set.csv as conditions, 50 conditions, 4 params
80.7424 	EXP 	Created sequence: random, trialTypes=50, nReps=1, seed=None
80.7434 	EXP 	New trial (rep=0, index=0): OrderedDict([('riskyoption1', 10.12), ('riskyoption2', 0.0), ('safeoption', 6.94), ('ischecktrial', 0)])
80.7769 	DATA 	Keypress: v
80.7789 	EXP 	staticStartText: autoDraw = False
80.7789 	EXP 	realLossText: height = 0.1
80.7789 	EXP 	realLossText: height = 0.1
80.7789 	EXP 	realLossText: height = 0.1
80.7789 	EXP 	realLossText: text = '$0'
80.7789 	EXP 	realGainText: height = 0.1
80.7789 	EXP 	realGainText: height = 0.1
80.7789 	EXP 	realGainText: height = 0.1
80.7789 	EXP 	realGainText: text = '$10.12'
80.7789 	EXP 	realSafeText: height = 0.1
80.7789 	EXP 	realSafeText: height = 0.1
80.7789 	EXP 	realSafeText: height = 0.1
80.7789 	EXP 	realSafeText: text = '$6.94'
80.7789 	EXP 	CircleLeft: autoDraw = True
80.7789 	EXP 	realCircleRight: autoDraw = True
80.7789 	EXP 	realLineLeft: autoDraw = True
80.7789 	EXP 	realORtext: autoDraw = True
80.7789 	EXP 	realLossText: autoDraw = True
80.7789 	EXP 	realGainText: autoDraw = True
80.7789 	EXP 	realSafeText: autoDraw = True
80.7789 	EXP 	realVLeft: autoDraw = True
80.7789 	EXP 	realNRight: autoDraw = True
81.8233 	DATA 	Keypress: v
81.8318 	EXP 	CircleLeft: autoDraw = False
81.8318 	EXP 	realCircleRight: autoDraw = False
81.8318 	EXP 	realLineLeft: autoDraw = False
81.8318 	EXP 	realORtext: autoDraw = False
81.8318 	EXP 	realLossText: autoDraw = False
81.8318 	EXP 	realGainText: autoDraw = False
81.8318 	EXP 	realSafeText: autoDraw = False
81.8318 	EXP 	realVLeft: autoDraw = False
81.8318 	EXP 	realNRight: autoDraw = False
84.7298 	EXP 	isiFix: autoDraw = True
88.4050 	EXP 	window1: mouseVisible = True
