11.8307 	WARNING 	We strongly recommend you activate the PTB sound engine in PsychoPy prefs as the preferred audio engine. Its timing is vastly superior. Your prefs are currently set to use ['sounddevice', 'PTB', 'pyo', 'pygame'] (in that order).
28.3903 	EXP 	Created window1 = Window(allowGUI=True, allowStencil=False, autoLog=True, backendConf=UNKNOWN, bitsMode=UNKNOWN, blendMode='avg', bpc=(8, 8, 8), color=array([0.5216, 0.5216, 0.5216]), colorSpace='rgb', depthBits=8, fullscr=<method-wrapper '__getattribute__' of attributeSetter object at 0x0000023708710F70>, gamma=None, gammaErrorPolicy='raise', lms=UNKNOWN, monitor=<psychopy.monitors.calibTools.Monitor object at 0x0000023708A89910>, multiSample=False, name='window1', numSamples=2, pos=(0, 0), screen=0, size=array([1920, 1080]), stencilBits=0, stereo=False, units='height', useFBO=True, useRetina=False, viewOri=0.0, viewPos=None, viewScale=None, waitBlanking=True, winType='pyglet')
28.3904 	EXP 	window1: mouseVisible = True
28.3905 	EXP 	window1: mouseVisible = False
28.3905 	EXP 	window1: Attempting to measure frame rate of screen (0) ...
28.3905 	EXP 	window1: recordFrameIntervals = False
28.5563 	EXP 	window1: recordFrameIntervals = True
28.7396 	EXP 	Screen (0) actual frame rate measured at 60.04Hz
28.7397 	EXP 	window1: recordFrameIntervals = False
31.2609 	EXP 	Created cgeRDMstartTxt = TextStim(__class__=<class 'psychopy.visual.text.TextStim'>, alignHoriz=method-wrapper(...), alignText='center', alignVert=method-wrapper(...), anchorHoriz='center', anchorVert='center', antialias=True, autoDraw=False, autoLog=True, bold=False, color=array([-0.0667,  0.6392,  1.    ]), colorSpace='rgb', contrast=1.0, depth=0.0, flipHoriz=False, flipVert=False, font='Arial', fontFiles=[], height=0.05, italic=False, languageStyle='LTR', name='cgeRDMstartTxt', opacity=1.0, ori=0, pos=array([0., 0.]), rgb=UNKNOWN, text=str(...), units='height', win=Window(...), wrapWidth=1.5)
31.2692 	EXP 	Created pracStartTxt = TextStim(__class__=<class 'psychopy.visual.text.TextStim'>, alignHoriz=method-wrapper(...), alignText='center', alignVert=method-wrapper(...), anchorHoriz='center', anchorVert='center', antialias=True, autoDraw=False, autoLog=True, bold=False, color=array([-0.0667,  0.6392,  1.    ]), colorSpace='rgb', contrast=1.0, depth=0.0, flipHoriz=False, flipVert=False, font='Arial', fontFiles=[], height=0.05, italic=False, languageStyle='LTR', name='pracStartTxt', opacity=1.0, ori=0, pos=array([0., 0.]), rgb=UNKNOWN, text=str(...), units='height', win=Window(...), wrapWidth=1.5)
31.2787 	EXP 	Created pracCircLeft = ShapeStim(__class__=<class 'psychopy.visual.shape.ShapeStim'>, anchor=('center', 'center'), autoDraw=False, autoLog=True, closeShape=True, color=method-wrapper(...), colorSpace='rgb', contrast=None, depth=-1.0, fillColor=array([-0.0667,  0.6392,  1.    ]), fillColorSpace='rgb', fillRGB=array([-0.0667,  0.6392,  1.    ]), interpolate=True, lineColor=array([-0.0667,  0.6392,  1.    ]), lineColorSpace='rgb', lineRGB=array([-0.0667,  0.6392,  1.    ]), lineWidth=1, name='pracCircLeft', opacity=1.0, ori=0.0, pos=array([-0.35,  0.  ]), size=array([0.5, 0.5]), units='height', vertices=ndarray(...), win=Window(...), windingRule=None)
31.2823 	EXP 	Created pracCircRight = ShapeStim(__class__=<class 'psychopy.visual.shape.ShapeStim'>, anchor=('center', 'center'), autoDraw=False, autoLog=True, closeShape=True, color=method-wrapper(...), colorSpace='rgb', contrast=None, depth=-2.0, fillColor=array([1, 1, 1]), fillColorSpace='rgb', fillRGB=array([1, 1, 1]), interpolate=True, lineColor=array([1, 1, 1]), lineColorSpace='rgb', lineRGB=array([1, 1, 1]), lineWidth=1, name='pracCircRight', opacity=1.0, ori=0.0, pos=array([0.35, 0.  ]), size=array([0.5, 0.5]), units='height', vertices=ndarray(...), win=Window(...), windingRule=None)
31.2835 	EXP 	Created pracRiskLine = ShapeStim(__class__=<class 'psychopy.visual.shape.ShapeStim'>, anchor=('center', 'center'), autoDraw=False, autoLog=True, closeShape=True, color=method-wrapper(...), colorSpace='rgb', contrast=None, depth=-3.0, fillColor=array([0.5216, 0.5216, 0.5216]), fillColorSpace='rgb', fillRGB=array([0.5216, 0.5216, 0.5216]), interpolate=True, lineColor=array([0.5216, 0.5216, 0.5216]), lineColorSpace='rgb', lineRGB=array([0.5216, 0.5216, 0.5216]), lineWidth=3, name='pracRiskLine', opacity=1.0, ori=0.0, pos=array([0., 0.]), size=array([0.5 , 0.01]), units='height', vertices=ndarray(...), win=Window(...), windingRule=None)
31.2882 	EXP 	Created pracORtxt = TextStim(__class__=<class 'psychopy.visual.text.TextStim'>, alignHoriz=method-wrapper(...), alignText='center', alignVert=method-wrapper(...), anchorHoriz='center', anchorVert='center', antialias=True, autoDraw=False, autoLog=True, bold=False, color=array([-0.0667,  0.6392,  1.    ]), colorSpace='rgb', contrast=1.0, depth=-4.0, flipHoriz=False, flipVert=False, font='Arial', fontFiles=[], height=0.05, italic=False, languageStyle='LTR', name='pracORtxt', opacity=1.0, ori=0, pos=array([0., 0.]), rgb=UNKNOWN, text='OR', units='height', win=Window(...), wrapWidth=1)
31.2890 	EXP 	Created pracLossTxt = TextStim(__class__=<class 'psychopy.visual.text.TextStim'>, alignHoriz=method-wrapper(...), alignText='center', alignVert=method-wrapper(...), anchorHoriz='center', anchorVert='center', antialias=True, autoDraw=False, autoLog=True, bold=False, color=array([0.5216, 0.5216, 0.5216]), colorSpace='rgb', contrast=1.0, depth=-5.0, flipHoriz=False, flipVert=False, font='Arial', fontFiles=[], height=0.1, italic=False, languageStyle='LTR', name='pracLossTxt', opacity=1.0, ori=0, pos=array([0., 0.]), rgb=UNKNOWN, text='', units='height', win=Window(...), wrapWidth=1)
31.2895 	EXP 	Created pracGainTxt = TextStim(__class__=<class 'psychopy.visual.text.TextStim'>, alignHoriz=method-wrapper(...), alignText='center', alignVert=method-wrapper(...), anchorHoriz='center', anchorVert='center', antialias=True, autoDraw=False, autoLog=True, bold=False, color=array([0.5216, 0.5216, 0.5216]), colorSpace='rgb', contrast=1.0, depth=-6.0, flipHoriz=False, flipVert=False, font='Arial', fontFiles=[], height=0.1, italic=False, languageStyle='LTR', name='pracGainTxt', opacity=1.0, ori=0, pos=array([0., 0.]), rgb=UNKNOWN, text='', units='height', win=Window(...), wrapWidth=1)
31.2900 	EXP 	Created pracSafeTxt = TextStim(__class__=<class 'psychopy.visual.text.TextStim'>, alignHoriz=method-wrapper(...), alignText='center', alignVert=method-wrapper(...), anchorHoriz='center', anchorVert='center', antialias=True, autoDraw=False, autoLog=True, bold=False, color=array([0.5216, 0.5216, 0.5216]), colorSpace='rgb', contrast=1.0, depth=-7.0, flipHoriz=False, flipVert=False, font='Arial', fontFiles=[], height=0.1, italic=False, languageStyle='LTR', name='pracSafeTxt', opacity=1.0, ori=0, pos=array([0., 0.]), rgb=UNKNOWN, text='', units='height', win=Window(...), wrapWidth=1)
31.2939 	EXP 	Created pracVleft = TextStim(__class__=<class 'psychopy.visual.text.TextStim'>, alignHoriz=method-wrapper(...), alignText='center', alignVert=method-wrapper(...), anchorHoriz='center', anchorVert='center', antialias=True, autoDraw=False, autoLog=True, bold=False, color=array([-0.0667,  0.6392,  1.    ]), colorSpace='rgb', contrast=1.0, depth=-8.0, flipHoriz=False, flipVert=False, font='Arial', fontFiles=[], height=0.05, italic=False, languageStyle='LTR', name='pracVleft', opacity=1.0, ori=0, pos=array([-0.35, -0.35]), rgb=UNKNOWN, text='V-Left', units='height', win=Window(...), wrapWidth=1)
31.2960 	EXP 	Created pracNright = TextStim(__class__=<class 'psychopy.visual.text.TextStim'>, alignHoriz=method-wrapper(...), alignText='center', alignVert=method-wrapper(...), anchorHoriz='center', anchorVert='center', antialias=True, autoDraw=False, autoLog=True, bold=False, color=array([-0.0667,  0.6392,  1.    ]), colorSpace='rgb', contrast=1.0, depth=-9.0, flipHoriz=False, flipVert=False, font='Arial', fontFiles=[], height=0.05, italic=False, languageStyle='LTR', name='pracNright', opacity=1.0, ori=0, pos=array([ 0.35, -0.35]), rgb=UNKNOWN, text='N-Right', units='height', win=Window(...), wrapWidth=1)
31.2986 	EXP 	Created isiPracFix = TextStim(__class__=<class 'psychopy.visual.text.TextStim'>, alignHoriz=method-wrapper(...), alignText='center', alignVert=method-wrapper(...), anchorHoriz='center', anchorVert='center', antialias=True, autoDraw=False, autoLog=True, bold=False, color=array([-0.0667,  0.6392,  1.    ]), colorSpace='rgb', contrast=1.0, depth=0.0, flipHoriz=False, flipVert=False, font='Arial', fontFiles=[], height=0.05, italic=False, languageStyle='LTR', name='isiPracFix', opacity=1.0, ori=0, pos=array([0., 0.]), rgb=UNKNOWN, text='+', units='height', win=Window(...), wrapWidth=1)
31.3079 	EXP 	Created pracNoRespTxt = TextStim(__class__=<class 'psychopy.visual.text.TextStim'>, alignHoriz=method-wrapper(...), alignText='center', alignVert=method-wrapper(...), anchorHoriz='center', anchorVert='center', antialias=True, autoDraw=False, autoLog=True, bold=False, color=array([-0.0667,  0.6392,  1.    ]), colorSpace='rgb', contrast=1.0, depth=-1.0, flipHoriz=False, flipVert=False, font='Arial', fontFiles=[], height=0.08, italic=False, languageStyle='LTR', name='pracNoRespTxt', opacity=1.0, ori=0, pos=array([0., 0.]), rgb=UNKNOWN, text='You did not respond in time\n', units='height', win=Window(...), wrapWidth=1)
31.3114 	EXP 	Created pracRiskOC = ShapeStim(__class__=<class 'psychopy.visual.shape.ShapeStim'>, anchor=('center', 'center'), autoDraw=False, autoLog=True, closeShape=True, color=method-wrapper(...), colorSpace='rgb', contrast=None, depth=-2.0, fillColor=array([-0.0667,  0.6392,  1.    ]), fillColorSpace='rgb', fillRGB=array([-0.0667,  0.6392,  1.    ]), interpolate=True, lineColor=array([-0.0667,  0.6392,  1.    ]), lineColorSpace='rgb', lineRGB=array([-0.0667,  0.6392,  1.    ]), lineWidth=1, name='pracRiskOC', opacity=1.0, ori=0.0, pos=array([0., 0.]), size=array([0.5, 0.5]), units='height', vertices=ndarray(...), win=Window(...), windingRule=None)
31.3149 	EXP 	Created pracSafeOC = ShapeStim(__class__=<class 'psychopy.visual.shape.ShapeStim'>, anchor=('center', 'center'), autoDraw=False, autoLog=True, closeShape=True, color=method-wrapper(...), colorSpace='rgb', contrast=None, depth=-3.0, fillColor=array([-0.0667,  0.6392,  1.    ]), fillColorSpace='rgb', fillRGB=array([-0.0667,  0.6392,  1.    ]), interpolate=True, lineColor=array([-0.0667,  0.6392,  1.    ]), lineColorSpace='rgb', lineRGB=array([-0.0667,  0.6392,  1.    ]), lineWidth=1, name='pracSafeOC', opacity=1.0, ori=0.0, pos=array([0., 0.]), size=array([0.5, 0.5]), units='height', vertices=ndarray(...), win=Window(...), windingRule=None)
31.3155 	EXP 	Created pracOCtxt = TextStim(__class__=<class 'psychopy.visual.text.TextStim'>, alignHoriz=method-wrapper(...), alignText='center', alignVert=method-wrapper(...), anchorHoriz='center', anchorVert='center', antialias=True, autoDraw=False, autoLog=True, bold=False, color=array([1, 1, 1]), colorSpace='rgb', contrast=1.0, depth=-4.0, flipHoriz=False, flipVert=False, font='Arial', fontFiles=[], height=0.1, italic=False, languageStyle='LTR', name='pracOCtxt', opacity=1.0, ori=0, pos=array([0., 0.]), rgb=UNKNOWN, text='', units='height', win=Window(...), wrapWidth=1)
31.3168 	EXP 	Created pracHideRisk = ShapeStim(__class__=<class 'psychopy.visual.shape.ShapeStim'>, anchor=('center', 'center'), autoDraw=False, autoLog=True, closeShape=True, color=method-wrapper(...), colorSpace='rgb', contrast=None, depth=-5.0, fillColor=array([0.5216, 0.5216, 0.5216]), fillColorSpace='rgb', fillRGB=array([0.5216, 0.5216, 0.5216]), interpolate=True, lineColor=array([0.5216, 0.5216, 0.5216]), lineColorSpace='rgb', lineRGB=array([0.5216, 0.5216, 0.5216]), lineWidth=1, name='pracHideRisk', opacity=1.0, ori=0.0, pos=array([0., 0.]), size=array([0.6, 0.3]), units='height', vertices=ndarray(...), win=Window(...), windingRule=None)
31.3203 	EXP 	Created itiPracFix = TextStim(__class__=<class 'psychopy.visual.text.TextStim'>, alignHoriz=method-wrapper(...), alignText='center', alignVert=method-wrapper(...), anchorHoriz='center', anchorVert='center', antialias=True, autoDraw=False, autoLog=True, bold=False, color=array([-0.0667,  0.6392,  1.    ]), colorSpace='rgb', contrast=1.0, depth=0.0, flipHoriz=False, flipVert=False, font='Arial', fontFiles=[], height=0.05, italic=False, languageStyle='LTR', name='itiPracFix', opacity=1.0, ori=0, pos=array([0., 0.]), rgb=UNKNOWN, text='+', units='height', win=Window(...), wrapWidth=1)
31.3379 	EXP 	Created statStartTxt = TextStim(__class__=<class 'psychopy.visual.text.TextStim'>, alignHoriz=method-wrapper(...), alignText='center', alignVert=method-wrapper(...), anchorHoriz='center', anchorVert='center', antialias=True, autoDraw=False, autoLog=True, bold=False, color=array([-0.0667,  0.6392,  1.    ]), colorSpace='rgb', contrast=1.0, depth=0.0, flipHoriz=False, flipVert=False, font='Arial', fontFiles=[], height=0.05, italic=False, languageStyle='LTR', name='statStartTxt', opacity=1.0, ori=0, pos=array([0., 0.]), rgb=UNKNOWN, text=str(...), units='height', win=Window(...), wrapWidth=1.5)
31.3415 	EXP 	Created realCircLeft = ShapeStim(__class__=<class 'psychopy.visual.shape.ShapeStim'>, anchor=('center', 'center'), autoDraw=False, autoLog=True, closeShape=True, color=method-wrapper(...), colorSpace='rgb', contrast=None, depth=-1.0, fillColor=array([-0.0667,  0.6392,  1.    ]), fillColorSpace='rgb', fillRGB=array([-0.0667,  0.6392,  1.    ]), interpolate=True, lineColor=array([-0.0667,  0.6392,  1.    ]), lineColorSpace='rgb', lineRGB=array([-0.0667,  0.6392,  1.    ]), lineWidth=1, name='realCircLeft', opacity=1.0, ori=0.0, pos=array([-0.35,  0.  ]), size=array([0.5, 0.5]), units='height', vertices=ndarray(...), win=Window(...), windingRule=None)
31.3450 	EXP 	Created realCircRight = ShapeStim(__class__=<class 'psychopy.visual.shape.ShapeStim'>, anchor=('center', 'center'), autoDraw=False, autoLog=True, closeShape=True, color=method-wrapper(...), colorSpace='rgb', contrast=None, depth=-2.0, fillColor=array([1, 1, 1]), fillColorSpace='rgb', fillRGB=array([1, 1, 1]), interpolate=True, lineColor=array([1, 1, 1]), lineColorSpace='rgb', lineRGB=array([1, 1, 1]), lineWidth=1, name='realCircRight', opacity=1.0, ori=0.0, pos=array([0.35, 0.  ]), size=array([0.5, 0.5]), units='height', vertices=ndarray(...), win=Window(...), windingRule=None)
31.3462 	EXP 	Created realRiskLine = ShapeStim(__class__=<class 'psychopy.visual.shape.ShapeStim'>, anchor=('center', 'center'), autoDraw=False, autoLog=True, closeShape=True, color=method-wrapper(...), colorSpace='rgb', contrast=None, depth=-3.0, fillColor=array([0.5216, 0.5216, 0.5216]), fillColorSpace='rgb', fillRGB=array([0.5216, 0.5216, 0.5216]), interpolate=True, lineColor=array([0.5216, 0.5216, 0.5216]), lineColorSpace='rgb', lineRGB=array([0.5216, 0.5216, 0.5216]), lineWidth=3, name='realRiskLine', opacity=1.0, ori=0.0, pos=array([0., 0.]), size=array([0.5 , 0.01]), units='height', vertices=ndarray(...), win=Window(...), windingRule=None)
31.3480 	EXP 	Created realORtxt = TextStim(__class__=<class 'psychopy.visual.text.TextStim'>, alignHoriz=method-wrapper(...), alignText='center', alignVert=method-wrapper(...), anchorHoriz='center', anchorVert='center', antialias=True, autoDraw=False, autoLog=True, bold=False, color=array([-0.0667,  0.6392,  1.    ]), colorSpace='rgb', contrast=1.0, depth=-4.0, flipHoriz=False, flipVert=False, font='Arial', fontFiles=[], height=0.05, italic=False, languageStyle='LTR', name='realORtxt', opacity=1.0, ori=0, pos=array([0., 0.]), rgb=UNKNOWN, text='OR', units='height', win=Window(...), wrapWidth=1)
31.3486 	EXP 	Created realLossTxt = TextStim(__class__=<class 'psychopy.visual.text.TextStim'>, alignHoriz=method-wrapper(...), alignText='center', alignVert=method-wrapper(...), anchorHoriz='center', anchorVert='center', antialias=True, autoDraw=False, autoLog=True, bold=False, color=array([0.5216, 0.5216, 0.5216]), colorSpace='rgb', contrast=1.0, depth=-5.0, flipHoriz=False, flipVert=False, font='Arial', fontFiles=[], height=0.1, italic=False, languageStyle='LTR', name='realLossTxt', opacity=1.0, ori=0, pos=array([0., 0.]), rgb=UNKNOWN, text='', units='height', win=Window(...), wrapWidth=1)
31.3490 	EXP 	Created realGainTxt = TextStim(__class__=<class 'psychopy.visual.text.TextStim'>, alignHoriz=method-wrapper(...), alignText='center', alignVert=method-wrapper(...), anchorHoriz='center', anchorVert='center', antialias=True, autoDraw=False, autoLog=True, bold=False, color=array([0.5216, 0.5216, 0.5216]), colorSpace='rgb', contrast=1.0, depth=-6.0, flipHoriz=False, flipVert=False, font='Arial', fontFiles=[], height=0.1, italic=False, languageStyle='LTR', name='realGainTxt', opacity=1.0, ori=0, pos=array([0., 0.]), rgb=UNKNOWN, text='', units='height', win=Window(...), wrapWidth=1)
31.3496 	EXP 	Created realSafeTxt = TextStim(__class__=<class 'psychopy.visual.text.TextStim'>, alignHoriz=method-wrapper(...), alignText='center', alignVert=method-wrapper(...), anchorHoriz='center', anchorVert='center', antialias=True, autoDraw=False, autoLog=True, bold=False, color=array([0.5216, 0.5216, 0.5216]), colorSpace='rgb', contrast=1.0, depth=-7.0, flipHoriz=False, flipVert=False, font='Arial', fontFiles=[], height=0.1, italic=False, languageStyle='LTR', name='realSafeTxt', opacity=1.0, ori=0, pos=array([0., 0.]), rgb=UNKNOWN, text='', units='height', win=Window(...), wrapWidth=1)
31.3531 	EXP 	Created realVleft = TextStim(__class__=<class 'psychopy.visual.text.TextStim'>, alignHoriz=method-wrapper(...), alignText='center', alignVert=method-wrapper(...), anchorHoriz='center', anchorVert='center', antialias=True, autoDraw=False, autoLog=True, bold=False, color=array([-0.0667,  0.6392,  1.    ]), colorSpace='rgb', contrast=1.0, depth=-8.0, flipHoriz=False, flipVert=False, font='Arial', fontFiles=[], height=0.05, italic=False, languageStyle='LTR', name='realVleft', opacity=1.0, ori=0, pos=array([-0.35, -0.35]), rgb=UNKNOWN, text='V-Left', units='height', win=Window(...), wrapWidth=1)
31.3562 	EXP 	Created realNright = TextStim(__class__=<class 'psychopy.visual.text.TextStim'>, alignHoriz=method-wrapper(...), alignText='center', alignVert=method-wrapper(...), anchorHoriz='center', anchorVert='center', antialias=True, autoDraw=False, autoLog=True, bold=False, color=array([-0.0667,  0.6392,  1.    ]), colorSpace='rgb', contrast=1.0, depth=-9.0, flipHoriz=False, flipVert=False, font='Arial', fontFiles=[], height=0.05, italic=False, languageStyle='LTR', name='realNright', opacity=1.0, ori=0, pos=array([ 0.35, -0.35]), rgb=UNKNOWN, text='N-Right', units='height', win=Window(...), wrapWidth=1)
31.3580 	EXP 	Created isiRealFix = TextStim(__class__=<class 'psychopy.visual.text.TextStim'>, alignHoriz=method-wrapper(...), alignText='center', alignVert=method-wrapper(...), anchorHoriz='center', anchorVert='center', antialias=True, autoDraw=False, autoLog=True, bold=False, color=array([-0.0667,  0.6392,  1.    ]), colorSpace='rgb', contrast=1.0, depth=0.0, flipHoriz=False, flipVert=False, font='Arial', fontFiles=[], height=0.05, italic=False, languageStyle='LTR', name='isiRealFix', opacity=1.0, ori=0, pos=array([0., 0.]), rgb=UNKNOWN, text='+', units='height', win=Window(...), wrapWidth=1)
31.3611 	EXP 	Created statNoRespTxt = TextStim(__class__=<class 'psychopy.visual.text.TextStim'>, alignHoriz=method-wrapper(...), alignText='center', alignVert=method-wrapper(...), anchorHoriz='center', anchorVert='center', antialias=True, autoDraw=False, autoLog=True, bold=False, color=array([-0.0667,  0.6392,  1.    ]), colorSpace='rgb', contrast=1.0, depth=-1.0, flipHoriz=False, flipVert=False, font='Arial', fontFiles=[], height=0.08, italic=False, languageStyle='LTR', name='statNoRespTxt', opacity=1.0, ori=0, pos=array([0., 0.]), rgb=UNKNOWN, text='You did not respond in time\n', units='height', win=Window(...), wrapWidth=1)
31.3655 	EXP 	Created statRiskOC = ShapeStim(__class__=<class 'psychopy.visual.shape.ShapeStim'>, anchor=('center', 'center'), autoDraw=False, autoLog=True, closeShape=True, color=method-wrapper(...), colorSpace='rgb', contrast=None, depth=-2.0, fillColor=array([-0.0667,  0.6392,  1.    ]), fillColorSpace='rgb', fillRGB=array([-0.0667,  0.6392,  1.    ]), interpolate=True, lineColor=array([-0.0667,  0.6392,  1.    ]), lineColorSpace='rgb', lineRGB=array([-0.0667,  0.6392,  1.    ]), lineWidth=1, name='statRiskOC', opacity=1.0, ori=0.0, pos=array([0., 0.]), size=array([0.5, 0.5]), units='height', vertices=ndarray(...), win=Window(...), windingRule=None)
31.3690 	EXP 	Created statSafeOC = ShapeStim(__class__=<class 'psychopy.visual.shape.ShapeStim'>, anchor=('center', 'center'), autoDraw=False, autoLog=True, closeShape=True, color=method-wrapper(...), colorSpace='rgb', contrast=None, depth=-3.0, fillColor=array([-0.0667,  0.6392,  1.    ]), fillColorSpace='rgb', fillRGB=array([-0.0667,  0.6392,  1.    ]), interpolate=True, lineColor=array([-0.0667,  0.6392,  1.    ]), lineColorSpace='rgb', lineRGB=array([-0.0667,  0.6392,  1.    ]), lineWidth=1, name='statSafeOC', opacity=1.0, ori=0.0, pos=array([0., 0.]), size=array([0.5, 0.5]), units='height', vertices=ndarray(...), win=Window(...), windingRule=None)
31.3696 	EXP 	Created statOCtxt = TextStim(__class__=<class 'psychopy.visual.text.TextStim'>, alignHoriz=method-wrapper(...), alignText='center', alignVert=method-wrapper(...), anchorHoriz='center', anchorVert='center', antialias=True, autoDraw=False, autoLog=True, bold=False, color=array([1, 1, 1]), colorSpace='rgb', contrast=1.0, depth=-4.0, flipHoriz=False, flipVert=False, font='Arial', fontFiles=[], height=0.1, italic=False, languageStyle='LTR', name='statOCtxt', opacity=1.0, ori=0, pos=array([0., 0.]), rgb=UNKNOWN, text='', units='height', win=Window(...), wrapWidth=1)
31.3708 	EXP 	Created statHideRisk = ShapeStim(__class__=<class 'psychopy.visual.shape.ShapeStim'>, anchor=('center', 'center'), autoDraw=False, autoLog=True, closeShape=True, color=method-wrapper(...), colorSpace='rgb', contrast=None, depth=-5.0, fillColor=array([0.5216, 0.5216, 0.5216]), fillColorSpace='rgb', fillRGB=array([0.5216, 0.5216, 0.5216]), interpolate=True, lineColor=array([0.5216, 0.5216, 0.5216]), lineColorSpace='rgb', lineRGB=array([0.5216, 0.5216, 0.5216]), lineWidth=1, name='statHideRisk', opacity=1.0, ori=0.0, pos=array([0., 0.]), size=array([0.6, 0.3]), units='height', vertices=ndarray(...), win=Window(...), windingRule=None)
31.3726 	EXP 	Created itiRealFix = TextStim(__class__=<class 'psychopy.visual.text.TextStim'>, alignHoriz=method-wrapper(...), alignText='center', alignVert=method-wrapper(...), anchorHoriz='center', anchorVert='center', antialias=True, autoDraw=False, autoLog=True, bold=False, color=array([-0.0667,  0.6392,  1.    ]), colorSpace='rgb', contrast=1.0, depth=0.0, flipHoriz=False, flipVert=False, font='Arial', fontFiles=[], height=0.05, italic=False, languageStyle='LTR', name='itiRealFix', opacity=1.0, ori=0, pos=array([0., 0.]), rgb=UNKNOWN, text='+', units='height', win=Window(...), wrapWidth=1)
31.3823 	EXP 	Created setupBestFitTxt = TextStim(__class__=<class 'psychopy.visual.text.TextStim'>, alignHoriz=method-wrapper(...), alignText='center', alignVert=method-wrapper(...), anchorHoriz='center', anchorVert='center', antialias=True, autoDraw=False, autoLog=True, bold=False, color=array([-0.0667,  0.6392,  1.    ]), colorSpace='rgb', contrast=1.0, depth=-4.0, flipHoriz=False, flipVert=False, font='Arial', fontFiles=[], height=0.05, italic=False, languageStyle='LTR', name='setupBestFitTxt', opacity=1.0, ori=0.0, pos=array([0., 0.]), rgb=UNKNOWN, text=str(...), units='height', win=Window(...), wrapWidth=1.5)
31.3844 	EXP 	Created loadDynaChoicesTxt = TextStim(__class__=<class 'psychopy.visual.text.TextStim'>, alignHoriz=method-wrapper(...), alignText='center', alignVert=method-wrapper(...), anchorHoriz='center', anchorVert='center', antialias=True, autoDraw=False, autoLog=True, bold=False, color=array([1, 1, 1]), colorSpace='rgb', contrast=1.0, depth=0.0, flipHoriz=False, flipVert=False, font='Open Sans', fontFiles=[], height=0.05, italic=False, languageStyle='LTR', name='loadDynaChoicesTxt', opacity=1.0, ori=0.0, pos=array([0., 0.]), rgb=UNKNOWN, text='', units='height', win=Window(...), wrapWidth=1)
31.3901 	EXP 	Created dynaStartTxt = TextStim(__class__=<class 'psychopy.visual.text.TextStim'>, alignHoriz=method-wrapper(...), alignText='center', alignVert=method-wrapper(...), anchorHoriz='center', anchorVert='center', antialias=True, autoDraw=False, autoLog=True, bold=False, color=array([-0.0667,  0.6392,  1.    ]), colorSpace='rgb', contrast=1.0, depth=0.0, flipHoriz=False, flipVert=False, font='Arial', fontFiles=[], height=0.05, italic=False, languageStyle='LTR', name='dynaStartTxt', opacity=1.0, ori=0.0, pos=array([0., 0.]), rgb=UNKNOWN, text=str(...), units='height', win=Window(...), wrapWidth=1.5)
31.3937 	EXP 	Created realCircLeft = ShapeStim(__class__=<class 'psychopy.visual.shape.ShapeStim'>, anchor=('center', 'center'), autoDraw=False, autoLog=True, closeShape=True, color=method-wrapper(...), colorSpace='rgb', contrast=None, depth=-1.0, fillColor=array([-0.0667,  0.6392,  1.    ]), fillColorSpace='rgb', fillRGB=array([-0.0667,  0.6392,  1.    ]), interpolate=True, lineColor=array([-0.0667,  0.6392,  1.    ]), lineColorSpace='rgb', lineRGB=array([-0.0667,  0.6392,  1.    ]), lineWidth=1, name='realCircLeft', opacity=1.0, ori=0.0, pos=array([-0.35,  0.  ]), size=array([0.5, 0.5]), units='height', vertices=ndarray(...), win=Window(...), windingRule=None)
31.3973 	EXP 	Created realCircRight = ShapeStim(__class__=<class 'psychopy.visual.shape.ShapeStim'>, anchor=('center', 'center'), autoDraw=False, autoLog=True, closeShape=True, color=method-wrapper(...), colorSpace='rgb', contrast=None, depth=-2.0, fillColor=array([1, 1, 1]), fillColorSpace='rgb', fillRGB=array([1, 1, 1]), interpolate=True, lineColor=array([1, 1, 1]), lineColorSpace='rgb', lineRGB=array([1, 1, 1]), lineWidth=1, name='realCircRight', opacity=1.0, ori=0.0, pos=array([0.35, 0.  ]), size=array([0.5, 0.5]), units='height', vertices=ndarray(...), win=Window(...), windingRule=None)
31.3985 	EXP 	Created realRiskLine = ShapeStim(__class__=<class 'psychopy.visual.shape.ShapeStim'>, anchor=('center', 'center'), autoDraw=False, autoLog=True, closeShape=True, color=method-wrapper(...), colorSpace='rgb', contrast=None, depth=-3.0, fillColor=array([0.5216, 0.5216, 0.5216]), fillColorSpace='rgb', fillRGB=array([0.5216, 0.5216, 0.5216]), interpolate=True, lineColor=array([0.5216, 0.5216, 0.5216]), lineColorSpace='rgb', lineRGB=array([0.5216, 0.5216, 0.5216]), lineWidth=3, name='realRiskLine', opacity=1.0, ori=0.0, pos=array([0., 0.]), size=array([0.5 , 0.01]), units='height', vertices=ndarray(...), win=Window(...), windingRule=None)
31.4003 	EXP 	Created realORtxt = TextStim(__class__=<class 'psychopy.visual.text.TextStim'>, alignHoriz=method-wrapper(...), alignText='center', alignVert=method-wrapper(...), anchorHoriz='center', anchorVert='center', antialias=True, autoDraw=False, autoLog=True, bold=False, color=array([-0.0667,  0.6392,  1.    ]), colorSpace='rgb', contrast=1.0, depth=-4.0, flipHoriz=False, flipVert=False, font='Arial', fontFiles=[], height=0.05, italic=False, languageStyle='LTR', name='realORtxt', opacity=1.0, ori=0, pos=array([0., 0.]), rgb=UNKNOWN, text='OR', units='height', win=Window(...), wrapWidth=1)
31.4009 	EXP 	Created realLossTxt = TextStim(__class__=<class 'psychopy.visual.text.TextStim'>, alignHoriz=method-wrapper(...), alignText='center', alignVert=method-wrapper(...), anchorHoriz='center', anchorVert='center', antialias=True, autoDraw=False, autoLog=True, bold=False, color=array([0.5216, 0.5216, 0.5216]), colorSpace='rgb', contrast=1.0, depth=-5.0, flipHoriz=False, flipVert=False, font='Arial', fontFiles=[], height=0.1, italic=False, languageStyle='LTR', name='realLossTxt', opacity=1.0, ori=0, pos=array([0., 0.]), rgb=UNKNOWN, text='', units='height', win=Window(...), wrapWidth=1)
31.4014 	EXP 	Created realGainTxt = TextStim(__class__=<class 'psychopy.visual.text.TextStim'>, alignHoriz=method-wrapper(...), alignText='center', alignVert=method-wrapper(...), anchorHoriz='center', anchorVert='center', antialias=True, autoDraw=False, autoLog=True, bold=False, color=array([0.5216, 0.5216, 0.5216]), colorSpace='rgb', contrast=1.0, depth=-6.0, flipHoriz=False, flipVert=False, font='Arial', fontFiles=[], height=0.1, italic=False, languageStyle='LTR', name='realGainTxt', opacity=1.0, ori=0, pos=array([0., 0.]), rgb=UNKNOWN, text='', units='height', win=Window(...), wrapWidth=1)
31.4019 	EXP 	Created realSafeTxt = TextStim(__class__=<class 'psychopy.visual.text.TextStim'>, alignHoriz=method-wrapper(...), alignText='center', alignVert=method-wrapper(...), anchorHoriz='center', anchorVert='center', antialias=True, autoDraw=False, autoLog=True, bold=False, color=array([0.5216, 0.5216, 0.5216]), colorSpace='rgb', contrast=1.0, depth=-7.0, flipHoriz=False, flipVert=False, font='Arial', fontFiles=[], height=0.1, italic=False, languageStyle='LTR', name='realSafeTxt', opacity=1.0, ori=0, pos=array([0., 0.]), rgb=UNKNOWN, text='', units='height', win=Window(...), wrapWidth=1)
31.4041 	EXP 	Created realVleft = TextStim(__class__=<class 'psychopy.visual.text.TextStim'>, alignHoriz=method-wrapper(...), alignText='center', alignVert=method-wrapper(...), anchorHoriz='center', anchorVert='center', antialias=True, autoDraw=False, autoLog=True, bold=False, color=array([-0.0667,  0.6392,  1.    ]), colorSpace='rgb', contrast=1.0, depth=-8.0, flipHoriz=False, flipVert=False, font='Arial', fontFiles=[], height=0.05, italic=False, languageStyle='LTR', name='realVleft', opacity=1.0, ori=0, pos=array([-0.35, -0.35]), rgb=UNKNOWN, text='V-Left', units='height', win=Window(...), wrapWidth=1)
31.4065 	EXP 	Created realNright = TextStim(__class__=<class 'psychopy.visual.text.TextStim'>, alignHoriz=method-wrapper(...), alignText='center', alignVert=method-wrapper(...), anchorHoriz='center', anchorVert='center', antialias=True, autoDraw=False, autoLog=True, bold=False, color=array([-0.0667,  0.6392,  1.    ]), colorSpace='rgb', contrast=1.0, depth=-9.0, flipHoriz=False, flipVert=False, font='Arial', fontFiles=[], height=0.05, italic=False, languageStyle='LTR', name='realNright', opacity=1.0, ori=0, pos=array([ 0.35, -0.35]), rgb=UNKNOWN, text='N-Right', units='height', win=Window(...), wrapWidth=1)
31.4083 	EXP 	Created isiRealFix = TextStim(__class__=<class 'psychopy.visual.text.TextStim'>, alignHoriz=method-wrapper(...), alignText='center', alignVert=method-wrapper(...), anchorHoriz='center', anchorVert='center', antialias=True, autoDraw=False, autoLog=True, bold=False, color=array([-0.0667,  0.6392,  1.    ]), colorSpace='rgb', contrast=1.0, depth=0.0, flipHoriz=False, flipVert=False, font='Arial', fontFiles=[], height=0.05, italic=False, languageStyle='LTR', name='isiRealFix', opacity=1.0, ori=0, pos=array([0., 0.]), rgb=UNKNOWN, text='+', units='height', win=Window(...), wrapWidth=1)
31.4111 	EXP 	Created dynaNoRespTxt = TextStim(__class__=<class 'psychopy.visual.text.TextStim'>, alignHoriz=method-wrapper(...), alignText='center', alignVert=method-wrapper(...), anchorHoriz='center', anchorVert='center', antialias=True, autoDraw=False, autoLog=True, bold=False, color=array([-0.0667,  0.6392,  1.    ]), colorSpace='rgb', contrast=1.0, depth=-1.0, flipHoriz=False, flipVert=False, font='Arial', fontFiles=[], height=0.08, italic=False, languageStyle='LTR', name='dynaNoRespTxt', opacity=1.0, ori=0, pos=array([0., 0.]), rgb=UNKNOWN, text='You did not respond in time\n', units='height', win=Window(...), wrapWidth=1)
31.4147 	EXP 	Created dynaRiskOC = ShapeStim(__class__=<class 'psychopy.visual.shape.ShapeStim'>, anchor=('center', 'center'), autoDraw=False, autoLog=True, closeShape=True, color=method-wrapper(...), colorSpace='rgb', contrast=None, depth=-2.0, fillColor=array([-0.0667,  0.6392,  1.    ]), fillColorSpace='rgb', fillRGB=array([-0.0667,  0.6392,  1.    ]), interpolate=True, lineColor=array([-0.0667,  0.6392,  1.    ]), lineColorSpace='rgb', lineRGB=array([-0.0667,  0.6392,  1.    ]), lineWidth=1, name='dynaRiskOC', opacity=1.0, ori=0.0, pos=array([0., 0.]), size=array([0.5, 0.5]), units='height', vertices=ndarray(...), win=Window(...), windingRule=None)
31.4182 	EXP 	Created dynaSafeOC = ShapeStim(__class__=<class 'psychopy.visual.shape.ShapeStim'>, anchor=('center', 'center'), autoDraw=False, autoLog=True, closeShape=True, color=method-wrapper(...), colorSpace='rgb', contrast=None, depth=-3.0, fillColor=array([-0.0667,  0.6392,  1.    ]), fillColorSpace='rgb', fillRGB=array([-0.0667,  0.6392,  1.    ]), interpolate=True, lineColor=array([-0.0667,  0.6392,  1.    ]), lineColorSpace='rgb', lineRGB=array([-0.0667,  0.6392,  1.    ]), lineWidth=1, name='dynaSafeOC', opacity=1.0, ori=0.0, pos=array([0., 0.]), size=array([0.5, 0.5]), units='height', vertices=ndarray(...), win=Window(...), windingRule=None)
31.4188 	EXP 	Created dynaOCtxt = TextStim(__class__=<class 'psychopy.visual.text.TextStim'>, alignHoriz=method-wrapper(...), alignText='center', alignVert=method-wrapper(...), anchorHoriz='center', anchorVert='center', antialias=True, autoDraw=False, autoLog=True, bold=False, color=array([1, 1, 1]), colorSpace='rgb', contrast=1.0, depth=-4.0, flipHoriz=False, flipVert=False, font='Arial', fontFiles=[], height=0.1, italic=False, languageStyle='LTR', name='dynaOCtxt', opacity=1.0, ori=0, pos=array([0., 0.]), rgb=UNKNOWN, text='', units='height', win=Window(...), wrapWidth=1)
31.4200 	EXP 	Created dynaHideRisk = ShapeStim(__class__=<class 'psychopy.visual.shape.ShapeStim'>, anchor=('center', 'center'), autoDraw=False, autoLog=True, closeShape=True, color=method-wrapper(...), colorSpace='rgb', contrast=None, depth=-5.0, fillColor=array([0.5216, 0.5216, 0.5216]), fillColorSpace='rgb', fillRGB=array([0.5216, 0.5216, 0.5216]), interpolate=True, lineColor=array([0.5216, 0.5216, 0.5216]), lineColorSpace='rgb', lineRGB=array([0.5216, 0.5216, 0.5216]), lineWidth=1, name='dynaHideRisk', opacity=1.0, ori=0.0, pos=array([0., 0.]), size=array([0.6, 0.3]), units='height', vertices=ndarray(...), win=Window(...), windingRule=None)
31.4218 	EXP 	Created itiRealFix = TextStim(__class__=<class 'psychopy.visual.text.TextStim'>, alignHoriz=method-wrapper(...), alignText='center', alignVert=method-wrapper(...), anchorHoriz='center', anchorVert='center', antialias=True, autoDraw=False, autoLog=True, bold=False, color=array([-0.0667,  0.6392,  1.    ]), colorSpace='rgb', contrast=1.0, depth=0.0, flipHoriz=False, flipVert=False, font='Arial', fontFiles=[], height=0.05, italic=False, languageStyle='LTR', name='itiRealFix', opacity=1.0, ori=0, pos=array([0., 0.]), rgb=UNKNOWN, text='+', units='height', win=Window(...), wrapWidth=1)
31.4369 	EXP 	Created cgeRDMendTxt = TextStim(__class__=<class 'psychopy.visual.text.TextStim'>, alignHoriz=method-wrapper(...), alignText='center', alignVert=method-wrapper(...), anchorHoriz='center', anchorVert='center', antialias=True, autoDraw=False, autoLog=True, bold=False, color=array([-0.0667,  0.6392,  1.    ]), colorSpace='rgb', contrast=1.0, depth=0.0, flipHoriz=False, flipVert=False, font='Arial', fontFiles=[], height=0.05, italic=False, languageStyle='LTR', name='cgeRDMendTxt', opacity=1.0, ori=0.0, pos=array([0., 0.]), rgb=UNKNOWN, text=str(...), units='height', win=Window(...), wrapWidth=1.5)
31.4456 	EXP 	Created ThankYou = TextStim(__class__=<class 'psychopy.visual.text.TextStim'>, alignHoriz=method-wrapper(...), alignText='center', alignVert=method-wrapper(...), anchorHoriz='center', anchorVert='center', antialias=True, autoDraw=False, autoLog=True, bold=False, color=array([-0.0667,  0.6392,  1.    ]), colorSpace='rgb', contrast=1.0, depth=0.0, flipHoriz=False, flipVert=False, font='Arial', fontFiles=[], height=0.05, italic=False, languageStyle='LTR', name='ThankYou', opacity=1.0, ori=0.0, pos=array([0., 0.]), rgb=UNKNOWN, text=str(...), units='height', win=Window(...), wrapWidth=1.5)
31.4540 	EXP 	cgeRDMstartTxt: autoDraw = True
40.9399 	DATA 	Keypress: return
40.9543 	EXP 	cgeRDMstartTxt: autoDraw = False
40.9543 	EXP 	pracStartTxt: autoDraw = True
43.3580 	EXP 	Imported cgeRDMPractice.xlsx as conditions, 4 conditions, 6 params
43.3584 	EXP 	Created sequence: sequential, trialTypes=4, nReps=1, seed=None
43.3587 	EXP 	New trial (rep=0, index=0): {'riskyGain': 18.23, 'riskyLoss': 0, 'alternative': 9.45, 'isi': 1, 'iti': 3, 'loc': 1}
43.3764 	DATA 	Keypress: v
43.3800 	EXP 	pracStartTxt: autoDraw = False
43.3800 	EXP 	pracCircRight: fillColor = <psychopy.colors.Color: (-0.07, 0.64, 1.0, 1.0)>
43.3800 	EXP 	pracCircRight: borderColor = <psychopy.colors.Color: (-0.07, 0.64, 1.0, 1.0)>
43.3800 	EXP 	pracLossTxt: height = 0.1
43.3800 	EXP 	pracLossTxt: height = 0.1
43.3800 	EXP 	pracLossTxt: height = 0.1
43.3800 	EXP 	pracLossTxt: text = '$0'
43.3800 	EXP 	pracGainTxt: height = 0.1
43.3800 	EXP 	pracGainTxt: height = 0.1
43.3800 	EXP 	pracGainTxt: height = 0.1
43.3800 	EXP 	pracGainTxt: text = '$18.23'
43.3800 	EXP 	pracSafeTxt: height = 0.1
43.3800 	EXP 	pracSafeTxt: height = 0.1
43.3800 	EXP 	pracSafeTxt: height = 0.1
43.3800 	EXP 	pracSafeTxt: text = '$9.45'
43.3800 	EXP 	pracCircLeft: autoDraw = True
43.3800 	EXP 	pracCircRight: autoDraw = True
43.3800 	EXP 	pracRiskLine: autoDraw = True
43.3800 	EXP 	pracORtxt: autoDraw = True
43.3800 	EXP 	pracLossTxt: autoDraw = True
43.3800 	EXP 	pracGainTxt: autoDraw = True
43.3800 	EXP 	pracSafeTxt: autoDraw = True
43.3800 	EXP 	pracVleft: autoDraw = True
43.3800 	EXP 	pracNright: autoDraw = True
44.7010 	DATA 	Keypress: v
44.7152 	EXP 	pracCircLeft: autoDraw = False
44.7152 	EXP 	pracCircRight: autoDraw = False
44.7152 	EXP 	pracRiskLine: autoDraw = False
44.7152 	EXP 	pracORtxt: autoDraw = False
44.7152 	EXP 	pracLossTxt: autoDraw = False
44.7152 	EXP 	pracGainTxt: autoDraw = False
44.7152 	EXP 	pracSafeTxt: autoDraw = False
44.7152 	EXP 	pracVleft: autoDraw = False
44.7152 	EXP 	pracNright: autoDraw = False
44.7152 	EXP 	isiPracFix: autoDraw = True
45.7307 	EXP 	isiPracFix: autoDraw = False
45.7307 	EXP 	isiPracFix: autoDraw = False
45.7307 	EXP 	pracOCtxt: foreColor = <psychopy.colors.Color: (0.52, 0.52, 0.52, 1.0)>
45.7307 	EXP 	pracOCtxt: height = 0.1
45.7307 	EXP 	pracOCtxt: height = 0.1
45.7307 	EXP 	pracOCtxt: height = 0.1
45.7307 	EXP 	pracOCtxt: text = '$0'
45.7307 	EXP 	pracNoRespTxt: autoDraw = True
45.7307 	EXP 	pracRiskOC: autoDraw = True
45.7307 	EXP 	pracSafeOC: autoDraw = True
45.7307 	EXP 	pracOCtxt: autoDraw = True
45.7307 	EXP 	pracHideRisk: autoDraw = True
46.7289 	EXP 	pracNoRespTxt: autoDraw = False
46.7289 	EXP 	pracRiskOC: autoDraw = False
46.7289 	EXP 	pracSafeOC: autoDraw = False
46.7289 	EXP 	pracOCtxt: autoDraw = False
46.7289 	EXP 	pracHideRisk: autoDraw = False
46.7289 	EXP 	itiPracFix: autoDraw = True
49.7250 	EXP 	New trial (rep=0, index=1): {'riskyGain': 53.27, 'riskyLoss': 0, 'alternative': 35.16, 'isi': 1, 'iti': 3.5, 'loc': 1}
49.7410 	EXP 	itiPracFix: autoDraw = False
49.7410 	EXP 	itiPracFix: autoDraw = False
49.7410 	EXP 	pracCircRight: fillColor = <psychopy.colors.Color: (-0.07, 0.64, 1.0, 1.0)>
49.7410 	EXP 	pracCircRight: borderColor = <psychopy.colors.Color: (-0.07, 0.64, 1.0, 1.0)>
49.7410 	EXP 	pracLossTxt: text = '$0'
49.7410 	EXP 	pracGainTxt: height = 0.1
49.7410 	EXP 	pracGainTxt: height = 0.1
49.7410 	EXP 	pracGainTxt: height = 0.1
49.7410 	EXP 	pracGainTxt: text = '$53.27'
49.7410 	EXP 	pracSafeTxt: height = 0.1
49.7410 	EXP 	pracSafeTxt: height = 0.1
49.7410 	EXP 	pracSafeTxt: height = 0.1
49.7410 	EXP 	pracSafeTxt: text = '$35.16'
49.7410 	EXP 	pracCircLeft: autoDraw = True
49.7410 	EXP 	pracCircRight: autoDraw = True
49.7410 	EXP 	pracRiskLine: autoDraw = True
49.7410 	EXP 	pracORtxt: autoDraw = True
49.7410 	EXP 	pracLossTxt: autoDraw = True
49.7410 	EXP 	pracGainTxt: autoDraw = True
49.7410 	EXP 	pracSafeTxt: autoDraw = True
49.7410 	EXP 	pracVleft: autoDraw = True
49.7410 	EXP 	pracNright: autoDraw = True
50.1259 	DATA 	Keypress: n
50.1404 	EXP 	pracCircLeft: autoDraw = False
50.1404 	EXP 	pracCircRight: autoDraw = False
50.1404 	EXP 	pracRiskLine: autoDraw = False
50.1404 	EXP 	pracORtxt: autoDraw = False
50.1404 	EXP 	pracLossTxt: autoDraw = False
50.1404 	EXP 	pracGainTxt: autoDraw = False
50.1404 	EXP 	pracSafeTxt: autoDraw = False
50.1404 	EXP 	pracVleft: autoDraw = False
50.1404 	EXP 	pracNright: autoDraw = False
50.1404 	EXP 	isiPracFix: autoDraw = True
51.1559 	EXP 	isiPracFix: autoDraw = False
51.1559 	EXP 	isiPracFix: autoDraw = False
51.1559 	EXP 	pracOCtxt: foreColor = <psychopy.colors.Color: (0.52, 0.52, 0.52, 1.0)>
51.1559 	EXP 	pracOCtxt: height = 0.1
51.1559 	EXP 	pracOCtxt: height = 0.1
51.1559 	EXP 	pracOCtxt: height = 0.1
51.1559 	EXP 	pracOCtxt: text = '$35.16'
51.1559 	EXP 	pracNoRespTxt: autoDraw = True
51.1559 	EXP 	pracRiskOC: autoDraw = True
51.1559 	EXP 	pracSafeOC: autoDraw = True
51.1559 	EXP 	pracOCtxt: autoDraw = True
51.1559 	EXP 	pracHideRisk: autoDraw = True
52.1707 	EXP 	pracNoRespTxt: autoDraw = False
52.1707 	EXP 	pracRiskOC: autoDraw = False
52.1707 	EXP 	pracSafeOC: autoDraw = False
52.1707 	EXP 	pracOCtxt: autoDraw = False
52.1707 	EXP 	pracHideRisk: autoDraw = False
52.1707 	EXP 	itiPracFix: autoDraw = True
55.6660 	EXP 	New trial (rep=0, index=2): {'riskyGain': 8.27, 'riskyLoss': 0, 'alternative': 1.15, 'isi': 1, 'iti': 3, 'loc': 2}
55.6823 	EXP 	itiPracFix: autoDraw = False
55.6823 	EXP 	itiPracFix: autoDraw = False
55.6823 	EXP 	pracCircRight: fillColor = <psychopy.colors.Color: (-0.07, 0.64, 1.0, 1.0)>
55.6823 	EXP 	pracCircRight: borderColor = <psychopy.colors.Color: (-0.07, 0.64, 1.0, 1.0)>
55.6823 	EXP 	pracLossTxt: text = '$0'
55.6823 	EXP 	pracGainTxt: height = 0.1
55.6823 	EXP 	pracGainTxt: height = 0.1
55.6823 	EXP 	pracGainTxt: height = 0.1
55.6823 	EXP 	pracGainTxt: text = '$8.27'
55.6823 	EXP 	pracSafeTxt: height = 0.1
55.6823 	EXP 	pracSafeTxt: height = 0.1
55.6823 	EXP 	pracSafeTxt: height = 0.1
55.6823 	EXP 	pracSafeTxt: text = '$1.15'
55.6823 	EXP 	pracCircLeft: autoDraw = True
55.6823 	EXP 	pracCircRight: autoDraw = True
55.6823 	EXP 	pracRiskLine: autoDraw = True
55.6823 	EXP 	pracORtxt: autoDraw = True
55.6823 	EXP 	pracLossTxt: autoDraw = True
55.6823 	EXP 	pracGainTxt: autoDraw = True
55.6823 	EXP 	pracSafeTxt: autoDraw = True
55.6823 	EXP 	pracVleft: autoDraw = True
55.6823 	EXP 	pracNright: autoDraw = True
56.3342 	DATA 	Keypress: escape
58.3379 	EXP 	window1: mouseVisible = True
