3.1716 	WARNING 	We strongly recommend you activate the PTB sound engine in PsychoPy prefs as the preferred audio engine. Its timing is vastly superior. Your prefs are currently set to use ['sounddevice', 'PTB', 'pyo', 'pygame'] (in that order).
37.9408 	EXP 	Created window1 = Window(allowGUI=True, allowStencil=False, autoLog=True, backendConf=UNKNOWN, bitsMode=UNKNOWN, blendMode='avg', bpc=(8, 8, 8), color=array([0.5216, 0.5216, 0.5216]), colorSpace='rgb', depthBits=8, fullscr=<method-wrapper '__getattribute__' of attributeSetter object at 0x000001C6F8A10FA0>, gamma=None, gammaErrorPolicy='raise', lms=UNKNOWN, monitor=<psychopy.monitors.calibTools.Monitor object at 0x000001C6FBC22970>, multiSample=False, name='window1', numSamples=2, pos=(0, 0), screen=0, size=array([1920, 1080]), stencilBits=0, stereo=False, units='height', useFBO=True, useRetina=False, viewOri=0.0, viewPos=None, viewScale=None, waitBlanking=True, winType='pyglet')
37.9409 	EXP 	window1: mouseVisible = True
37.9410 	EXP 	window1: mouseVisible = False
37.9410 	EXP 	window1: Attempting to measure frame rate of screen (0) ...
37.9411 	EXP 	window1: recordFrameIntervals = False
38.1064 	EXP 	window1: recordFrameIntervals = True
38.2896 	EXP 	Screen (0) actual frame rate measured at 60.09Hz
38.2896 	EXP 	window1: recordFrameIntervals = False
40.1708 	EXP 	Created cgeRDMstartTxt = TextStim(__class__=<class 'psychopy.visual.text.TextStim'>, alignHoriz=method-wrapper(...), alignText='center', alignVert=method-wrapper(...), anchorHoriz='center', anchorVert='center', antialias=True, autoDraw=False, autoLog=True, bold=False, color=array([-0.0667,  0.6392,  1.    ]), colorSpace='rgb', contrast=1.0, depth=0.0, flipHoriz=False, flipVert=False, font='Arial', fontFiles=[], height=0.05, italic=False, languageStyle='LTR', name='cgeRDMstartTxt', opacity=1.0, ori=0, pos=array([0., 0.]), rgb=UNKNOWN, text=str(...), units='height', win=Window(...), wrapWidth=1.5)
40.1789 	EXP 	Created pracStartTxt = TextStim(__class__=<class 'psychopy.visual.text.TextStim'>, alignHoriz=method-wrapper(...), alignText='center', alignVert=method-wrapper(...), anchorHoriz='center', anchorVert='center', antialias=True, autoDraw=False, autoLog=True, bold=False, color=array([-0.0667,  0.6392,  1.    ]), colorSpace='rgb', contrast=1.0, depth=0.0, flipHoriz=False, flipVert=False, font='Arial', fontFiles=[], height=0.05, italic=False, languageStyle='LTR', name='pracStartTxt', opacity=1.0, ori=0, pos=array([0., 0.]), rgb=UNKNOWN, text=str(...), units='height', win=Window(...), wrapWidth=1.5)
40.1832 	EXP 	Created pracCircLeft = ShapeStim(__class__=<class 'psychopy.visual.shape.ShapeStim'>, anchor=('center', 'center'), autoDraw=False, autoLog=True, closeShape=True, color=method-wrapper(...), colorSpace='rgb', contrast=None, depth=-1.0, fillColor=array([-0.0667,  0.6392,  1.    ]), fillColorSpace='rgb', fillRGB=array([-0.0667,  0.6392,  1.    ]), interpolate=True, lineColor=array([-0.0667,  0.6392,  1.    ]), lineColorSpace='rgb', lineRGB=array([-0.0667,  0.6392,  1.    ]), lineWidth=1, name='pracCircLeft', opacity=1.0, ori=0.0, pos=array([-0.35,  0.  ]), size=array([0.5, 0.5]), units='height', vertices=ndarray(...), win=Window(...), windingRule=None)
40.1867 	EXP 	Created pracCircRight = ShapeStim(__class__=<class 'psychopy.visual.shape.ShapeStim'>, anchor=('center', 'center'), autoDraw=False, autoLog=True, closeShape=True, color=method-wrapper(...), colorSpace='rgb', contrast=None, depth=-2.0, fillColor=array([1, 1, 1]), fillColorSpace='rgb', fillRGB=array([1, 1, 1]), interpolate=True, lineColor=array([1, 1, 1]), lineColorSpace='rgb', lineRGB=array([1, 1, 1]), lineWidth=1, name='pracCircRight', opacity=1.0, ori=0.0, pos=array([0.35, 0.  ]), size=array([0.5, 0.5]), units='height', vertices=ndarray(...), win=Window(...), windingRule=None)
40.1879 	EXP 	Created pracRiskLine = ShapeStim(__class__=<class 'psychopy.visual.shape.ShapeStim'>, anchor=('center', 'center'), autoDraw=False, autoLog=True, closeShape=True, color=method-wrapper(...), colorSpace='rgb', contrast=None, depth=-3.0, fillColor=array([0.5216, 0.5216, 0.5216]), fillColorSpace='rgb', fillRGB=array([0.5216, 0.5216, 0.5216]), interpolate=True, lineColor=array([0.5216, 0.5216, 0.5216]), lineColorSpace='rgb', lineRGB=array([0.5216, 0.5216, 0.5216]), lineWidth=3, name='pracRiskLine', opacity=1.0, ori=0.0, pos=array([0., 0.]), size=array([0.5 , 0.01]), units='height', vertices=ndarray(...), win=Window(...), windingRule=None)
40.1915 	EXP 	Created pracORtxt = TextStim(__class__=<class 'psychopy.visual.text.TextStim'>, alignHoriz=method-wrapper(...), alignText='center', alignVert=method-wrapper(...), anchorHoriz='center', anchorVert='center', antialias=True, autoDraw=False, autoLog=True, bold=False, color=array([-0.0667,  0.6392,  1.    ]), colorSpace='rgb', contrast=1.0, depth=-4.0, flipHoriz=False, flipVert=False, font='Arial', fontFiles=[], height=0.05, italic=False, languageStyle='LTR', name='pracORtxt', opacity=1.0, ori=0, pos=array([0., 0.]), rgb=UNKNOWN, text='OR', units='height', win=Window(...), wrapWidth=1)
40.1923 	EXP 	Created pracLossTxt = TextStim(__class__=<class 'psychopy.visual.text.TextStim'>, alignHoriz=method-wrapper(...), alignText='center', alignVert=method-wrapper(...), anchorHoriz='center', anchorVert='center', antialias=True, autoDraw=False, autoLog=True, bold=False, color=array([0.5216, 0.5216, 0.5216]), colorSpace='rgb', contrast=1.0, depth=-5.0, flipHoriz=False, flipVert=False, font='Arial', fontFiles=[], height=0.1, italic=False, languageStyle='LTR', name='pracLossTxt', opacity=1.0, ori=0, pos=array([0., 0.]), rgb=UNKNOWN, text='', units='height', win=Window(...), wrapWidth=1)
40.1928 	EXP 	Created pracGainTxt = TextStim(__class__=<class 'psychopy.visual.text.TextStim'>, alignHoriz=method-wrapper(...), alignText='center', alignVert=method-wrapper(...), anchorHoriz='center', anchorVert='center', antialias=True, autoDraw=False, autoLog=True, bold=False, color=array([0.5216, 0.5216, 0.5216]), colorSpace='rgb', contrast=1.0, depth=-6.0, flipHoriz=False, flipVert=False, font='Arial', fontFiles=[], height=0.1, italic=False, languageStyle='LTR', name='pracGainTxt', opacity=1.0, ori=0, pos=array([0., 0.]), rgb=UNKNOWN, text='', units='height', win=Window(...), wrapWidth=1)
40.1933 	EXP 	Created pracSafeTxt = TextStim(__class__=<class 'psychopy.visual.text.TextStim'>, alignHoriz=method-wrapper(...), alignText='center', alignVert=method-wrapper(...), anchorHoriz='center', anchorVert='center', antialias=True, autoDraw=False, autoLog=True, bold=False, color=array([0.5216, 0.5216, 0.5216]), colorSpace='rgb', contrast=1.0, depth=-7.0, flipHoriz=False, flipVert=False, font='Arial', fontFiles=[], height=0.1, italic=False, languageStyle='LTR', name='pracSafeTxt', opacity=1.0, ori=0, pos=array([0., 0.]), rgb=UNKNOWN, text='', units='height', win=Window(...), wrapWidth=1)
40.1972 	EXP 	Created pracVleft = TextStim(__class__=<class 'psychopy.visual.text.TextStim'>, alignHoriz=method-wrapper(...), alignText='center', alignVert=method-wrapper(...), anchorHoriz='center', anchorVert='center', antialias=True, autoDraw=False, autoLog=True, bold=False, color=array([-0.0667,  0.6392,  1.    ]), colorSpace='rgb', contrast=1.0, depth=-8.0, flipHoriz=False, flipVert=False, font='Arial', fontFiles=[], height=0.05, italic=False, languageStyle='LTR', name='pracVleft', opacity=1.0, ori=0, pos=array([-0.35, -0.35]), rgb=UNKNOWN, text='V-Left', units='height', win=Window(...), wrapWidth=1)
40.1994 	EXP 	Created pracNright = TextStim(__class__=<class 'psychopy.visual.text.TextStim'>, alignHoriz=method-wrapper(...), alignText='center', alignVert=method-wrapper(...), anchorHoriz='center', anchorVert='center', antialias=True, autoDraw=False, autoLog=True, bold=False, color=array([-0.0667,  0.6392,  1.    ]), colorSpace='rgb', contrast=1.0, depth=-9.0, flipHoriz=False, flipVert=False, font='Arial', fontFiles=[], height=0.05, italic=False, languageStyle='LTR', name='pracNright', opacity=1.0, ori=0, pos=array([ 0.35, -0.35]), rgb=UNKNOWN, text='N-Right', units='height', win=Window(...), wrapWidth=1)
40.2020 	EXP 	Created isiPracFix = TextStim(__class__=<class 'psychopy.visual.text.TextStim'>, alignHoriz=method-wrapper(...), alignText='center', alignVert=method-wrapper(...), anchorHoriz='center', anchorVert='center', antialias=True, autoDraw=False, autoLog=True, bold=False, color=array([-0.0667,  0.6392,  1.    ]), colorSpace='rgb', contrast=1.0, depth=0.0, flipHoriz=False, flipVert=False, font='Arial', fontFiles=[], height=0.05, italic=False, languageStyle='LTR', name='isiPracFix', opacity=1.0, ori=0, pos=array([0., 0.]), rgb=UNKNOWN, text='+', units='height', win=Window(...), wrapWidth=1)
40.2116 	EXP 	Created pracNoRespTxt = TextStim(__class__=<class 'psychopy.visual.text.TextStim'>, alignHoriz=method-wrapper(...), alignText='center', alignVert=method-wrapper(...), anchorHoriz='center', anchorVert='center', antialias=True, autoDraw=False, autoLog=True, bold=False, color=array([-0.0667,  0.6392,  1.    ]), colorSpace='rgb', contrast=1.0, depth=-1.0, flipHoriz=False, flipVert=False, font='Arial', fontFiles=[], height=0.08, italic=False, languageStyle='LTR', name='pracNoRespTxt', opacity=1.0, ori=0, pos=array([0., 0.]), rgb=UNKNOWN, text='You did not respond in time\n', units='height', win=Window(...), wrapWidth=1)
40.2151 	EXP 	Created pracRiskOC = ShapeStim(__class__=<class 'psychopy.visual.shape.ShapeStim'>, anchor=('center', 'center'), autoDraw=False, autoLog=True, closeShape=True, color=method-wrapper(...), colorSpace='rgb', contrast=None, depth=-2.0, fillColor=array([-0.0667,  0.6392,  1.    ]), fillColorSpace='rgb', fillRGB=array([-0.0667,  0.6392,  1.    ]), interpolate=True, lineColor=array([-0.0667,  0.6392,  1.    ]), lineColorSpace='rgb', lineRGB=array([-0.0667,  0.6392,  1.    ]), lineWidth=1, name='pracRiskOC', opacity=1.0, ori=0.0, pos=array([0., 0.]), size=array([0.5, 0.5]), units='height', vertices=ndarray(...), win=Window(...), windingRule=None)
40.2187 	EXP 	Created pracSafeOC = ShapeStim(__class__=<class 'psychopy.visual.shape.ShapeStim'>, anchor=('center', 'center'), autoDraw=False, autoLog=True, closeShape=True, color=method-wrapper(...), colorSpace='rgb', contrast=None, depth=-3.0, fillColor=array([-0.0667,  0.6392,  1.    ]), fillColorSpace='rgb', fillRGB=array([-0.0667,  0.6392,  1.    ]), interpolate=True, lineColor=array([-0.0667,  0.6392,  1.    ]), lineColorSpace='rgb', lineRGB=array([-0.0667,  0.6392,  1.    ]), lineWidth=1, name='pracSafeOC', opacity=1.0, ori=0.0, pos=array([0., 0.]), size=array([0.5, 0.5]), units='height', vertices=ndarray(...), win=Window(...), windingRule=None)
40.2193 	EXP 	Created pracOCtxt = TextStim(__class__=<class 'psychopy.visual.text.TextStim'>, alignHoriz=method-wrapper(...), alignText='center', alignVert=method-wrapper(...), anchorHoriz='center', anchorVert='center', antialias=True, autoDraw=False, autoLog=True, bold=False, color=array([1, 1, 1]), colorSpace='rgb', contrast=1.0, depth=-4.0, flipHoriz=False, flipVert=False, font='Arial', fontFiles=[], height=0.1, italic=False, languageStyle='LTR', name='pracOCtxt', opacity=1.0, ori=0, pos=array([0., 0.]), rgb=UNKNOWN, text='', units='height', win=Window(...), wrapWidth=1)
40.2205 	EXP 	Created pracHideRisk = ShapeStim(__class__=<class 'psychopy.visual.shape.ShapeStim'>, anchor=('center', 'center'), autoDraw=False, autoLog=True, closeShape=True, color=method-wrapper(...), colorSpace='rgb', contrast=None, depth=-5.0, fillColor=array([0.5216, 0.5216, 0.5216]), fillColorSpace='rgb', fillRGB=array([0.5216, 0.5216, 0.5216]), interpolate=True, lineColor=array([0.5216, 0.5216, 0.5216]), lineColorSpace='rgb', lineRGB=array([0.5216, 0.5216, 0.5216]), lineWidth=1, name='pracHideRisk', opacity=1.0, ori=0.0, pos=array([0., 0.]), size=array([0.6, 0.3]), units='height', vertices=ndarray(...), win=Window(...), windingRule=None)
40.2241 	EXP 	Created itiPracFix = TextStim(__class__=<class 'psychopy.visual.text.TextStim'>, alignHoriz=method-wrapper(...), alignText='center', alignVert=method-wrapper(...), anchorHoriz='center', anchorVert='center', antialias=True, autoDraw=False, autoLog=True, bold=False, color=array([-0.0667,  0.6392,  1.    ]), colorSpace='rgb', contrast=1.0, depth=0.0, flipHoriz=False, flipVert=False, font='Arial', fontFiles=[], height=0.05, italic=False, languageStyle='LTR', name='itiPracFix', opacity=1.0, ori=0, pos=array([0., 0.]), rgb=UNKNOWN, text='+', units='height', win=Window(...), wrapWidth=1)
40.2424 	EXP 	Created statStartTxt = TextStim(__class__=<class 'psychopy.visual.text.TextStim'>, alignHoriz=method-wrapper(...), alignText='center', alignVert=method-wrapper(...), anchorHoriz='center', anchorVert='center', antialias=True, autoDraw=False, autoLog=True, bold=False, color=array([-0.0667,  0.6392,  1.    ]), colorSpace='rgb', contrast=1.0, depth=0.0, flipHoriz=False, flipVert=False, font='Arial', fontFiles=[], height=0.05, italic=False, languageStyle='LTR', name='statStartTxt', opacity=1.0, ori=0, pos=array([0., 0.]), rgb=UNKNOWN, text=str(...), units='height', win=Window(...), wrapWidth=1.5)
40.2460 	EXP 	Created realCircLeft = ShapeStim(__class__=<class 'psychopy.visual.shape.ShapeStim'>, anchor=('center', 'center'), autoDraw=False, autoLog=True, closeShape=True, color=method-wrapper(...), colorSpace='rgb', contrast=None, depth=-1.0, fillColor=array([-0.0667,  0.6392,  1.    ]), fillColorSpace='rgb', fillRGB=array([-0.0667,  0.6392,  1.    ]), interpolate=True, lineColor=array([-0.0667,  0.6392,  1.    ]), lineColorSpace='rgb', lineRGB=array([-0.0667,  0.6392,  1.    ]), lineWidth=1, name='realCircLeft', opacity=1.0, ori=0.0, pos=array([-0.35,  0.  ]), size=array([0.5, 0.5]), units='height', vertices=ndarray(...), win=Window(...), windingRule=None)
40.2495 	EXP 	Created realCircRight = ShapeStim(__class__=<class 'psychopy.visual.shape.ShapeStim'>, anchor=('center', 'center'), autoDraw=False, autoLog=True, closeShape=True, color=method-wrapper(...), colorSpace='rgb', contrast=None, depth=-2.0, fillColor=array([1, 1, 1]), fillColorSpace='rgb', fillRGB=array([1, 1, 1]), interpolate=True, lineColor=array([1, 1, 1]), lineColorSpace='rgb', lineRGB=array([1, 1, 1]), lineWidth=1, name='realCircRight', opacity=1.0, ori=0.0, pos=array([0.35, 0.  ]), size=array([0.5, 0.5]), units='height', vertices=ndarray(...), win=Window(...), windingRule=None)
40.2507 	EXP 	Created realRiskLine = ShapeStim(__class__=<class 'psychopy.visual.shape.ShapeStim'>, anchor=('center', 'center'), autoDraw=False, autoLog=True, closeShape=True, color=method-wrapper(...), colorSpace='rgb', contrast=None, depth=-3.0, fillColor=array([0.5216, 0.5216, 0.5216]), fillColorSpace='rgb', fillRGB=array([0.5216, 0.5216, 0.5216]), interpolate=True, lineColor=array([0.5216, 0.5216, 0.5216]), lineColorSpace='rgb', lineRGB=array([0.5216, 0.5216, 0.5216]), lineWidth=3, name='realRiskLine', opacity=1.0, ori=0.0, pos=array([0., 0.]), size=array([0.5 , 0.01]), units='height', vertices=ndarray(...), win=Window(...), windingRule=None)
40.2526 	EXP 	Created realORtxt = TextStim(__class__=<class 'psychopy.visual.text.TextStim'>, alignHoriz=method-wrapper(...), alignText='center', alignVert=method-wrapper(...), anchorHoriz='center', anchorVert='center', antialias=True, autoDraw=False, autoLog=True, bold=False, color=array([-0.0667,  0.6392,  1.    ]), colorSpace='rgb', contrast=1.0, depth=-4.0, flipHoriz=False, flipVert=False, font='Arial', fontFiles=[], height=0.05, italic=False, languageStyle='LTR', name='realORtxt', opacity=1.0, ori=0, pos=array([0., 0.]), rgb=UNKNOWN, text='OR', units='height', win=Window(...), wrapWidth=1)
40.2532 	EXP 	Created realLossTxt = TextStim(__class__=<class 'psychopy.visual.text.TextStim'>, alignHoriz=method-wrapper(...), alignText='center', alignVert=method-wrapper(...), anchorHoriz='center', anchorVert='center', antialias=True, autoDraw=False, autoLog=True, bold=False, color=array([0.5216, 0.5216, 0.5216]), colorSpace='rgb', contrast=1.0, depth=-5.0, flipHoriz=False, flipVert=False, font='Arial', fontFiles=[], height=0.1, italic=False, languageStyle='LTR', name='realLossTxt', opacity=1.0, ori=0, pos=array([0., 0.]), rgb=UNKNOWN, text='', units='height', win=Window(...), wrapWidth=1)
40.2537 	EXP 	Created realGainTxt = TextStim(__class__=<class 'psychopy.visual.text.TextStim'>, alignHoriz=method-wrapper(...), alignText='center', alignVert=method-wrapper(...), anchorHoriz='center', anchorVert='center', antialias=True, autoDraw=False, autoLog=True, bold=False, color=array([0.5216, 0.5216, 0.5216]), colorSpace='rgb', contrast=1.0, depth=-6.0, flipHoriz=False, flipVert=False, font='Arial', fontFiles=[], height=0.1, italic=False, languageStyle='LTR', name='realGainTxt', opacity=1.0, ori=0, pos=array([0., 0.]), rgb=UNKNOWN, text='', units='height', win=Window(...), wrapWidth=1)
40.2542 	EXP 	Created realSafeTxt = TextStim(__class__=<class 'psychopy.visual.text.TextStim'>, alignHoriz=method-wrapper(...), alignText='center', alignVert=method-wrapper(...), anchorHoriz='center', anchorVert='center', antialias=True, autoDraw=False, autoLog=True, bold=False, color=array([0.5216, 0.5216, 0.5216]), colorSpace='rgb', contrast=1.0, depth=-7.0, flipHoriz=False, flipVert=False, font='Arial', fontFiles=[], height=0.1, italic=False, languageStyle='LTR', name='realSafeTxt', opacity=1.0, ori=0, pos=array([0., 0.]), rgb=UNKNOWN, text='', units='height', win=Window(...), wrapWidth=1)
40.2577 	EXP 	Created realVleft = TextStim(__class__=<class 'psychopy.visual.text.TextStim'>, alignHoriz=method-wrapper(...), alignText='center', alignVert=method-wrapper(...), anchorHoriz='center', anchorVert='center', antialias=True, autoDraw=False, autoLog=True, bold=False, color=array([-0.0667,  0.6392,  1.    ]), colorSpace='rgb', contrast=1.0, depth=-8.0, flipHoriz=False, flipVert=False, font='Arial', fontFiles=[], height=0.05, italic=False, languageStyle='LTR', name='realVleft', opacity=1.0, ori=0, pos=array([-0.35, -0.35]), rgb=UNKNOWN, text='V-Left', units='height', win=Window(...), wrapWidth=1)
40.2609 	EXP 	Created realNright = TextStim(__class__=<class 'psychopy.visual.text.TextStim'>, alignHoriz=method-wrapper(...), alignText='center', alignVert=method-wrapper(...), anchorHoriz='center', anchorVert='center', antialias=True, autoDraw=False, autoLog=True, bold=False, color=array([-0.0667,  0.6392,  1.    ]), colorSpace='rgb', contrast=1.0, depth=-9.0, flipHoriz=False, flipVert=False, font='Arial', fontFiles=[], height=0.05, italic=False, languageStyle='LTR', name='realNright', opacity=1.0, ori=0, pos=array([ 0.35, -0.35]), rgb=UNKNOWN, text='N-Right', units='height', win=Window(...), wrapWidth=1)
40.2627 	EXP 	Created isiRealFix = TextStim(__class__=<class 'psychopy.visual.text.TextStim'>, alignHoriz=method-wrapper(...), alignText='center', alignVert=method-wrapper(...), anchorHoriz='center', anchorVert='center', antialias=True, autoDraw=False, autoLog=True, bold=False, color=array([-0.0667,  0.6392,  1.    ]), colorSpace='rgb', contrast=1.0, depth=0.0, flipHoriz=False, flipVert=False, font='Arial', fontFiles=[], height=0.05, italic=False, languageStyle='LTR', name='isiRealFix', opacity=1.0, ori=0, pos=array([0., 0.]), rgb=UNKNOWN, text='+', units='height', win=Window(...), wrapWidth=1)
40.2658 	EXP 	Created statNoRespTxt = TextStim(__class__=<class 'psychopy.visual.text.TextStim'>, alignHoriz=method-wrapper(...), alignText='center', alignVert=method-wrapper(...), anchorHoriz='center', anchorVert='center', antialias=True, autoDraw=False, autoLog=True, bold=False, color=array([-0.0667,  0.6392,  1.    ]), colorSpace='rgb', contrast=1.0, depth=-1.0, flipHoriz=False, flipVert=False, font='Arial', fontFiles=[], height=0.08, italic=False, languageStyle='LTR', name='statNoRespTxt', opacity=1.0, ori=0, pos=array([0., 0.]), rgb=UNKNOWN, text='You did not respond in time\n', units='height', win=Window(...), wrapWidth=1)
40.2703 	EXP 	Created statRiskOC = ShapeStim(__class__=<class 'psychopy.visual.shape.ShapeStim'>, anchor=('center', 'center'), autoDraw=False, autoLog=True, closeShape=True, color=method-wrapper(...), colorSpace='rgb', contrast=None, depth=-2.0, fillColor=array([-0.0667,  0.6392,  1.    ]), fillColorSpace='rgb', fillRGB=array([-0.0667,  0.6392,  1.    ]), interpolate=True, lineColor=array([-0.0667,  0.6392,  1.    ]), lineColorSpace='rgb', lineRGB=array([-0.0667,  0.6392,  1.    ]), lineWidth=1, name='statRiskOC', opacity=1.0, ori=0.0, pos=array([0., 0.]), size=array([0.5, 0.5]), units='height', vertices=ndarray(...), win=Window(...), windingRule=None)
40.2738 	EXP 	Created statSafeOC = ShapeStim(__class__=<class 'psychopy.visual.shape.ShapeStim'>, anchor=('center', 'center'), autoDraw=False, autoLog=True, closeShape=True, color=method-wrapper(...), colorSpace='rgb', contrast=None, depth=-3.0, fillColor=array([-0.0667,  0.6392,  1.    ]), fillColorSpace='rgb', fillRGB=array([-0.0667,  0.6392,  1.    ]), interpolate=True, lineColor=array([-0.0667,  0.6392,  1.    ]), lineColorSpace='rgb', lineRGB=array([-0.0667,  0.6392,  1.    ]), lineWidth=1, name='statSafeOC', opacity=1.0, ori=0.0, pos=array([0., 0.]), size=array([0.5, 0.5]), units='height', vertices=ndarray(...), win=Window(...), windingRule=None)
40.2745 	EXP 	Created statOCtxt = TextStim(__class__=<class 'psychopy.visual.text.TextStim'>, alignHoriz=method-wrapper(...), alignText='center', alignVert=method-wrapper(...), anchorHoriz='center', anchorVert='center', antialias=True, autoDraw=False, autoLog=True, bold=False, color=array([1, 1, 1]), colorSpace='rgb', contrast=1.0, depth=-4.0, flipHoriz=False, flipVert=False, font='Arial', fontFiles=[], height=0.1, italic=False, languageStyle='LTR', name='statOCtxt', opacity=1.0, ori=0, pos=array([0., 0.]), rgb=UNKNOWN, text='', units='height', win=Window(...), wrapWidth=1)
40.2757 	EXP 	Created statHideRisk = ShapeStim(__class__=<class 'psychopy.visual.shape.ShapeStim'>, anchor=('center', 'center'), autoDraw=False, autoLog=True, closeShape=True, color=method-wrapper(...), colorSpace='rgb', contrast=None, depth=-5.0, fillColor=array([0.5216, 0.5216, 0.5216]), fillColorSpace='rgb', fillRGB=array([0.5216, 0.5216, 0.5216]), interpolate=True, lineColor=array([0.5216, 0.5216, 0.5216]), lineColorSpace='rgb', lineRGB=array([0.5216, 0.5216, 0.5216]), lineWidth=1, name='statHideRisk', opacity=1.0, ori=0.0, pos=array([0., 0.]), size=array([0.6, 0.3]), units='height', vertices=ndarray(...), win=Window(...), windingRule=None)
40.2775 	EXP 	Created itiRealFix = TextStim(__class__=<class 'psychopy.visual.text.TextStim'>, alignHoriz=method-wrapper(...), alignText='center', alignVert=method-wrapper(...), anchorHoriz='center', anchorVert='center', antialias=True, autoDraw=False, autoLog=True, bold=False, color=array([-0.0667,  0.6392,  1.    ]), colorSpace='rgb', contrast=1.0, depth=0.0, flipHoriz=False, flipVert=False, font='Arial', fontFiles=[], height=0.05, italic=False, languageStyle='LTR', name='itiRealFix', opacity=1.0, ori=0, pos=array([0., 0.]), rgb=UNKNOWN, text='+', units='height', win=Window(...), wrapWidth=1)
40.2873 	EXP 	Created setupBestFitTxt = TextStim(__class__=<class 'psychopy.visual.text.TextStim'>, alignHoriz=method-wrapper(...), alignText='center', alignVert=method-wrapper(...), anchorHoriz='center', anchorVert='center', antialias=True, autoDraw=False, autoLog=True, bold=False, color=array([-0.0667,  0.6392,  1.    ]), colorSpace='rgb', contrast=1.0, depth=-4.0, flipHoriz=False, flipVert=False, font='Arial', fontFiles=[], height=0.05, italic=False, languageStyle='LTR', name='setupBestFitTxt', opacity=1.0, ori=0.0, pos=array([0., 0.]), rgb=UNKNOWN, text=str(...), units='height', win=Window(...), wrapWidth=1.5)
40.2895 	EXP 	Created loadDynaChoicesTxt = TextStim(__class__=<class 'psychopy.visual.text.TextStim'>, alignHoriz=method-wrapper(...), alignText='center', alignVert=method-wrapper(...), anchorHoriz='center', anchorVert='center', antialias=True, autoDraw=False, autoLog=True, bold=False, color=array([1, 1, 1]), colorSpace='rgb', contrast=1.0, depth=0.0, flipHoriz=False, flipVert=False, font='Open Sans', fontFiles=[], height=0.05, italic=False, languageStyle='LTR', name='loadDynaChoicesTxt', opacity=1.0, ori=0.0, pos=array([0., 0.]), rgb=UNKNOWN, text='', units='height', win=Window(...), wrapWidth=1)
40.2954 	EXP 	Created dynaStartTxt = TextStim(__class__=<class 'psychopy.visual.text.TextStim'>, alignHoriz=method-wrapper(...), alignText='center', alignVert=method-wrapper(...), anchorHoriz='center', anchorVert='center', antialias=True, autoDraw=False, autoLog=True, bold=False, color=array([-0.0667,  0.6392,  1.    ]), colorSpace='rgb', contrast=1.0, depth=0.0, flipHoriz=False, flipVert=False, font='Arial', fontFiles=[], height=0.05, italic=False, languageStyle='LTR', name='dynaStartTxt', opacity=1.0, ori=0.0, pos=array([0., 0.]), rgb=UNKNOWN, text=str(...), units='height', win=Window(...), wrapWidth=1.5)
40.2990 	EXP 	Created realCircLeft = ShapeStim(__class__=<class 'psychopy.visual.shape.ShapeStim'>, anchor=('center', 'center'), autoDraw=False, autoLog=True, closeShape=True, color=method-wrapper(...), colorSpace='rgb', contrast=None, depth=-1.0, fillColor=array([-0.0667,  0.6392,  1.    ]), fillColorSpace='rgb', fillRGB=array([-0.0667,  0.6392,  1.    ]), interpolate=True, lineColor=array([-0.0667,  0.6392,  1.    ]), lineColorSpace='rgb', lineRGB=array([-0.0667,  0.6392,  1.    ]), lineWidth=1, name='realCircLeft', opacity=1.0, ori=0.0, pos=array([-0.35,  0.  ]), size=array([0.5, 0.5]), units='height', vertices=ndarray(...), win=Window(...), windingRule=None)
40.3026 	EXP 	Created realCircRight = ShapeStim(__class__=<class 'psychopy.visual.shape.ShapeStim'>, anchor=('center', 'center'), autoDraw=False, autoLog=True, closeShape=True, color=method-wrapper(...), colorSpace='rgb', contrast=None, depth=-2.0, fillColor=array([1, 1, 1]), fillColorSpace='rgb', fillRGB=array([1, 1, 1]), interpolate=True, lineColor=array([1, 1, 1]), lineColorSpace='rgb', lineRGB=array([1, 1, 1]), lineWidth=1, name='realCircRight', opacity=1.0, ori=0.0, pos=array([0.35, 0.  ]), size=array([0.5, 0.5]), units='height', vertices=ndarray(...), win=Window(...), windingRule=None)
40.3038 	EXP 	Created realRiskLine = ShapeStim(__class__=<class 'psychopy.visual.shape.ShapeStim'>, anchor=('center', 'center'), autoDraw=False, autoLog=True, closeShape=True, color=method-wrapper(...), colorSpace='rgb', contrast=None, depth=-3.0, fillColor=array([0.5216, 0.5216, 0.5216]), fillColorSpace='rgb', fillRGB=array([0.5216, 0.5216, 0.5216]), interpolate=True, lineColor=array([0.5216, 0.5216, 0.5216]), lineColorSpace='rgb', lineRGB=array([0.5216, 0.5216, 0.5216]), lineWidth=3, name='realRiskLine', opacity=1.0, ori=0.0, pos=array([0., 0.]), size=array([0.5 , 0.01]), units='height', vertices=ndarray(...), win=Window(...), windingRule=None)
40.3057 	EXP 	Created realORtxt = TextStim(__class__=<class 'psychopy.visual.text.TextStim'>, alignHoriz=method-wrapper(...), alignText='center', alignVert=method-wrapper(...), anchorHoriz='center', anchorVert='center', antialias=True, autoDraw=False, autoLog=True, bold=False, color=array([-0.0667,  0.6392,  1.    ]), colorSpace='rgb', contrast=1.0, depth=-4.0, flipHoriz=False, flipVert=False, font='Arial', fontFiles=[], height=0.05, italic=False, languageStyle='LTR', name='realORtxt', opacity=1.0, ori=0, pos=array([0., 0.]), rgb=UNKNOWN, text='OR', units='height', win=Window(...), wrapWidth=1)
40.3062 	EXP 	Created realLossTxt = TextStim(__class__=<class 'psychopy.visual.text.TextStim'>, alignHoriz=method-wrapper(...), alignText='center', alignVert=method-wrapper(...), anchorHoriz='center', anchorVert='center', antialias=True, autoDraw=False, autoLog=True, bold=False, color=array([0.5216, 0.5216, 0.5216]), colorSpace='rgb', contrast=1.0, depth=-5.0, flipHoriz=False, flipVert=False, font='Arial', fontFiles=[], height=0.1, italic=False, languageStyle='LTR', name='realLossTxt', opacity=1.0, ori=0, pos=array([0., 0.]), rgb=UNKNOWN, text='', units='height', win=Window(...), wrapWidth=1)
40.3068 	EXP 	Created realGainTxt = TextStim(__class__=<class 'psychopy.visual.text.TextStim'>, alignHoriz=method-wrapper(...), alignText='center', alignVert=method-wrapper(...), anchorHoriz='center', anchorVert='center', antialias=True, autoDraw=False, autoLog=True, bold=False, color=array([0.5216, 0.5216, 0.5216]), colorSpace='rgb', contrast=1.0, depth=-6.0, flipHoriz=False, flipVert=False, font='Arial', fontFiles=[], height=0.1, italic=False, languageStyle='LTR', name='realGainTxt', opacity=1.0, ori=0, pos=array([0., 0.]), rgb=UNKNOWN, text='', units='height', win=Window(...), wrapWidth=1)
40.3073 	EXP 	Created realSafeTxt = TextStim(__class__=<class 'psychopy.visual.text.TextStim'>, alignHoriz=method-wrapper(...), alignText='center', alignVert=method-wrapper(...), anchorHoriz='center', anchorVert='center', antialias=True, autoDraw=False, autoLog=True, bold=False, color=array([0.5216, 0.5216, 0.5216]), colorSpace='rgb', contrast=1.0, depth=-7.0, flipHoriz=False, flipVert=False, font='Arial', fontFiles=[], height=0.1, italic=False, languageStyle='LTR', name='realSafeTxt', opacity=1.0, ori=0, pos=array([0., 0.]), rgb=UNKNOWN, text='', units='height', win=Window(...), wrapWidth=1)
40.3097 	EXP 	Created realVleft = TextStim(__class__=<class 'psychopy.visual.text.TextStim'>, alignHoriz=method-wrapper(...), alignText='center', alignVert=method-wrapper(...), anchorHoriz='center', anchorVert='center', antialias=True, autoDraw=False, autoLog=True, bold=False, color=array([-0.0667,  0.6392,  1.    ]), colorSpace='rgb', contrast=1.0, depth=-8.0, flipHoriz=False, flipVert=False, font='Arial', fontFiles=[], height=0.05, italic=False, languageStyle='LTR', name='realVleft', opacity=1.0, ori=0, pos=array([-0.35, -0.35]), rgb=UNKNOWN, text='V-Left', units='height', win=Window(...), wrapWidth=1)
40.3122 	EXP 	Created realNright = TextStim(__class__=<class 'psychopy.visual.text.TextStim'>, alignHoriz=method-wrapper(...), alignText='center', alignVert=method-wrapper(...), anchorHoriz='center', anchorVert='center', antialias=True, autoDraw=False, autoLog=True, bold=False, color=array([-0.0667,  0.6392,  1.    ]), colorSpace='rgb', contrast=1.0, depth=-9.0, flipHoriz=False, flipVert=False, font='Arial', fontFiles=[], height=0.05, italic=False, languageStyle='LTR', name='realNright', opacity=1.0, ori=0, pos=array([ 0.35, -0.35]), rgb=UNKNOWN, text='N-Right', units='height', win=Window(...), wrapWidth=1)
40.3140 	EXP 	Created isiRealFix = TextStim(__class__=<class 'psychopy.visual.text.TextStim'>, alignHoriz=method-wrapper(...), alignText='center', alignVert=method-wrapper(...), anchorHoriz='center', anchorVert='center', antialias=True, autoDraw=False, autoLog=True, bold=False, color=array([-0.0667,  0.6392,  1.    ]), colorSpace='rgb', contrast=1.0, depth=0.0, flipHoriz=False, flipVert=False, font='Arial', fontFiles=[], height=0.05, italic=False, languageStyle='LTR', name='isiRealFix', opacity=1.0, ori=0, pos=array([0., 0.]), rgb=UNKNOWN, text='+', units='height', win=Window(...), wrapWidth=1)
40.3172 	EXP 	Created dynaNoRespTxt = TextStim(__class__=<class 'psychopy.visual.text.TextStim'>, alignHoriz=method-wrapper(...), alignText='center', alignVert=method-wrapper(...), anchorHoriz='center', anchorVert='center', antialias=True, autoDraw=False, autoLog=True, bold=False, color=array([-0.0667,  0.6392,  1.    ]), colorSpace='rgb', contrast=1.0, depth=-1.0, flipHoriz=False, flipVert=False, font='Arial', fontFiles=[], height=0.08, italic=False, languageStyle='LTR', name='dynaNoRespTxt', opacity=1.0, ori=0, pos=array([0., 0.]), rgb=UNKNOWN, text='You did not respond in time\n', units='height', win=Window(...), wrapWidth=1)
40.3208 	EXP 	Created dynaRiskOC = ShapeStim(__class__=<class 'psychopy.visual.shape.ShapeStim'>, anchor=('center', 'center'), autoDraw=False, autoLog=True, closeShape=True, color=method-wrapper(...), colorSpace='rgb', contrast=None, depth=-2.0, fillColor=array([-0.0667,  0.6392,  1.    ]), fillColorSpace='rgb', fillRGB=array([-0.0667,  0.6392,  1.    ]), interpolate=True, lineColor=array([-0.0667,  0.6392,  1.    ]), lineColorSpace='rgb', lineRGB=array([-0.0667,  0.6392,  1.    ]), lineWidth=1, name='dynaRiskOC', opacity=1.0, ori=0.0, pos=array([0., 0.]), size=array([0.5, 0.5]), units='height', vertices=ndarray(...), win=Window(...), windingRule=None)
40.3242 	EXP 	Created dynaSafeOC = ShapeStim(__class__=<class 'psychopy.visual.shape.ShapeStim'>, anchor=('center', 'center'), autoDraw=False, autoLog=True, closeShape=True, color=method-wrapper(...), colorSpace='rgb', contrast=None, depth=-3.0, fillColor=array([-0.0667,  0.6392,  1.    ]), fillColorSpace='rgb', fillRGB=array([-0.0667,  0.6392,  1.    ]), interpolate=True, lineColor=array([-0.0667,  0.6392,  1.    ]), lineColorSpace='rgb', lineRGB=array([-0.0667,  0.6392,  1.    ]), lineWidth=1, name='dynaSafeOC', opacity=1.0, ori=0.0, pos=array([0., 0.]), size=array([0.5, 0.5]), units='height', vertices=ndarray(...), win=Window(...), windingRule=None)
40.3249 	EXP 	Created dynaOCtxt = TextStim(__class__=<class 'psychopy.visual.text.TextStim'>, alignHoriz=method-wrapper(...), alignText='center', alignVert=method-wrapper(...), anchorHoriz='center', anchorVert='center', antialias=True, autoDraw=False, autoLog=True, bold=False, color=array([1, 1, 1]), colorSpace='rgb', contrast=1.0, depth=-4.0, flipHoriz=False, flipVert=False, font='Arial', fontFiles=[], height=0.1, italic=False, languageStyle='LTR', name='dynaOCtxt', opacity=1.0, ori=0, pos=array([0., 0.]), rgb=UNKNOWN, text='', units='height', win=Window(...), wrapWidth=1)
40.3261 	EXP 	Created dynaHideRisk = ShapeStim(__class__=<class 'psychopy.visual.shape.ShapeStim'>, anchor=('center', 'center'), autoDraw=False, autoLog=True, closeShape=True, color=method-wrapper(...), colorSpace='rgb', contrast=None, depth=-5.0, fillColor=array([0.5216, 0.5216, 0.5216]), fillColorSpace='rgb', fillRGB=array([0.5216, 0.5216, 0.5216]), interpolate=True, lineColor=array([0.5216, 0.5216, 0.5216]), lineColorSpace='rgb', lineRGB=array([0.5216, 0.5216, 0.5216]), lineWidth=1, name='dynaHideRisk', opacity=1.0, ori=0.0, pos=array([0., 0.]), size=array([0.6, 0.3]), units='height', vertices=ndarray(...), win=Window(...), windingRule=None)
40.3278 	EXP 	Created itiRealFix = TextStim(__class__=<class 'psychopy.visual.text.TextStim'>, alignHoriz=method-wrapper(...), alignText='center', alignVert=method-wrapper(...), anchorHoriz='center', anchorVert='center', antialias=True, autoDraw=False, autoLog=True, bold=False, color=array([-0.0667,  0.6392,  1.    ]), colorSpace='rgb', contrast=1.0, depth=0.0, flipHoriz=False, flipVert=False, font='Arial', fontFiles=[], height=0.05, italic=False, languageStyle='LTR', name='itiRealFix', opacity=1.0, ori=0, pos=array([0., 0.]), rgb=UNKNOWN, text='+', units='height', win=Window(...), wrapWidth=1)
40.3447 	EXP 	Created cgeRDMendTxt = TextStim(__class__=<class 'psychopy.visual.text.TextStim'>, alignHoriz=method-wrapper(...), alignText='center', alignVert=method-wrapper(...), anchorHoriz='center', anchorVert='center', antialias=True, autoDraw=False, autoLog=True, bold=False, color=array([-0.0667,  0.6392,  1.    ]), colorSpace='rgb', contrast=1.0, depth=0.0, flipHoriz=False, flipVert=False, font='Arial', fontFiles=[], height=0.05, italic=False, languageStyle='LTR', name='cgeRDMendTxt', opacity=1.0, ori=0.0, pos=array([0., 0.]), rgb=UNKNOWN, text=str(...), units='height', win=Window(...), wrapWidth=1.5)
40.3539 	EXP 	Created ThankYou = TextStim(__class__=<class 'psychopy.visual.text.TextStim'>, alignHoriz=method-wrapper(...), alignText='center', alignVert=method-wrapper(...), anchorHoriz='center', anchorVert='center', antialias=True, autoDraw=False, autoLog=True, bold=False, color=array([-0.0667,  0.6392,  1.    ]), colorSpace='rgb', contrast=1.0, depth=0.0, flipHoriz=False, flipVert=False, font='Arial', fontFiles=[], height=0.05, italic=False, languageStyle='LTR', name='ThankYou', opacity=1.0, ori=0.0, pos=array([0., 0.]), rgb=UNKNOWN, text=str(...), units='height', win=Window(...), wrapWidth=1.5)
40.3618 	EXP 	cgeRDMstartTxt: autoDraw = True
41.8024 	DATA 	Keypress: return
42.4026 	DATA 	Keypress: return
42.4165 	EXP 	cgeRDMstartTxt: autoDraw = False
42.4165 	EXP 	pracStartTxt: autoDraw = True
44.1152 	DATA 	Keypress: v
44.6480 	DATA 	Keypress: v
44.6697 	EXP 	Imported cgeRDMPractice.xlsx as conditions, 4 conditions, 6 params
44.6701 	EXP 	Created sequence: sequential, trialTypes=4, nReps=1, seed=None
44.6703 	EXP 	New trial (rep=0, index=0): {'riskyGain': 18.23, 'riskyLoss': 0, 'alternative': 9.45, 'isi': 1, 'iti': 3, 'loc': 1}
44.6901 	EXP 	pracStartTxt: autoDraw = False
44.6901 	EXP 	pracCircRight: fillColor = <psychopy.colors.Color: (-0.07, 0.64, 1.0, 1.0)>
44.6901 	EXP 	pracCircRight: borderColor = <psychopy.colors.Color: (-0.07, 0.64, 1.0, 1.0)>
44.6901 	EXP 	pracLossTxt: height = 0.1
44.6901 	EXP 	pracLossTxt: height = 0.1
44.6901 	EXP 	pracLossTxt: height = 0.1
44.6901 	EXP 	pracLossTxt: text = '$0'
44.6901 	EXP 	pracGainTxt: height = 0.1
44.6901 	EXP 	pracGainTxt: height = 0.1
44.6901 	EXP 	pracGainTxt: height = 0.1
44.6901 	EXP 	pracGainTxt: text = '$18.23'
44.6901 	EXP 	pracSafeTxt: height = 0.1
44.6901 	EXP 	pracSafeTxt: height = 0.1
44.6901 	EXP 	pracSafeTxt: height = 0.1
44.6901 	EXP 	pracSafeTxt: text = '$9.45'
44.6901 	EXP 	pracCircLeft: autoDraw = True
44.6901 	EXP 	pracCircRight: autoDraw = True
44.6901 	EXP 	pracRiskLine: autoDraw = True
44.6901 	EXP 	pracORtxt: autoDraw = True
44.6901 	EXP 	pracLossTxt: autoDraw = True
44.6901 	EXP 	pracGainTxt: autoDraw = True
44.6901 	EXP 	pracSafeTxt: autoDraw = True
44.6901 	EXP 	pracVleft: autoDraw = True
44.6901 	EXP 	pracNright: autoDraw = True
46.3963 	DATA 	Keypress: v
46.4105 	EXP 	pracCircLeft: autoDraw = False
46.4105 	EXP 	pracCircRight: autoDraw = False
46.4105 	EXP 	pracRiskLine: autoDraw = False
46.4105 	EXP 	pracORtxt: autoDraw = False
46.4105 	EXP 	pracLossTxt: autoDraw = False
46.4105 	EXP 	pracGainTxt: autoDraw = False
46.4105 	EXP 	pracSafeTxt: autoDraw = False
46.4105 	EXP 	pracVleft: autoDraw = False
46.4105 	EXP 	pracNright: autoDraw = False
46.4105 	EXP 	isiPracFix: autoDraw = True
47.4259 	EXP 	isiPracFix: autoDraw = False
47.4259 	EXP 	isiPracFix: autoDraw = False
47.4259 	EXP 	pracOCtxt: foreColor = <psychopy.colors.Color: (0.52, 0.52, 0.52, 1.0)>
47.4259 	EXP 	pracOCtxt: height = 0.1
47.4259 	EXP 	pracOCtxt: height = 0.1
47.4259 	EXP 	pracOCtxt: height = 0.1
47.4259 	EXP 	pracOCtxt: text = '$0'
47.4259 	EXP 	pracNoRespTxt: autoDraw = True
47.4259 	EXP 	pracRiskOC: autoDraw = True
47.4259 	EXP 	pracSafeOC: autoDraw = True
47.4259 	EXP 	pracOCtxt: autoDraw = True
47.4259 	EXP 	pracHideRisk: autoDraw = True
48.4408 	EXP 	pracNoRespTxt: autoDraw = False
48.4408 	EXP 	pracRiskOC: autoDraw = False
48.4408 	EXP 	pracSafeOC: autoDraw = False
48.4408 	EXP 	pracOCtxt: autoDraw = False
48.4408 	EXP 	pracHideRisk: autoDraw = False
48.4408 	EXP 	itiPracFix: autoDraw = True
51.4370 	EXP 	New trial (rep=0, index=1): {'riskyGain': 53.27, 'riskyLoss': 0, 'alternative': 35.16, 'isi': 1, 'iti': 3.5, 'loc': 1}
51.4532 	EXP 	itiPracFix: autoDraw = False
51.4532 	EXP 	itiPracFix: autoDraw = False
51.4532 	EXP 	pracCircRight: fillColor = <psychopy.colors.Color: (-0.07, 0.64, 1.0, 1.0)>
51.4532 	EXP 	pracCircRight: borderColor = <psychopy.colors.Color: (-0.07, 0.64, 1.0, 1.0)>
51.4532 	EXP 	pracLossTxt: text = '$0'
51.4532 	EXP 	pracGainTxt: height = 0.1
51.4532 	EXP 	pracGainTxt: height = 0.1
51.4532 	EXP 	pracGainTxt: height = 0.1
51.4532 	EXP 	pracGainTxt: text = '$53.27'
51.4532 	EXP 	pracSafeTxt: height = 0.1
51.4532 	EXP 	pracSafeTxt: height = 0.1
51.4532 	EXP 	pracSafeTxt: height = 0.1
51.4532 	EXP 	pracSafeTxt: text = '$35.16'
51.4532 	EXP 	pracCircLeft: autoDraw = True
51.4532 	EXP 	pracCircRight: autoDraw = True
51.4532 	EXP 	pracRiskLine: autoDraw = True
51.4532 	EXP 	pracORtxt: autoDraw = True
51.4532 	EXP 	pracLossTxt: autoDraw = True
51.4532 	EXP 	pracGainTxt: autoDraw = True
51.4532 	EXP 	pracSafeTxt: autoDraw = True
51.4532 	EXP 	pracVleft: autoDraw = True
51.4532 	EXP 	pracNright: autoDraw = True
52.2041 	DATA 	Keypress: n
52.2184 	EXP 	pracCircLeft: autoDraw = False
52.2184 	EXP 	pracCircRight: autoDraw = False
52.2184 	EXP 	pracRiskLine: autoDraw = False
52.2184 	EXP 	pracORtxt: autoDraw = False
52.2184 	EXP 	pracLossTxt: autoDraw = False
52.2184 	EXP 	pracGainTxt: autoDraw = False
52.2184 	EXP 	pracSafeTxt: autoDraw = False
52.2184 	EXP 	pracVleft: autoDraw = False
52.2184 	EXP 	pracNright: autoDraw = False
52.2184 	EXP 	isiPracFix: autoDraw = True
53.2337 	EXP 	isiPracFix: autoDraw = False
53.2337 	EXP 	isiPracFix: autoDraw = False
53.2337 	EXP 	pracOCtxt: foreColor = <psychopy.colors.Color: (0.52, 0.52, 0.52, 1.0)>
53.2337 	EXP 	pracOCtxt: height = 0.1
53.2337 	EXP 	pracOCtxt: height = 0.1
53.2337 	EXP 	pracOCtxt: height = 0.1
53.2337 	EXP 	pracOCtxt: text = '$35.16'
53.2337 	EXP 	pracNoRespTxt: autoDraw = True
53.2337 	EXP 	pracRiskOC: autoDraw = True
53.2337 	EXP 	pracSafeOC: autoDraw = True
53.2337 	EXP 	pracOCtxt: autoDraw = True
53.2337 	EXP 	pracHideRisk: autoDraw = True
54.2487 	EXP 	pracNoRespTxt: autoDraw = False
54.2487 	EXP 	pracRiskOC: autoDraw = False
54.2487 	EXP 	pracSafeOC: autoDraw = False
54.2487 	EXP 	pracOCtxt: autoDraw = False
54.2487 	EXP 	pracHideRisk: autoDraw = False
54.2487 	EXP 	itiPracFix: autoDraw = True
57.7441 	EXP 	New trial (rep=0, index=2): {'riskyGain': 8.27, 'riskyLoss': 0, 'alternative': 1.15, 'isi': 1, 'iti': 3, 'loc': 2}
57.7603 	EXP 	itiPracFix: autoDraw = False
57.7603 	EXP 	itiPracFix: autoDraw = False
57.7603 	EXP 	pracCircRight: fillColor = <psychopy.colors.Color: (-0.07, 0.64, 1.0, 1.0)>
57.7603 	EXP 	pracCircRight: borderColor = <psychopy.colors.Color: (-0.07, 0.64, 1.0, 1.0)>
57.7603 	EXP 	pracLossTxt: text = '$0'
57.7603 	EXP 	pracGainTxt: height = 0.1
57.7603 	EXP 	pracGainTxt: height = 0.1
57.7603 	EXP 	pracGainTxt: height = 0.1
57.7603 	EXP 	pracGainTxt: text = '$8.27'
57.7603 	EXP 	pracSafeTxt: height = 0.1
57.7603 	EXP 	pracSafeTxt: height = 0.1
57.7603 	EXP 	pracSafeTxt: height = 0.1
57.7603 	EXP 	pracSafeTxt: text = '$1.15'
57.7603 	EXP 	pracCircLeft: autoDraw = True
57.7603 	EXP 	pracCircRight: autoDraw = True
57.7603 	EXP 	pracRiskLine: autoDraw = True
57.7603 	EXP 	pracORtxt: autoDraw = True
57.7603 	EXP 	pracLossTxt: autoDraw = True
57.7603 	EXP 	pracGainTxt: autoDraw = True
57.7603 	EXP 	pracSafeTxt: autoDraw = True
57.7603 	EXP 	pracVleft: autoDraw = True
57.7603 	EXP 	pracNright: autoDraw = True
59.7592 	DATA 	Keypress: v
59.7736 	EXP 	pracCircLeft: autoDraw = False
59.7736 	EXP 	pracCircRight: autoDraw = False
59.7736 	EXP 	pracRiskLine: autoDraw = False
59.7736 	EXP 	pracORtxt: autoDraw = False
59.7736 	EXP 	pracLossTxt: autoDraw = False
59.7736 	EXP 	pracGainTxt: autoDraw = False
59.7736 	EXP 	pracSafeTxt: autoDraw = False
59.7736 	EXP 	pracVleft: autoDraw = False
59.7736 	EXP 	pracNright: autoDraw = False
59.7736 	EXP 	isiPracFix: autoDraw = True
60.7890 	EXP 	isiPracFix: autoDraw = False
60.7890 	EXP 	isiPracFix: autoDraw = False
60.7890 	EXP 	pracOCtxt: foreColor = <psychopy.colors.Color: (0.52, 0.52, 0.52, 1.0)>
60.7890 	EXP 	pracOCtxt: height = 0.1
60.7890 	EXP 	pracOCtxt: height = 0.1
60.7890 	EXP 	pracOCtxt: height = 0.1
60.7890 	EXP 	pracOCtxt: text = '$1.15'
60.7890 	EXP 	pracNoRespTxt: autoDraw = True
60.7890 	EXP 	pracRiskOC: autoDraw = True
60.7890 	EXP 	pracSafeOC: autoDraw = True
60.7890 	EXP 	pracOCtxt: autoDraw = True
60.7890 	EXP 	pracHideRisk: autoDraw = True
61.8041 	EXP 	pracNoRespTxt: autoDraw = False
61.8041 	EXP 	pracRiskOC: autoDraw = False
61.8041 	EXP 	pracSafeOC: autoDraw = False
61.8041 	EXP 	pracOCtxt: autoDraw = False
61.8041 	EXP 	pracHideRisk: autoDraw = False
61.8041 	EXP 	itiPracFix: autoDraw = True
64.8001 	EXP 	New trial (rep=0, index=3): {'riskyGain': 45.88, 'riskyLoss': 0, 'alternative': 40.41, 'isi': 1, 'iti': 3.5, 'loc': 1}
64.8164 	EXP 	itiPracFix: autoDraw = False
64.8164 	EXP 	itiPracFix: autoDraw = False
64.8164 	EXP 	pracCircRight: fillColor = <psychopy.colors.Color: (-0.07, 0.64, 1.0, 1.0)>
64.8164 	EXP 	pracCircRight: borderColor = <psychopy.colors.Color: (-0.07, 0.64, 1.0, 1.0)>
64.8164 	EXP 	pracLossTxt: text = '$0'
64.8164 	EXP 	pracGainTxt: height = 0.1
64.8164 	EXP 	pracGainTxt: height = 0.1
64.8164 	EXP 	pracGainTxt: height = 0.1
64.8164 	EXP 	pracGainTxt: text = '$45.88'
64.8164 	EXP 	pracSafeTxt: height = 0.1
64.8164 	EXP 	pracSafeTxt: height = 0.1
64.8164 	EXP 	pracSafeTxt: height = 0.1
64.8164 	EXP 	pracSafeTxt: text = '$40.41'
64.8164 	EXP 	pracCircLeft: autoDraw = True
64.8164 	EXP 	pracCircRight: autoDraw = True
64.8164 	EXP 	pracRiskLine: autoDraw = True
64.8164 	EXP 	pracORtxt: autoDraw = True
64.8164 	EXP 	pracLossTxt: autoDraw = True
64.8164 	EXP 	pracGainTxt: autoDraw = True
64.8164 	EXP 	pracSafeTxt: autoDraw = True
64.8164 	EXP 	pracVleft: autoDraw = True
64.8164 	EXP 	pracNright: autoDraw = True
66.4823 	DATA 	Keypress: n
66.4970 	EXP 	pracCircLeft: autoDraw = False
66.4970 	EXP 	pracCircRight: autoDraw = False
66.4970 	EXP 	pracRiskLine: autoDraw = False
66.4970 	EXP 	pracORtxt: autoDraw = False
66.4970 	EXP 	pracLossTxt: autoDraw = False
66.4970 	EXP 	pracGainTxt: autoDraw = False
66.4970 	EXP 	pracSafeTxt: autoDraw = False
66.4970 	EXP 	pracVleft: autoDraw = False
66.4970 	EXP 	pracNright: autoDraw = False
66.4970 	EXP 	isiPracFix: autoDraw = True
67.5121 	EXP 	isiPracFix: autoDraw = False
67.5121 	EXP 	isiPracFix: autoDraw = False
67.5121 	EXP 	pracOCtxt: foreColor = <psychopy.colors.Color: (0.52, 0.52, 0.52, 1.0)>
67.5121 	EXP 	pracOCtxt: height = 0.1
67.5121 	EXP 	pracOCtxt: height = 0.1
67.5121 	EXP 	pracOCtxt: height = 0.1
67.5121 	EXP 	pracOCtxt: text = '$40.41'
67.5121 	EXP 	pracNoRespTxt: autoDraw = True
67.5121 	EXP 	pracRiskOC: autoDraw = True
67.5121 	EXP 	pracSafeOC: autoDraw = True
67.5121 	EXP 	pracOCtxt: autoDraw = True
67.5121 	EXP 	pracHideRisk: autoDraw = True
68.5272 	EXP 	pracNoRespTxt: autoDraw = False
68.5272 	EXP 	pracRiskOC: autoDraw = False
68.5272 	EXP 	pracSafeOC: autoDraw = False
68.5272 	EXP 	pracOCtxt: autoDraw = False
68.5272 	EXP 	pracHideRisk: autoDraw = False
68.5272 	EXP 	itiPracFix: autoDraw = True
72.0385 	EXP 	itiPracFix: autoDraw = False
72.0385 	EXP 	itiPracFix: autoDraw = False
72.0385 	EXP 	statStartTxt: autoDraw = True
72.9426 	EXP 	Imported CGT-choice-set.csv as conditions, 4 conditions, 4 params
72.9430 	EXP 	Created sequence: random, trialTypes=4, nReps=1, seed=None
72.9432 	EXP 	New trial (rep=0, index=0): OrderedDict([('riskyoption1', 25.2), ('riskyoption2', 0.0), ('safeoption', 5.4), ('ischecktrial', 0)])
72.9534 	DATA 	Keypress: v
72.9568 	EXP 	statStartTxt: autoDraw = False
72.9568 	EXP 	realCircRight: fillColor = <psychopy.colors.Color: (-0.07, 0.64, 1.0, 1.0)>
72.9568 	EXP 	realCircRight: borderColor = <psychopy.colors.Color: (-0.07, 0.64, 1.0, 1.0)>
72.9568 	EXP 	realLossTxt: height = 0.1
72.9568 	EXP 	realLossTxt: height = 0.1
72.9568 	EXP 	realLossTxt: height = 0.1
72.9568 	EXP 	realLossTxt: text = '$0'
72.9568 	EXP 	realGainTxt: height = 0.1
72.9568 	EXP 	realGainTxt: height = 0.1
72.9568 	EXP 	realGainTxt: height = 0.1
72.9568 	EXP 	realGainTxt: text = '$25.20'
72.9568 	EXP 	realSafeTxt: height = 0.1
72.9568 	EXP 	realSafeTxt: height = 0.1
72.9568 	EXP 	realSafeTxt: height = 0.1
72.9568 	EXP 	realSafeTxt: text = '$5.40'
72.9568 	EXP 	realCircLeft: autoDraw = True
72.9568 	EXP 	realCircRight: autoDraw = True
72.9568 	EXP 	realRiskLine: autoDraw = True
72.9568 	EXP 	realORtxt: autoDraw = True
72.9568 	EXP 	realLossTxt: autoDraw = True
72.9568 	EXP 	realGainTxt: autoDraw = True
72.9568 	EXP 	realSafeTxt: autoDraw = True
72.9568 	EXP 	realVleft: autoDraw = True
72.9568 	EXP 	realNright: autoDraw = True
74.3042 	DATA 	Keypress: v
74.3185 	EXP 	realCircLeft: autoDraw = False
74.3185 	EXP 	realCircRight: autoDraw = False
74.3185 	EXP 	realRiskLine: autoDraw = False
74.3185 	EXP 	realORtxt: autoDraw = False
74.3185 	EXP 	realLossTxt: autoDraw = False
74.3185 	EXP 	realGainTxt: autoDraw = False
74.3185 	EXP 	realSafeTxt: autoDraw = False
74.3185 	EXP 	realVleft: autoDraw = False
74.3185 	EXP 	realNright: autoDraw = False
74.3185 	EXP 	isiRealFix: autoDraw = True
75.3338 	EXP 	isiRealFix: autoDraw = False
75.3338 	EXP 	statOCtxt: foreColor = <psychopy.colors.Color: (0.52, 0.52, 0.52, 1.0)>
75.3338 	EXP 	statOCtxt: height = 0.1
75.3338 	EXP 	statOCtxt: height = 0.1
75.3338 	EXP 	statOCtxt: height = 0.1
75.3338 	EXP 	statOCtxt: text = '$5.40'
75.3338 	EXP 	statNoRespTxt: autoDraw = True
75.3338 	EXP 	statRiskOC: autoDraw = True
75.3338 	EXP 	statSafeOC: autoDraw = True
75.3338 	EXP 	statOCtxt: autoDraw = True
75.3338 	EXP 	statHideRisk: autoDraw = True
76.3321 	EXP 	statNoRespTxt: autoDraw = False
76.3321 	EXP 	statRiskOC: autoDraw = False
76.3321 	EXP 	statSafeOC: autoDraw = False
76.3321 	EXP 	statOCtxt: autoDraw = False
76.3321 	EXP 	statHideRisk: autoDraw = False
76.3321 	EXP 	itiRealFix: autoDraw = True
79.3283 	EXP 	New trial (rep=0, index=1): OrderedDict([('riskyoption1', 20.03), ('riskyoption2', 0.0), ('safeoption', 1.99), ('ischecktrial', 0)])
79.3444 	EXP 	itiRealFix: autoDraw = False
79.3444 	EXP 	itiRealFix: autoDraw = False
79.3444 	EXP 	realCircRight: fillColor = <psychopy.colors.Color: (-0.07, 0.64, 1.0, 1.0)>
79.3444 	EXP 	realCircRight: borderColor = <psychopy.colors.Color: (-0.07, 0.64, 1.0, 1.0)>
79.3444 	EXP 	realLossTxt: text = '$0'
79.3444 	EXP 	realGainTxt: height = 0.1
79.3444 	EXP 	realGainTxt: height = 0.1
79.3444 	EXP 	realGainTxt: height = 0.1
79.3444 	EXP 	realGainTxt: text = '$20.03'
79.3444 	EXP 	realSafeTxt: height = 0.1
79.3444 	EXP 	realSafeTxt: height = 0.1
79.3444 	EXP 	realSafeTxt: height = 0.1
79.3444 	EXP 	realSafeTxt: text = '$1.99'
79.3444 	EXP 	realCircLeft: autoDraw = True
79.3444 	EXP 	realCircRight: autoDraw = True
79.3444 	EXP 	realRiskLine: autoDraw = True
79.3444 	EXP 	realORtxt: autoDraw = True
79.3444 	EXP 	realLossTxt: autoDraw = True
79.3444 	EXP 	realGainTxt: autoDraw = True
79.3444 	EXP 	realSafeTxt: autoDraw = True
79.3444 	EXP 	realVleft: autoDraw = True
79.3444 	EXP 	realNright: autoDraw = True
80.3116 	DATA 	Keypress: n
80.3262 	EXP 	realCircLeft: autoDraw = False
80.3262 	EXP 	realCircRight: autoDraw = False
80.3262 	EXP 	realRiskLine: autoDraw = False
80.3262 	EXP 	realORtxt: autoDraw = False
80.3262 	EXP 	realLossTxt: autoDraw = False
80.3262 	EXP 	realGainTxt: autoDraw = False
80.3262 	EXP 	realSafeTxt: autoDraw = False
80.3262 	EXP 	realVleft: autoDraw = False
80.3262 	EXP 	realNright: autoDraw = False
80.3262 	EXP 	isiRealFix: autoDraw = True
81.3414 	EXP 	isiRealFix: autoDraw = False
81.3414 	EXP 	statOCtxt: foreColor = <psychopy.colors.Color: (0.52, 0.52, 0.52, 1.0)>
81.3414 	EXP 	statOCtxt: height = 0.1
81.3414 	EXP 	statOCtxt: height = 0.1
81.3414 	EXP 	statOCtxt: height = 0.1
81.3414 	EXP 	statOCtxt: text = '$0'
81.3414 	EXP 	statNoRespTxt: autoDraw = True
81.3414 	EXP 	statRiskOC: autoDraw = True
81.3414 	EXP 	statSafeOC: autoDraw = True
81.3414 	EXP 	statOCtxt: autoDraw = True
81.3414 	EXP 	statHideRisk: autoDraw = True
82.3397 	EXP 	statNoRespTxt: autoDraw = False
82.3397 	EXP 	statRiskOC: autoDraw = False
82.3397 	EXP 	statSafeOC: autoDraw = False
82.3397 	EXP 	statOCtxt: autoDraw = False
82.3397 	EXP 	statHideRisk: autoDraw = False
82.3397 	EXP 	itiRealFix: autoDraw = True
85.8351 	EXP 	New trial (rep=0, index=2): OrderedDict([('riskyoption1', 28.21), ('riskyoption2', 0.0), ('safeoption', 3.89), ('ischecktrial', 0)])
85.8514 	EXP 	itiRealFix: autoDraw = False
85.8514 	EXP 	itiRealFix: autoDraw = False
85.8514 	EXP 	realCircRight: fillColor = <psychopy.colors.Color: (-0.07, 0.64, 1.0, 1.0)>
85.8514 	EXP 	realCircRight: borderColor = <psychopy.colors.Color: (-0.07, 0.64, 1.0, 1.0)>
85.8514 	EXP 	realLossTxt: text = '$0'
85.8514 	EXP 	realGainTxt: height = 0.1
85.8514 	EXP 	realGainTxt: height = 0.1
85.8514 	EXP 	realGainTxt: height = 0.1
85.8514 	EXP 	realGainTxt: text = '$28.21'
85.8514 	EXP 	realSafeTxt: height = 0.1
85.8514 	EXP 	realSafeTxt: height = 0.1
85.8514 	EXP 	realSafeTxt: height = 0.1
85.8514 	EXP 	realSafeTxt: text = '$3.89'
85.8514 	EXP 	realCircLeft: autoDraw = True
85.8514 	EXP 	realCircRight: autoDraw = True
85.8514 	EXP 	realRiskLine: autoDraw = True
85.8514 	EXP 	realORtxt: autoDraw = True
85.8514 	EXP 	realLossTxt: autoDraw = True
85.8514 	EXP 	realGainTxt: autoDraw = True
85.8514 	EXP 	realSafeTxt: autoDraw = True
85.8514 	EXP 	realVleft: autoDraw = True
85.8514 	EXP 	realNright: autoDraw = True
86.6187 	DATA 	Keypress: v
86.6332 	EXP 	realCircLeft: autoDraw = False
86.6332 	EXP 	realCircRight: autoDraw = False
86.6332 	EXP 	realRiskLine: autoDraw = False
86.6332 	EXP 	realORtxt: autoDraw = False
86.6332 	EXP 	realLossTxt: autoDraw = False
86.6332 	EXP 	realGainTxt: autoDraw = False
86.6332 	EXP 	realSafeTxt: autoDraw = False
86.6332 	EXP 	realVleft: autoDraw = False
86.6332 	EXP 	realNright: autoDraw = False
86.6332 	EXP 	isiRealFix: autoDraw = True
87.6485 	EXP 	isiRealFix: autoDraw = False
87.6485 	EXP 	statOCtxt: foreColor = <psychopy.colors.Color: (0.52, 0.52, 0.52, 1.0)>
87.6485 	EXP 	statOCtxt: height = 0.1
87.6485 	EXP 	statOCtxt: height = 0.1
87.6485 	EXP 	statOCtxt: height = 0.1
87.6485 	EXP 	statOCtxt: text = '$3.89'
87.6485 	EXP 	statNoRespTxt: autoDraw = True
87.6485 	EXP 	statRiskOC: autoDraw = True
87.6485 	EXP 	statSafeOC: autoDraw = True
87.6485 	EXP 	statOCtxt: autoDraw = True
87.6485 	EXP 	statHideRisk: autoDraw = True
88.6468 	EXP 	statNoRespTxt: autoDraw = False
88.6468 	EXP 	statRiskOC: autoDraw = False
88.6468 	EXP 	statSafeOC: autoDraw = False
88.6468 	EXP 	statOCtxt: autoDraw = False
88.6468 	EXP 	statHideRisk: autoDraw = False
88.6468 	EXP 	itiRealFix: autoDraw = True
92.1423 	EXP 	New trial (rep=0, index=3): OrderedDict([('riskyoption1', 17.73), ('riskyoption2', 0.0), ('safeoption', 3.13), ('ischecktrial', 0)])
92.1585 	EXP 	itiRealFix: autoDraw = False
92.1585 	EXP 	itiRealFix: autoDraw = False
92.1585 	EXP 	realCircRight: fillColor = <psychopy.colors.Color: (-0.07, 0.64, 1.0, 1.0)>
92.1585 	EXP 	realCircRight: borderColor = <psychopy.colors.Color: (-0.07, 0.64, 1.0, 1.0)>
92.1585 	EXP 	realLossTxt: text = '$0'
92.1585 	EXP 	realGainTxt: height = 0.1
92.1585 	EXP 	realGainTxt: height = 0.1
92.1585 	EXP 	realGainTxt: height = 0.1
92.1585 	EXP 	realGainTxt: text = '$17.73'
92.1585 	EXP 	realSafeTxt: height = 0.1
92.1585 	EXP 	realSafeTxt: height = 0.1
92.1585 	EXP 	realSafeTxt: height = 0.1
92.1585 	EXP 	realSafeTxt: text = '$3.13'
92.1585 	EXP 	realCircLeft: autoDraw = True
92.1585 	EXP 	realCircRight: autoDraw = True
92.1585 	EXP 	realRiskLine: autoDraw = True
92.1585 	EXP 	realORtxt: autoDraw = True
92.1585 	EXP 	realLossTxt: autoDraw = True
92.1585 	EXP 	realGainTxt: autoDraw = True
92.1585 	EXP 	realSafeTxt: autoDraw = True
92.1585 	EXP 	realVleft: autoDraw = True
92.1585 	EXP 	realNright: autoDraw = True
95.0568 	DATA 	Keypress: v
95.0872 	EXP 	realCircLeft: autoDraw = False
95.0872 	EXP 	realCircRight: autoDraw = False
95.0872 	EXP 	realRiskLine: autoDraw = False
95.0872 	EXP 	realORtxt: autoDraw = False
95.0872 	EXP 	realLossTxt: autoDraw = False
95.0872 	EXP 	realGainTxt: autoDraw = False
95.0872 	EXP 	realSafeTxt: autoDraw = False
95.0872 	EXP 	realVleft: autoDraw = False
95.0872 	EXP 	realNright: autoDraw = False
95.0872 	EXP 	isiRealFix: autoDraw = True
96.1026 	EXP 	isiRealFix: autoDraw = False
96.1026 	EXP 	statOCtxt: foreColor = <psychopy.colors.Color: (0.52, 0.52, 0.52, 1.0)>
96.1026 	EXP 	statOCtxt: height = 0.1
96.1026 	EXP 	statOCtxt: height = 0.1
96.1026 	EXP 	statOCtxt: height = 0.1
96.1026 	EXP 	statOCtxt: text = '$17.73'
96.1026 	EXP 	statNoRespTxt: autoDraw = True
96.1026 	EXP 	statRiskOC: autoDraw = True
96.1026 	EXP 	statSafeOC: autoDraw = True
96.1026 	EXP 	statOCtxt: autoDraw = True
96.1026 	EXP 	statHideRisk: autoDraw = True
97.1008 	EXP 	statNoRespTxt: autoDraw = False
97.1008 	EXP 	statRiskOC: autoDraw = False
97.1008 	EXP 	statSafeOC: autoDraw = False
97.1008 	EXP 	statOCtxt: autoDraw = False
97.1008 	EXP 	statHideRisk: autoDraw = False
97.1008 	EXP 	itiRealFix: autoDraw = True
100.0971 	EXP 	Created sequence: random, trialTypes=1, nReps=1, seed=None
100.0972 	EXP 	New trial (rep=0, index=0): None
100.4963 	EXP 	itiRealFix: autoDraw = False
100.4963 	EXP 	itiRealFix: autoDraw = False
100.4963 	EXP 	setupBestFitTxt: autoDraw = True
104.5063 	EXP 	setupBestFitTxt: autoDraw = False
104.5063 	EXP 	setupBestFitTxt: autoDraw = False
104.5063 	EXP 	loadDynaChoicesTxt: autoDraw = True
106.5199 	EXP 	loadDynaChoicesTxt: autoDraw = False
106.5199 	EXP 	dynaStartTxt: autoDraw = True
107.4009 	EXP 	Imported ../CGE/bespoke_choicesets/bespoke_choiceset_rhoInd008_muInd042.csv as conditions, 4 conditions, 5 params
107.4012 	EXP 	Created sequence: random, trialTypes=4, nReps=1, seed=None
107.4015 	EXP 	New trial (rep=0, index=0): OrderedDict([('riskyoption1', 15.2733222290641), ('riskyoption2', 0), ('safeoption', 2.36581379838753), ('choiceP', 0.475179601153579), ('easy0difficult1', 1)])
107.4092 	DATA 	Keypress: v
107.4123 	EXP 	dynaStartTxt: autoDraw = False
107.4123 	EXP 	realCircRight: fillColor = <psychopy.colors.Color: (-0.07, 0.64, 1.0, 1.0)>
107.4123 	EXP 	realCircRight: borderColor = <psychopy.colors.Color: (-0.07, 0.64, 1.0, 1.0)>
107.4123 	EXP 	realLossTxt: text = '$0'
107.4123 	EXP 	realGainTxt: height = 0.1
107.4123 	EXP 	realGainTxt: height = 0.1
107.4123 	EXP 	realGainTxt: height = 0.1
107.4123 	EXP 	realGainTxt: text = '$15.27'
107.4123 	EXP 	realSafeTxt: height = 0.1
107.4123 	EXP 	realSafeTxt: height = 0.1
107.4123 	EXP 	realSafeTxt: height = 0.1
107.4123 	EXP 	realSafeTxt: text = '$2.37'
107.4123 	EXP 	realCircLeft: autoDraw = True
107.4123 	EXP 	realCircRight: autoDraw = True
107.4123 	EXP 	realRiskLine: autoDraw = True
107.4123 	EXP 	realORtxt: autoDraw = True
107.4123 	EXP 	realLossTxt: autoDraw = True
107.4123 	EXP 	realGainTxt: autoDraw = True
107.4123 	EXP 	realSafeTxt: autoDraw = True
107.4123 	EXP 	realVleft: autoDraw = True
107.4123 	EXP 	realNright: autoDraw = True
108.6356 	DATA 	Keypress: v
108.6500 	EXP 	realCircLeft: autoDraw = False
108.6500 	EXP 	realCircRight: autoDraw = False
108.6500 	EXP 	realRiskLine: autoDraw = False
108.6500 	EXP 	realORtxt: autoDraw = False
108.6500 	EXP 	realLossTxt: autoDraw = False
108.6500 	EXP 	realGainTxt: autoDraw = False
108.6500 	EXP 	realSafeTxt: autoDraw = False
108.6500 	EXP 	realVleft: autoDraw = False
108.6500 	EXP 	realNright: autoDraw = False
108.6500 	EXP 	isiRealFix: autoDraw = True
109.6656 	EXP 	isiRealFix: autoDraw = False
109.6656 	EXP 	dynaOCtxt: foreColor = <psychopy.colors.Color: (0.52, 0.52, 0.52, 1.0)>
109.6656 	EXP 	dynaOCtxt: height = 0.1
109.6656 	EXP 	dynaOCtxt: height = 0.1
109.6656 	EXP 	dynaOCtxt: height = 0.1
109.6656 	EXP 	dynaOCtxt: text = '$15.27'
109.6656 	EXP 	dynaNoRespTxt: autoDraw = True
109.6656 	EXP 	dynaRiskOC: autoDraw = True
109.6656 	EXP 	dynaSafeOC: autoDraw = True
109.6656 	EXP 	dynaOCtxt: autoDraw = True
109.6656 	EXP 	dynaHideRisk: autoDraw = True
110.6638 	EXP 	dynaNoRespTxt: autoDraw = False
110.6638 	EXP 	dynaRiskOC: autoDraw = False
110.6638 	EXP 	dynaSafeOC: autoDraw = False
110.6638 	EXP 	dynaOCtxt: autoDraw = False
110.6638 	EXP 	dynaHideRisk: autoDraw = False
110.6638 	EXP 	itiRealFix: autoDraw = True
113.6616 	EXP 	New trial (rep=0, index=1): OrderedDict([('riskyoption1', 25.6480869660038), ('riskyoption2', 0), ('safeoption', 3.95691018839134), ('choiceP', 0.479253545530131), ('easy0difficult1', 1)])
113.6829 	EXP 	itiRealFix: autoDraw = False
113.6829 	EXP 	itiRealFix: autoDraw = False
113.6829 	EXP 	realCircRight: fillColor = <psychopy.colors.Color: (-0.07, 0.64, 1.0, 1.0)>
113.6829 	EXP 	realCircRight: borderColor = <psychopy.colors.Color: (-0.07, 0.64, 1.0, 1.0)>
113.6829 	EXP 	realLossTxt: text = '$0'
113.6829 	EXP 	realGainTxt: height = 0.1
113.6829 	EXP 	realGainTxt: height = 0.1
113.6829 	EXP 	realGainTxt: height = 0.1
113.6829 	EXP 	realGainTxt: text = '$25.65'
113.6829 	EXP 	realSafeTxt: height = 0.1
113.6829 	EXP 	realSafeTxt: height = 0.1
113.6829 	EXP 	realSafeTxt: height = 0.1
113.6829 	EXP 	realSafeTxt: text = '$3.96'
113.6829 	EXP 	realCircLeft: autoDraw = True
113.6829 	EXP 	realCircRight: autoDraw = True
113.6829 	EXP 	realRiskLine: autoDraw = True
113.6829 	EXP 	realORtxt: autoDraw = True
113.6829 	EXP 	realLossTxt: autoDraw = True
113.6829 	EXP 	realGainTxt: autoDraw = True
113.6829 	EXP 	realSafeTxt: autoDraw = True
113.6829 	EXP 	realVleft: autoDraw = True
113.6829 	EXP 	realNright: autoDraw = True
114.5602 	DATA 	Keypress: n
114.5749 	EXP 	realCircLeft: autoDraw = False
114.5749 	EXP 	realCircRight: autoDraw = False
114.5749 	EXP 	realRiskLine: autoDraw = False
114.5749 	EXP 	realORtxt: autoDraw = False
114.5749 	EXP 	realLossTxt: autoDraw = False
114.5749 	EXP 	realGainTxt: autoDraw = False
114.5749 	EXP 	realSafeTxt: autoDraw = False
114.5749 	EXP 	realVleft: autoDraw = False
114.5749 	EXP 	realNright: autoDraw = False
114.5749 	EXP 	isiRealFix: autoDraw = True
115.5986 	EXP 	isiRealFix: autoDraw = False
115.5986 	EXP 	dynaOCtxt: foreColor = <psychopy.colors.Color: (0.52, 0.52, 0.52, 1.0)>
115.5986 	EXP 	dynaOCtxt: height = 0.1
115.5986 	EXP 	dynaOCtxt: height = 0.1
115.5986 	EXP 	dynaOCtxt: height = 0.1
115.5986 	EXP 	dynaOCtxt: text = '$3.96'
115.5986 	EXP 	dynaNoRespTxt: autoDraw = True
115.5986 	EXP 	dynaRiskOC: autoDraw = True
115.5986 	EXP 	dynaSafeOC: autoDraw = True
115.5986 	EXP 	dynaOCtxt: autoDraw = True
115.5986 	EXP 	dynaHideRisk: autoDraw = True
116.5884 	EXP 	dynaNoRespTxt: autoDraw = False
116.5884 	EXP 	dynaRiskOC: autoDraw = False
116.5884 	EXP 	dynaSafeOC: autoDraw = False
116.5884 	EXP 	dynaOCtxt: autoDraw = False
116.5884 	EXP 	dynaHideRisk: autoDraw = False
116.5884 	EXP 	itiRealFix: autoDraw = True
119.5858 	EXP 	New trial (rep=0, index=2): OrderedDict([('riskyoption1', 18.8712507539662), ('riskyoption2', 0), ('safeoption', 2.84057326246984), ('choiceP', 0.504121803236425), ('easy0difficult1', 1)])
119.6240 	EXP 	itiRealFix: autoDraw = False
119.6240 	EXP 	itiRealFix: autoDraw = False
119.6240 	EXP 	realCircRight: fillColor = <psychopy.colors.Color: (-0.07, 0.64, 1.0, 1.0)>
119.6240 	EXP 	realCircRight: borderColor = <psychopy.colors.Color: (-0.07, 0.64, 1.0, 1.0)>
119.6240 	EXP 	realLossTxt: text = '$0'
119.6240 	EXP 	realGainTxt: height = 0.1
119.6240 	EXP 	realGainTxt: height = 0.1
119.6240 	EXP 	realGainTxt: height = 0.1
119.6240 	EXP 	realGainTxt: text = '$18.87'
119.6240 	EXP 	realSafeTxt: height = 0.1
119.6240 	EXP 	realSafeTxt: height = 0.1
119.6240 	EXP 	realSafeTxt: height = 0.1
119.6240 	EXP 	realSafeTxt: text = '$2.84'
119.6240 	EXP 	realCircLeft: autoDraw = True
119.6240 	EXP 	realCircRight: autoDraw = True
119.6240 	EXP 	realRiskLine: autoDraw = True
119.6240 	EXP 	realORtxt: autoDraw = True
119.6240 	EXP 	realLossTxt: autoDraw = True
119.6240 	EXP 	realGainTxt: autoDraw = True
119.6240 	EXP 	realSafeTxt: autoDraw = True
119.6240 	EXP 	realVleft: autoDraw = True
119.6240 	EXP 	realNright: autoDraw = True
120.5104 	DATA 	Keypress: v
120.5323 	EXP 	realCircLeft: autoDraw = False
120.5323 	EXP 	realCircRight: autoDraw = False
120.5323 	EXP 	realRiskLine: autoDraw = False
120.5323 	EXP 	realORtxt: autoDraw = False
120.5323 	EXP 	realLossTxt: autoDraw = False
120.5323 	EXP 	realGainTxt: autoDraw = False
120.5323 	EXP 	realSafeTxt: autoDraw = False
120.5323 	EXP 	realVleft: autoDraw = False
120.5323 	EXP 	realNright: autoDraw = False
120.5323 	EXP 	isiRealFix: autoDraw = True
121.5476 	EXP 	isiRealFix: autoDraw = False
121.5476 	EXP 	dynaOCtxt: foreColor = <psychopy.colors.Color: (0.52, 0.52, 0.52, 1.0)>
121.5476 	EXP 	dynaOCtxt: height = 0.1
121.5476 	EXP 	dynaOCtxt: height = 0.1
121.5476 	EXP 	dynaOCtxt: height = 0.1
121.5476 	EXP 	dynaOCtxt: text = '$0'
121.5476 	EXP 	dynaNoRespTxt: autoDraw = True
121.5476 	EXP 	dynaRiskOC: autoDraw = True
121.5476 	EXP 	dynaSafeOC: autoDraw = True
121.5476 	EXP 	dynaOCtxt: autoDraw = True
121.5476 	EXP 	dynaHideRisk: autoDraw = True
122.5461 	EXP 	dynaNoRespTxt: autoDraw = False
122.5461 	EXP 	dynaRiskOC: autoDraw = False
122.5461 	EXP 	dynaSafeOC: autoDraw = False
122.5461 	EXP 	dynaOCtxt: autoDraw = False
122.5461 	EXP 	dynaHideRisk: autoDraw = False
122.5461 	EXP 	itiRealFix: autoDraw = True
126.0429 	EXP 	New trial (rep=0, index=3): OrderedDict([('riskyoption1', 18.9066098258481), ('riskyoption2', 0), ('safeoption', 0.621837629494257), ('choiceP', 0.991037333761882), ('easy0difficult1', 0)])
126.0767 	EXP 	itiRealFix: autoDraw = False
126.0767 	EXP 	itiRealFix: autoDraw = False
126.0767 	EXP 	realCircRight: fillColor = <psychopy.colors.Color: (-0.07, 0.64, 1.0, 1.0)>
126.0767 	EXP 	realCircRight: borderColor = <psychopy.colors.Color: (-0.07, 0.64, 1.0, 1.0)>
126.0767 	EXP 	realLossTxt: text = '$0'
126.0767 	EXP 	realGainTxt: height = 0.1
126.0767 	EXP 	realGainTxt: height = 0.1
126.0767 	EXP 	realGainTxt: height = 0.1
126.0767 	EXP 	realGainTxt: text = '$18.91'
126.0767 	EXP 	realSafeTxt: height = 0.1
126.0767 	EXP 	realSafeTxt: height = 0.1
126.0767 	EXP 	realSafeTxt: height = 0.1
126.0767 	EXP 	realSafeTxt: text = '$0.62'
126.0767 	EXP 	realCircLeft: autoDraw = True
126.0767 	EXP 	realCircRight: autoDraw = True
126.0767 	EXP 	realRiskLine: autoDraw = True
126.0767 	EXP 	realORtxt: autoDraw = True
126.0767 	EXP 	realLossTxt: autoDraw = True
126.0767 	EXP 	realGainTxt: autoDraw = True
126.0767 	EXP 	realSafeTxt: autoDraw = True
126.0767 	EXP 	realVleft: autoDraw = True
126.0767 	EXP 	realNright: autoDraw = True
127.4783 	DATA 	Keypress: n
127.4885 	EXP 	realCircLeft: autoDraw = False
127.4885 	EXP 	realCircRight: autoDraw = False
127.4885 	EXP 	realRiskLine: autoDraw = False
127.4885 	EXP 	realORtxt: autoDraw = False
127.4885 	EXP 	realLossTxt: autoDraw = False
127.4885 	EXP 	realGainTxt: autoDraw = False
127.4885 	EXP 	realSafeTxt: autoDraw = False
127.4885 	EXP 	realVleft: autoDraw = False
127.4885 	EXP 	realNright: autoDraw = False
127.4885 	EXP 	isiRealFix: autoDraw = True
128.5070 	EXP 	isiRealFix: autoDraw = False
128.5070 	EXP 	dynaOCtxt: foreColor = <psychopy.colors.Color: (0.52, 0.52, 0.52, 1.0)>
128.5070 	EXP 	dynaOCtxt: height = 0.1
128.5070 	EXP 	dynaOCtxt: height = 0.1
128.5070 	EXP 	dynaOCtxt: height = 0.1
128.5070 	EXP 	dynaOCtxt: text = '$18.91'
128.5070 	EXP 	dynaNoRespTxt: autoDraw = True
128.5070 	EXP 	dynaRiskOC: autoDraw = True
128.5070 	EXP 	dynaSafeOC: autoDraw = True
128.5070 	EXP 	dynaOCtxt: autoDraw = True
128.5070 	EXP 	dynaHideRisk: autoDraw = True
129.5023 	EXP 	dynaNoRespTxt: autoDraw = False
129.5023 	EXP 	dynaRiskOC: autoDraw = False
129.5023 	EXP 	dynaSafeOC: autoDraw = False
129.5023 	EXP 	dynaOCtxt: autoDraw = False
129.5023 	EXP 	dynaHideRisk: autoDraw = False
129.5023 	EXP 	itiRealFix: autoDraw = True
132.5144 	EXP 	itiRealFix: autoDraw = False
132.5144 	EXP 	itiRealFix: autoDraw = False
132.5144 	EXP 	cgeRDMendTxt: autoDraw = True
135.1131 	DATA 	Keypress: return
135.1434 	EXP 	cgeRDMendTxt: autoDraw = False
135.1434 	EXP 	ThankYou: autoDraw = True
137.1573 	EXP 	ThankYou: autoDraw = False
138.6164 	EXP 	window1: mouseVisible = True
