1.5624 	WARNING 	We strongly recommend you activate the PTB sound engine in PsychoPy prefs as the preferred audio engine. Its timing is vastly superior. Your prefs are currently set to use ['sounddevice', 'PTB', 'pyo', 'pygame'] (in that order).
9.0908 	WARNING 	User requested fullscreen with size [1280 1024], but screen is actually [1920, 1080]. Using actual size
14.1868 	EXP 	Created window1 = Window(allowGUI=True, allowStencil=False, autoLog=True, backendConf=UNKNOWN, bitsMode=UNKNOWN, blendMode='avg', bpc=(8, 8, 8), color=array([0.5216, 0.5216, 0.5216]), colorSpace='rgb', depthBits=8, fullscr=<method-wrapper '__getattribute__' of attributeSetter object at 0x0000016E73B4C1F0>, gamma=None, gammaErrorPolicy='raise', lms=UNKNOWN, monitor=<psychopy.monitors.calibTools.Monitor object at 0x0000016E7BFD5FA0>, multiSample=False, name='window1', numSamples=2, pos=(0, 0), screen=0, size=array([1920, 1080]), stencilBits=0, stereo=False, units='height', useFBO=True, useRetina=False, viewOri=0.0, viewPos=None, viewScale=None, waitBlanking=True, winType='pyglet')
14.1869 	EXP 	window1: mouseVisible = True
14.1871 	EXP 	window1: mouseVisible = False
14.1871 	EXP 	window1: Attempting to measure frame rate of screen (0) ...
14.1872 	EXP 	window1: recordFrameIntervals = False
14.3525 	EXP 	window1: recordFrameIntervals = True
14.5360 	EXP 	Screen (0) actual frame rate measured at 59.98Hz
14.5361 	EXP 	window1: recordFrameIntervals = False
16.3626 	EXP 	Created Instructions = TextStim(__class__=<class 'psychopy.visual.text.TextStim'>, alignHoriz=method-wrapper(...), alignText='center', alignVert=method-wrapper(...), anchorHoriz='center', anchorVert='center', antialias=True, autoDraw=False, autoLog=True, bold=False, color=array([-0.0667,  0.6392,  1.    ]), colorSpace='rgb', contrast=1.0, depth=-1.0, flipHoriz=False, flipVert=False, font='Arial', fontFiles=[], height=0.04, italic=False, languageStyle='LTR', name='Instructions', opacity=1.0, ori=0, pos=array([0., 0.]), rgb=UNKNOWN, text=str(...), units='height', win=Window(...), wrapWidth=1.6)
16.3685 	EXP 	Created startPract = TextStim(__class__=<class 'psychopy.visual.text.TextStim'>, alignHoriz=method-wrapper(...), alignText='center', alignVert=method-wrapper(...), anchorHoriz='center', anchorVert='center', antialias=True, autoDraw=False, autoLog=True, bold=False, color=array([-0.0667,  0.6392,  1.    ]), colorSpace='rgb', contrast=1.0, depth=0.0, flipHoriz=False, flipVert=False, font='Arial', fontFiles=[], height=0.04, italic=False, languageStyle='LTR', name='startPract', opacity=1.0, ori=0, pos=array([0., 0.]), rgb=UNKNOWN, text=str(...), units='height', win=Window(...), wrapWidth=1.6)
16.3696 	EXP 	Created circleLeft = Rect(__class__=<class 'psychopy.visual.rect.Rect'>, anchor=('center', 'center'), autoDraw=False, autoLog=True, closeShape=True, color=method-wrapper(...), colorSpace='rgb', contrast=None, depth=-1.0, fillColor=array([-0.0667,  0.6392,  1.    ]), fillColorSpace='rgb', fillRGB=array([-0.0667,  0.6392,  1.    ]), interpolate=True, lineColor=array([-0.0667,  0.6392,  1.    ]), lineColorSpace='rgb', lineRGB=array([-0.0667,  0.6392,  1.    ]), lineWidth=1, name='circleLeft', opacity=1.0, ori=0.0, pos=array([-0.35,  0.  ]), size=array([0.5, 0.5]), units='height', vertices=ndarray(...), win=Window(...))
16.3707 	EXP 	Created circleRight = Rect(__class__=<class 'psychopy.visual.rect.Rect'>, anchor=('center', 'center'), autoDraw=False, autoLog=True, closeShape=True, color=method-wrapper(...), colorSpace='rgb', contrast=None, depth=-2.0, fillColor=array([-0.0667,  0.6392,  1.    ]), fillColorSpace='rgb', fillRGB=array([-0.0667,  0.6392,  1.    ]), interpolate=True, lineColor=array([-0.0667,  0.6392,  1.    ]), lineColorSpace='rgb', lineRGB=array([-0.0667,  0.6392,  1.    ]), lineWidth=1, name='circleRight', opacity=1.0, ori=0.0, pos=array([0.35, 0.  ]), size=array([0.5, 0.5]), units='height', vertices=ndarray(...), win=Window(...))
16.3718 	EXP 	Created lineLeft = Rect(__class__=<class 'psychopy.visual.rect.Rect'>, anchor=('center', 'center'), autoDraw=False, autoLog=True, closeShape=True, color=method-wrapper(...), colorSpace='rgb', contrast=None, depth=-3.0, fillColor=array([0.5216, 0.5216, 0.5216]), fillColorSpace='rgb', fillRGB=array([0.5216, 0.5216, 0.5216]), interpolate=True, lineColor=array([0.5216, 0.5216, 0.5216]), lineColorSpace='rgb', lineRGB=array([0.5216, 0.5216, 0.5216]), lineWidth=3, name='lineLeft', opacity=1.0, ori=0.0, pos=array([0., 0.]), size=array([0.5 , 0.01]), units='height', vertices=ndarray(...), win=Window(...))
16.3763 	EXP 	Created orText = TextStim(__class__=<class 'psychopy.visual.text.TextStim'>, alignHoriz=method-wrapper(...), alignText='center', alignVert=method-wrapper(...), anchorHoriz='center', anchorVert='center', antialias=True, autoDraw=False, autoLog=True, bold=False, color=array([-0.0667,  0.6392,  1.    ]), colorSpace='rgb', contrast=1.0, depth=-4.0, flipHoriz=False, flipVert=False, font='Arial', fontFiles=[], height=0.05, italic=False, languageStyle='LTR', name='orText', opacity=1.0, ori=0, pos=array([0., 0.]), rgb=UNKNOWN, text='OR', units='height', win=Window(...), wrapWidth=1)
16.3773 	EXP 	Created lossTxt = TextStim(__class__=<class 'psychopy.visual.text.TextStim'>, alignHoriz=method-wrapper(...), alignText='center', alignVert=method-wrapper(...), anchorHoriz='center', anchorVert='center', antialias=True, autoDraw=False, autoLog=True, bold=False, color=array([0.5216, 0.5216, 0.5216]), colorSpace='rgb', contrast=1.0, depth=-5.0, flipHoriz=False, flipVert=False, font='Arial', fontFiles=[], height=0.1, italic=False, languageStyle='LTR', name='lossTxt', opacity=1.0, ori=0, pos=array([0., 0.]), rgb=UNKNOWN, text='', units='height', win=Window(...), wrapWidth=1)
16.3778 	EXP 	Created gainTxt = TextStim(__class__=<class 'psychopy.visual.text.TextStim'>, alignHoriz=method-wrapper(...), alignText='center', alignVert=method-wrapper(...), anchorHoriz='center', anchorVert='center', antialias=True, autoDraw=False, autoLog=True, bold=False, color=array([0.5216, 0.5216, 0.5216]), colorSpace='rgb', contrast=1.0, depth=-6.0, flipHoriz=False, flipVert=False, font='Arial', fontFiles=[], height=0.1, italic=False, languageStyle='LTR', name='gainTxt', opacity=1.0, ori=0, pos=array([0., 0.]), rgb=UNKNOWN, text='', units='height', win=Window(...), wrapWidth=1)
16.3783 	EXP 	Created safeTxt = TextStim(__class__=<class 'psychopy.visual.text.TextStim'>, alignHoriz=method-wrapper(...), alignText='center', alignVert=method-wrapper(...), anchorHoriz='center', anchorVert='center', antialias=True, autoDraw=False, autoLog=True, bold=False, color=array([0.5216, 0.5216, 0.5216]), colorSpace='rgb', contrast=1.0, depth=-7.0, flipHoriz=False, flipVert=False, font='Arial', fontFiles=[], height=0.1, italic=False, languageStyle='LTR', name='safeTxt', opacity=1.0, ori=0, pos=array([0., 0.]), rgb=UNKNOWN, text='', units='height', win=Window(...), wrapWidth=1)
16.3835 	EXP 	Created vLeft = TextStim(__class__=<class 'psychopy.visual.text.TextStim'>, alignHoriz=method-wrapper(...), alignText='center', alignVert=method-wrapper(...), anchorHoriz='center', anchorVert='center', antialias=True, autoDraw=False, autoLog=True, bold=False, color=array([-0.0667,  0.6392,  1.    ]), colorSpace='rgb', contrast=1.0, depth=-8.0, flipHoriz=False, flipVert=False, font='Arial', fontFiles=[], height=0.05, italic=False, languageStyle='LTR', name='vLeft', opacity=1.0, ori=0, pos=array([-0.35, -0.35]), rgb=UNKNOWN, text='V-Left', units='height', win=Window(...), wrapWidth=1)
16.3885 	EXP 	Created nRight = TextStim(__class__=<class 'psychopy.visual.text.TextStim'>, alignHoriz=method-wrapper(...), alignText='center', alignVert=method-wrapper(...), anchorHoriz='center', anchorVert='center', antialias=True, autoDraw=False, autoLog=True, bold=False, color=array([-0.0667,  0.6392,  1.    ]), colorSpace='rgb', contrast=1.0, depth=-9.0, flipHoriz=False, flipVert=False, font='Arial', fontFiles=[], height=0.05, italic=False, languageStyle='LTR', name='nRight', opacity=1.0, ori=0, pos=array([ 0.35, -0.35]), rgb=UNKNOWN, text='N-Right', units='height', win=Window(...), wrapWidth=1)
16.3912 	EXP 	Created isiText = TextStim(__class__=<class 'psychopy.visual.text.TextStim'>, alignHoriz=method-wrapper(...), alignText='center', alignVert=method-wrapper(...), anchorHoriz='center', anchorVert='center', antialias=True, autoDraw=False, autoLog=True, bold=False, color=array([-0.0667,  0.6392,  1.    ]), colorSpace='rgb', contrast=1.0, depth=0.0, flipHoriz=False, flipVert=False, font='Arial', fontFiles=[], height=0.05, italic=False, languageStyle='LTR', name='isiText', opacity=1.0, ori=0, pos=array([0., 0.]), rgb=UNKNOWN, text='+', units='height', win=Window(...), wrapWidth=1)
16.3988 	EXP 	Created noRespTxt = TextStim(__class__=<class 'psychopy.visual.text.TextStim'>, alignHoriz=method-wrapper(...), alignText='center', alignVert=method-wrapper(...), anchorHoriz='center', anchorVert='center', antialias=True, autoDraw=False, autoLog=True, bold=False, color=array([-0.0667,  0.6392,  1.    ]), colorSpace='rgb', contrast=1.0, depth=-1.0, flipHoriz=False, flipVert=False, font='Arial', fontFiles=[], height=0.05, italic=False, languageStyle='LTR', name='noRespTxt', opacity=1.0, ori=0, pos=array([0., 0.]), rgb=UNKNOWN, text='You did not respond in time\n', units='height', win=Window(...), wrapWidth=1)
16.3999 	EXP 	Created ocGamble = Rect(__class__=<class 'psychopy.visual.rect.Rect'>, anchor=('center', 'center'), autoDraw=False, autoLog=True, closeShape=True, color=method-wrapper(...), colorSpace='rgb', contrast=None, depth=-2.0, fillColor=array([-0.0667,  0.6392,  1.    ]), fillColorSpace='rgb', fillRGB=array([-0.0667,  0.6392,  1.    ]), interpolate=True, lineColor=array([-0.0667,  0.6392,  1.    ]), lineColorSpace='rgb', lineRGB=array([-0.0667,  0.6392,  1.    ]), lineWidth=1, name='ocGamble', opacity=1.0, ori=0.0, pos=array([0., 0.]), size=array([0.5, 0.5]), units='height', vertices=ndarray(...), win=Window(...))
16.4009 	EXP 	Created ocSafe = Rect(__class__=<class 'psychopy.visual.rect.Rect'>, anchor=('center', 'center'), autoDraw=False, autoLog=True, closeShape=True, color=method-wrapper(...), colorSpace='rgb', contrast=None, depth=-3.0, fillColor=array([-0.0667,  0.6392,  1.    ]), fillColorSpace='rgb', fillRGB=array([-0.0667,  0.6392,  1.    ]), interpolate=True, lineColor=array([-0.0667,  0.6392,  1.    ]), lineColorSpace='rgb', lineRGB=array([-0.0667,  0.6392,  1.    ]), lineWidth=1, name='ocSafe', opacity=1.0, ori=0.0, pos=array([0., 0.]), size=array([0.5, 0.5]), units='height', vertices=ndarray(...), win=Window(...))
16.4014 	EXP 	Created outcomeText = TextStim(__class__=<class 'psychopy.visual.text.TextStim'>, alignHoriz=method-wrapper(...), alignText='center', alignVert=method-wrapper(...), anchorHoriz='center', anchorVert='center', antialias=True, autoDraw=False, autoLog=True, bold=False, color=array([0.5216, 0.5216, 0.5216]), colorSpace='rgb', contrast=1.0, depth=-4.0, flipHoriz=False, flipVert=False, font='Arial', fontFiles=[], height=0.1, italic=False, languageStyle='LTR', name='outcomeText', opacity=1.0, ori=0, pos=array([0., 0.]), rgb=UNKNOWN, text='', units='height', win=Window(...), wrapWidth=1)
16.4025 	EXP 	Created hideGamble = Rect(__class__=<class 'psychopy.visual.rect.Rect'>, anchor=('center', 'center'), autoDraw=False, autoLog=True, closeShape=True, color=method-wrapper(...), colorSpace='rgb', contrast=None, depth=-5.0, fillColor=array([0.5216, 0.5216, 0.5216]), fillColorSpace='rgb', fillRGB=array([0.5216, 0.5216, 0.5216]), interpolate=True, lineColor=array([0.5216, 0.5216, 0.5216]), lineColorSpace='rgb', lineRGB=array([0.5216, 0.5216, 0.5216]), lineWidth=1, name='hideGamble', opacity=1.0, ori=0.0, pos=array([0., 0.]), size=array([0.6, 0.3]), units='height', vertices=ndarray(...), win=Window(...))
16.4044 	EXP 	Created itiText = TextStim(__class__=<class 'psychopy.visual.text.TextStim'>, alignHoriz=method-wrapper(...), alignText='center', alignVert=method-wrapper(...), anchorHoriz='center', anchorVert='center', antialias=True, autoDraw=False, autoLog=True, bold=False, color=array([-0.0667,  0.6392,  1.    ]), colorSpace='rgb', contrast=1.0, depth=0.0, flipHoriz=False, flipVert=False, font='Arial', fontFiles=[], height=0.05, italic=False, languageStyle='LTR', name='itiText', opacity=1.0, ori=0, pos=array([0., 0.]), rgb=UNKNOWN, text='+', units='height', win=Window(...), wrapWidth=1)
16.4159 	EXP 	Created postPracText = TextStim(__class__=<class 'psychopy.visual.text.TextStim'>, alignHoriz=method-wrapper(...), alignText='center', alignVert=method-wrapper(...), anchorHoriz='center', anchorVert='center', antialias=True, autoDraw=False, autoLog=True, bold=False, color=array([-0.0667,  0.6392,  1.    ]), colorSpace='rgb', contrast=1.0, depth=0.0, flipHoriz=False, flipVert=False, font='Arial', fontFiles=[], height=0.04, italic=False, languageStyle='LTR', name='postPracText', opacity=1.0, ori=0, pos=array([0., 0.]), rgb=UNKNOWN, text=str(...), units='height', win=Window(...), wrapWidth=1.6)
16.4170 	EXP 	Created circleLeftReal = Rect(__class__=<class 'psychopy.visual.rect.Rect'>, anchor=('center', 'center'), autoDraw=False, autoLog=True, closeShape=True, color=method-wrapper(...), colorSpace='rgb', contrast=None, depth=-1.0, fillColor=array([-0.0667,  0.6392,  1.    ]), fillColorSpace='rgb', fillRGB=array([-0.0667,  0.6392,  1.    ]), interpolate=True, lineColor=array([-0.0667,  0.6392,  1.    ]), lineColorSpace='rgb', lineRGB=array([-0.0667,  0.6392,  1.    ]), lineWidth=1, name='circleLeftReal', opacity=1.0, ori=0.0, pos=array([-0.4,  0. ]), size=array([0.5, 0.5]), units='height', vertices=ndarray(...), win=Window(...))
16.4182 	EXP 	Created circleRightReal = Rect(__class__=<class 'psychopy.visual.rect.Rect'>, anchor=('center', 'center'), autoDraw=False, autoLog=True, closeShape=True, color=method-wrapper(...), colorSpace='rgb', contrast=None, depth=-2.0, fillColor=array([-0.0667,  0.6392,  1.    ]), fillColorSpace='rgb', fillRGB=array([-0.0667,  0.6392,  1.    ]), interpolate=True, lineColor=array([-0.0667,  0.6392,  1.    ]), lineColorSpace='rgb', lineRGB=array([-0.0667,  0.6392,  1.    ]), lineWidth=1, name='circleRightReal', opacity=1.0, ori=0.0, pos=array([0.4, 0. ]), size=array([0.5, 0.5]), units='height', vertices=ndarray(...), win=Window(...))
16.4192 	EXP 	Created lineLeftReal = Rect(__class__=<class 'psychopy.visual.rect.Rect'>, anchor=('center', 'center'), autoDraw=False, autoLog=True, closeShape=True, color=method-wrapper(...), colorSpace='rgb', contrast=None, depth=-3.0, fillColor=array([0.5216, 0.5216, 0.5216]), fillColorSpace='rgb', fillRGB=array([0.5216, 0.5216, 0.5216]), interpolate=True, lineColor=array([0.5216, 0.5216, 0.5216]), lineColorSpace='rgb', lineRGB=array([0.5216, 0.5216, 0.5216]), lineWidth=3, name='lineLeftReal', opacity=1.0, ori=0.0, pos=array([0., 0.]), size=array([0.5 , 0.01]), units='height', vertices=ndarray(...), win=Window(...))
16.4211 	EXP 	Created orTextReal = TextStim(__class__=<class 'psychopy.visual.text.TextStim'>, alignHoriz=method-wrapper(...), alignText='center', alignVert=method-wrapper(...), anchorHoriz='center', anchorVert='center', antialias=True, autoDraw=False, autoLog=True, bold=False, color=array([-0.0667,  0.6392,  1.    ]), colorSpace='rgb', contrast=1.0, depth=-4.0, flipHoriz=False, flipVert=False, font='Arial', fontFiles=[], height=0.05, italic=False, languageStyle='LTR', name='orTextReal', opacity=1.0, ori=0, pos=array([0., 0.]), rgb=UNKNOWN, text='OR', units='height', win=Window(...), wrapWidth=1)
16.4217 	EXP 	Created lossTxtReal = TextStim(__class__=<class 'psychopy.visual.text.TextStim'>, alignHoriz=method-wrapper(...), alignText='center', alignVert=method-wrapper(...), anchorHoriz='center', anchorVert='center', antialias=True, autoDraw=False, autoLog=True, bold=False, color=array([0.5216, 0.5216, 0.5216]), colorSpace='rgb', contrast=1.0, depth=-5.0, flipHoriz=False, flipVert=False, font='Arial', fontFiles=[], height=0.1, italic=False, languageStyle='LTR', name='lossTxtReal', opacity=1.0, ori=0, pos=array([0., 0.]), rgb=UNKNOWN, text='', units='height', win=Window(...), wrapWidth=1)
16.4222 	EXP 	Created gainTxtReal = TextStim(__class__=<class 'psychopy.visual.text.TextStim'>, alignHoriz=method-wrapper(...), alignText='center', alignVert=method-wrapper(...), anchorHoriz='center', anchorVert='center', antialias=True, autoDraw=False, autoLog=True, bold=False, color=array([0.5216, 0.5216, 0.5216]), colorSpace='rgb', contrast=1.0, depth=-6.0, flipHoriz=False, flipVert=False, font='Arial', fontFiles=[], height=0.1, italic=False, languageStyle='LTR', name='gainTxtReal', opacity=1.0, ori=0, pos=array([0., 0.]), rgb=UNKNOWN, text='', units='height', win=Window(...), wrapWidth=1)
16.4227 	EXP 	Created safeTxtReal = TextStim(__class__=<class 'psychopy.visual.text.TextStim'>, alignHoriz=method-wrapper(...), alignText='center', alignVert=method-wrapper(...), anchorHoriz='center', anchorVert='center', antialias=True, autoDraw=False, autoLog=True, bold=False, color=array([0.5216, 0.5216, 0.5216]), colorSpace='rgb', contrast=1.0, depth=-7.0, flipHoriz=False, flipVert=False, font='Arial', fontFiles=[], height=0.1, italic=False, languageStyle='LTR', name='safeTxtReal', opacity=1.0, ori=0, pos=array([0., 0.]), rgb=UNKNOWN, text='', units='height', win=Window(...), wrapWidth=1)
16.4247 	EXP 	Created vLeftReal = TextStim(__class__=<class 'psychopy.visual.text.TextStim'>, alignHoriz=method-wrapper(...), alignText='center', alignVert=method-wrapper(...), anchorHoriz='center', anchorVert='center', antialias=True, autoDraw=False, autoLog=True, bold=False, color=array([-0.0667,  0.6392,  1.    ]), colorSpace='rgb', contrast=1.0, depth=-8.0, flipHoriz=False, flipVert=False, font='Arial', fontFiles=[], height=0.05, italic=False, languageStyle='LTR', name='vLeftReal', opacity=1.0, ori=0, pos=array([-0.4 , -0.35]), rgb=UNKNOWN, text='V-Left', units='height', win=Window(...), wrapWidth=1)
16.4267 	EXP 	Created nRightReal = TextStim(__class__=<class 'psychopy.visual.text.TextStim'>, alignHoriz=method-wrapper(...), alignText='center', alignVert=method-wrapper(...), anchorHoriz='center', anchorVert='center', antialias=True, autoDraw=False, autoLog=True, bold=False, color=array([-0.0667,  0.6392,  1.    ]), colorSpace='rgb', contrast=1.0, depth=-9.0, flipHoriz=False, flipVert=False, font='Arial', fontFiles=[], height=0.05, italic=False, languageStyle='LTR', name='nRightReal', opacity=1.0, ori=0, pos=array([ 0.4 , -0.35]), rgb=UNKNOWN, text='N-Right', units='height', win=Window(...), wrapWidth=1)
16.4285 	EXP 	Created isiTextReal = TextStim(__class__=<class 'psychopy.visual.text.TextStim'>, alignHoriz=method-wrapper(...), alignText='center', alignVert=method-wrapper(...), anchorHoriz='center', anchorVert='center', antialias=True, autoDraw=False, autoLog=True, bold=False, color=array([-0.0667,  0.6392,  1.    ]), colorSpace='rgb', contrast=1.0, depth=0.0, flipHoriz=False, flipVert=False, font='Arial', fontFiles=[], height=0.05, italic=False, languageStyle='LTR', name='isiTextReal', opacity=1.0, ori=0, pos=array([0., 0.]), rgb=UNKNOWN, text='+', units='height', win=Window(...), wrapWidth=1)
16.4407 	EXP 	Created noRespTxtReal = TextStim(__class__=<class 'psychopy.visual.text.TextStim'>, alignHoriz=method-wrapper(...), alignText='center', alignVert=method-wrapper(...), anchorHoriz='center', anchorVert='center', antialias=True, autoDraw=False, autoLog=True, bold=False, color=array([-0.0667,  0.6392,  1.    ]), colorSpace='rgb', contrast=1.0, depth=-1.0, flipHoriz=False, flipVert=False, font='Arial', fontFiles=[], height=0.08, italic=False, languageStyle='LTR', name='noRespTxtReal', opacity=1.0, ori=0, pos=array([0., 0.]), rgb=UNKNOWN, text='You did not respond in time\n', units='height', win=Window(...), wrapWidth=1)
16.4418 	EXP 	Created ocGambleReal = Rect(__class__=<class 'psychopy.visual.rect.Rect'>, anchor=('center', 'center'), autoDraw=False, autoLog=True, closeShape=True, color=method-wrapper(...), colorSpace='rgb', contrast=None, depth=-2.0, fillColor=array([-0.0667,  0.6392,  1.    ]), fillColorSpace='rgb', fillRGB=array([-0.0667,  0.6392,  1.    ]), interpolate=True, lineColor=array([-0.0667,  0.6392,  1.    ]), lineColorSpace='rgb', lineRGB=array([-0.0667,  0.6392,  1.    ]), lineWidth=1, name='ocGambleReal', opacity=1.0, ori=0.0, pos=array([0., 0.]), size=array([0.5, 0.5]), units='height', vertices=ndarray(...), win=Window(...))
16.4430 	EXP 	Created ocSafeReal = Rect(__class__=<class 'psychopy.visual.rect.Rect'>, anchor=('center', 'center'), autoDraw=False, autoLog=True, closeShape=True, color=method-wrapper(...), colorSpace='rgb', contrast=None, depth=-3.0, fillColor=array([-0.0667,  0.6392,  1.    ]), fillColorSpace='rgb', fillRGB=array([-0.0667,  0.6392,  1.    ]), interpolate=True, lineColor=array([-0.0667,  0.6392,  1.    ]), lineColorSpace='rgb', lineRGB=array([-0.0667,  0.6392,  1.    ]), lineWidth=1, name='ocSafeReal', opacity=1.0, ori=0.0, pos=array([0., 0.]), size=array([0.5, 0.5]), units='height', vertices=ndarray(...), win=Window(...))
16.4435 	EXP 	Created outcomeTextReal = TextStim(__class__=<class 'psychopy.visual.text.TextStim'>, alignHoriz=method-wrapper(...), alignText='center', alignVert=method-wrapper(...), anchorHoriz='center', anchorVert='center', antialias=True, autoDraw=False, autoLog=True, bold=False, color=array([0.5216, 0.5216, 0.5216]), colorSpace='rgb', contrast=1.0, depth=-4.0, flipHoriz=False, flipVert=False, font='Arial', fontFiles=[], height=0.1, italic=False, languageStyle='LTR', name='outcomeTextReal', opacity=1.0, ori=0, pos=array([0., 0.]), rgb=UNKNOWN, text='', units='height', win=Window(...), wrapWidth=1)
16.4447 	EXP 	Created hideGambleReal = Rect(__class__=<class 'psychopy.visual.rect.Rect'>, anchor=('center', 'center'), autoDraw=False, autoLog=True, closeShape=True, color=method-wrapper(...), colorSpace='rgb', contrast=None, depth=-5.0, fillColor=array([0.5216, 0.5216, 0.5216]), fillColorSpace='rgb', fillRGB=array([0.5216, 0.5216, 0.5216]), interpolate=True, lineColor=array([0.5216, 0.5216, 0.5216]), lineColorSpace='rgb', lineRGB=array([0.5216, 0.5216, 0.5216]), lineWidth=1, name='hideGambleReal', opacity=1.0, ori=0.0, pos=array([0., 0.]), size=array([0.6, 0.3]), units='height', vertices=ndarray(...), win=Window(...))
16.4480 	EXP 	Created itiTextReal = TextStim(__class__=<class 'psychopy.visual.text.TextStim'>, alignHoriz=method-wrapper(...), alignText='center', alignVert=method-wrapper(...), anchorHoriz='center', anchorVert='center', antialias=True, autoDraw=False, autoLog=True, bold=False, color=array([-0.0667,  0.6392,  1.    ]), colorSpace='rgb', contrast=1.0, depth=0.0, flipHoriz=False, flipVert=False, font='Arial', fontFiles=[], height=0.05, italic=False, languageStyle='LTR', name='itiTextReal', opacity=1.0, ori=0, pos=array([0., 0.]), rgb=UNKNOWN, text='+', units='height', win=Window(...), wrapWidth=1)
16.4614 	EXP 	Created settingUpForPart2 = TextStim(__class__=<class 'psychopy.visual.text.TextStim'>, alignHoriz=method-wrapper(...), alignText='center', alignVert=method-wrapper(...), anchorHoriz='center', anchorVert='center', antialias=True, autoDraw=False, autoLog=True, bold=False, color=array([-0.0667,  0.6392,  1.    ]), colorSpace='rgb', contrast=1.0, depth=-4.0, flipHoriz=False, flipVert=False, font='Arial', fontFiles=[], height=0.04, italic=False, languageStyle='LTR', name='settingUpForPart2', opacity=1.0, ori=0.0, pos=array([0., 0.]), rgb=UNKNOWN, text=str(...), units='height', win=Window(...), wrapWidth=1.6)
16.4634 	EXP 	Created text = TextStim(__class__=<class 'psychopy.visual.text.TextStim'>, alignHoriz=method-wrapper(...), alignText='center', alignVert=method-wrapper(...), anchorHoriz='center', anchorVert='center', antialias=True, autoDraw=False, autoLog=True, bold=False, color=array([-0.0667,  0.6392,  1.    ]), colorSpace='rgb', contrast=1.0, depth=0.0, flipHoriz=False, flipVert=False, font='Open Sans', fontFiles=[], height=0.05, italic=False, languageStyle='LTR', name='text', opacity=1.0, ori=0.0, pos=array([0., 0.]), rgb=UNKNOWN, text='', units='height', win=Window(...), wrapWidth=1)
16.4727 	EXP 	Created moveToRDMpart2 = TextStim(__class__=<class 'psychopy.visual.text.TextStim'>, alignHoriz=method-wrapper(...), alignText='center', alignVert=method-wrapper(...), anchorHoriz='center', anchorVert='center', antialias=True, autoDraw=False, autoLog=True, bold=False, color=array([-0.0667,  0.6392,  1.    ]), colorSpace='rgb', contrast=1.0, depth=0.0, flipHoriz=False, flipVert=False, font='Arial', fontFiles=[], height=0.04, italic=False, languageStyle='LTR', name='moveToRDMpart2', opacity=1.0, ori=0.0, pos=array([0., 0.]), rgb=UNKNOWN, text=str(...), units='height', win=Window(...), wrapWidth=1.6)
16.4739 	EXP 	Created circleLeftReal = Rect(__class__=<class 'psychopy.visual.rect.Rect'>, anchor=('center', 'center'), autoDraw=False, autoLog=True, closeShape=True, color=method-wrapper(...), colorSpace='rgb', contrast=None, depth=-1.0, fillColor=array([-0.0667,  0.6392,  1.    ]), fillColorSpace='rgb', fillRGB=array([-0.0667,  0.6392,  1.    ]), interpolate=True, lineColor=array([-0.0667,  0.6392,  1.    ]), lineColorSpace='rgb', lineRGB=array([-0.0667,  0.6392,  1.    ]), lineWidth=1, name='circleLeftReal', opacity=1.0, ori=0.0, pos=array([-0.4,  0. ]), size=array([0.5, 0.5]), units='height', vertices=ndarray(...), win=Window(...))
16.4750 	EXP 	Created circleRightReal = Rect(__class__=<class 'psychopy.visual.rect.Rect'>, anchor=('center', 'center'), autoDraw=False, autoLog=True, closeShape=True, color=method-wrapper(...), colorSpace='rgb', contrast=None, depth=-2.0, fillColor=array([-0.0667,  0.6392,  1.    ]), fillColorSpace='rgb', fillRGB=array([-0.0667,  0.6392,  1.    ]), interpolate=True, lineColor=array([-0.0667,  0.6392,  1.    ]), lineColorSpace='rgb', lineRGB=array([-0.0667,  0.6392,  1.    ]), lineWidth=1, name='circleRightReal', opacity=1.0, ori=0.0, pos=array([0.4, 0. ]), size=array([0.5, 0.5]), units='height', vertices=ndarray(...), win=Window(...))
16.4760 	EXP 	Created lineLeftReal = Rect(__class__=<class 'psychopy.visual.rect.Rect'>, anchor=('center', 'center'), autoDraw=False, autoLog=True, closeShape=True, color=method-wrapper(...), colorSpace='rgb', contrast=None, depth=-3.0, fillColor=array([0.5216, 0.5216, 0.5216]), fillColorSpace='rgb', fillRGB=array([0.5216, 0.5216, 0.5216]), interpolate=True, lineColor=array([0.5216, 0.5216, 0.5216]), lineColorSpace='rgb', lineRGB=array([0.5216, 0.5216, 0.5216]), lineWidth=3, name='lineLeftReal', opacity=1.0, ori=0.0, pos=array([0., 0.]), size=array([0.5 , 0.01]), units='height', vertices=ndarray(...), win=Window(...))
16.4791 	EXP 	Created orTextReal = TextStim(__class__=<class 'psychopy.visual.text.TextStim'>, alignHoriz=method-wrapper(...), alignText='center', alignVert=method-wrapper(...), anchorHoriz='center', anchorVert='center', antialias=True, autoDraw=False, autoLog=True, bold=False, color=array([-0.0667,  0.6392,  1.    ]), colorSpace='rgb', contrast=1.0, depth=-4.0, flipHoriz=False, flipVert=False, font='Arial', fontFiles=[], height=0.05, italic=False, languageStyle='LTR', name='orTextReal', opacity=1.0, ori=0, pos=array([0., 0.]), rgb=UNKNOWN, text='OR', units='height', win=Window(...), wrapWidth=1)
16.4796 	EXP 	Created lossTxtReal = TextStim(__class__=<class 'psychopy.visual.text.TextStim'>, alignHoriz=method-wrapper(...), alignText='center', alignVert=method-wrapper(...), anchorHoriz='center', anchorVert='center', antialias=True, autoDraw=False, autoLog=True, bold=False, color=array([0.5216, 0.5216, 0.5216]), colorSpace='rgb', contrast=1.0, depth=-5.0, flipHoriz=False, flipVert=False, font='Arial', fontFiles=[], height=0.1, italic=False, languageStyle='LTR', name='lossTxtReal', opacity=1.0, ori=0, pos=array([0., 0.]), rgb=UNKNOWN, text='', units='height', win=Window(...), wrapWidth=1)
16.4801 	EXP 	Created gainTxtReal = TextStim(__class__=<class 'psychopy.visual.text.TextStim'>, alignHoriz=method-wrapper(...), alignText='center', alignVert=method-wrapper(...), anchorHoriz='center', anchorVert='center', antialias=True, autoDraw=False, autoLog=True, bold=False, color=array([0.5216, 0.5216, 0.5216]), colorSpace='rgb', contrast=1.0, depth=-6.0, flipHoriz=False, flipVert=False, font='Arial', fontFiles=[], height=0.1, italic=False, languageStyle='LTR', name='gainTxtReal', opacity=1.0, ori=0, pos=array([0., 0.]), rgb=UNKNOWN, text='', units='height', win=Window(...), wrapWidth=1)
16.4806 	EXP 	Created safeTxtReal = TextStim(__class__=<class 'psychopy.visual.text.TextStim'>, alignHoriz=method-wrapper(...), alignText='center', alignVert=method-wrapper(...), anchorHoriz='center', anchorVert='center', antialias=True, autoDraw=False, autoLog=True, bold=False, color=array([0.5216, 0.5216, 0.5216]), colorSpace='rgb', contrast=1.0, depth=-7.0, flipHoriz=False, flipVert=False, font='Arial', fontFiles=[], height=0.1, italic=False, languageStyle='LTR', name='safeTxtReal', opacity=1.0, ori=0, pos=array([0., 0.]), rgb=UNKNOWN, text='', units='height', win=Window(...), wrapWidth=1)
16.4845 	EXP 	Created vLeftReal = TextStim(__class__=<class 'psychopy.visual.text.TextStim'>, alignHoriz=method-wrapper(...), alignText='center', alignVert=method-wrapper(...), anchorHoriz='center', anchorVert='center', antialias=True, autoDraw=False, autoLog=True, bold=False, color=array([-0.0667,  0.6392,  1.    ]), colorSpace='rgb', contrast=1.0, depth=-8.0, flipHoriz=False, flipVert=False, font='Arial', fontFiles=[], height=0.05, italic=False, languageStyle='LTR', name='vLeftReal', opacity=1.0, ori=0, pos=array([-0.4 , -0.35]), rgb=UNKNOWN, text='V-Left', units='height', win=Window(...), wrapWidth=1)
16.4879 	EXP 	Created nRightReal = TextStim(__class__=<class 'psychopy.visual.text.TextStim'>, alignHoriz=method-wrapper(...), alignText='center', alignVert=method-wrapper(...), anchorHoriz='center', anchorVert='center', antialias=True, autoDraw=False, autoLog=True, bold=False, color=array([-0.0667,  0.6392,  1.    ]), colorSpace='rgb', contrast=1.0, depth=-9.0, flipHoriz=False, flipVert=False, font='Arial', fontFiles=[], height=0.05, italic=False, languageStyle='LTR', name='nRightReal', opacity=1.0, ori=0, pos=array([ 0.4 , -0.35]), rgb=UNKNOWN, text='N-Right', units='height', win=Window(...), wrapWidth=1)
16.4900 	EXP 	Created isiTextReal = TextStim(__class__=<class 'psychopy.visual.text.TextStim'>, alignHoriz=method-wrapper(...), alignText='center', alignVert=method-wrapper(...), anchorHoriz='center', anchorVert='center', antialias=True, autoDraw=False, autoLog=True, bold=False, color=array([-0.0667,  0.6392,  1.    ]), colorSpace='rgb', contrast=1.0, depth=0.0, flipHoriz=False, flipVert=False, font='Arial', fontFiles=[], height=0.05, italic=False, languageStyle='LTR', name='isiTextReal', opacity=1.0, ori=0, pos=array([0., 0.]), rgb=UNKNOWN, text='+', units='height', win=Window(...), wrapWidth=1)
16.4982 	EXP 	Created noRespTxtReal = TextStim(__class__=<class 'psychopy.visual.text.TextStim'>, alignHoriz=method-wrapper(...), alignText='center', alignVert=method-wrapper(...), anchorHoriz='center', anchorVert='center', antialias=True, autoDraw=False, autoLog=True, bold=False, color=array([-0.0667,  0.6392,  1.    ]), colorSpace='rgb', contrast=1.0, depth=-1.0, flipHoriz=False, flipVert=False, font='Arial', fontFiles=[], height=0.08, italic=False, languageStyle='LTR', name='noRespTxtReal', opacity=1.0, ori=0, pos=array([0., 0.]), rgb=UNKNOWN, text='You did not respond in time\n', units='height', win=Window(...), wrapWidth=1)
16.4994 	EXP 	Created ocGambleReal = Rect(__class__=<class 'psychopy.visual.rect.Rect'>, anchor=('center', 'center'), autoDraw=False, autoLog=True, closeShape=True, color=method-wrapper(...), colorSpace='rgb', contrast=None, depth=-2.0, fillColor=array([-0.0667,  0.6392,  1.    ]), fillColorSpace='rgb', fillRGB=array([-0.0667,  0.6392,  1.    ]), interpolate=True, lineColor=array([-0.0667,  0.6392,  1.    ]), lineColorSpace='rgb', lineRGB=array([-0.0667,  0.6392,  1.    ]), lineWidth=1, name='ocGambleReal', opacity=1.0, ori=0.0, pos=array([0., 0.]), size=array([0.5, 0.5]), units='height', vertices=ndarray(...), win=Window(...))
16.5005 	EXP 	Created ocSafeReal = Rect(__class__=<class 'psychopy.visual.rect.Rect'>, anchor=('center', 'center'), autoDraw=False, autoLog=True, closeShape=True, color=method-wrapper(...), colorSpace='rgb', contrast=None, depth=-3.0, fillColor=array([-0.0667,  0.6392,  1.    ]), fillColorSpace='rgb', fillRGB=array([-0.0667,  0.6392,  1.    ]), interpolate=True, lineColor=array([-0.0667,  0.6392,  1.    ]), lineColorSpace='rgb', lineRGB=array([-0.0667,  0.6392,  1.    ]), lineWidth=1, name='ocSafeReal', opacity=1.0, ori=0.0, pos=array([0., 0.]), size=array([0.5, 0.5]), units='height', vertices=ndarray(...), win=Window(...))
16.5010 	EXP 	Created outcomeTextReal = TextStim(__class__=<class 'psychopy.visual.text.TextStim'>, alignHoriz=method-wrapper(...), alignText='center', alignVert=method-wrapper(...), anchorHoriz='center', anchorVert='center', antialias=True, autoDraw=False, autoLog=True, bold=False, color=array([0.5216, 0.5216, 0.5216]), colorSpace='rgb', contrast=1.0, depth=-4.0, flipHoriz=False, flipVert=False, font='Arial', fontFiles=[], height=0.1, italic=False, languageStyle='LTR', name='outcomeTextReal', opacity=1.0, ori=0, pos=array([0., 0.]), rgb=UNKNOWN, text='', units='height', win=Window(...), wrapWidth=1)
16.5021 	EXP 	Created hideGambleReal = Rect(__class__=<class 'psychopy.visual.rect.Rect'>, anchor=('center', 'center'), autoDraw=False, autoLog=True, closeShape=True, color=method-wrapper(...), colorSpace='rgb', contrast=None, depth=-5.0, fillColor=array([0.5216, 0.5216, 0.5216]), fillColorSpace='rgb', fillRGB=array([0.5216, 0.5216, 0.5216]), interpolate=True, lineColor=array([0.5216, 0.5216, 0.5216]), lineColorSpace='rgb', lineRGB=array([0.5216, 0.5216, 0.5216]), lineWidth=1, name='hideGambleReal', opacity=1.0, ori=0.0, pos=array([0., 0.]), size=array([0.6, 0.3]), units='height', vertices=ndarray(...), win=Window(...))
16.5047 	EXP 	Created itiTextReal = TextStim(__class__=<class 'psychopy.visual.text.TextStim'>, alignHoriz=method-wrapper(...), alignText='center', alignVert=method-wrapper(...), anchorHoriz='center', anchorVert='center', antialias=True, autoDraw=False, autoLog=True, bold=False, color=array([-0.0667,  0.6392,  1.    ]), colorSpace='rgb', contrast=1.0, depth=0.0, flipHoriz=False, flipVert=False, font='Arial', fontFiles=[], height=0.05, italic=False, languageStyle='LTR', name='itiTextReal', opacity=1.0, ori=0, pos=array([0., 0.]), rgb=UNKNOWN, text='+', units='height', win=Window(...), wrapWidth=1)
16.5231 	EXP 	Created breaktxt = TextStim(__class__=<class 'psychopy.visual.text.TextStim'>, alignHoriz=method-wrapper(...), alignText='center', alignVert=method-wrapper(...), anchorHoriz='center', anchorVert='center', antialias=True, autoDraw=False, autoLog=True, bold=False, color=array([-0.0667,  0.6392,  1.    ]), colorSpace='rgb', contrast=1.0, depth=0.0, flipHoriz=False, flipVert=False, font='Arial', fontFiles=[], height=0.04, italic=False, languageStyle='LTR', name='breaktxt', opacity=1.0, ori=0.0, pos=array([0., 0.]), rgb=UNKNOWN, text=str(...), units='height', win=Window(...), wrapWidth=1.6)
16.5293 	EXP 	Created ThankYou = TextStim(__class__=<class 'psychopy.visual.text.TextStim'>, alignHoriz=method-wrapper(...), alignText='center', alignVert=method-wrapper(...), anchorHoriz='center', anchorVert='center', antialias=True, autoDraw=False, autoLog=True, bold=False, color=array([-0.0667,  0.6392,  1.    ]), colorSpace='rgb', contrast=1.0, depth=0.0, flipHoriz=False, flipVert=False, font='Arial', fontFiles=[], height=0.04, italic=False, languageStyle='LTR', name='ThankYou', opacity=1.0, ori=0.0, pos=array([0., 0.]), rgb=UNKNOWN, text=str(...), units='height', win=Window(...), wrapWidth=1.6)
16.5364 	EXP 	Instructions: autoDraw = True
19.2316 	DATA 	Keypress: return
19.2454 	EXP 	Instructions: autoDraw = False
19.2454 	EXP 	startPract: autoDraw = True
21.3787 	EXP 	Imported cgtRDMPractice.xlsx as conditions, 4 conditions, 6 params
21.3798 	EXP 	Created sequence: sequential, trialTypes=4, nReps=1, seed=None
21.3806 	EXP 	New trial (rep=0, index=0): {'riskyGain': 18.23, 'riskyLoss': 0, 'alternative': 9.45, 'isi': 2, 'iti': 1, 'loc': 1}
21.4020 	DATA 	Keypress: v
21.4072 	EXP 	startPract: autoDraw = False
21.4072 	EXP 	lossTxt: height = 0.1
21.4072 	EXP 	lossTxt: height = 0.1
21.4072 	EXP 	lossTxt: height = 0.1
21.4072 	EXP 	lossTxt: text = '$0'
21.4072 	EXP 	gainTxt: height = 0.1
21.4072 	EXP 	gainTxt: height = 0.1
21.4072 	EXP 	gainTxt: height = 0.1
21.4072 	EXP 	gainTxt: text = '$18.23'
21.4072 	EXP 	safeTxt: height = 0.1
21.4072 	EXP 	safeTxt: height = 0.1
21.4072 	EXP 	safeTxt: height = 0.1
21.4072 	EXP 	safeTxt: text = '$9.45'
21.4072 	EXP 	circleLeft: autoDraw = True
21.4072 	EXP 	circleRight: autoDraw = True
21.4072 	EXP 	lineLeft: autoDraw = True
21.4072 	EXP 	orText: autoDraw = True
21.4072 	EXP 	lossTxt: autoDraw = True
21.4072 	EXP 	gainTxt: autoDraw = True
21.4072 	EXP 	safeTxt: autoDraw = True
23.3731 	EXP 	vLeft: autoDraw = True
23.3731 	EXP 	nRight: autoDraw = True
24.3957 	DATA 	Keypress: v
24.4048 	EXP 	circleLeft: autoDraw = False
24.4048 	EXP 	circleRight: autoDraw = False
24.4048 	EXP 	lineLeft: autoDraw = False
24.4048 	EXP 	orText: autoDraw = False
24.4048 	EXP 	lossTxt: autoDraw = False
24.4048 	EXP 	gainTxt: autoDraw = False
24.4048 	EXP 	safeTxt: autoDraw = False
24.4048 	EXP 	vLeft: autoDraw = False
24.4048 	EXP 	nRight: autoDraw = False
24.4048 	EXP 	isiText: autoDraw = True
26.4240 	EXP 	isiText: autoDraw = False
26.4240 	EXP 	isiText: autoDraw = False
26.4240 	EXP 	outcomeText: height = 0.1
26.4240 	EXP 	outcomeText: height = 0.1
26.4240 	EXP 	outcomeText: height = 0.1
26.4240 	EXP 	outcomeText: text = '$18.23'
26.4240 	EXP 	noRespTxt: autoDraw = True
26.4240 	EXP 	ocGamble: autoDraw = True
26.4240 	EXP 	ocSafe: autoDraw = True
26.4240 	EXP 	outcomeText: autoDraw = True
26.4240 	EXP 	hideGamble: autoDraw = True
27.4332 	EXP 	noRespTxt: autoDraw = False
27.4332 	EXP 	ocGamble: autoDraw = False
27.4332 	EXP 	ocSafe: autoDraw = False
27.4332 	EXP 	outcomeText: autoDraw = False
27.4332 	EXP 	hideGamble: autoDraw = False
27.4332 	EXP 	itiText: autoDraw = True
28.4336 	EXP 	New trial (rep=0, index=1): {'riskyGain': 53.27, 'riskyLoss': 0, 'alternative': 35.16, 'isi': 1, 'iti': 3, 'loc': 1}
28.4736 	EXP 	itiText: autoDraw = False
28.4736 	EXP 	itiText: autoDraw = False
28.4736 	EXP 	lossTxt: text = '$0'
28.4736 	EXP 	gainTxt: height = 0.1
28.4736 	EXP 	gainTxt: height = 0.1
28.4736 	EXP 	gainTxt: height = 0.1
28.4736 	EXP 	gainTxt: text = '$53.27'
28.4736 	EXP 	safeTxt: height = 0.1
28.4736 	EXP 	safeTxt: height = 0.1
28.4736 	EXP 	safeTxt: height = 0.1
28.4736 	EXP 	safeTxt: text = '$35.16'
28.4736 	EXP 	circleLeft: autoDraw = True
28.4736 	EXP 	circleRight: autoDraw = True
28.4736 	EXP 	lineLeft: autoDraw = True
28.4736 	EXP 	orText: autoDraw = True
28.4736 	EXP 	lossTxt: autoDraw = True
28.4736 	EXP 	gainTxt: autoDraw = True
28.4736 	EXP 	safeTxt: autoDraw = True
30.4452 	EXP 	vLeft: autoDraw = True
30.4452 	EXP 	nRight: autoDraw = True
30.8963 	DATA 	Keypress: n
30.9107 	EXP 	circleLeft: autoDraw = False
30.9107 	EXP 	circleRight: autoDraw = False
30.9107 	EXP 	lineLeft: autoDraw = False
30.9107 	EXP 	orText: autoDraw = False
30.9107 	EXP 	lossTxt: autoDraw = False
30.9107 	EXP 	gainTxt: autoDraw = False
30.9107 	EXP 	safeTxt: autoDraw = False
30.9107 	EXP 	vLeft: autoDraw = False
30.9107 	EXP 	nRight: autoDraw = False
30.9107 	EXP 	isiText: autoDraw = True
31.9260 	EXP 	isiText: autoDraw = False
31.9260 	EXP 	isiText: autoDraw = False
31.9260 	EXP 	outcomeText: height = 0.1
31.9260 	EXP 	outcomeText: height = 0.1
31.9260 	EXP 	outcomeText: height = 0.1
31.9260 	EXP 	outcomeText: text = '$35.16'
31.9260 	EXP 	noRespTxt: autoDraw = True
31.9260 	EXP 	ocGamble: autoDraw = True
31.9260 	EXP 	ocSafe: autoDraw = True
31.9260 	EXP 	outcomeText: autoDraw = True
31.9260 	EXP 	hideGamble: autoDraw = True
32.9411 	EXP 	noRespTxt: autoDraw = False
32.9411 	EXP 	ocGamble: autoDraw = False
32.9411 	EXP 	ocSafe: autoDraw = False
32.9411 	EXP 	outcomeText: autoDraw = False
32.9411 	EXP 	hideGamble: autoDraw = False
32.9411 	EXP 	itiText: autoDraw = True
35.9390 	EXP 	New trial (rep=0, index=2): {'riskyGain': 8.27, 'riskyLoss': 0, 'alternative': 1.15, 'isi': 1, 'iti': 2, 'loc': 2}
35.9751 	EXP 	itiText: autoDraw = False
35.9751 	EXP 	itiText: autoDraw = False
35.9751 	EXP 	lossTxt: text = '$0'
35.9751 	EXP 	gainTxt: height = 0.1
35.9751 	EXP 	gainTxt: height = 0.1
35.9751 	EXP 	gainTxt: height = 0.1
35.9751 	EXP 	gainTxt: text = '$8.27'
35.9751 	EXP 	safeTxt: height = 0.1
35.9751 	EXP 	safeTxt: height = 0.1
35.9751 	EXP 	safeTxt: height = 0.1
35.9751 	EXP 	safeTxt: text = '$1.15'
35.9751 	EXP 	circleLeft: autoDraw = True
35.9751 	EXP 	circleRight: autoDraw = True
35.9751 	EXP 	lineLeft: autoDraw = True
35.9751 	EXP 	orText: autoDraw = True
35.9751 	EXP 	lossTxt: autoDraw = True
35.9751 	EXP 	gainTxt: autoDraw = True
35.9751 	EXP 	safeTxt: autoDraw = True
37.9506 	EXP 	vLeft: autoDraw = True
37.9506 	EXP 	nRight: autoDraw = True
38.6513 	DATA 	Keypress: v
38.6658 	EXP 	circleLeft: autoDraw = False
38.6658 	EXP 	circleRight: autoDraw = False
38.6658 	EXP 	lineLeft: autoDraw = False
38.6658 	EXP 	orText: autoDraw = False
38.6658 	EXP 	lossTxt: autoDraw = False
38.6658 	EXP 	gainTxt: autoDraw = False
38.6658 	EXP 	safeTxt: autoDraw = False
38.6658 	EXP 	vLeft: autoDraw = False
38.6658 	EXP 	nRight: autoDraw = False
38.6658 	EXP 	isiText: autoDraw = True
39.6883 	EXP 	isiText: autoDraw = False
39.6883 	EXP 	isiText: autoDraw = False
39.6883 	EXP 	outcomeText: height = 0.1
39.6883 	EXP 	outcomeText: height = 0.1
39.6883 	EXP 	outcomeText: height = 0.1
39.6883 	EXP 	outcomeText: text = '$1.15'
39.6883 	EXP 	noRespTxt: autoDraw = True
39.6883 	EXP 	ocGamble: autoDraw = True
39.6883 	EXP 	ocSafe: autoDraw = True
39.6883 	EXP 	outcomeText: autoDraw = True
39.6883 	EXP 	hideGamble: autoDraw = True
40.6966 	EXP 	noRespTxt: autoDraw = False
40.6966 	EXP 	ocGamble: autoDraw = False
40.6966 	EXP 	ocSafe: autoDraw = False
40.6966 	EXP 	outcomeText: autoDraw = False
40.6966 	EXP 	hideGamble: autoDraw = False
40.6966 	EXP 	itiText: autoDraw = True
42.6957 	EXP 	New trial (rep=0, index=3): {'riskyGain': 45.88, 'riskyLoss': 0, 'alternative': 40.41, 'isi': 3, 'iti': 1, 'loc': 1}
42.7327 	EXP 	itiText: autoDraw = False
42.7327 	EXP 	itiText: autoDraw = False
42.7327 	EXP 	lossTxt: text = '$0'
42.7327 	EXP 	gainTxt: height = 0.1
42.7327 	EXP 	gainTxt: height = 0.1
42.7327 	EXP 	gainTxt: height = 0.1
42.7327 	EXP 	gainTxt: text = '$45.88'
42.7327 	EXP 	safeTxt: height = 0.1
42.7327 	EXP 	safeTxt: height = 0.1
42.7327 	EXP 	safeTxt: height = 0.1
42.7327 	EXP 	safeTxt: text = '$40.41'
42.7327 	EXP 	circleLeft: autoDraw = True
42.7327 	EXP 	circleRight: autoDraw = True
42.7327 	EXP 	lineLeft: autoDraw = True
42.7327 	EXP 	orText: autoDraw = True
42.7327 	EXP 	lossTxt: autoDraw = True
42.7327 	EXP 	gainTxt: autoDraw = True
42.7327 	EXP 	safeTxt: autoDraw = True
44.7074 	EXP 	vLeft: autoDraw = True
44.7074 	EXP 	nRight: autoDraw = True
45.3820 	DATA 	Keypress: v
45.4061 	EXP 	circleLeft: autoDraw = False
45.4061 	EXP 	circleRight: autoDraw = False
45.4061 	EXP 	lineLeft: autoDraw = False
45.4061 	EXP 	orText: autoDraw = False
45.4061 	EXP 	lossTxt: autoDraw = False
45.4061 	EXP 	gainTxt: autoDraw = False
45.4061 	EXP 	safeTxt: autoDraw = False
45.4061 	EXP 	vLeft: autoDraw = False
45.4061 	EXP 	nRight: autoDraw = False
45.4061 	EXP 	isiText: autoDraw = True
48.4232 	EXP 	isiText: autoDraw = False
48.4232 	EXP 	isiText: autoDraw = False
48.4232 	EXP 	outcomeText: height = 0.1
48.4232 	EXP 	outcomeText: height = 0.1
48.4232 	EXP 	outcomeText: height = 0.1
48.4232 	EXP 	outcomeText: text = '$0'
48.4232 	EXP 	noRespTxt: autoDraw = True
48.4232 	EXP 	ocGamble: autoDraw = True
48.4232 	EXP 	ocSafe: autoDraw = True
48.4232 	EXP 	outcomeText: autoDraw = True
48.4232 	EXP 	hideGamble: autoDraw = True
49.4333 	EXP 	noRespTxt: autoDraw = False
49.4333 	EXP 	ocGamble: autoDraw = False
49.4333 	EXP 	ocSafe: autoDraw = False
49.4333 	EXP 	outcomeText: autoDraw = False
49.4333 	EXP 	hideGamble: autoDraw = False
49.4333 	EXP 	itiText: autoDraw = True
50.4485 	EXP 	itiText: autoDraw = False
50.4485 	EXP 	itiText: autoDraw = False
50.4485 	EXP 	postPracText: autoDraw = True
51.5782 	EXP 	Imported CGT-choice-set.csv as conditions, 4 conditions, 4 params
51.5793 	EXP 	Created sequence: random, trialTypes=4, nReps=1, seed=None
51.5796 	EXP 	New trial (rep=0, index=0): OrderedDict([('riskyoption1', 28.21), ('riskyoption2', 0.0), ('safeoption', 3.89), ('ischecktrial', 0)])
51.5886 	DATA 	Keypress: v
51.5939 	EXP 	postPracText: autoDraw = False
51.5939 	EXP 	lossTxtReal: height = 0.1
51.5939 	EXP 	lossTxtReal: height = 0.1
51.5939 	EXP 	lossTxtReal: height = 0.1
51.5939 	EXP 	lossTxtReal: text = '$0'
51.5939 	EXP 	gainTxtReal: height = 0.1
51.5939 	EXP 	gainTxtReal: height = 0.1
51.5939 	EXP 	gainTxtReal: height = 0.1
51.5939 	EXP 	gainTxtReal: text = '$28.21'
51.5939 	EXP 	safeTxtReal: height = 0.1
51.5939 	EXP 	safeTxtReal: height = 0.1
51.5939 	EXP 	safeTxtReal: height = 0.1
51.5939 	EXP 	safeTxtReal: text = '$3.89'
51.5939 	EXP 	circleLeftReal: autoDraw = True
51.5939 	EXP 	circleRightReal: autoDraw = True
51.5939 	EXP 	lineLeftReal: autoDraw = True
51.5939 	EXP 	orTextReal: autoDraw = True
51.5939 	EXP 	lossTxtReal: autoDraw = True
51.5939 	EXP 	gainTxtReal: autoDraw = True
51.5939 	EXP 	safeTxtReal: autoDraw = True
53.5442 	EXP 	vLeftReal: autoDraw = True
53.5442 	EXP 	nRightReal: autoDraw = True
54.2509 	DATA 	Keypress: n
54.2594 	EXP 	circleLeftReal: autoDraw = False
54.2594 	EXP 	circleRightReal: autoDraw = False
54.2594 	EXP 	lineLeftReal: autoDraw = False
54.2594 	EXP 	orTextReal: autoDraw = False
54.2594 	EXP 	lossTxtReal: autoDraw = False
54.2594 	EXP 	gainTxtReal: autoDraw = False
54.2594 	EXP 	safeTxtReal: autoDraw = False
54.2594 	EXP 	vLeftReal: autoDraw = False
54.2594 	EXP 	nRightReal: autoDraw = False
54.2594 	EXP 	isiTextReal: autoDraw = True
54.7752 	EXP 	isiTextReal: autoDraw = False
54.7752 	EXP 	outcomeTextReal: height = 0.1
54.7752 	EXP 	outcomeTextReal: height = 0.1
54.7752 	EXP 	outcomeTextReal: height = 0.1
54.7752 	EXP 	outcomeTextReal: text = '$0'
54.7752 	EXP 	noRespTxtReal: autoDraw = True
54.7752 	EXP 	ocGambleReal: autoDraw = True
54.7752 	EXP 	ocSafeReal: autoDraw = True
54.7752 	EXP 	outcomeTextReal: autoDraw = True
54.7752 	EXP 	hideGambleReal: autoDraw = True
55.7738 	EXP 	noRespTxtReal: autoDraw = False
55.7738 	EXP 	ocGambleReal: autoDraw = False
55.7738 	EXP 	ocSafeReal: autoDraw = False
55.7738 	EXP 	outcomeTextReal: autoDraw = False
55.7738 	EXP 	hideGambleReal: autoDraw = False
55.7738 	EXP 	itiTextReal: autoDraw = True
56.7558 	EXP 	New trial (rep=0, index=1): OrderedDict([('riskyoption1', 25.2), ('riskyoption2', 0.0), ('safeoption', 5.4), ('ischecktrial', 0)])
56.7725 	EXP 	itiTextReal: autoDraw = False
56.7725 	EXP 	lossTxtReal: text = '$0'
56.7725 	EXP 	gainTxtReal: height = 0.1
56.7725 	EXP 	gainTxtReal: height = 0.1
56.7725 	EXP 	gainTxtReal: height = 0.1
56.7725 	EXP 	gainTxtReal: text = '$25.20'
56.7725 	EXP 	safeTxtReal: height = 0.1
56.7725 	EXP 	safeTxtReal: height = 0.1
56.7725 	EXP 	safeTxtReal: height = 0.1
56.7725 	EXP 	safeTxtReal: text = '$5.40'
56.7725 	EXP 	circleLeftReal: autoDraw = True
56.7725 	EXP 	circleRightReal: autoDraw = True
56.7725 	EXP 	lineLeftReal: autoDraw = True
56.7725 	EXP 	orTextReal: autoDraw = True
56.7725 	EXP 	lossTxtReal: autoDraw = True
56.7725 	EXP 	gainTxtReal: autoDraw = True
56.7725 	EXP 	safeTxtReal: autoDraw = True
58.7527 	EXP 	vLeftReal: autoDraw = True
58.7527 	EXP 	nRightReal: autoDraw = True
59.1416 	DATA 	Keypress: v
59.1520 	EXP 	circleLeftReal: autoDraw = False
59.1520 	EXP 	circleRightReal: autoDraw = False
59.1520 	EXP 	lineLeftReal: autoDraw = False
59.1520 	EXP 	orTextReal: autoDraw = False
59.1520 	EXP 	lossTxtReal: autoDraw = False
59.1520 	EXP 	gainTxtReal: autoDraw = False
59.1520 	EXP 	safeTxtReal: autoDraw = False
59.1520 	EXP 	vLeftReal: autoDraw = False
59.1520 	EXP 	nRightReal: autoDraw = False
59.1520 	EXP 	isiTextReal: autoDraw = True
59.6680 	EXP 	isiTextReal: autoDraw = False
59.6680 	EXP 	outcomeTextReal: height = 0.1
59.6680 	EXP 	outcomeTextReal: height = 0.1
59.6680 	EXP 	outcomeTextReal: height = 0.1
59.6680 	EXP 	outcomeTextReal: text = '$25.20'
59.6680 	EXP 	noRespTxtReal: autoDraw = True
59.6680 	EXP 	ocGambleReal: autoDraw = True
59.6680 	EXP 	ocSafeReal: autoDraw = True
59.6680 	EXP 	outcomeTextReal: autoDraw = True
59.6680 	EXP 	hideGambleReal: autoDraw = True
60.6670 	EXP 	noRespTxtReal: autoDraw = False
60.6670 	EXP 	ocGambleReal: autoDraw = False
60.6670 	EXP 	ocSafeReal: autoDraw = False
60.6670 	EXP 	outcomeTextReal: autoDraw = False
60.6670 	EXP 	hideGambleReal: autoDraw = False
60.6670 	EXP 	itiTextReal: autoDraw = True
61.6492 	EXP 	New trial (rep=0, index=2): OrderedDict([('riskyoption1', 20.03), ('riskyoption2', 0.0), ('safeoption', 1.99), ('ischecktrial', 0)])
61.6651 	EXP 	itiTextReal: autoDraw = False
61.6651 	EXP 	lossTxtReal: text = '$0'
61.6651 	EXP 	gainTxtReal: height = 0.1
61.6651 	EXP 	gainTxtReal: height = 0.1
61.6651 	EXP 	gainTxtReal: height = 0.1
61.6651 	EXP 	gainTxtReal: text = '$20.03'
61.6651 	EXP 	safeTxtReal: height = 0.1
61.6651 	EXP 	safeTxtReal: height = 0.1
61.6651 	EXP 	safeTxtReal: height = 0.1
61.6651 	EXP 	safeTxtReal: text = '$1.99'
61.6651 	EXP 	circleLeftReal: autoDraw = True
61.6651 	EXP 	circleRightReal: autoDraw = True
61.6651 	EXP 	lineLeftReal: autoDraw = True
61.6651 	EXP 	orTextReal: autoDraw = True
61.6651 	EXP 	lossTxtReal: autoDraw = True
61.6651 	EXP 	gainTxtReal: autoDraw = True
61.6651 	EXP 	safeTxtReal: autoDraw = True
63.6451 	EXP 	vLeftReal: autoDraw = True
63.6451 	EXP 	nRightReal: autoDraw = True
65.6589 	EXP 	circleLeftReal: autoDraw = False
65.6589 	EXP 	circleRightReal: autoDraw = False
65.6589 	EXP 	lineLeftReal: autoDraw = False
65.6589 	EXP 	orTextReal: autoDraw = False
65.6589 	EXP 	lossTxtReal: autoDraw = False
65.6589 	EXP 	gainTxtReal: autoDraw = False
65.6589 	EXP 	safeTxtReal: autoDraw = False
65.6589 	EXP 	vLeftReal: autoDraw = False
65.6589 	EXP 	nRightReal: autoDraw = False
65.6589 	EXP 	isiTextReal: autoDraw = True
66.1735 	EXP 	isiTextReal: autoDraw = False
66.1735 	EXP 	outcomeTextReal: height = 0.1
66.1735 	EXP 	outcomeTextReal: height = 0.1
66.1735 	EXP 	outcomeTextReal: height = 0.1
66.1735 	EXP 	outcomeTextReal: text = '$nan'
66.1735 	EXP 	noRespTxtReal: autoDraw = True
66.1735 	EXP 	ocGambleReal: autoDraw = True
66.1735 	EXP 	ocSafeReal: autoDraw = True
66.1735 	EXP 	outcomeTextReal: autoDraw = True
66.1735 	EXP 	hideGambleReal: autoDraw = True
67.1568 	EXP 	noRespTxtReal: autoDraw = False
67.1568 	EXP 	ocGambleReal: autoDraw = False
67.1568 	EXP 	ocSafeReal: autoDraw = False
67.1568 	EXP 	outcomeTextReal: autoDraw = False
67.1568 	EXP 	hideGambleReal: autoDraw = False
67.1568 	EXP 	itiTextReal: autoDraw = True
68.1562 	EXP 	New trial (rep=0, index=3): OrderedDict([('riskyoption1', 17.73), ('riskyoption2', 0.0), ('safeoption', 3.13), ('ischecktrial', 0)])
68.1890 	EXP 	itiTextReal: autoDraw = False
68.1890 	EXP 	lossTxtReal: text = '$0'
68.1890 	EXP 	gainTxtReal: height = 0.1
68.1890 	EXP 	gainTxtReal: height = 0.1
68.1890 	EXP 	gainTxtReal: height = 0.1
68.1890 	EXP 	gainTxtReal: text = '$17.73'
68.1890 	EXP 	safeTxtReal: height = 0.1
68.1890 	EXP 	safeTxtReal: height = 0.1
68.1890 	EXP 	safeTxtReal: height = 0.1
68.1890 	EXP 	safeTxtReal: text = '$3.13'
68.1890 	EXP 	circleLeftReal: autoDraw = True
68.1890 	EXP 	circleRightReal: autoDraw = True
68.1890 	EXP 	lineLeftReal: autoDraw = True
68.1890 	EXP 	orTextReal: autoDraw = True
68.1890 	EXP 	lossTxtReal: autoDraw = True
68.1890 	EXP 	gainTxtReal: autoDraw = True
68.1890 	EXP 	safeTxtReal: autoDraw = True
70.1519 	EXP 	vLeftReal: autoDraw = True
70.1519 	EXP 	nRightReal: autoDraw = True
71.7246 	DATA 	Keypress: v
71.7496 	EXP 	circleLeftReal: autoDraw = False
71.7496 	EXP 	circleRightReal: autoDraw = False
71.7496 	EXP 	lineLeftReal: autoDraw = False
71.7496 	EXP 	orTextReal: autoDraw = False
71.7496 	EXP 	lossTxtReal: autoDraw = False
71.7496 	EXP 	gainTxtReal: autoDraw = False
71.7496 	EXP 	safeTxtReal: autoDraw = False
71.7496 	EXP 	vLeftReal: autoDraw = False
71.7496 	EXP 	nRightReal: autoDraw = False
71.7496 	EXP 	isiTextReal: autoDraw = True
72.2658 	EXP 	isiTextReal: autoDraw = False
72.2658 	EXP 	outcomeTextReal: height = 0.1
72.2658 	EXP 	outcomeTextReal: height = 0.1
72.2658 	EXP 	outcomeTextReal: height = 0.1
72.2658 	EXP 	outcomeTextReal: text = '$17.73'
72.2658 	EXP 	noRespTxtReal: autoDraw = True
72.2658 	EXP 	ocGambleReal: autoDraw = True
72.2658 	EXP 	ocSafeReal: autoDraw = True
72.2658 	EXP 	outcomeTextReal: autoDraw = True
72.2658 	EXP 	hideGambleReal: autoDraw = True
73.2641 	EXP 	noRespTxtReal: autoDraw = False
73.2641 	EXP 	ocGambleReal: autoDraw = False
73.2641 	EXP 	ocSafeReal: autoDraw = False
73.2641 	EXP 	outcomeTextReal: autoDraw = False
73.2641 	EXP 	hideGambleReal: autoDraw = False
73.2641 	EXP 	itiTextReal: autoDraw = True
74.6391 	EXP 	itiTextReal: autoDraw = False
74.6391 	EXP 	settingUpForPart2: autoDraw = True
78.6243 	EXP 	window1: recordFrameIntervals = False
78.6393 	EXP 	settingUpForPart2: autoDraw = False
78.6393 	EXP 	settingUpForPart2: autoDraw = False
78.6393 	EXP 	text: autoDraw = True
78.6397 	EXP 	window1: recordFrameIntervals = False
80.6129 	EXP 	text: text = ''
80.6360 	EXP 	text: autoDraw = False
80.6360 	EXP 	moveToRDMpart2: autoDraw = True
82.7040 	DATA 	Keypress: escape
86.3989 	EXP 	window1: mouseVisible = True
