1.6594 	WARNING 	We strongly recommend you activate the PTB sound engine in PsychoPy prefs as the preferred audio engine. Its timing is vastly superior. Your prefs are currently set to use ['sounddevice', 'PTB', 'pyo', 'pygame'] (in that order).
14.2004 	WARNING 	User requested fullscreen with size [2560 1440], but screen is actually [1920, 1080]. Using actual size
18.3098 	EXP 	Created window1 = Window(allowGUI=True, allowStencil=False, autoLog=True, backendConf=UNKNOWN, bitsMode=UNKNOWN, blendMode='avg', bpc=(8, 8, 8), color=array([0.5216, 0.5216, 0.5216]), colorSpace='rgb', depthBits=8, fullscr=<method-wrapper '__getattribute__' of attributeSetter object at 0x000002251B5CC1F0>, gamma=None, gammaErrorPolicy='raise', lms=UNKNOWN, monitor=<psychopy.monitors.calibTools.Monitor object at 0x00000225206E83A0>, multiSample=False, name='window1', numSamples=2, pos=(0, 0), screen=0, size=array([1920, 1080]), stencilBits=0, stereo=False, units='height', useFBO=True, useRetina=False, viewOri=0.0, viewPos=None, viewScale=None, waitBlanking=True, winType='pyglet')
18.3099 	EXP 	window1: mouseVisible = True
18.3099 	EXP 	window1: mouseVisible = False
18.3099 	EXP 	window1: Attempting to measure frame rate of screen (0) ...
18.3099 	EXP 	window1: recordFrameIntervals = False
18.3661 	EXP 	window1: recordFrameIntervals = True
18.3793 	WARNING 	t of last frame was 7.64ms (=1/130)
18.3855 	WARNING 	t of last frame was 6.16ms (=1/162)
18.3913 	WARNING 	t of last frame was 5.78ms (=1/173)
18.3973 	WARNING 	t of last frame was 6.00ms (=1/166)
18.4034 	WARNING 	Multiple dropped frames have occurred - I'll stop bothering you about them!
18.4341 	EXP 	Screen (0) actual frame rate measured at 161.60Hz
18.4342 	EXP 	window1: recordFrameIntervals = False
20.4243 	EXP 	Created Instructions = TextStim(__class__=<class 'psychopy.visual.text.TextStim'>, alignHoriz=method-wrapper(...), alignText='center', alignVert=method-wrapper(...), anchorHoriz='center', anchorVert='center', antialias=True, autoDraw=False, autoLog=True, bold=False, color=array([-0.0667,  0.6392,  1.    ]), colorSpace='rgb', contrast=1.0, depth=-1.0, flipHoriz=False, flipVert=False, font='Arial', fontFiles=[], height=0.04, italic=False, languageStyle='LTR', name='Instructions', opacity=1.0, ori=0, pos=array([0., 0.]), rgb=UNKNOWN, text=str(...), units='height', win=Window(...), wrapWidth=1.6)
20.4312 	EXP 	Created startPract = TextStim(__class__=<class 'psychopy.visual.text.TextStim'>, alignHoriz=method-wrapper(...), alignText='center', alignVert=method-wrapper(...), anchorHoriz='center', anchorVert='center', antialias=True, autoDraw=False, autoLog=True, bold=False, color=array([-0.0667,  0.6392,  1.    ]), colorSpace='rgb', contrast=1.0, depth=0.0, flipHoriz=False, flipVert=False, font='Arial', fontFiles=[], height=0.04, italic=False, languageStyle='LTR', name='startPract', opacity=1.0, ori=0, pos=array([0., 0.]), rgb=UNKNOWN, text=str(...), units='height', win=Window(...), wrapWidth=1.6)
20.4324 	EXP 	Created circleLeft = Rect(__class__=<class 'psychopy.visual.rect.Rect'>, anchor=('center', 'center'), autoDraw=False, autoLog=True, closeShape=True, color=method-wrapper(...), colorSpace='rgb', contrast=None, depth=-1.0, fillColor=array([-0.0667,  0.6392,  1.    ]), fillColorSpace='rgb', fillRGB=array([-0.0667,  0.6392,  1.    ]), interpolate=True, lineColor=array([-0.0667,  0.6392,  1.    ]), lineColorSpace='rgb', lineRGB=array([-0.0667,  0.6392,  1.    ]), lineWidth=5, name='circleLeft', opacity=1.0, ori=0.0, pos=array([-0.4,  0. ]), size=array([0.5, 0.5]), units='height', vertices=ndarray(...), win=Window(...))
20.4335 	EXP 	Created circleRight = Rect(__class__=<class 'psychopy.visual.rect.Rect'>, anchor=('center', 'center'), autoDraw=False, autoLog=True, closeShape=True, color=method-wrapper(...), colorSpace='rgb', contrast=None, depth=-2.0, fillColor=array([-0.0667,  0.6392,  1.    ]), fillColorSpace='rgb', fillRGB=array([-0.0667,  0.6392,  1.    ]), interpolate=True, lineColor=array([-0.0667,  0.6392,  1.    ]), lineColorSpace='rgb', lineRGB=array([-0.0667,  0.6392,  1.    ]), lineWidth=10, name='circleRight', opacity=1.0, ori=0.0, pos=array([0.4, 0. ]), size=array([0.5, 0.5]), units='height', vertices=ndarray(...), win=Window(...))
20.4345 	EXP 	Created lineLeft = Rect(__class__=<class 'psychopy.visual.rect.Rect'>, anchor=('center', 'center'), autoDraw=False, autoLog=True, closeShape=True, color=method-wrapper(...), colorSpace='rgb', contrast=None, depth=-3.0, fillColor=array([0.5216, 0.5216, 0.5216]), fillColorSpace='rgb', fillRGB=array([0.5216, 0.5216, 0.5216]), interpolate=True, lineColor=array([0.5216, 0.5216, 0.5216]), lineColorSpace='rgb', lineRGB=array([0.5216, 0.5216, 0.5216]), lineWidth=3, name='lineLeft', opacity=1.0, ori=0.0, pos=array([0., 0.]), size=array([0.5 , 0.01]), units='height', vertices=ndarray(...), win=Window(...))
20.4395 	EXP 	Created orText = TextStim(__class__=<class 'psychopy.visual.text.TextStim'>, alignHoriz=method-wrapper(...), alignText='center', alignVert=method-wrapper(...), anchorHoriz='center', anchorVert='center', antialias=True, autoDraw=False, autoLog=True, bold=False, color=array([-0.0667,  0.6392,  1.    ]), colorSpace='rgb', contrast=1.0, depth=-4.0, flipHoriz=False, flipVert=False, font='Arial', fontFiles=[], height=0.05, italic=False, languageStyle='LTR', name='orText', opacity=1.0, ori=0, pos=array([0., 0.]), rgb=UNKNOWN, text='OR', units='height', win=Window(...), wrapWidth=1)
20.4405 	EXP 	Created lossTxt = TextStim(__class__=<class 'psychopy.visual.text.TextStim'>, alignHoriz=method-wrapper(...), alignText='center', alignVert=method-wrapper(...), anchorHoriz='center', anchorVert='center', antialias=True, autoDraw=False, autoLog=True, bold=False, color=array([0.5216, 0.5216, 0.5216]), colorSpace='rgb', contrast=1.0, depth=-5.0, flipHoriz=False, flipVert=False, font='Arial', fontFiles=[], height=0.1, italic=False, languageStyle='LTR', name='lossTxt', opacity=1.0, ori=0, pos=array([0., 0.]), rgb=UNKNOWN, text='', units='height', win=Window(...), wrapWidth=1)
20.4410 	EXP 	Created gainTxt = TextStim(__class__=<class 'psychopy.visual.text.TextStim'>, alignHoriz=method-wrapper(...), alignText='center', alignVert=method-wrapper(...), anchorHoriz='center', anchorVert='center', antialias=True, autoDraw=False, autoLog=True, bold=False, color=array([0.5216, 0.5216, 0.5216]), colorSpace='rgb', contrast=1.0, depth=-6.0, flipHoriz=False, flipVert=False, font='Arial', fontFiles=[], height=0.1, italic=False, languageStyle='LTR', name='gainTxt', opacity=1.0, ori=0, pos=array([0., 0.]), rgb=UNKNOWN, text='', units='height', win=Window(...), wrapWidth=1)
20.4415 	EXP 	Created safeTxt = TextStim(__class__=<class 'psychopy.visual.text.TextStim'>, alignHoriz=method-wrapper(...), alignText='center', alignVert=method-wrapper(...), anchorHoriz='center', anchorVert='center', antialias=True, autoDraw=False, autoLog=True, bold=False, color=array([0.5216, 0.5216, 0.5216]), colorSpace='rgb', contrast=1.0, depth=-7.0, flipHoriz=False, flipVert=False, font='Arial', fontFiles=[], height=0.1, italic=False, languageStyle='LTR', name='safeTxt', opacity=1.0, ori=0, pos=array([0., 0.]), rgb=UNKNOWN, text='', units='height', win=Window(...), wrapWidth=1)
20.4474 	EXP 	Created vLeft = TextStim(__class__=<class 'psychopy.visual.text.TextStim'>, alignHoriz=method-wrapper(...), alignText='center', alignVert=method-wrapper(...), anchorHoriz='center', anchorVert='center', antialias=True, autoDraw=False, autoLog=True, bold=False, color=array([-0.0667,  0.6392,  1.    ]), colorSpace='rgb', contrast=1.0, depth=-8.0, flipHoriz=False, flipVert=False, font='Arial', fontFiles=[], height=0.05, italic=False, languageStyle='LTR', name='vLeft', opacity=1.0, ori=0, pos=array([-0.4 , -0.35]), rgb=UNKNOWN, text='V-Left', units='height', win=Window(...), wrapWidth=1)
20.4518 	EXP 	Created nRight = TextStim(__class__=<class 'psychopy.visual.text.TextStim'>, alignHoriz=method-wrapper(...), alignText='center', alignVert=method-wrapper(...), anchorHoriz='center', anchorVert='center', antialias=True, autoDraw=False, autoLog=True, bold=False, color=array([-0.0667,  0.6392,  1.    ]), colorSpace='rgb', contrast=1.0, depth=-9.0, flipHoriz=False, flipVert=False, font='Arial', fontFiles=[], height=0.05, italic=False, languageStyle='LTR', name='nRight', opacity=1.0, ori=0, pos=array([ 0.4 , -0.35]), rgb=UNKNOWN, text='N-Right', units='height', win=Window(...), wrapWidth=1)
20.4544 	EXP 	Created isiText = TextStim(__class__=<class 'psychopy.visual.text.TextStim'>, alignHoriz=method-wrapper(...), alignText='center', alignVert=method-wrapper(...), anchorHoriz='center', anchorVert='center', antialias=True, autoDraw=False, autoLog=True, bold=False, color=array([-0.0667,  0.6392,  1.    ]), colorSpace='rgb', contrast=1.0, depth=0.0, flipHoriz=False, flipVert=False, font='Arial', fontFiles=[], height=0.05, italic=False, languageStyle='LTR', name='isiText', opacity=1.0, ori=0, pos=array([0., 0.]), rgb=UNKNOWN, text='+', units='height', win=Window(...), wrapWidth=1)
20.4639 	EXP 	Created noRespTxt = TextStim(__class__=<class 'psychopy.visual.text.TextStim'>, alignHoriz=method-wrapper(...), alignText='center', alignVert=method-wrapper(...), anchorHoriz='center', anchorVert='center', antialias=True, autoDraw=False, autoLog=True, bold=False, color=array([-0.0667,  0.6392,  1.    ]), colorSpace='rgb', contrast=1.0, depth=-1.0, flipHoriz=False, flipVert=False, font='Arial', fontFiles=[], height=0.05, italic=False, languageStyle='LTR', name='noRespTxt', opacity=1.0, ori=0, pos=array([0., 0.]), rgb=UNKNOWN, text='You did not respond in time\n', units='height', win=Window(...), wrapWidth=1)
20.4650 	EXP 	Created ocGamble = Rect(__class__=<class 'psychopy.visual.rect.Rect'>, anchor=('center', 'center'), autoDraw=False, autoLog=True, closeShape=True, color=method-wrapper(...), colorSpace='rgb', contrast=None, depth=-2.0, fillColor=array([-0.0667,  0.6392,  1.    ]), fillColorSpace='rgb', fillRGB=array([-0.0667,  0.6392,  1.    ]), interpolate=True, lineColor=array([-0.0667,  0.6392,  1.    ]), lineColorSpace='rgb', lineRGB=array([-0.0667,  0.6392,  1.    ]), lineWidth=1, name='ocGamble', opacity=1.0, ori=0.0, pos=array([0., 0.]), size=array([0.5, 0.5]), units='height', vertices=ndarray(...), win=Window(...))
20.4660 	EXP 	Created ocSafe = Rect(__class__=<class 'psychopy.visual.rect.Rect'>, anchor=('center', 'center'), autoDraw=False, autoLog=True, closeShape=True, color=method-wrapper(...), colorSpace='rgb', contrast=None, depth=-3.0, fillColor=array([-0.0667,  0.6392,  1.    ]), fillColorSpace='rgb', fillRGB=array([-0.0667,  0.6392,  1.    ]), interpolate=True, lineColor=array([-0.0667,  0.6392,  1.    ]), lineColorSpace='rgb', lineRGB=array([-0.0667,  0.6392,  1.    ]), lineWidth=1, name='ocSafe', opacity=1.0, ori=0.0, pos=array([0., 0.]), size=array([0.5, 0.5]), units='height', vertices=ndarray(...), win=Window(...))
20.4665 	EXP 	Created outcomeText = TextStim(__class__=<class 'psychopy.visual.text.TextStim'>, alignHoriz=method-wrapper(...), alignText='center', alignVert=method-wrapper(...), anchorHoriz='center', anchorVert='center', antialias=True, autoDraw=False, autoLog=True, bold=False, color=array([0.5216, 0.5216, 0.5216]), colorSpace='rgb', contrast=1.0, depth=-4.0, flipHoriz=False, flipVert=False, font='Arial', fontFiles=[], height=0.1, italic=False, languageStyle='LTR', name='outcomeText', opacity=1.0, ori=0, pos=array([0., 0.]), rgb=UNKNOWN, text='', units='height', win=Window(...), wrapWidth=1)
20.4676 	EXP 	Created hideGamble = Rect(__class__=<class 'psychopy.visual.rect.Rect'>, anchor=('center', 'center'), autoDraw=False, autoLog=True, closeShape=True, color=method-wrapper(...), colorSpace='rgb', contrast=None, depth=-5.0, fillColor=array([0.5216, 0.5216, 0.5216]), fillColorSpace='rgb', fillRGB=array([0.5216, 0.5216, 0.5216]), interpolate=True, lineColor=array([0.5216, 0.5216, 0.5216]), lineColorSpace='rgb', lineRGB=array([0.5216, 0.5216, 0.5216]), lineWidth=1, name='hideGamble', opacity=1.0, ori=0.0, pos=array([0., 0.]), size=array([0.6, 0.3]), units='height', vertices=ndarray(...), win=Window(...))
20.4695 	EXP 	Created itiText = TextStim(__class__=<class 'psychopy.visual.text.TextStim'>, alignHoriz=method-wrapper(...), alignText='center', alignVert=method-wrapper(...), anchorHoriz='center', anchorVert='center', antialias=True, autoDraw=False, autoLog=True, bold=False, color=array([-0.0667,  0.6392,  1.    ]), colorSpace='rgb', contrast=1.0, depth=0.0, flipHoriz=False, flipVert=False, font='Arial', fontFiles=[], height=0.05, italic=False, languageStyle='LTR', name='itiText', opacity=1.0, ori=0, pos=array([0., 0.]), rgb=UNKNOWN, text='+', units='height', win=Window(...), wrapWidth=1)
20.4814 	EXP 	Created postPracText = TextStim(__class__=<class 'psychopy.visual.text.TextStim'>, alignHoriz=method-wrapper(...), alignText='center', alignVert=method-wrapper(...), anchorHoriz='center', anchorVert='center', antialias=True, autoDraw=False, autoLog=True, bold=False, color=array([-0.0667,  0.6392,  1.    ]), colorSpace='rgb', contrast=1.0, depth=0.0, flipHoriz=False, flipVert=False, font='Arial', fontFiles=[], height=0.04, italic=False, languageStyle='LTR', name='postPracText', opacity=1.0, ori=0, pos=array([0., 0.]), rgb=UNKNOWN, text=str(...), units='height', win=Window(...), wrapWidth=1.6)
20.4826 	EXP 	Created circleLeftReal = Rect(__class__=<class 'psychopy.visual.rect.Rect'>, anchor=('center', 'center'), autoDraw=False, autoLog=True, closeShape=True, color=method-wrapper(...), colorSpace='rgb', contrast=None, depth=-1.0, fillColor=array([0, 0, 0]), fillColorSpace='rgb', fillRGB=array([0, 0, 0]), interpolate=True, lineColor=array([-0.0667,  0.6392,  1.    ]), lineColorSpace='rgb', lineRGB=array([-0.0667,  0.6392,  1.    ]), lineWidth=10, name='circleLeftReal', opacity=0.5, ori=0.0, pos=array([-0.4,  0. ]), size=array([0.5, 0.5]), units='height', vertices=ndarray(...), win=Window(...))
20.4837 	EXP 	Created circleRightReal = Rect(__class__=<class 'psychopy.visual.rect.Rect'>, anchor=('center', 'center'), autoDraw=False, autoLog=True, closeShape=True, color=method-wrapper(...), colorSpace='rgb', contrast=None, depth=-2.0, fillColor=array([0, 0, 0]), fillColorSpace='rgb', fillRGB=array([0, 0, 0]), interpolate=True, lineColor=array([-0.0667,  0.6392,  1.    ]), lineColorSpace='rgb', lineRGB=array([-0.0667,  0.6392,  1.    ]), lineWidth=15, name='circleRightReal', opacity=0.5, ori=0.0, pos=array([0.4, 0. ]), size=array([0.5, 0.5]), units='height', vertices=ndarray(...), win=Window(...))
20.4848 	EXP 	Created lineLeftReal = Rect(__class__=<class 'psychopy.visual.rect.Rect'>, anchor=('center', 'center'), autoDraw=False, autoLog=True, closeShape=True, color=method-wrapper(...), colorSpace='rgb', contrast=None, depth=-3.0, fillColor=array([-0.0667,  0.6392,  1.    ]), fillColorSpace='rgb', fillRGB=array([-0.0667,  0.6392,  1.    ]), interpolate=True, lineColor=array([-0.0667,  0.6392,  1.    ]), lineColorSpace='rgb', lineRGB=array([-0.0667,  0.6392,  1.    ]), lineWidth=3, name='lineLeftReal', opacity=1.0, ori=0.0, pos=array([0., 0.]), size=array([0.5 , 0.01]), units='height', vertices=ndarray(...), win=Window(...))
20.4866 	EXP 	Created orTextReal = TextStim(__class__=<class 'psychopy.visual.text.TextStim'>, alignHoriz=method-wrapper(...), alignText='center', alignVert=method-wrapper(...), anchorHoriz='center', anchorVert='center', antialias=True, autoDraw=False, autoLog=True, bold=False, color=array([-0.0667,  0.6392,  1.    ]), colorSpace='rgb', contrast=1.0, depth=-4.0, flipHoriz=False, flipVert=False, font='Arial', fontFiles=[], height=0.05, italic=False, languageStyle='LTR', name='orTextReal', opacity=1.0, ori=0, pos=array([0., 0.]), rgb=UNKNOWN, text='OR', units='height', win=Window(...), wrapWidth=1)
20.4871 	EXP 	Created lossTxtReal = TextStim(__class__=<class 'psychopy.visual.text.TextStim'>, alignHoriz=method-wrapper(...), alignText='center', alignVert=method-wrapper(...), anchorHoriz='center', anchorVert='center', antialias=True, autoDraw=False, autoLog=True, bold=False, color=array([-0.0667,  0.6392,  1.    ]), colorSpace='rgb', contrast=1.0, depth=-5.0, flipHoriz=False, flipVert=False, font='Arial', fontFiles=[], height=0.1, italic=False, languageStyle='LTR', name='lossTxtReal', opacity=1.0, ori=0, pos=array([0., 0.]), rgb=UNKNOWN, text='', units='height', win=Window(...), wrapWidth=1)
20.4876 	EXP 	Created gainTxtReal = TextStim(__class__=<class 'psychopy.visual.text.TextStim'>, alignHoriz=method-wrapper(...), alignText='center', alignVert=method-wrapper(...), anchorHoriz='center', anchorVert='center', antialias=True, autoDraw=False, autoLog=True, bold=False, color=array([-0.0667,  0.6392,  1.    ]), colorSpace='rgb', contrast=1.0, depth=-6.0, flipHoriz=False, flipVert=False, font='Arial', fontFiles=[], height=0.1, italic=False, languageStyle='LTR', name='gainTxtReal', opacity=1.0, ori=0, pos=array([0., 0.]), rgb=UNKNOWN, text='', units='height', win=Window(...), wrapWidth=1)
20.4881 	EXP 	Created safeTxtReal = TextStim(__class__=<class 'psychopy.visual.text.TextStim'>, alignHoriz=method-wrapper(...), alignText='center', alignVert=method-wrapper(...), anchorHoriz='center', anchorVert='center', antialias=True, autoDraw=False, autoLog=True, bold=False, color=array([-0.0667,  0.6392,  1.    ]), colorSpace='rgb', contrast=1.0, depth=-7.0, flipHoriz=False, flipVert=False, font='Arial', fontFiles=[], height=0.1, italic=False, languageStyle='LTR', name='safeTxtReal', opacity=1.0, ori=0, pos=array([0., 0.]), rgb=UNKNOWN, text='', units='height', win=Window(...), wrapWidth=1)
20.4907 	EXP 	Created vLeftReal = TextStim(__class__=<class 'psychopy.visual.text.TextStim'>, alignHoriz=method-wrapper(...), alignText='center', alignVert=method-wrapper(...), anchorHoriz='center', anchorVert='center', antialias=True, autoDraw=False, autoLog=True, bold=False, color=array([-0.0667,  0.6392,  1.    ]), colorSpace='rgb', contrast=1.0, depth=-8.0, flipHoriz=False, flipVert=False, font='Arial', fontFiles=[], height=0.05, italic=False, languageStyle='LTR', name='vLeftReal', opacity=1.0, ori=0, pos=array([-0.4 , -0.35]), rgb=UNKNOWN, text='V-Left', units='height', win=Window(...), wrapWidth=1)
20.4931 	EXP 	Created nRightReal = TextStim(__class__=<class 'psychopy.visual.text.TextStim'>, alignHoriz=method-wrapper(...), alignText='center', alignVert=method-wrapper(...), anchorHoriz='center', anchorVert='center', antialias=True, autoDraw=False, autoLog=True, bold=False, color=array([-0.0667,  0.6392,  1.    ]), colorSpace='rgb', contrast=1.0, depth=-9.0, flipHoriz=False, flipVert=False, font='Arial', fontFiles=[], height=0.05, italic=False, languageStyle='LTR', name='nRightReal', opacity=1.0, ori=0, pos=array([ 0.4 , -0.35]), rgb=UNKNOWN, text='N-Right', units='height', win=Window(...), wrapWidth=1)
20.4948 	EXP 	Created isiTextReal = TextStim(__class__=<class 'psychopy.visual.text.TextStim'>, alignHoriz=method-wrapper(...), alignText='center', alignVert=method-wrapper(...), anchorHoriz='center', anchorVert='center', antialias=True, autoDraw=False, autoLog=True, bold=False, color=array([-0.0667,  0.6392,  1.    ]), colorSpace='rgb', contrast=1.0, depth=0.0, flipHoriz=False, flipVert=False, font='Arial', fontFiles=[], height=0.05, italic=False, languageStyle='LTR', name='isiTextReal', opacity=1.0, ori=0, pos=array([0., 0.]), rgb=UNKNOWN, text='+', units='height', win=Window(...), wrapWidth=1)
20.5077 	EXP 	Created noRespTxtReal = TextStim(__class__=<class 'psychopy.visual.text.TextStim'>, alignHoriz=method-wrapper(...), alignText='center', alignVert=method-wrapper(...), anchorHoriz='center', anchorVert='center', antialias=True, autoDraw=False, autoLog=True, bold=False, color=array([-0.0667,  0.6392,  1.    ]), colorSpace='rgb', contrast=1.0, depth=-1.0, flipHoriz=False, flipVert=False, font='Arial', fontFiles=[], height=0.08, italic=False, languageStyle='LTR', name='noRespTxtReal', opacity=1.0, ori=0, pos=array([0., 0.]), rgb=UNKNOWN, text='You did not respond in time\n', units='height', win=Window(...), wrapWidth=1)
20.5097 	EXP 	Created ocGambleReal = Rect(__class__=<class 'psychopy.visual.rect.Rect'>, anchor=('center', 'center'), autoDraw=False, autoLog=True, closeShape=True, color=method-wrapper(...), colorSpace='rgb', contrast=None, depth=-2.0, fillColor=array([-0.0667,  0.6392,  1.    ]), fillColorSpace='rgb', fillRGB=array([-0.0667,  0.6392,  1.    ]), interpolate=True, lineColor=array([-0.0667,  0.6392,  1.    ]), lineColorSpace='rgb', lineRGB=array([-0.0667,  0.6392,  1.    ]), lineWidth=1, name='ocGambleReal', opacity=1.0, ori=0.0, pos=array([0., 0.]), size=array([0.5, 0.5]), units='height', vertices=ndarray(...), win=Window(...))
20.5108 	EXP 	Created ocSafeReal = Rect(__class__=<class 'psychopy.visual.rect.Rect'>, anchor=('center', 'center'), autoDraw=False, autoLog=True, closeShape=True, color=method-wrapper(...), colorSpace='rgb', contrast=None, depth=-3.0, fillColor=array([-0.0667,  0.6392,  1.    ]), fillColorSpace='rgb', fillRGB=array([-0.0667,  0.6392,  1.    ]), interpolate=True, lineColor=array([-0.0667,  0.6392,  1.    ]), lineColorSpace='rgb', lineRGB=array([-0.0667,  0.6392,  1.    ]), lineWidth=1, name='ocSafeReal', opacity=1.0, ori=0.0, pos=array([0., 0.]), size=array([0.5, 0.5]), units='height', vertices=ndarray(...), win=Window(...))
20.5113 	EXP 	Created outcomeTextReal = TextStim(__class__=<class 'psychopy.visual.text.TextStim'>, alignHoriz=method-wrapper(...), alignText='center', alignVert=method-wrapper(...), anchorHoriz='center', anchorVert='center', antialias=True, autoDraw=False, autoLog=True, bold=False, color=array([0.5216, 0.5216, 0.5216]), colorSpace='rgb', contrast=1.0, depth=-4.0, flipHoriz=False, flipVert=False, font='Arial', fontFiles=[], height=0.1, italic=False, languageStyle='LTR', name='outcomeTextReal', opacity=1.0, ori=0, pos=array([0., 0.]), rgb=UNKNOWN, text='', units='height', win=Window(...), wrapWidth=1)
20.5123 	EXP 	Created hideGambleReal = Rect(__class__=<class 'psychopy.visual.rect.Rect'>, anchor=('center', 'center'), autoDraw=False, autoLog=True, closeShape=True, color=method-wrapper(...), colorSpace='rgb', contrast=None, depth=-5.0, fillColor=array([0.5216, 0.5216, 0.5216]), fillColorSpace='rgb', fillRGB=array([0.5216, 0.5216, 0.5216]), interpolate=True, lineColor=array([0.5216, 0.5216, 0.5216]), lineColorSpace='rgb', lineRGB=array([0.5216, 0.5216, 0.5216]), lineWidth=1, name='hideGambleReal', opacity=1.0, ori=0.0, pos=array([0., 0.]), size=array([0.6, 0.3]), units='height', vertices=ndarray(...), win=Window(...))
20.5154 	EXP 	Created itiTextReal = TextStim(__class__=<class 'psychopy.visual.text.TextStim'>, alignHoriz=method-wrapper(...), alignText='center', alignVert=method-wrapper(...), anchorHoriz='center', anchorVert='center', antialias=True, autoDraw=False, autoLog=True, bold=False, color=array([-0.0667,  0.6392,  1.    ]), colorSpace='rgb', contrast=1.0, depth=0.0, flipHoriz=False, flipVert=False, font='Arial', fontFiles=[], height=0.05, italic=False, languageStyle='LTR', name='itiTextReal', opacity=1.0, ori=0, pos=array([0., 0.]), rgb=UNKNOWN, text='+', units='height', win=Window(...), wrapWidth=1)
20.5292 	EXP 	Created settingUpForPart2 = TextStim(__class__=<class 'psychopy.visual.text.TextStim'>, alignHoriz=method-wrapper(...), alignText='center', alignVert=method-wrapper(...), anchorHoriz='center', anchorVert='center', antialias=True, autoDraw=False, autoLog=True, bold=False, color=array([-0.0667,  0.6392,  1.    ]), colorSpace='rgb', contrast=1.0, depth=-4.0, flipHoriz=False, flipVert=False, font='Arial', fontFiles=[], height=0.04, italic=False, languageStyle='LTR', name='settingUpForPart2', opacity=1.0, ori=0.0, pos=array([0., 0.]), rgb=UNKNOWN, text=str(...), units='height', win=Window(...), wrapWidth=1.6)
20.5311 	EXP 	Created text = TextStim(__class__=<class 'psychopy.visual.text.TextStim'>, alignHoriz=method-wrapper(...), alignText='center', alignVert=method-wrapper(...), anchorHoriz='center', anchorVert='center', antialias=True, autoDraw=False, autoLog=True, bold=False, color=array([-0.0667,  0.6392,  1.    ]), colorSpace='rgb', contrast=1.0, depth=0.0, flipHoriz=False, flipVert=False, font='Open Sans', fontFiles=[], height=0.05, italic=False, languageStyle='LTR', name='text', opacity=1.0, ori=0.0, pos=array([0., 0.]), rgb=UNKNOWN, text='', units='height', win=Window(...), wrapWidth=1)
20.5409 	EXP 	Created moveToRDMpart2 = TextStim(__class__=<class 'psychopy.visual.text.TextStim'>, alignHoriz=method-wrapper(...), alignText='center', alignVert=method-wrapper(...), anchorHoriz='center', anchorVert='center', antialias=True, autoDraw=False, autoLog=True, bold=False, color=array([-0.0667,  0.6392,  1.    ]), colorSpace='rgb', contrast=1.0, depth=0.0, flipHoriz=False, flipVert=False, font='Arial', fontFiles=[], height=0.04, italic=False, languageStyle='LTR', name='moveToRDMpart2', opacity=1.0, ori=0.0, pos=array([0., 0.]), rgb=UNKNOWN, text=str(...), units='height', win=Window(...), wrapWidth=1.6)
20.5421 	EXP 	Created circleLeftReal = Rect(__class__=<class 'psychopy.visual.rect.Rect'>, anchor=('center', 'center'), autoDraw=False, autoLog=True, closeShape=True, color=method-wrapper(...), colorSpace='rgb', contrast=None, depth=-1.0, fillColor=array([0, 0, 0]), fillColorSpace='rgb', fillRGB=array([0, 0, 0]), interpolate=True, lineColor=array([-0.0667,  0.6392,  1.    ]), lineColorSpace='rgb', lineRGB=array([-0.0667,  0.6392,  1.    ]), lineWidth=10, name='circleLeftReal', opacity=0.5, ori=0.0, pos=array([-0.4,  0. ]), size=array([0.5, 0.5]), units='height', vertices=ndarray(...), win=Window(...))
20.5432 	EXP 	Created circleRightReal = Rect(__class__=<class 'psychopy.visual.rect.Rect'>, anchor=('center', 'center'), autoDraw=False, autoLog=True, closeShape=True, color=method-wrapper(...), colorSpace='rgb', contrast=None, depth=-2.0, fillColor=array([0, 0, 0]), fillColorSpace='rgb', fillRGB=array([0, 0, 0]), interpolate=True, lineColor=array([-0.0667,  0.6392,  1.    ]), lineColorSpace='rgb', lineRGB=array([-0.0667,  0.6392,  1.    ]), lineWidth=10, name='circleRightReal', opacity=0.5, ori=0.0, pos=array([0.4, 0. ]), size=array([0.5, 0.5]), units='height', vertices=ndarray(...), win=Window(...))
20.5443 	EXP 	Created lineLeftReal = Rect(__class__=<class 'psychopy.visual.rect.Rect'>, anchor=('center', 'center'), autoDraw=False, autoLog=True, closeShape=True, color=method-wrapper(...), colorSpace='rgb', contrast=None, depth=-3.0, fillColor=array([-0.0667,  0.6392,  1.    ]), fillColorSpace='rgb', fillRGB=array([-0.0667,  0.6392,  1.    ]), interpolate=True, lineColor=array([-0.0667,  0.6392,  1.    ]), lineColorSpace='rgb', lineRGB=array([-0.0667,  0.6392,  1.    ]), lineWidth=3, name='lineLeftReal', opacity=1.0, ori=0.0, pos=array([0., 0.]), size=array([0.5 , 0.01]), units='height', vertices=ndarray(...), win=Window(...))
20.5471 	EXP 	Created orTextReal = TextStim(__class__=<class 'psychopy.visual.text.TextStim'>, alignHoriz=method-wrapper(...), alignText='center', alignVert=method-wrapper(...), anchorHoriz='center', anchorVert='center', antialias=True, autoDraw=False, autoLog=True, bold=False, color=array([-0.0667,  0.6392,  1.    ]), colorSpace='rgb', contrast=1.0, depth=-4.0, flipHoriz=False, flipVert=False, font='Arial', fontFiles=[], height=0.05, italic=False, languageStyle='LTR', name='orTextReal', opacity=1.0, ori=0, pos=array([0., 0.]), rgb=UNKNOWN, text='OR', units='height', win=Window(...), wrapWidth=1)
20.5477 	EXP 	Created lossTxtReal = TextStim(__class__=<class 'psychopy.visual.text.TextStim'>, alignHoriz=method-wrapper(...), alignText='center', alignVert=method-wrapper(...), anchorHoriz='center', anchorVert='center', antialias=True, autoDraw=False, autoLog=True, bold=False, color=array([-0.0667,  0.6392,  1.    ]), colorSpace='rgb', contrast=1.0, depth=-5.0, flipHoriz=False, flipVert=False, font='Arial', fontFiles=[], height=0.1, italic=False, languageStyle='LTR', name='lossTxtReal', opacity=1.0, ori=0, pos=array([0., 0.]), rgb=UNKNOWN, text='', units='height', win=Window(...), wrapWidth=1)
20.5482 	EXP 	Created gainTxtReal = TextStim(__class__=<class 'psychopy.visual.text.TextStim'>, alignHoriz=method-wrapper(...), alignText='center', alignVert=method-wrapper(...), anchorHoriz='center', anchorVert='center', antialias=True, autoDraw=False, autoLog=True, bold=False, color=array([-0.0667,  0.6392,  1.    ]), colorSpace='rgb', contrast=1.0, depth=-6.0, flipHoriz=False, flipVert=False, font='Arial', fontFiles=[], height=0.1, italic=False, languageStyle='LTR', name='gainTxtReal', opacity=1.0, ori=0, pos=array([0., 0.]), rgb=UNKNOWN, text='', units='height', win=Window(...), wrapWidth=1)
20.5487 	EXP 	Created safeTxtReal = TextStim(__class__=<class 'psychopy.visual.text.TextStim'>, alignHoriz=method-wrapper(...), alignText='center', alignVert=method-wrapper(...), anchorHoriz='center', anchorVert='center', antialias=True, autoDraw=False, autoLog=True, bold=False, color=array([-0.0667,  0.6392,  1.    ]), colorSpace='rgb', contrast=1.0, depth=-7.0, flipHoriz=False, flipVert=False, font='Arial', fontFiles=[], height=0.1, italic=False, languageStyle='LTR', name='safeTxtReal', opacity=1.0, ori=0, pos=array([0., 0.]), rgb=UNKNOWN, text='', units='height', win=Window(...), wrapWidth=1)
20.5530 	EXP 	Created vLeftReal = TextStim(__class__=<class 'psychopy.visual.text.TextStim'>, alignHoriz=method-wrapper(...), alignText='center', alignVert=method-wrapper(...), anchorHoriz='center', anchorVert='center', antialias=True, autoDraw=False, autoLog=True, bold=False, color=array([-0.0667,  0.6392,  1.    ]), colorSpace='rgb', contrast=1.0, depth=-8.0, flipHoriz=False, flipVert=False, font='Arial', fontFiles=[], height=0.05, italic=False, languageStyle='LTR', name='vLeftReal', opacity=1.0, ori=0, pos=array([-0.4 , -0.35]), rgb=UNKNOWN, text='V-Left', units='height', win=Window(...), wrapWidth=1)
20.5565 	EXP 	Created nRightReal = TextStim(__class__=<class 'psychopy.visual.text.TextStim'>, alignHoriz=method-wrapper(...), alignText='center', alignVert=method-wrapper(...), anchorHoriz='center', anchorVert='center', antialias=True, autoDraw=False, autoLog=True, bold=False, color=array([-0.0667,  0.6392,  1.    ]), colorSpace='rgb', contrast=1.0, depth=-9.0, flipHoriz=False, flipVert=False, font='Arial', fontFiles=[], height=0.05, italic=False, languageStyle='LTR', name='nRightReal', opacity=1.0, ori=0, pos=array([ 0.4 , -0.35]), rgb=UNKNOWN, text='N-Right', units='height', win=Window(...), wrapWidth=1)
20.5585 	EXP 	Created isiTextReal = TextStim(__class__=<class 'psychopy.visual.text.TextStim'>, alignHoriz=method-wrapper(...), alignText='center', alignVert=method-wrapper(...), anchorHoriz='center', anchorVert='center', antialias=True, autoDraw=False, autoLog=True, bold=False, color=array([-0.0667,  0.6392,  1.    ]), colorSpace='rgb', contrast=1.0, depth=0.0, flipHoriz=False, flipVert=False, font='Arial', fontFiles=[], height=0.05, italic=False, languageStyle='LTR', name='isiTextReal', opacity=1.0, ori=0, pos=array([0., 0.]), rgb=UNKNOWN, text='+', units='height', win=Window(...), wrapWidth=1)
20.5671 	EXP 	Created noRespTxtReal = TextStim(__class__=<class 'psychopy.visual.text.TextStim'>, alignHoriz=method-wrapper(...), alignText='center', alignVert=method-wrapper(...), anchorHoriz='center', anchorVert='center', antialias=True, autoDraw=False, autoLog=True, bold=False, color=array([-0.0667,  0.6392,  1.    ]), colorSpace='rgb', contrast=1.0, depth=-1.0, flipHoriz=False, flipVert=False, font='Arial', fontFiles=[], height=0.08, italic=False, languageStyle='LTR', name='noRespTxtReal', opacity=1.0, ori=0, pos=array([0., 0.]), rgb=UNKNOWN, text='You did not respond in time\n', units='height', win=Window(...), wrapWidth=1)
20.5684 	EXP 	Created ocGambleReal = Rect(__class__=<class 'psychopy.visual.rect.Rect'>, anchor=('center', 'center'), autoDraw=False, autoLog=True, closeShape=True, color=method-wrapper(...), colorSpace='rgb', contrast=None, depth=-2.0, fillColor=array([0, 0, 0]), fillColorSpace='rgb', fillRGB=array([0, 0, 0]), interpolate=True, lineColor=array([-0.0667,  0.6392,  1.    ]), lineColorSpace='rgb', lineRGB=array([-0.0667,  0.6392,  1.    ]), lineWidth=1, name='ocGambleReal', opacity=0.5, ori=0.0, pos=array([0., 0.]), size=array([0.5, 0.5]), units='height', vertices=ndarray(...), win=Window(...))
20.5695 	EXP 	Created ocSafeReal = Rect(__class__=<class 'psychopy.visual.rect.Rect'>, anchor=('center', 'center'), autoDraw=False, autoLog=True, closeShape=True, color=method-wrapper(...), colorSpace='rgb', contrast=None, depth=-3.0, fillColor=array([0, 0, 0]), fillColorSpace='rgb', fillRGB=array([0, 0, 0]), interpolate=True, lineColor=array([-0.0667,  0.6392,  1.    ]), lineColorSpace='rgb', lineRGB=array([-0.0667,  0.6392,  1.    ]), lineWidth=1, name='ocSafeReal', opacity=0.5, ori=0.0, pos=array([0., 0.]), size=array([0.5, 0.5]), units='height', vertices=ndarray(...), win=Window(...))
20.5700 	EXP 	Created outcomeTextReal = TextStim(__class__=<class 'psychopy.visual.text.TextStim'>, alignHoriz=method-wrapper(...), alignText='center', alignVert=method-wrapper(...), anchorHoriz='center', anchorVert='center', antialias=True, autoDraw=False, autoLog=True, bold=False, color=array([-0.0667,  0.6392,  1.    ]), colorSpace='rgb', contrast=1.0, depth=-4.0, flipHoriz=False, flipVert=False, font='Arial', fontFiles=[], height=0.1, italic=False, languageStyle='LTR', name='outcomeTextReal', opacity=1.0, ori=0, pos=array([0., 0.]), rgb=UNKNOWN, text='', units='height', win=Window(...), wrapWidth=1)
20.5711 	EXP 	Created hideGambleReal = Rect(__class__=<class 'psychopy.visual.rect.Rect'>, anchor=('center', 'center'), autoDraw=False, autoLog=True, closeShape=True, color=method-wrapper(...), colorSpace='rgb', contrast=None, depth=-5.0, fillColor=array([0.5216, 0.5216, 0.5216]), fillColorSpace='rgb', fillRGB=array([0.5216, 0.5216, 0.5216]), interpolate=True, lineColor=array([0.5216, 0.5216, 0.5216]), lineColorSpace='rgb', lineRGB=array([0.5216, 0.5216, 0.5216]), lineWidth=1, name='hideGambleReal', opacity=1.0, ori=0.0, pos=array([0., 0.]), size=array([0.6, 0.3]), units='height', vertices=ndarray(...), win=Window(...))
20.5738 	EXP 	Created itiTextReal = TextStim(__class__=<class 'psychopy.visual.text.TextStim'>, alignHoriz=method-wrapper(...), alignText='center', alignVert=method-wrapper(...), anchorHoriz='center', anchorVert='center', antialias=True, autoDraw=False, autoLog=True, bold=False, color=array([-0.0667,  0.6392,  1.    ]), colorSpace='rgb', contrast=1.0, depth=0.0, flipHoriz=False, flipVert=False, font='Arial', fontFiles=[], height=0.05, italic=False, languageStyle='LTR', name='itiTextReal', opacity=1.0, ori=0, pos=array([0., 0.]), rgb=UNKNOWN, text='+', units='height', win=Window(...), wrapWidth=1)
20.5928 	EXP 	Created breaktxt = TextStim(__class__=<class 'psychopy.visual.text.TextStim'>, alignHoriz=method-wrapper(...), alignText='center', alignVert=method-wrapper(...), anchorHoriz='center', anchorVert='center', antialias=True, autoDraw=False, autoLog=True, bold=False, color=array([-0.0667,  0.6392,  1.    ]), colorSpace='rgb', contrast=1.0, depth=0.0, flipHoriz=False, flipVert=False, font='Arial', fontFiles=[], height=0.04, italic=False, languageStyle='LTR', name='breaktxt', opacity=1.0, ori=0.0, pos=array([0., 0.]), rgb=UNKNOWN, text=str(...), units='height', win=Window(...), wrapWidth=1.6)
20.6002 	EXP 	Created ThankYou = TextStim(__class__=<class 'psychopy.visual.text.TextStim'>, alignHoriz=method-wrapper(...), alignText='center', alignVert=method-wrapper(...), anchorHoriz='center', anchorVert='center', antialias=True, autoDraw=False, autoLog=True, bold=False, color=array([-0.0667,  0.6392,  1.    ]), colorSpace='rgb', contrast=1.0, depth=0.0, flipHoriz=False, flipVert=False, font='Arial', fontFiles=[], height=0.04, italic=False, languageStyle='LTR', name='ThankYou', opacity=1.0, ori=0.0, pos=array([0., 0.]), rgb=UNKNOWN, text=str(...), units='height', win=Window(...), wrapWidth=1.6)
20.6069 	EXP 	Instructions: autoDraw = True
29.5407 	DATA 	Keypress: lctrl
29.7128 	DATA 	Keypress: lalt
30.0280 	DATA 	Keypress: delete
34.4285 	DATA 	Mouse: Left button down, pos=(906,309)
34.4936 	DATA 	Mouse:  Left button up, pos=(906,309)
47.6181 	DATA 	Keypress: return
47.6322 	EXP 	Instructions: autoDraw = False
47.6322 	EXP 	startPract: autoDraw = True
49.4372 	DATA 	Keypress: v
50.5559 	DATA 	Mouse: Left button down, pos=(906,309)
50.7011 	DATA 	Mouse:  Left button up, pos=(906,309)
51.4897 	DATA 	Keypress: v
51.5290 	EXP 	Imported cgtRDMPractice.xlsx as conditions, 4 conditions, 6 params
51.5305 	EXP 	Created sequence: sequential, trialTypes=4, nReps=1, seed=None
51.5316 	EXP 	New trial (rep=0, index=0): {'riskyGain': 18.23, 'riskyLoss': 0, 'alternative': 9.45, 'isi': 2, 'iti': 1, 'loc': 1}
51.5689 	EXP 	startPract: autoDraw = False
51.5689 	EXP 	lossTxt: height = 0.1
51.5689 	EXP 	lossTxt: height = 0.1
51.5689 	EXP 	lossTxt: height = 0.1
51.5689 	EXP 	lossTxt: text = '$0'
51.5689 	EXP 	gainTxt: height = 0.1
51.5689 	EXP 	gainTxt: height = 0.1
51.5689 	EXP 	gainTxt: height = 0.1
51.5689 	EXP 	gainTxt: text = '$18.23'
51.5689 	EXP 	safeTxt: height = 0.1
51.5689 	EXP 	safeTxt: height = 0.1
51.5689 	EXP 	safeTxt: height = 0.1
51.5689 	EXP 	safeTxt: text = '$9.45'
51.5689 	EXP 	circleLeft: autoDraw = True
51.5689 	EXP 	circleRight: autoDraw = True
51.5689 	EXP 	lineLeft: autoDraw = True
51.5689 	EXP 	orText: autoDraw = True
51.5689 	EXP 	lossTxt: autoDraw = True
51.5689 	EXP 	gainTxt: autoDraw = True
51.5689 	EXP 	safeTxt: autoDraw = True
53.5231 	EXP 	vLeft: autoDraw = True
53.5231 	EXP 	nRight: autoDraw = True
54.1724 	DATA 	Keypress: v
54.2018 	EXP 	circleLeft: autoDraw = False
54.2018 	EXP 	circleRight: autoDraw = False
54.2018 	EXP 	lineLeft: autoDraw = False
54.2018 	EXP 	orText: autoDraw = False
54.2018 	EXP 	lossTxt: autoDraw = False
54.2018 	EXP 	gainTxt: autoDraw = False
54.2018 	EXP 	safeTxt: autoDraw = False
54.2018 	EXP 	vLeft: autoDraw = False
54.2018 	EXP 	nRight: autoDraw = False
54.2018 	EXP 	isiText: autoDraw = True
56.2309 	EXP 	isiText: autoDraw = False
56.2309 	EXP 	isiText: autoDraw = False
56.2309 	EXP 	outcomeText: foreColor = <psychopy.colors.Color: (-0.07, 0.64, 1.0, 1.0)>
56.2309 	EXP 	outcomeText: height = 0.1
56.2309 	EXP 	outcomeText: height = 0.1
56.2309 	EXP 	outcomeText: height = 0.1
56.2309 	EXP 	outcomeText: text = '$18.23'
56.2309 	EXP 	noRespTxt: autoDraw = True
56.2309 	EXP 	ocGamble: autoDraw = True
56.2309 	EXP 	ocSafe: autoDraw = True
56.2309 	EXP 	outcomeText: autoDraw = True
56.2309 	EXP 	hideGamble: autoDraw = True
57.2377 	EXP 	noRespTxt: autoDraw = False
57.2377 	EXP 	ocGamble: autoDraw = False
57.2377 	EXP 	ocSafe: autoDraw = False
57.2377 	EXP 	outcomeText: autoDraw = False
57.2377 	EXP 	hideGamble: autoDraw = False
57.2377 	EXP 	itiText: autoDraw = True
58.2405 	EXP 	New trial (rep=0, index=1): {'riskyGain': 53.27, 'riskyLoss': 0, 'alternative': 35.16, 'isi': 1, 'iti': 3, 'loc': 1}
58.2873 	EXP 	itiText: autoDraw = False
58.2873 	EXP 	itiText: autoDraw = False
58.2873 	EXP 	lossTxt: text = '$0'
58.2873 	EXP 	gainTxt: height = 0.1
58.2873 	EXP 	gainTxt: height = 0.1
58.2873 	EXP 	gainTxt: height = 0.1
58.2873 	EXP 	gainTxt: text = '$53.27'
58.2873 	EXP 	safeTxt: height = 0.1
58.2873 	EXP 	safeTxt: height = 0.1
58.2873 	EXP 	safeTxt: height = 0.1
58.2873 	EXP 	safeTxt: text = '$35.16'
58.2873 	EXP 	circleLeft: autoDraw = True
58.2873 	EXP 	circleRight: autoDraw = True
58.2873 	EXP 	lineLeft: autoDraw = True
58.2873 	EXP 	orText: autoDraw = True
58.2873 	EXP 	lossTxt: autoDraw = True
58.2873 	EXP 	gainTxt: autoDraw = True
58.2873 	EXP 	safeTxt: autoDraw = True
60.2567 	EXP 	vLeft: autoDraw = True
60.2567 	EXP 	nRight: autoDraw = True
61.1160 	DATA 	Keypress: v
61.1382 	EXP 	circleLeft: autoDraw = False
61.1382 	EXP 	circleRight: autoDraw = False
61.1382 	EXP 	lineLeft: autoDraw = False
61.1382 	EXP 	orText: autoDraw = False
61.1382 	EXP 	lossTxt: autoDraw = False
61.1382 	EXP 	gainTxt: autoDraw = False
61.1382 	EXP 	safeTxt: autoDraw = False
61.1382 	EXP 	vLeft: autoDraw = False
61.1382 	EXP 	nRight: autoDraw = False
61.1382 	EXP 	isiText: autoDraw = True
62.1829 	EXP 	isiText: autoDraw = False
62.1829 	EXP 	isiText: autoDraw = False
62.1829 	EXP 	outcomeText: foreColor = <psychopy.colors.Color: (-0.07, 0.64, 1.0, 1.0)>
62.1829 	EXP 	outcomeText: height = 0.1
62.1829 	EXP 	outcomeText: height = 0.1
62.1829 	EXP 	outcomeText: height = 0.1
62.1829 	EXP 	outcomeText: text = '$53.27'
62.1829 	EXP 	noRespTxt: autoDraw = True
62.1829 	EXP 	ocGamble: autoDraw = True
62.1829 	EXP 	ocSafe: autoDraw = True
62.1829 	EXP 	outcomeText: autoDraw = True
62.1829 	EXP 	hideGamble: autoDraw = True
63.1740 	EXP 	noRespTxt: autoDraw = False
63.1740 	EXP 	ocGamble: autoDraw = False
63.1740 	EXP 	ocSafe: autoDraw = False
63.1740 	EXP 	outcomeText: autoDraw = False
63.1740 	EXP 	hideGamble: autoDraw = False
63.1740 	EXP 	itiText: autoDraw = True
66.1776 	EXP 	New trial (rep=0, index=2): {'riskyGain': 8.27, 'riskyLoss': 0, 'alternative': 1.15, 'isi': 1, 'iti': 2, 'loc': 2}
66.2110 	EXP 	itiText: autoDraw = False
66.2110 	EXP 	itiText: autoDraw = False
66.2110 	EXP 	lossTxt: text = '$0'
66.2110 	EXP 	gainTxt: height = 0.1
66.2110 	EXP 	gainTxt: height = 0.1
66.2110 	EXP 	gainTxt: height = 0.1
66.2110 	EXP 	gainTxt: text = '$8.27'
66.2110 	EXP 	safeTxt: height = 0.1
66.2110 	EXP 	safeTxt: height = 0.1
66.2110 	EXP 	safeTxt: height = 0.1
66.2110 	EXP 	safeTxt: text = '$1.15'
66.2110 	EXP 	circleLeft: autoDraw = True
66.2110 	EXP 	circleRight: autoDraw = True
66.2110 	EXP 	lineLeft: autoDraw = True
66.2110 	EXP 	orText: autoDraw = True
66.2110 	EXP 	lossTxt: autoDraw = True
66.2110 	EXP 	gainTxt: autoDraw = True
66.2110 	EXP 	safeTxt: autoDraw = True
68.1932 	EXP 	vLeft: autoDraw = True
68.1932 	EXP 	nRight: autoDraw = True
69.7285 	DATA 	Keypress: n
69.7427 	EXP 	circleLeft: autoDraw = False
69.7427 	EXP 	circleRight: autoDraw = False
69.7427 	EXP 	lineLeft: autoDraw = False
69.7427 	EXP 	orText: autoDraw = False
69.7427 	EXP 	lossTxt: autoDraw = False
69.7427 	EXP 	gainTxt: autoDraw = False
69.7427 	EXP 	safeTxt: autoDraw = False
69.7427 	EXP 	vLeft: autoDraw = False
69.7427 	EXP 	nRight: autoDraw = False
69.7427 	EXP 	isiText: autoDraw = True
70.7752 	EXP 	isiText: autoDraw = False
70.7752 	EXP 	isiText: autoDraw = False
70.7752 	EXP 	outcomeText: foreColor = <psychopy.colors.Color: (-0.07, 0.64, 1.0, 1.0)>
70.7752 	EXP 	outcomeText: height = 0.1
70.7752 	EXP 	outcomeText: height = 0.1
70.7752 	EXP 	outcomeText: height = 0.1
70.7752 	EXP 	outcomeText: text = '$8.27'
70.7752 	EXP 	noRespTxt: autoDraw = True
70.7752 	EXP 	ocGamble: autoDraw = True
70.7752 	EXP 	ocSafe: autoDraw = True
70.7752 	EXP 	outcomeText: autoDraw = True
70.7752 	EXP 	hideGamble: autoDraw = True
71.7781 	EXP 	noRespTxt: autoDraw = False
71.7781 	EXP 	ocGamble: autoDraw = False
71.7781 	EXP 	ocSafe: autoDraw = False
71.7781 	EXP 	outcomeText: autoDraw = False
71.7781 	EXP 	hideGamble: autoDraw = False
71.7781 	EXP 	itiText: autoDraw = True
73.7813 	EXP 	New trial (rep=0, index=3): {'riskyGain': 45.88, 'riskyLoss': 0, 'alternative': 40.41, 'isi': 3, 'iti': 1, 'loc': 1}
73.8205 	EXP 	itiText: autoDraw = False
73.8205 	EXP 	itiText: autoDraw = False
73.8205 	EXP 	lossTxt: text = '$0'
73.8205 	EXP 	gainTxt: height = 0.1
73.8205 	EXP 	gainTxt: height = 0.1
73.8205 	EXP 	gainTxt: height = 0.1
73.8205 	EXP 	gainTxt: text = '$45.88'
73.8205 	EXP 	safeTxt: height = 0.1
73.8205 	EXP 	safeTxt: height = 0.1
73.8205 	EXP 	safeTxt: height = 0.1
73.8205 	EXP 	safeTxt: text = '$40.41'
73.8205 	EXP 	circleLeft: autoDraw = True
73.8205 	EXP 	circleRight: autoDraw = True
73.8205 	EXP 	lineLeft: autoDraw = True
73.8205 	EXP 	orText: autoDraw = True
73.8205 	EXP 	lossTxt: autoDraw = True
73.8205 	EXP 	gainTxt: autoDraw = True
73.8205 	EXP 	safeTxt: autoDraw = True
75.7981 	EXP 	vLeft: autoDraw = True
75.7981 	EXP 	nRight: autoDraw = True
77.7980 	EXP 	circleLeft: autoDraw = False
77.7980 	EXP 	circleRight: autoDraw = False
77.7980 	EXP 	lineLeft: autoDraw = False
77.7980 	EXP 	orText: autoDraw = False
77.7980 	EXP 	lossTxt: autoDraw = False
77.7980 	EXP 	gainTxt: autoDraw = False
77.7980 	EXP 	safeTxt: autoDraw = False
77.7980 	EXP 	vLeft: autoDraw = False
77.7980 	EXP 	nRight: autoDraw = False
77.7980 	EXP 	isiText: autoDraw = True
80.8195 	EXP 	isiText: autoDraw = False
80.8195 	EXP 	isiText: autoDraw = False
80.8195 	EXP 	outcomeText: foreColor = <psychopy.colors.Color: (-0.07, 0.64, 1.0, 1.0)>
80.8195 	EXP 	outcomeText: height = 0.1
80.8195 	EXP 	outcomeText: height = 0.1
80.8195 	EXP 	outcomeText: height = 0.1
80.8195 	EXP 	outcomeText: text = '$nan'
80.8195 	EXP 	noRespTxt: autoDraw = True
80.8195 	EXP 	ocGamble: autoDraw = True
80.8195 	EXP 	ocSafe: autoDraw = True
80.8195 	EXP 	outcomeText: autoDraw = True
80.8195 	EXP 	hideGamble: autoDraw = True
81.8331 	EXP 	noRespTxt: autoDraw = False
81.8331 	EXP 	ocGamble: autoDraw = False
81.8331 	EXP 	ocSafe: autoDraw = False
81.8331 	EXP 	outcomeText: autoDraw = False
81.8331 	EXP 	hideGamble: autoDraw = False
81.8331 	EXP 	itiText: autoDraw = True
82.8502 	EXP 	itiText: autoDraw = False
82.8502 	EXP 	itiText: autoDraw = False
82.8502 	EXP 	postPracText: autoDraw = True
85.2573 	EXP 	Imported CGT-choice-set.csv as conditions, 4 conditions, 4 params
85.2585 	EXP 	Created sequence: random, trialTypes=4, nReps=1, seed=None
85.2595 	EXP 	New trial (rep=0, index=0): OrderedDict([('riskyoption1', 25.2), ('riskyoption2', 0.0), ('safeoption', 5.4), ('ischecktrial', 0)])
85.2743 	DATA 	Keypress: v
85.2807 	EXP 	postPracText: autoDraw = False
85.2807 	EXP 	circleRightReal: fillColor = <psychopy.colors.Color: (0.52, 0.52, 0.52, 1.0)>
85.2807 	EXP 	circleRightReal: borderColor = <psychopy.colors.Color: (-0.07, 0.64, 1.0, 1.0)>
85.2807 	EXP 	lossTxtReal: height = 0.1
85.2807 	EXP 	lossTxtReal: height = 0.1
85.2807 	EXP 	lossTxtReal: height = 0.1
85.2807 	EXP 	lossTxtReal: text = '$0'
85.2807 	EXP 	gainTxtReal: height = 0.1
85.2807 	EXP 	gainTxtReal: height = 0.1
85.2807 	EXP 	gainTxtReal: height = 0.1
85.2807 	EXP 	gainTxtReal: text = '$25.20'
85.2807 	EXP 	safeTxtReal: height = 0.1
85.2807 	EXP 	safeTxtReal: height = 0.1
85.2807 	EXP 	safeTxtReal: height = 0.1
85.2807 	EXP 	safeTxtReal: text = '$5.40'
85.2807 	EXP 	circleLeftReal: autoDraw = True
85.2807 	EXP 	circleRightReal: autoDraw = True
85.2807 	EXP 	lineLeftReal: autoDraw = True
85.2807 	EXP 	orTextReal: autoDraw = True
85.2807 	EXP 	lossTxtReal: autoDraw = True
85.2807 	EXP 	gainTxtReal: autoDraw = True
85.2807 	EXP 	safeTxtReal: autoDraw = True
87.2553 	EXP 	vLeftReal: autoDraw = True
87.2553 	EXP 	nRightReal: autoDraw = True
87.7318 	DATA 	Keypress: n
87.7565 	EXP 	circleLeftReal: autoDraw = False
87.7565 	EXP 	circleRightReal: autoDraw = False
87.7565 	EXP 	lineLeftReal: autoDraw = False
87.7565 	EXP 	orTextReal: autoDraw = False
87.7565 	EXP 	lossTxtReal: autoDraw = False
87.7565 	EXP 	gainTxtReal: autoDraw = False
87.7565 	EXP 	safeTxtReal: autoDraw = False
87.7565 	EXP 	vLeftReal: autoDraw = False
87.7565 	EXP 	nRightReal: autoDraw = False
87.7565 	EXP 	isiTextReal: autoDraw = True
88.2839 	EXP 	isiTextReal: autoDraw = False
88.2839 	EXP 	outcomeTextReal: foreColor = <psychopy.colors.Color: (-0.07, 0.64, 1.0, 1.0)>
88.2839 	EXP 	outcomeTextReal: height = 0.1
88.2839 	EXP 	outcomeTextReal: height = 0.1
88.2839 	EXP 	outcomeTextReal: height = 0.1
88.2839 	EXP 	outcomeTextReal: text = '$0'
88.2839 	EXP 	noRespTxtReal: autoDraw = True
88.2839 	EXP 	ocGambleReal: autoDraw = True
88.2839 	EXP 	ocSafeReal: autoDraw = True
88.2839 	EXP 	outcomeTextReal: autoDraw = True
88.2839 	EXP 	hideGambleReal: autoDraw = True
89.2701 	EXP 	noRespTxtReal: autoDraw = False
89.2701 	EXP 	ocGambleReal: autoDraw = False
89.2701 	EXP 	ocSafeReal: autoDraw = False
89.2701 	EXP 	outcomeTextReal: autoDraw = False
89.2701 	EXP 	hideGambleReal: autoDraw = False
89.2701 	EXP 	itiTextReal: autoDraw = True
90.2548 	EXP 	New trial (rep=0, index=1): OrderedDict([('riskyoption1', 17.73), ('riskyoption2', 0.0), ('safeoption', 3.13), ('ischecktrial', 0)])
90.2910 	EXP 	itiTextReal: autoDraw = False
90.2910 	EXP 	circleRightReal: fillColor = <psychopy.colors.Color: (0.52, 0.52, 0.52, 1.0)>
90.2910 	EXP 	circleRightReal: borderColor = <psychopy.colors.Color: (-0.07, 0.64, 1.0, 1.0)>
90.2910 	EXP 	lossTxtReal: text = '$0'
90.2910 	EXP 	gainTxtReal: height = 0.1
90.2910 	EXP 	gainTxtReal: height = 0.1
90.2910 	EXP 	gainTxtReal: height = 0.1
90.2910 	EXP 	gainTxtReal: text = '$17.73'
90.2910 	EXP 	safeTxtReal: height = 0.1
90.2910 	EXP 	safeTxtReal: height = 0.1
90.2910 	EXP 	safeTxtReal: height = 0.1
90.2910 	EXP 	safeTxtReal: text = '$3.13'
90.2910 	EXP 	circleLeftReal: autoDraw = True
90.2910 	EXP 	circleRightReal: autoDraw = True
90.2910 	EXP 	lineLeftReal: autoDraw = True
90.2910 	EXP 	orTextReal: autoDraw = True
90.2910 	EXP 	lossTxtReal: autoDraw = True
90.2910 	EXP 	gainTxtReal: autoDraw = True
90.2910 	EXP 	safeTxtReal: autoDraw = True
92.2705 	EXP 	vLeftReal: autoDraw = True
92.2705 	EXP 	nRightReal: autoDraw = True
94.2731 	EXP 	circleLeftReal: autoDraw = False
94.2731 	EXP 	circleRightReal: autoDraw = False
94.2731 	EXP 	lineLeftReal: autoDraw = False
94.2731 	EXP 	orTextReal: autoDraw = False
94.2731 	EXP 	lossTxtReal: autoDraw = False
94.2731 	EXP 	gainTxtReal: autoDraw = False
94.2731 	EXP 	safeTxtReal: autoDraw = False
94.2731 	EXP 	vLeftReal: autoDraw = False
94.2731 	EXP 	nRightReal: autoDraw = False
94.2731 	EXP 	isiTextReal: autoDraw = True
94.7823 	EXP 	isiTextReal: autoDraw = False
94.7823 	EXP 	outcomeTextReal: foreColor = <psychopy.colors.Color: (-0.07, 0.64, 1.0, 1.0)>
94.7823 	EXP 	outcomeTextReal: height = 0.1
94.7823 	EXP 	outcomeTextReal: height = 0.1
94.7823 	EXP 	outcomeTextReal: height = 0.1
94.7823 	EXP 	outcomeTextReal: text = '$nan'
94.7823 	EXP 	noRespTxtReal: autoDraw = True
94.7823 	EXP 	ocGambleReal: autoDraw = True
94.7823 	EXP 	ocSafeReal: autoDraw = True
94.7823 	EXP 	outcomeTextReal: autoDraw = True
94.7823 	EXP 	hideGambleReal: autoDraw = True
95.7734 	EXP 	noRespTxtReal: autoDraw = False
95.7734 	EXP 	ocGambleReal: autoDraw = False
95.7734 	EXP 	ocSafeReal: autoDraw = False
95.7734 	EXP 	outcomeTextReal: autoDraw = False
95.7734 	EXP 	hideGambleReal: autoDraw = False
95.7734 	EXP 	itiTextReal: autoDraw = True
96.7582 	EXP 	New trial (rep=0, index=2): OrderedDict([('riskyoption1', 20.03), ('riskyoption2', 0.0), ('safeoption', 1.99), ('ischecktrial', 0)])
96.7872 	EXP 	itiTextReal: autoDraw = False
96.7872 	EXP 	circleRightReal: fillColor = <psychopy.colors.Color: (0.52, 0.52, 0.52, 1.0)>
96.7872 	EXP 	circleRightReal: borderColor = <psychopy.colors.Color: (-0.07, 0.64, 1.0, 1.0)>
96.7872 	EXP 	lossTxtReal: text = '$0'
96.7872 	EXP 	gainTxtReal: height = 0.1
96.7872 	EXP 	gainTxtReal: height = 0.1
96.7872 	EXP 	gainTxtReal: height = 0.1
96.7872 	EXP 	gainTxtReal: text = '$20.03'
96.7872 	EXP 	safeTxtReal: height = 0.1
96.7872 	EXP 	safeTxtReal: height = 0.1
96.7872 	EXP 	safeTxtReal: height = 0.1
96.7872 	EXP 	safeTxtReal: text = '$1.99'
96.7872 	EXP 	circleLeftReal: autoDraw = True
96.7872 	EXP 	circleRightReal: autoDraw = True
96.7872 	EXP 	lineLeftReal: autoDraw = True
96.7872 	EXP 	orTextReal: autoDraw = True
96.7872 	EXP 	lossTxtReal: autoDraw = True
96.7872 	EXP 	gainTxtReal: autoDraw = True
96.7872 	EXP 	safeTxtReal: autoDraw = True
98.7592 	EXP 	vLeftReal: autoDraw = True
98.7592 	EXP 	nRightReal: autoDraw = True
100.7753 	EXP 	circleLeftReal: autoDraw = False
100.7753 	EXP 	circleRightReal: autoDraw = False
100.7753 	EXP 	lineLeftReal: autoDraw = False
100.7753 	EXP 	orTextReal: autoDraw = False
100.7753 	EXP 	lossTxtReal: autoDraw = False
100.7753 	EXP 	gainTxtReal: autoDraw = False
100.7753 	EXP 	safeTxtReal: autoDraw = False
100.7753 	EXP 	vLeftReal: autoDraw = False
100.7753 	EXP 	nRightReal: autoDraw = False
100.7753 	EXP 	isiTextReal: autoDraw = True
101.2746 	EXP 	isiTextReal: autoDraw = False
101.2746 	EXP 	outcomeTextReal: foreColor = <psychopy.colors.Color: (-0.07, 0.64, 1.0, 1.0)>
101.2746 	EXP 	outcomeTextReal: text = '$nan'
101.2746 	EXP 	noRespTxtReal: autoDraw = True
101.2746 	EXP 	ocGambleReal: autoDraw = True
101.2746 	EXP 	ocSafeReal: autoDraw = True
101.2746 	EXP 	outcomeTextReal: autoDraw = True
101.2746 	EXP 	hideGambleReal: autoDraw = True
102.2763 	EXP 	noRespTxtReal: autoDraw = False
102.2763 	EXP 	ocGambleReal: autoDraw = False
102.2763 	EXP 	ocSafeReal: autoDraw = False
102.2763 	EXP 	outcomeTextReal: autoDraw = False
102.2763 	EXP 	hideGambleReal: autoDraw = False
102.2763 	EXP 	itiTextReal: autoDraw = True
102.3133 	DATA 	Keypress: escape
102.8622 	EXP 	window1: mouseVisible = True
