1.6922 	WARNING 	We strongly recommend you activate the PTB sound engine in PsychoPy prefs as the preferred audio engine. Its timing is vastly superior. Your prefs are currently set to use ['sounddevice', 'PTB', 'pyo', 'pygame'] (in that order).
11.2343 	WARNING 	User requested fullscreen with size [2560 1440], but screen is actually [1920, 1080]. Using actual size
16.2907 	EXP 	Created window1 = Window(allowGUI=True, allowStencil=False, autoLog=True, backendConf=UNKNOWN, bitsMode=UNKNOWN, blendMode='avg', bpc=(8, 8, 8), color=array([0.5216, 0.5216, 0.5216]), colorSpace='rgb', depthBits=8, fullscr=<method-wrapper '__getattribute__' of attributeSetter object at 0x000001EB85D291C0>, gamma=None, gammaErrorPolicy='raise', lms=UNKNOWN, monitor=<psychopy.monitors.calibTools.Monitor object at 0x000001EB87EC2310>, multiSample=False, name='window1', numSamples=2, pos=(0, 0), screen=0, size=array([1920, 1080]), stencilBits=0, stereo=False, units='height', useFBO=True, useRetina=False, viewOri=0.0, viewPos=None, viewScale=None, waitBlanking=True, winType='pyglet')
16.2908 	EXP 	window1: mouseVisible = True
16.2909 	EXP 	window1: mouseVisible = False
16.2909 	EXP 	window1: Attempting to measure frame rate of screen (0) ...
16.2909 	EXP 	window1: recordFrameIntervals = False
16.3402 	EXP 	window1: recordFrameIntervals = True
16.3952 	EXP 	Screen (0) actual frame rate measured at 201.25Hz
16.3952 	EXP 	window1: recordFrameIntervals = False
18.3354 	EXP 	Created Instructions = TextStim(__class__=<class 'psychopy.visual.text.TextStim'>, alignHoriz=method-wrapper(...), alignText='center', alignVert=method-wrapper(...), anchorHoriz='center', anchorVert='center', antialias=True, autoDraw=False, autoLog=True, bold=False, color=array([-0.0667,  0.6392,  1.    ]), colorSpace='rgb', contrast=1.0, depth=-1.0, flipHoriz=False, flipVert=False, font='Arial', fontFiles=[], height=0.04, italic=False, languageStyle='LTR', name='Instructions', opacity=1.0, ori=0, pos=array([0., 0.]), rgb=UNKNOWN, text=str(...), units='height', win=Window(...), wrapWidth=1.6)
18.3426 	EXP 	Created startPract = TextStim(__class__=<class 'psychopy.visual.text.TextStim'>, alignHoriz=method-wrapper(...), alignText='center', alignVert=method-wrapper(...), anchorHoriz='center', anchorVert='center', antialias=True, autoDraw=False, autoLog=True, bold=False, color=array([-0.0667,  0.6392,  1.    ]), colorSpace='rgb', contrast=1.0, depth=0.0, flipHoriz=False, flipVert=False, font='Arial', fontFiles=[], height=0.04, italic=False, languageStyle='LTR', name='startPract', opacity=1.0, ori=0, pos=array([0., 0.]), rgb=UNKNOWN, text=str(...), units='height', win=Window(...), wrapWidth=1.6)
18.3439 	EXP 	Created circleLeft = Rect(__class__=<class 'psychopy.visual.rect.Rect'>, anchor=('center', 'center'), autoDraw=False, autoLog=True, closeShape=True, color=method-wrapper(...), colorSpace='rgb', contrast=None, depth=-1.0, fillColor=array([0, 0, 0]), fillColorSpace='rgb', fillRGB=array([0, 0, 0]), interpolate=True, lineColor=array([-0.0667,  0.6392,  1.    ]), lineColorSpace='rgb', lineRGB=array([-0.0667,  0.6392,  1.    ]), lineWidth=5, name='circleLeft', opacity=0.5, ori=0.0, pos=array([-0.4,  0. ]), size=array([0.5, 0.5]), units='height', vertices=ndarray(...), win=Window(...))
18.3451 	EXP 	Created circleRight = Rect(__class__=<class 'psychopy.visual.rect.Rect'>, anchor=('center', 'center'), autoDraw=False, autoLog=True, closeShape=True, color=method-wrapper(...), colorSpace='rgb', contrast=None, depth=-2.0, fillColor=array([0, 0, 0]), fillColorSpace='rgb', fillRGB=array([0, 0, 0]), interpolate=True, lineColor=array([-0.0667,  0.6392,  1.    ]), lineColorSpace='rgb', lineRGB=array([-0.0667,  0.6392,  1.    ]), lineWidth=10, name='circleRight', opacity=0.5, ori=0.0, pos=array([0.4, 0. ]), size=array([0.5, 0.5]), units='height', vertices=ndarray(...), win=Window(...))
18.3461 	EXP 	Created lineLeft = Rect(__class__=<class 'psychopy.visual.rect.Rect'>, anchor=('center', 'center'), autoDraw=False, autoLog=True, closeShape=True, color=method-wrapper(...), colorSpace='rgb', contrast=None, depth=-3.0, fillColor=array([-0.0667,  0.6392,  1.    ]), fillColorSpace='rgb', fillRGB=array([-0.0667,  0.6392,  1.    ]), interpolate=True, lineColor=array([-0.0667,  0.6392,  1.    ]), lineColorSpace='rgb', lineRGB=array([-0.0667,  0.6392,  1.    ]), lineWidth=3, name='lineLeft', opacity=1.0, ori=0.0, pos=array([0., 0.]), size=array([0.5 , 0.01]), units='height', vertices=ndarray(...), win=Window(...))
18.3519 	EXP 	Created orText = TextStim(__class__=<class 'psychopy.visual.text.TextStim'>, alignHoriz=method-wrapper(...), alignText='center', alignVert=method-wrapper(...), anchorHoriz='center', anchorVert='center', antialias=True, autoDraw=False, autoLog=True, bold=False, color=array([-0.0667,  0.6392,  1.    ]), colorSpace='rgb', contrast=1.0, depth=-4.0, flipHoriz=False, flipVert=False, font='Arial', fontFiles=[], height=0.05, italic=False, languageStyle='LTR', name='orText', opacity=1.0, ori=0, pos=array([0., 0.]), rgb=UNKNOWN, text='OR', units='height', win=Window(...), wrapWidth=1)
18.3529 	EXP 	Created lossTxt = TextStim(__class__=<class 'psychopy.visual.text.TextStim'>, alignHoriz=method-wrapper(...), alignText='center', alignVert=method-wrapper(...), anchorHoriz='center', anchorVert='center', antialias=True, autoDraw=False, autoLog=True, bold=False, color=array([-0.0667,  0.6392,  1.    ]), colorSpace='rgb', contrast=1.0, depth=-5.0, flipHoriz=False, flipVert=False, font='Arial', fontFiles=[], height=0.1, italic=False, languageStyle='LTR', name='lossTxt', opacity=1.0, ori=0, pos=array([0., 0.]), rgb=UNKNOWN, text='', units='height', win=Window(...), wrapWidth=1)
18.3534 	EXP 	Created gainTxt = TextStim(__class__=<class 'psychopy.visual.text.TextStim'>, alignHoriz=method-wrapper(...), alignText='center', alignVert=method-wrapper(...), anchorHoriz='center', anchorVert='center', antialias=True, autoDraw=False, autoLog=True, bold=False, color=array([-0.0667,  0.6392,  1.    ]), colorSpace='rgb', contrast=1.0, depth=-6.0, flipHoriz=False, flipVert=False, font='Arial', fontFiles=[], height=0.1, italic=False, languageStyle='LTR', name='gainTxt', opacity=1.0, ori=0, pos=array([0., 0.]), rgb=UNKNOWN, text='', units='height', win=Window(...), wrapWidth=1)
18.3540 	EXP 	Created safeTxt = TextStim(__class__=<class 'psychopy.visual.text.TextStim'>, alignHoriz=method-wrapper(...), alignText='center', alignVert=method-wrapper(...), anchorHoriz='center', anchorVert='center', antialias=True, autoDraw=False, autoLog=True, bold=False, color=array([-0.0667,  0.6392,  1.    ]), colorSpace='rgb', contrast=1.0, depth=-7.0, flipHoriz=False, flipVert=False, font='Arial', fontFiles=[], height=0.1, italic=False, languageStyle='LTR', name='safeTxt', opacity=1.0, ori=0, pos=array([0., 0.]), rgb=UNKNOWN, text='', units='height', win=Window(...), wrapWidth=1)
18.3608 	EXP 	Created vLeft = TextStim(__class__=<class 'psychopy.visual.text.TextStim'>, alignHoriz=method-wrapper(...), alignText='center', alignVert=method-wrapper(...), anchorHoriz='center', anchorVert='center', antialias=True, autoDraw=False, autoLog=True, bold=False, color=array([-0.0667,  0.6392,  1.    ]), colorSpace='rgb', contrast=1.0, depth=-8.0, flipHoriz=False, flipVert=False, font='Arial', fontFiles=[], height=0.05, italic=False, languageStyle='LTR', name='vLeft', opacity=1.0, ori=0, pos=array([-0.4 , -0.35]), rgb=UNKNOWN, text='V-Left', units='height', win=Window(...), wrapWidth=1)
18.3659 	EXP 	Created nRight = TextStim(__class__=<class 'psychopy.visual.text.TextStim'>, alignHoriz=method-wrapper(...), alignText='center', alignVert=method-wrapper(...), anchorHoriz='center', anchorVert='center', antialias=True, autoDraw=False, autoLog=True, bold=False, color=array([-0.0667,  0.6392,  1.    ]), colorSpace='rgb', contrast=1.0, depth=-9.0, flipHoriz=False, flipVert=False, font='Arial', fontFiles=[], height=0.05, italic=False, languageStyle='LTR', name='nRight', opacity=1.0, ori=0, pos=array([ 0.4 , -0.35]), rgb=UNKNOWN, text='N-Right', units='height', win=Window(...), wrapWidth=1)
18.3692 	EXP 	Created isiText = TextStim(__class__=<class 'psychopy.visual.text.TextStim'>, alignHoriz=method-wrapper(...), alignText='center', alignVert=method-wrapper(...), anchorHoriz='center', anchorVert='center', antialias=True, autoDraw=False, autoLog=True, bold=False, color=array([-0.0667,  0.6392,  1.    ]), colorSpace='rgb', contrast=1.0, depth=0.0, flipHoriz=False, flipVert=False, font='Arial', fontFiles=[], height=0.05, italic=False, languageStyle='LTR', name='isiText', opacity=1.0, ori=0, pos=array([0., 0.]), rgb=UNKNOWN, text='+', units='height', win=Window(...), wrapWidth=1)
18.3792 	EXP 	Created noRespTxt = TextStim(__class__=<class 'psychopy.visual.text.TextStim'>, alignHoriz=method-wrapper(...), alignText='center', alignVert=method-wrapper(...), anchorHoriz='center', anchorVert='center', antialias=True, autoDraw=False, autoLog=True, bold=False, color=array([-0.0667,  0.6392,  1.    ]), colorSpace='rgb', contrast=1.0, depth=-1.0, flipHoriz=False, flipVert=False, font='Arial', fontFiles=[], height=0.05, italic=False, languageStyle='LTR', name='noRespTxt', opacity=1.0, ori=0, pos=array([0., 0.]), rgb=UNKNOWN, text='You did not respond in time\n', units='height', win=Window(...), wrapWidth=1)
18.3804 	EXP 	Created ocGamble = Rect(__class__=<class 'psychopy.visual.rect.Rect'>, anchor=('center', 'center'), autoDraw=False, autoLog=True, closeShape=True, color=method-wrapper(...), colorSpace='rgb', contrast=None, depth=-2.0, fillColor=array([0, 0, 0]), fillColorSpace='rgb', fillRGB=array([0, 0, 0]), interpolate=True, lineColor=array([-0.0667,  0.6392,  1.    ]), lineColorSpace='rgb', lineRGB=array([-0.0667,  0.6392,  1.    ]), lineWidth=1, name='ocGamble', opacity=0.5, ori=0.0, pos=array([0., 0.]), size=array([0.5, 0.5]), units='height', vertices=ndarray(...), win=Window(...))
18.3816 	EXP 	Created ocSafe = Rect(__class__=<class 'psychopy.visual.rect.Rect'>, anchor=('center', 'center'), autoDraw=False, autoLog=True, closeShape=True, color=method-wrapper(...), colorSpace='rgb', contrast=None, depth=-3.0, fillColor=array([0, 0, 0]), fillColorSpace='rgb', fillRGB=array([0, 0, 0]), interpolate=True, lineColor=array([-0.0667,  0.6392,  1.    ]), lineColorSpace='rgb', lineRGB=array([-0.0667,  0.6392,  1.    ]), lineWidth=1, name='ocSafe', opacity=0.5, ori=0.0, pos=array([0., 0.]), size=array([0.5, 0.5]), units='height', vertices=ndarray(...), win=Window(...))
18.3821 	EXP 	Created outcomeText = TextStim(__class__=<class 'psychopy.visual.text.TextStim'>, alignHoriz=method-wrapper(...), alignText='center', alignVert=method-wrapper(...), anchorHoriz='center', anchorVert='center', antialias=True, autoDraw=False, autoLog=True, bold=False, color=array([-0.0667,  0.6392,  1.    ]), colorSpace='rgb', contrast=1.0, depth=-4.0, flipHoriz=False, flipVert=False, font='Arial', fontFiles=[], height=0.1, italic=False, languageStyle='LTR', name='outcomeText', opacity=1.0, ori=0, pos=array([0., 0.]), rgb=UNKNOWN, text='', units='height', win=Window(...), wrapWidth=1)
18.3832 	EXP 	Created hideGamble = Rect(__class__=<class 'psychopy.visual.rect.Rect'>, anchor=('center', 'center'), autoDraw=False, autoLog=True, closeShape=True, color=method-wrapper(...), colorSpace='rgb', contrast=None, depth=-5.0, fillColor=array([0.5216, 0.5216, 0.5216]), fillColorSpace='rgb', fillRGB=array([0.5216, 0.5216, 0.5216]), interpolate=True, lineColor=array([0.5216, 0.5216, 0.5216]), lineColorSpace='rgb', lineRGB=array([0.5216, 0.5216, 0.5216]), lineWidth=1, name='hideGamble', opacity=1.0, ori=0.0, pos=array([0., 0.]), size=array([0.6, 0.3]), units='height', vertices=ndarray(...), win=Window(...))
18.3852 	EXP 	Created itiText = TextStim(__class__=<class 'psychopy.visual.text.TextStim'>, alignHoriz=method-wrapper(...), alignText='center', alignVert=method-wrapper(...), anchorHoriz='center', anchorVert='center', antialias=True, autoDraw=False, autoLog=True, bold=False, color=array([-0.0667,  0.6392,  1.    ]), colorSpace='rgb', contrast=1.0, depth=0.0, flipHoriz=False, flipVert=False, font='Arial', fontFiles=[], height=0.05, italic=False, languageStyle='LTR', name='itiText', opacity=1.0, ori=0, pos=array([0., 0.]), rgb=UNKNOWN, text='+', units='height', win=Window(...), wrapWidth=1)
18.3976 	EXP 	Created postPracText = TextStim(__class__=<class 'psychopy.visual.text.TextStim'>, alignHoriz=method-wrapper(...), alignText='center', alignVert=method-wrapper(...), anchorHoriz='center', anchorVert='center', antialias=True, autoDraw=False, autoLog=True, bold=False, color=array([-0.0667,  0.6392,  1.    ]), colorSpace='rgb', contrast=1.0, depth=0.0, flipHoriz=False, flipVert=False, font='Arial', fontFiles=[], height=0.04, italic=False, languageStyle='LTR', name='postPracText', opacity=1.0, ori=0, pos=array([0., 0.]), rgb=UNKNOWN, text=str(...), units='height', win=Window(...), wrapWidth=1.6)
18.3989 	EXP 	Created circleLeftReal = Rect(__class__=<class 'psychopy.visual.rect.Rect'>, anchor=('center', 'center'), autoDraw=False, autoLog=True, closeShape=True, color=method-wrapper(...), colorSpace='rgb', contrast=None, depth=-1.0, fillColor=array([0, 0, 0]), fillColorSpace='rgb', fillRGB=array([0, 0, 0]), interpolate=True, lineColor=array([-0.0667,  0.6392,  1.    ]), lineColorSpace='rgb', lineRGB=array([-0.0667,  0.6392,  1.    ]), lineWidth=10, name='circleLeftReal', opacity=0.5, ori=0.0, pos=array([-0.4,  0. ]), size=array([0.5, 0.5]), units='height', vertices=ndarray(...), win=Window(...))
18.4000 	EXP 	Created circleRightReal = Rect(__class__=<class 'psychopy.visual.rect.Rect'>, anchor=('center', 'center'), autoDraw=False, autoLog=True, closeShape=True, color=method-wrapper(...), colorSpace='rgb', contrast=None, depth=-2.0, fillColor=array([0, 0, 0]), fillColorSpace='rgb', fillRGB=array([0, 0, 0]), interpolate=True, lineColor=array([-0.0667,  0.6392,  1.    ]), lineColorSpace='rgb', lineRGB=array([-0.0667,  0.6392,  1.    ]), lineWidth=15, name='circleRightReal', opacity=0.5, ori=0.0, pos=array([0.4, 0. ]), size=array([0.5, 0.5]), units='height', vertices=ndarray(...), win=Window(...))
18.4011 	EXP 	Created lineLeftReal = Rect(__class__=<class 'psychopy.visual.rect.Rect'>, anchor=('center', 'center'), autoDraw=False, autoLog=True, closeShape=True, color=method-wrapper(...), colorSpace='rgb', contrast=None, depth=-3.0, fillColor=array([-0.0667,  0.6392,  1.    ]), fillColorSpace='rgb', fillRGB=array([-0.0667,  0.6392,  1.    ]), interpolate=True, lineColor=array([-0.0667,  0.6392,  1.    ]), lineColorSpace='rgb', lineRGB=array([-0.0667,  0.6392,  1.    ]), lineWidth=3, name='lineLeftReal', opacity=1.0, ori=0.0, pos=array([0., 0.]), size=array([0.5 , 0.01]), units='height', vertices=ndarray(...), win=Window(...))
18.4031 	EXP 	Created orTextReal = TextStim(__class__=<class 'psychopy.visual.text.TextStim'>, alignHoriz=method-wrapper(...), alignText='center', alignVert=method-wrapper(...), anchorHoriz='center', anchorVert='center', antialias=True, autoDraw=False, autoLog=True, bold=False, color=array([-0.0667,  0.6392,  1.    ]), colorSpace='rgb', contrast=1.0, depth=-4.0, flipHoriz=False, flipVert=False, font='Arial', fontFiles=[], height=0.05, italic=False, languageStyle='LTR', name='orTextReal', opacity=1.0, ori=0, pos=array([0., 0.]), rgb=UNKNOWN, text='OR', units='height', win=Window(...), wrapWidth=1)
18.4037 	EXP 	Created lossTxtReal = TextStim(__class__=<class 'psychopy.visual.text.TextStim'>, alignHoriz=method-wrapper(...), alignText='center', alignVert=method-wrapper(...), anchorHoriz='center', anchorVert='center', antialias=True, autoDraw=False, autoLog=True, bold=False, color=array([-0.0667,  0.6392,  1.    ]), colorSpace='rgb', contrast=1.0, depth=-5.0, flipHoriz=False, flipVert=False, font='Arial', fontFiles=[], height=0.1, italic=False, languageStyle='LTR', name='lossTxtReal', opacity=1.0, ori=0, pos=array([0., 0.]), rgb=UNKNOWN, text='', units='height', win=Window(...), wrapWidth=1)
18.4042 	EXP 	Created gainTxtReal = TextStim(__class__=<class 'psychopy.visual.text.TextStim'>, alignHoriz=method-wrapper(...), alignText='center', alignVert=method-wrapper(...), anchorHoriz='center', anchorVert='center', antialias=True, autoDraw=False, autoLog=True, bold=False, color=array([-0.0667,  0.6392,  1.    ]), colorSpace='rgb', contrast=1.0, depth=-6.0, flipHoriz=False, flipVert=False, font='Arial', fontFiles=[], height=0.1, italic=False, languageStyle='LTR', name='gainTxtReal', opacity=1.0, ori=0, pos=array([0., 0.]), rgb=UNKNOWN, text='', units='height', win=Window(...), wrapWidth=1)
18.4047 	EXP 	Created safeTxtReal = TextStim(__class__=<class 'psychopy.visual.text.TextStim'>, alignHoriz=method-wrapper(...), alignText='center', alignVert=method-wrapper(...), anchorHoriz='center', anchorVert='center', antialias=True, autoDraw=False, autoLog=True, bold=False, color=array([-0.0667,  0.6392,  1.    ]), colorSpace='rgb', contrast=1.0, depth=-7.0, flipHoriz=False, flipVert=False, font='Arial', fontFiles=[], height=0.1, italic=False, languageStyle='LTR', name='safeTxtReal', opacity=1.0, ori=0, pos=array([0., 0.]), rgb=UNKNOWN, text='', units='height', win=Window(...), wrapWidth=1)
18.4071 	EXP 	Created vLeftReal = TextStim(__class__=<class 'psychopy.visual.text.TextStim'>, alignHoriz=method-wrapper(...), alignText='center', alignVert=method-wrapper(...), anchorHoriz='center', anchorVert='center', antialias=True, autoDraw=False, autoLog=True, bold=False, color=array([-0.0667,  0.6392,  1.    ]), colorSpace='rgb', contrast=1.0, depth=-8.0, flipHoriz=False, flipVert=False, font='Arial', fontFiles=[], height=0.05, italic=False, languageStyle='LTR', name='vLeftReal', opacity=1.0, ori=0, pos=array([-0.4 , -0.35]), rgb=UNKNOWN, text='V-Left', units='height', win=Window(...), wrapWidth=1)
18.4096 	EXP 	Created nRightReal = TextStim(__class__=<class 'psychopy.visual.text.TextStim'>, alignHoriz=method-wrapper(...), alignText='center', alignVert=method-wrapper(...), anchorHoriz='center', anchorVert='center', antialias=True, autoDraw=False, autoLog=True, bold=False, color=array([-0.0667,  0.6392,  1.    ]), colorSpace='rgb', contrast=1.0, depth=-9.0, flipHoriz=False, flipVert=False, font='Arial', fontFiles=[], height=0.05, italic=False, languageStyle='LTR', name='nRightReal', opacity=1.0, ori=0, pos=array([ 0.4 , -0.35]), rgb=UNKNOWN, text='N-Right', units='height', win=Window(...), wrapWidth=1)
18.4114 	EXP 	Created isiTextReal = TextStim(__class__=<class 'psychopy.visual.text.TextStim'>, alignHoriz=method-wrapper(...), alignText='center', alignVert=method-wrapper(...), anchorHoriz='center', anchorVert='center', antialias=True, autoDraw=False, autoLog=True, bold=False, color=array([-0.0667,  0.6392,  1.    ]), colorSpace='rgb', contrast=1.0, depth=0.0, flipHoriz=False, flipVert=False, font='Arial', fontFiles=[], height=0.05, italic=False, languageStyle='LTR', name='isiTextReal', opacity=1.0, ori=0, pos=array([0., 0.]), rgb=UNKNOWN, text='+', units='height', win=Window(...), wrapWidth=1)
18.4263 	EXP 	Created noRespTxtReal = TextStim(__class__=<class 'psychopy.visual.text.TextStim'>, alignHoriz=method-wrapper(...), alignText='center', alignVert=method-wrapper(...), anchorHoriz='center', anchorVert='center', antialias=True, autoDraw=False, autoLog=True, bold=False, color=array([-0.0667,  0.6392,  1.    ]), colorSpace='rgb', contrast=1.0, depth=-1.0, flipHoriz=False, flipVert=False, font='Arial', fontFiles=[], height=0.08, italic=False, languageStyle='LTR', name='noRespTxtReal', opacity=1.0, ori=0, pos=array([0., 0.]), rgb=UNKNOWN, text='You did not respond in time\n', units='height', win=Window(...), wrapWidth=1)
18.4283 	EXP 	Created ocGambleReal = Rect(__class__=<class 'psychopy.visual.rect.Rect'>, anchor=('center', 'center'), autoDraw=False, autoLog=True, closeShape=True, color=method-wrapper(...), colorSpace='rgb', contrast=None, depth=-2.0, fillColor=array([0, 0, 0]), fillColorSpace='rgb', fillRGB=array([0, 0, 0]), interpolate=True, lineColor=array([-0.0667,  0.6392,  1.    ]), lineColorSpace='rgb', lineRGB=array([-0.0667,  0.6392,  1.    ]), lineWidth=1, name='ocGambleReal', opacity=0.5, ori=0.0, pos=array([0., 0.]), size=array([0.5, 0.5]), units='height', vertices=ndarray(...), win=Window(...))
18.4296 	EXP 	Created ocSafeReal = Rect(__class__=<class 'psychopy.visual.rect.Rect'>, anchor=('center', 'center'), autoDraw=False, autoLog=True, closeShape=True, color=method-wrapper(...), colorSpace='rgb', contrast=None, depth=-3.0, fillColor=array([0, 0, 0]), fillColorSpace='rgb', fillRGB=array([0, 0, 0]), interpolate=True, lineColor=array([-0.0667,  0.6392,  1.    ]), lineColorSpace='rgb', lineRGB=array([-0.0667,  0.6392,  1.    ]), lineWidth=1, name='ocSafeReal', opacity=0.5, ori=0.0, pos=array([0., 0.]), size=array([0.5, 0.5]), units='height', vertices=ndarray(...), win=Window(...))
18.4301 	EXP 	Created outcomeTextReal = TextStim(__class__=<class 'psychopy.visual.text.TextStim'>, alignHoriz=method-wrapper(...), alignText='center', alignVert=method-wrapper(...), anchorHoriz='center', anchorVert='center', antialias=True, autoDraw=False, autoLog=True, bold=False, color=array([-0.0667,  0.6392,  1.    ]), colorSpace='rgb', contrast=1.0, depth=-4.0, flipHoriz=False, flipVert=False, font='Arial', fontFiles=[], height=0.1, italic=False, languageStyle='LTR', name='outcomeTextReal', opacity=1.0, ori=0, pos=array([0., 0.]), rgb=UNKNOWN, text='', units='height', win=Window(...), wrapWidth=1)
18.4312 	EXP 	Created hideGambleReal = Rect(__class__=<class 'psychopy.visual.rect.Rect'>, anchor=('center', 'center'), autoDraw=False, autoLog=True, closeShape=True, color=method-wrapper(...), colorSpace='rgb', contrast=None, depth=-5.0, fillColor=array([0.5216, 0.5216, 0.5216]), fillColorSpace='rgb', fillRGB=array([0.5216, 0.5216, 0.5216]), interpolate=True, lineColor=array([0.5216, 0.5216, 0.5216]), lineColorSpace='rgb', lineRGB=array([0.5216, 0.5216, 0.5216]), lineWidth=1, name='hideGambleReal', opacity=1.0, ori=0.0, pos=array([0., 0.]), size=array([0.6, 0.3]), units='height', vertices=ndarray(...), win=Window(...))
18.4346 	EXP 	Created itiTextReal = TextStim(__class__=<class 'psychopy.visual.text.TextStim'>, alignHoriz=method-wrapper(...), alignText='center', alignVert=method-wrapper(...), anchorHoriz='center', anchorVert='center', antialias=True, autoDraw=False, autoLog=True, bold=False, color=array([-0.0667,  0.6392,  1.    ]), colorSpace='rgb', contrast=1.0, depth=0.0, flipHoriz=False, flipVert=False, font='Arial', fontFiles=[], height=0.05, italic=False, languageStyle='LTR', name='itiTextReal', opacity=1.0, ori=0, pos=array([0., 0.]), rgb=UNKNOWN, text='+', units='height', win=Window(...), wrapWidth=1)
18.4491 	EXP 	Created settingUpForPart2 = TextStim(__class__=<class 'psychopy.visual.text.TextStim'>, alignHoriz=method-wrapper(...), alignText='center', alignVert=method-wrapper(...), anchorHoriz='center', anchorVert='center', antialias=True, autoDraw=False, autoLog=True, bold=False, color=array([-0.0667,  0.6392,  1.    ]), colorSpace='rgb', contrast=1.0, depth=-4.0, flipHoriz=False, flipVert=False, font='Arial', fontFiles=[], height=0.04, italic=False, languageStyle='LTR', name='settingUpForPart2', opacity=1.0, ori=0.0, pos=array([0., 0.]), rgb=UNKNOWN, text=str(...), units='height', win=Window(...), wrapWidth=1.6)
18.4509 	EXP 	Created text = TextStim(__class__=<class 'psychopy.visual.text.TextStim'>, alignHoriz=method-wrapper(...), alignText='center', alignVert=method-wrapper(...), anchorHoriz='center', anchorVert='center', antialias=True, autoDraw=False, autoLog=True, bold=False, color=array([-0.0667,  0.6392,  1.    ]), colorSpace='rgb', contrast=1.0, depth=0.0, flipHoriz=False, flipVert=False, font='Open Sans', fontFiles=[], height=0.05, italic=False, languageStyle='LTR', name='text', opacity=1.0, ori=0.0, pos=array([0., 0.]), rgb=UNKNOWN, text='', units='height', win=Window(...), wrapWidth=1)
18.4616 	EXP 	Created moveToRDMpart2 = TextStim(__class__=<class 'psychopy.visual.text.TextStim'>, alignHoriz=method-wrapper(...), alignText='center', alignVert=method-wrapper(...), anchorHoriz='center', anchorVert='center', antialias=True, autoDraw=False, autoLog=True, bold=False, color=array([-0.0667,  0.6392,  1.    ]), colorSpace='rgb', contrast=1.0, depth=0.0, flipHoriz=False, flipVert=False, font='Arial', fontFiles=[], height=0.04, italic=False, languageStyle='LTR', name='moveToRDMpart2', opacity=1.0, ori=0.0, pos=array([0., 0.]), rgb=UNKNOWN, text=str(...), units='height', win=Window(...), wrapWidth=1.6)
18.4629 	EXP 	Created circleLeftReal = Rect(__class__=<class 'psychopy.visual.rect.Rect'>, anchor=('center', 'center'), autoDraw=False, autoLog=True, closeShape=True, color=method-wrapper(...), colorSpace='rgb', contrast=None, depth=-1.0, fillColor=array([0, 0, 0]), fillColorSpace='rgb', fillRGB=array([0, 0, 0]), interpolate=True, lineColor=array([-0.0667,  0.6392,  1.    ]), lineColorSpace='rgb', lineRGB=array([-0.0667,  0.6392,  1.    ]), lineWidth=10, name='circleLeftReal', opacity=0.5, ori=0.0, pos=array([-0.4,  0. ]), size=array([0.5, 0.5]), units='height', vertices=ndarray(...), win=Window(...))
18.4641 	EXP 	Created circleRightReal = Rect(__class__=<class 'psychopy.visual.rect.Rect'>, anchor=('center', 'center'), autoDraw=False, autoLog=True, closeShape=True, color=method-wrapper(...), colorSpace='rgb', contrast=None, depth=-2.0, fillColor=array([0, 0, 0]), fillColorSpace='rgb', fillRGB=array([0, 0, 0]), interpolate=True, lineColor=array([-0.0667,  0.6392,  1.    ]), lineColorSpace='rgb', lineRGB=array([-0.0667,  0.6392,  1.    ]), lineWidth=10, name='circleRightReal', opacity=0.5, ori=0.0, pos=array([0.4, 0. ]), size=array([0.5, 0.5]), units='height', vertices=ndarray(...), win=Window(...))
18.4652 	EXP 	Created lineLeftReal = Rect(__class__=<class 'psychopy.visual.rect.Rect'>, anchor=('center', 'center'), autoDraw=False, autoLog=True, closeShape=True, color=method-wrapper(...), colorSpace='rgb', contrast=None, depth=-3.0, fillColor=array([-0.0667,  0.6392,  1.    ]), fillColorSpace='rgb', fillRGB=array([-0.0667,  0.6392,  1.    ]), interpolate=True, lineColor=array([-0.0667,  0.6392,  1.    ]), lineColorSpace='rgb', lineRGB=array([-0.0667,  0.6392,  1.    ]), lineWidth=3, name='lineLeftReal', opacity=1.0, ori=0.0, pos=array([0., 0.]), size=array([0.5 , 0.01]), units='height', vertices=ndarray(...), win=Window(...))
18.4683 	EXP 	Created orTextReal = TextStim(__class__=<class 'psychopy.visual.text.TextStim'>, alignHoriz=method-wrapper(...), alignText='center', alignVert=method-wrapper(...), anchorHoriz='center', anchorVert='center', antialias=True, autoDraw=False, autoLog=True, bold=False, color=array([-0.0667,  0.6392,  1.    ]), colorSpace='rgb', contrast=1.0, depth=-4.0, flipHoriz=False, flipVert=False, font='Arial', fontFiles=[], height=0.05, italic=False, languageStyle='LTR', name='orTextReal', opacity=1.0, ori=0, pos=array([0., 0.]), rgb=UNKNOWN, text='OR', units='height', win=Window(...), wrapWidth=1)
18.4689 	EXP 	Created lossTxtReal = TextStim(__class__=<class 'psychopy.visual.text.TextStim'>, alignHoriz=method-wrapper(...), alignText='center', alignVert=method-wrapper(...), anchorHoriz='center', anchorVert='center', antialias=True, autoDraw=False, autoLog=True, bold=False, color=array([-0.0667,  0.6392,  1.    ]), colorSpace='rgb', contrast=1.0, depth=-5.0, flipHoriz=False, flipVert=False, font='Arial', fontFiles=[], height=0.1, italic=False, languageStyle='LTR', name='lossTxtReal', opacity=1.0, ori=0, pos=array([0., 0.]), rgb=UNKNOWN, text='', units='height', win=Window(...), wrapWidth=1)
18.4695 	EXP 	Created gainTxtReal = TextStim(__class__=<class 'psychopy.visual.text.TextStim'>, alignHoriz=method-wrapper(...), alignText='center', alignVert=method-wrapper(...), anchorHoriz='center', anchorVert='center', antialias=True, autoDraw=False, autoLog=True, bold=False, color=array([-0.0667,  0.6392,  1.    ]), colorSpace='rgb', contrast=1.0, depth=-6.0, flipHoriz=False, flipVert=False, font='Arial', fontFiles=[], height=0.1, italic=False, languageStyle='LTR', name='gainTxtReal', opacity=1.0, ori=0, pos=array([0., 0.]), rgb=UNKNOWN, text='', units='height', win=Window(...), wrapWidth=1)
18.4701 	EXP 	Created safeTxtReal = TextStim(__class__=<class 'psychopy.visual.text.TextStim'>, alignHoriz=method-wrapper(...), alignText='center', alignVert=method-wrapper(...), anchorHoriz='center', anchorVert='center', antialias=True, autoDraw=False, autoLog=True, bold=False, color=array([-0.0667,  0.6392,  1.    ]), colorSpace='rgb', contrast=1.0, depth=-7.0, flipHoriz=False, flipVert=False, font='Arial', fontFiles=[], height=0.1, italic=False, languageStyle='LTR', name='safeTxtReal', opacity=1.0, ori=0, pos=array([0., 0.]), rgb=UNKNOWN, text='', units='height', win=Window(...), wrapWidth=1)
18.4747 	EXP 	Created vLeftReal = TextStim(__class__=<class 'psychopy.visual.text.TextStim'>, alignHoriz=method-wrapper(...), alignText='center', alignVert=method-wrapper(...), anchorHoriz='center', anchorVert='center', antialias=True, autoDraw=False, autoLog=True, bold=False, color=array([-0.0667,  0.6392,  1.    ]), colorSpace='rgb', contrast=1.0, depth=-8.0, flipHoriz=False, flipVert=False, font='Arial', fontFiles=[], height=0.05, italic=False, languageStyle='LTR', name='vLeftReal', opacity=1.0, ori=0, pos=array([-0.4 , -0.35]), rgb=UNKNOWN, text='V-Left', units='height', win=Window(...), wrapWidth=1)
18.4784 	EXP 	Created nRightReal = TextStim(__class__=<class 'psychopy.visual.text.TextStim'>, alignHoriz=method-wrapper(...), alignText='center', alignVert=method-wrapper(...), anchorHoriz='center', anchorVert='center', antialias=True, autoDraw=False, autoLog=True, bold=False, color=array([-0.0667,  0.6392,  1.    ]), colorSpace='rgb', contrast=1.0, depth=-9.0, flipHoriz=False, flipVert=False, font='Arial', fontFiles=[], height=0.05, italic=False, languageStyle='LTR', name='nRightReal', opacity=1.0, ori=0, pos=array([ 0.4 , -0.35]), rgb=UNKNOWN, text='N-Right', units='height', win=Window(...), wrapWidth=1)
18.4806 	EXP 	Created isiTextReal = TextStim(__class__=<class 'psychopy.visual.text.TextStim'>, alignHoriz=method-wrapper(...), alignText='center', alignVert=method-wrapper(...), anchorHoriz='center', anchorVert='center', antialias=True, autoDraw=False, autoLog=True, bold=False, color=array([-0.0667,  0.6392,  1.    ]), colorSpace='rgb', contrast=1.0, depth=0.0, flipHoriz=False, flipVert=False, font='Arial', fontFiles=[], height=0.05, italic=False, languageStyle='LTR', name='isiTextReal', opacity=1.0, ori=0, pos=array([0., 0.]), rgb=UNKNOWN, text='+', units='height', win=Window(...), wrapWidth=1)
18.4894 	EXP 	Created noRespTxtReal = TextStim(__class__=<class 'psychopy.visual.text.TextStim'>, alignHoriz=method-wrapper(...), alignText='center', alignVert=method-wrapper(...), anchorHoriz='center', anchorVert='center', antialias=True, autoDraw=False, autoLog=True, bold=False, color=array([-0.0667,  0.6392,  1.    ]), colorSpace='rgb', contrast=1.0, depth=-1.0, flipHoriz=False, flipVert=False, font='Arial', fontFiles=[], height=0.08, italic=False, languageStyle='LTR', name='noRespTxtReal', opacity=1.0, ori=0, pos=array([0., 0.]), rgb=UNKNOWN, text='You did not respond in time\n', units='height', win=Window(...), wrapWidth=1)
18.4908 	EXP 	Created ocGambleReal = Rect(__class__=<class 'psychopy.visual.rect.Rect'>, anchor=('center', 'center'), autoDraw=False, autoLog=True, closeShape=True, color=method-wrapper(...), colorSpace='rgb', contrast=None, depth=-2.0, fillColor=array([0, 0, 0]), fillColorSpace='rgb', fillRGB=array([0, 0, 0]), interpolate=True, lineColor=array([-0.0667,  0.6392,  1.    ]), lineColorSpace='rgb', lineRGB=array([-0.0667,  0.6392,  1.    ]), lineWidth=1, name='ocGambleReal', opacity=0.5, ori=0.0, pos=array([0., 0.]), size=array([0.5, 0.5]), units='height', vertices=ndarray(...), win=Window(...))
18.4920 	EXP 	Created ocSafeReal = Rect(__class__=<class 'psychopy.visual.rect.Rect'>, anchor=('center', 'center'), autoDraw=False, autoLog=True, closeShape=True, color=method-wrapper(...), colorSpace='rgb', contrast=None, depth=-3.0, fillColor=array([0, 0, 0]), fillColorSpace='rgb', fillRGB=array([0, 0, 0]), interpolate=True, lineColor=array([-0.0667,  0.6392,  1.    ]), lineColorSpace='rgb', lineRGB=array([-0.0667,  0.6392,  1.    ]), lineWidth=1, name='ocSafeReal', opacity=0.5, ori=0.0, pos=array([0., 0.]), size=array([0.5, 0.5]), units='height', vertices=ndarray(...), win=Window(...))
18.4925 	EXP 	Created outcomeTextReal = TextStim(__class__=<class 'psychopy.visual.text.TextStim'>, alignHoriz=method-wrapper(...), alignText='center', alignVert=method-wrapper(...), anchorHoriz='center', anchorVert='center', antialias=True, autoDraw=False, autoLog=True, bold=False, color=array([-0.0667,  0.6392,  1.    ]), colorSpace='rgb', contrast=1.0, depth=-4.0, flipHoriz=False, flipVert=False, font='Arial', fontFiles=[], height=0.1, italic=False, languageStyle='LTR', name='outcomeTextReal', opacity=1.0, ori=0, pos=array([0., 0.]), rgb=UNKNOWN, text='', units='height', win=Window(...), wrapWidth=1)
18.4936 	EXP 	Created hideGambleReal = Rect(__class__=<class 'psychopy.visual.rect.Rect'>, anchor=('center', 'center'), autoDraw=False, autoLog=True, closeShape=True, color=method-wrapper(...), colorSpace='rgb', contrast=None, depth=-5.0, fillColor=array([0.5216, 0.5216, 0.5216]), fillColorSpace='rgb', fillRGB=array([0.5216, 0.5216, 0.5216]), interpolate=True, lineColor=array([0.5216, 0.5216, 0.5216]), lineColorSpace='rgb', lineRGB=array([0.5216, 0.5216, 0.5216]), lineWidth=1, name='hideGambleReal', opacity=1.0, ori=0.0, pos=array([0., 0.]), size=array([0.6, 0.3]), units='height', vertices=ndarray(...), win=Window(...))
18.4963 	EXP 	Created itiTextReal = TextStim(__class__=<class 'psychopy.visual.text.TextStim'>, alignHoriz=method-wrapper(...), alignText='center', alignVert=method-wrapper(...), anchorHoriz='center', anchorVert='center', antialias=True, autoDraw=False, autoLog=True, bold=False, color=array([-0.0667,  0.6392,  1.    ]), colorSpace='rgb', contrast=1.0, depth=0.0, flipHoriz=False, flipVert=False, font='Arial', fontFiles=[], height=0.05, italic=False, languageStyle='LTR', name='itiTextReal', opacity=1.0, ori=0, pos=array([0., 0.]), rgb=UNKNOWN, text='+', units='height', win=Window(...), wrapWidth=1)
18.5155 	EXP 	Created breaktxt = TextStim(__class__=<class 'psychopy.visual.text.TextStim'>, alignHoriz=method-wrapper(...), alignText='center', alignVert=method-wrapper(...), anchorHoriz='center', anchorVert='center', antialias=True, autoDraw=False, autoLog=True, bold=False, color=array([-0.0667,  0.6392,  1.    ]), colorSpace='rgb', contrast=1.0, depth=0.0, flipHoriz=False, flipVert=False, font='Arial', fontFiles=[], height=0.04, italic=False, languageStyle='LTR', name='breaktxt', opacity=1.0, ori=0.0, pos=array([0., 0.]), rgb=UNKNOWN, text=str(...), units='height', win=Window(...), wrapWidth=1.6)
18.5234 	EXP 	Created ThankYou = TextStim(__class__=<class 'psychopy.visual.text.TextStim'>, alignHoriz=method-wrapper(...), alignText='center', alignVert=method-wrapper(...), anchorHoriz='center', anchorVert='center', antialias=True, autoDraw=False, autoLog=True, bold=False, color=array([-0.0667,  0.6392,  1.    ]), colorSpace='rgb', contrast=1.0, depth=0.0, flipHoriz=False, flipVert=False, font='Arial', fontFiles=[], height=0.04, italic=False, languageStyle='LTR', name='ThankYou', opacity=1.0, ori=0.0, pos=array([0., 0.]), rgb=UNKNOWN, text=str(...), units='height', win=Window(...), wrapWidth=1.6)
18.5302 	EXP 	Instructions: autoDraw = True
30.4098 	DATA 	Keypress: lctrl
30.6111 	DATA 	Keypress: lalt
31.0521 	DATA 	Keypress: delete
38.1832 	DATA 	Mouse: Left button down, pos=(840,373)
38.2482 	DATA 	Mouse:  Left button up, pos=(840,373)
41.7170 	DATA 	Keypress: return
41.7319 	EXP 	Instructions: autoDraw = False
41.7319 	EXP 	startPract: autoDraw = True
43.5005 	DATA 	Keypress: n
45.2076 	EXP 	Imported cgtRDMPractice.xlsx as conditions, 4 conditions, 6 params
45.2081 	EXP 	Created sequence: sequential, trialTypes=4, nReps=1, seed=None
45.2084 	EXP 	New trial (rep=0, index=0): {'riskyGain': 18.23, 'riskyLoss': 0, 'alternative': 9.45, 'isi': 2, 'iti': 1, 'loc': 1}
45.2327 	DATA 	Keypress: n
45.2391 	EXP 	startPract: autoDraw = False
45.2391 	EXP 	circleRight: fillColor = <psychopy.colors.Color: (0.52, 0.52, 0.52, 1.0)>
45.2391 	EXP 	circleRight: borderColor = <psychopy.colors.Color: (-0.07, 0.64, 1.0, 1.0)>
45.2391 	EXP 	lossTxt: height = 0.1
45.2391 	EXP 	lossTxt: height = 0.1
45.2391 	EXP 	lossTxt: height = 0.1
45.2391 	EXP 	lossTxt: text = '$0'
45.2391 	EXP 	gainTxt: height = 0.1
45.2391 	EXP 	gainTxt: height = 0.1
45.2391 	EXP 	gainTxt: height = 0.1
45.2391 	EXP 	gainTxt: text = '$18.23'
45.2391 	EXP 	safeTxt: height = 0.1
45.2391 	EXP 	safeTxt: height = 0.1
45.2391 	EXP 	safeTxt: height = 0.1
45.2391 	EXP 	safeTxt: text = '$9.45'
45.2391 	EXP 	circleLeft: autoDraw = True
45.2391 	EXP 	circleRight: autoDraw = True
45.2391 	EXP 	lineLeft: autoDraw = True
45.2391 	EXP 	orText: autoDraw = True
45.2391 	EXP 	lossTxt: autoDraw = True
45.2391 	EXP 	gainTxt: autoDraw = True
45.2391 	EXP 	safeTxt: autoDraw = True
47.2177 	EXP 	vLeft: autoDraw = True
47.2177 	EXP 	nRight: autoDraw = True
49.2188 	EXP 	circleLeft: autoDraw = False
49.2188 	EXP 	circleRight: autoDraw = False
49.2188 	EXP 	lineLeft: autoDraw = False
49.2188 	EXP 	orText: autoDraw = False
49.2188 	EXP 	lossTxt: autoDraw = False
49.2188 	EXP 	gainTxt: autoDraw = False
49.2188 	EXP 	safeTxt: autoDraw = False
49.2188 	EXP 	vLeft: autoDraw = False
49.2188 	EXP 	nRight: autoDraw = False
49.2188 	EXP 	isiText: autoDraw = True
51.2362 	EXP 	isiText: autoDraw = False
51.2362 	EXP 	isiText: autoDraw = False
51.2362 	EXP 	outcomeText: foreColor = <psychopy.colors.Color: black, alpha=1.0>
51.2362 	EXP 	outcomeText: height = 0.1
51.2362 	EXP 	outcomeText: height = 0.1
51.2362 	EXP 	outcomeText: height = 0.1
51.2362 	EXP 	outcomeText: text = '$nan'
51.2362 	EXP 	noRespTxt: autoDraw = True
51.2362 	EXP 	ocGamble: autoDraw = True
51.2362 	EXP 	ocSafe: autoDraw = True
51.2362 	EXP 	outcomeText: autoDraw = True
51.2362 	EXP 	hideGamble: autoDraw = True
52.2369 	EXP 	noRespTxt: autoDraw = False
52.2369 	EXP 	ocGamble: autoDraw = False
52.2369 	EXP 	ocSafe: autoDraw = False
52.2369 	EXP 	outcomeText: autoDraw = False
52.2369 	EXP 	hideGamble: autoDraw = False
52.2369 	EXP 	itiText: autoDraw = True
53.2381 	EXP 	New trial (rep=0, index=1): {'riskyGain': 53.27, 'riskyLoss': 0, 'alternative': 35.16, 'isi': 1, 'iti': 3, 'loc': 1}
53.2576 	EXP 	itiText: autoDraw = False
53.2576 	EXP 	itiText: autoDraw = False
53.2576 	EXP 	circleRight: fillColor = <psychopy.colors.Color: (0.52, 0.52, 0.52, 1.0)>
53.2576 	EXP 	circleRight: borderColor = <psychopy.colors.Color: (-0.07, 0.64, 1.0, 1.0)>
53.2576 	EXP 	lossTxt: text = '$0'
53.2576 	EXP 	gainTxt: height = 0.1
53.2576 	EXP 	gainTxt: height = 0.1
53.2576 	EXP 	gainTxt: height = 0.1
53.2576 	EXP 	gainTxt: text = '$53.27'
53.2576 	EXP 	safeTxt: height = 0.1
53.2576 	EXP 	safeTxt: height = 0.1
53.2576 	EXP 	safeTxt: height = 0.1
53.2576 	EXP 	safeTxt: text = '$35.16'
53.2576 	EXP 	circleLeft: autoDraw = True
53.2576 	EXP 	circleRight: autoDraw = True
53.2576 	EXP 	lineLeft: autoDraw = True
53.2576 	EXP 	orText: autoDraw = True
53.2576 	EXP 	lossTxt: autoDraw = True
53.2576 	EXP 	gainTxt: autoDraw = True
53.2576 	EXP 	safeTxt: autoDraw = True
55.2551 	EXP 	vLeft: autoDraw = True
55.2551 	EXP 	nRight: autoDraw = True
57.2560 	EXP 	circleLeft: autoDraw = False
57.2560 	EXP 	circleRight: autoDraw = False
57.2560 	EXP 	lineLeft: autoDraw = False
57.2560 	EXP 	orText: autoDraw = False
57.2560 	EXP 	lossTxt: autoDraw = False
57.2560 	EXP 	gainTxt: autoDraw = False
57.2560 	EXP 	safeTxt: autoDraw = False
57.2560 	EXP 	vLeft: autoDraw = False
57.2560 	EXP 	nRight: autoDraw = False
57.2560 	EXP 	isiText: autoDraw = True
58.2731 	EXP 	isiText: autoDraw = False
58.2731 	EXP 	isiText: autoDraw = False
58.2731 	EXP 	outcomeText: foreColor = <psychopy.colors.Color: black, alpha=1.0>
58.2731 	EXP 	outcomeText: text = '$nan'
58.2731 	EXP 	noRespTxt: autoDraw = True
58.2731 	EXP 	ocGamble: autoDraw = True
58.2731 	EXP 	ocSafe: autoDraw = True
58.2731 	EXP 	outcomeText: autoDraw = True
58.2731 	EXP 	hideGamble: autoDraw = True
59.2737 	EXP 	noRespTxt: autoDraw = False
59.2737 	EXP 	ocGamble: autoDraw = False
59.2737 	EXP 	ocSafe: autoDraw = False
59.2737 	EXP 	outcomeText: autoDraw = False
59.2737 	EXP 	hideGamble: autoDraw = False
59.2737 	EXP 	itiText: autoDraw = True
62.2761 	EXP 	New trial (rep=0, index=2): {'riskyGain': 8.27, 'riskyLoss': 0, 'alternative': 1.15, 'isi': 1, 'iti': 2, 'loc': 2}
62.2928 	EXP 	itiText: autoDraw = False
62.2928 	EXP 	itiText: autoDraw = False
62.2928 	EXP 	circleRight: fillColor = <psychopy.colors.Color: (0.52, 0.52, 0.52, 1.0)>
62.2928 	EXP 	circleRight: borderColor = <psychopy.colors.Color: (-0.07, 0.64, 1.0, 1.0)>
62.2928 	EXP 	lossTxt: text = '$0'
62.2928 	EXP 	gainTxt: height = 0.1
62.2928 	EXP 	gainTxt: height = 0.1
62.2928 	EXP 	gainTxt: height = 0.1
62.2928 	EXP 	gainTxt: text = '$8.27'
62.2928 	EXP 	safeTxt: height = 0.1
62.2928 	EXP 	safeTxt: height = 0.1
62.2928 	EXP 	safeTxt: height = 0.1
62.2928 	EXP 	safeTxt: text = '$1.15'
62.2928 	EXP 	circleLeft: autoDraw = True
62.2928 	EXP 	circleRight: autoDraw = True
62.2928 	EXP 	lineLeft: autoDraw = True
62.2928 	EXP 	orText: autoDraw = True
62.2928 	EXP 	lossTxt: autoDraw = True
62.2928 	EXP 	gainTxt: autoDraw = True
62.2928 	EXP 	safeTxt: autoDraw = True
64.2928 	EXP 	vLeft: autoDraw = True
64.2928 	EXP 	nRight: autoDraw = True
66.2937 	EXP 	circleLeft: autoDraw = False
66.2937 	EXP 	circleRight: autoDraw = False
66.2937 	EXP 	lineLeft: autoDraw = False
66.2937 	EXP 	orText: autoDraw = False
66.2937 	EXP 	lossTxt: autoDraw = False
66.2937 	EXP 	gainTxt: autoDraw = False
66.2937 	EXP 	safeTxt: autoDraw = False
66.2937 	EXP 	vLeft: autoDraw = False
66.2937 	EXP 	nRight: autoDraw = False
66.2937 	EXP 	isiText: autoDraw = True
67.3111 	EXP 	isiText: autoDraw = False
67.3111 	EXP 	isiText: autoDraw = False
67.3111 	EXP 	outcomeText: foreColor = <psychopy.colors.Color: black, alpha=1.0>
67.3111 	EXP 	outcomeText: text = '$nan'
67.3111 	EXP 	noRespTxt: autoDraw = True
67.3111 	EXP 	ocGamble: autoDraw = True
67.3111 	EXP 	ocSafe: autoDraw = True
67.3111 	EXP 	outcomeText: autoDraw = True
67.3111 	EXP 	hideGamble: autoDraw = True
68.3114 	EXP 	noRespTxt: autoDraw = False
68.3114 	EXP 	ocGamble: autoDraw = False
68.3114 	EXP 	ocSafe: autoDraw = False
68.3114 	EXP 	outcomeText: autoDraw = False
68.3114 	EXP 	hideGamble: autoDraw = False
68.3114 	EXP 	itiText: autoDraw = True
70.3132 	EXP 	New trial (rep=0, index=3): {'riskyGain': 45.88, 'riskyLoss': 0, 'alternative': 40.41, 'isi': 3, 'iti': 1, 'loc': 1}
70.3305 	EXP 	itiText: autoDraw = False
70.3305 	EXP 	itiText: autoDraw = False
70.3305 	EXP 	circleRight: fillColor = <psychopy.colors.Color: (0.52, 0.52, 0.52, 1.0)>
70.3305 	EXP 	circleRight: borderColor = <psychopy.colors.Color: (-0.07, 0.64, 1.0, 1.0)>
70.3305 	EXP 	lossTxt: text = '$0'
70.3305 	EXP 	gainTxt: height = 0.1
70.3305 	EXP 	gainTxt: height = 0.1
70.3305 	EXP 	gainTxt: height = 0.1
70.3305 	EXP 	gainTxt: text = '$45.88'
70.3305 	EXP 	safeTxt: height = 0.1
70.3305 	EXP 	safeTxt: height = 0.1
70.3305 	EXP 	safeTxt: height = 0.1
70.3305 	EXP 	safeTxt: text = '$40.41'
70.3305 	EXP 	circleLeft: autoDraw = True
70.3305 	EXP 	circleRight: autoDraw = True
70.3305 	EXP 	lineLeft: autoDraw = True
70.3305 	EXP 	orText: autoDraw = True
70.3305 	EXP 	lossTxt: autoDraw = True
70.3305 	EXP 	gainTxt: autoDraw = True
70.3305 	EXP 	safeTxt: autoDraw = True
72.3299 	EXP 	vLeft: autoDraw = True
72.3299 	EXP 	nRight: autoDraw = True
74.3311 	EXP 	circleLeft: autoDraw = False
74.3311 	EXP 	circleRight: autoDraw = False
74.3311 	EXP 	lineLeft: autoDraw = False
74.3311 	EXP 	orText: autoDraw = False
74.3311 	EXP 	lossTxt: autoDraw = False
74.3311 	EXP 	gainTxt: autoDraw = False
74.3311 	EXP 	safeTxt: autoDraw = False
74.3311 	EXP 	vLeft: autoDraw = False
74.3311 	EXP 	nRight: autoDraw = False
74.3311 	EXP 	isiText: autoDraw = True
77.3492 	EXP 	isiText: autoDraw = False
77.3492 	EXP 	isiText: autoDraw = False
77.3492 	EXP 	outcomeText: foreColor = <psychopy.colors.Color: black, alpha=1.0>
77.3492 	EXP 	outcomeText: text = '$nan'
77.3492 	EXP 	noRespTxt: autoDraw = True
77.3492 	EXP 	ocGamble: autoDraw = True
77.3492 	EXP 	ocSafe: autoDraw = True
77.3492 	EXP 	outcomeText: autoDraw = True
77.3492 	EXP 	hideGamble: autoDraw = True
78.3663 	EXP 	noRespTxt: autoDraw = False
78.3663 	EXP 	ocGamble: autoDraw = False
78.3663 	EXP 	ocSafe: autoDraw = False
78.3663 	EXP 	outcomeText: autoDraw = False
78.3663 	EXP 	hideGamble: autoDraw = False
78.3663 	EXP 	itiText: autoDraw = True
79.3834 	EXP 	itiText: autoDraw = False
79.3834 	EXP 	itiText: autoDraw = False
79.3834 	EXP 	postPracText: autoDraw = True
82.4075 	EXP 	Imported CGT-choice-set.csv as conditions, 4 conditions, 4 params
82.4078 	EXP 	Created sequence: random, trialTypes=4, nReps=1, seed=None
82.4081 	EXP 	New trial (rep=0, index=0): OrderedDict([('riskyoption1', 25.2), ('riskyoption2', 0.0), ('safeoption', 5.4), ('ischecktrial', 0)])
82.4189 	DATA 	Keypress: v
82.4249 	EXP 	postPracText: autoDraw = False
82.4249 	EXP 	circleRightReal: fillColor = <psychopy.colors.Color: (0.52, 0.52, 0.52, 1.0)>
82.4249 	EXP 	circleRightReal: borderColor = <psychopy.colors.Color: (-0.07, 0.64, 1.0, 1.0)>
82.4249 	EXP 	lossTxtReal: height = 0.1
82.4249 	EXP 	lossTxtReal: height = 0.1
82.4249 	EXP 	lossTxtReal: height = 0.1
82.4249 	EXP 	lossTxtReal: text = '$0'
82.4249 	EXP 	gainTxtReal: height = 0.1
82.4249 	EXP 	gainTxtReal: height = 0.1
82.4249 	EXP 	gainTxtReal: height = 0.1
82.4249 	EXP 	gainTxtReal: text = '$25.20'
82.4249 	EXP 	safeTxtReal: height = 0.1
82.4249 	EXP 	safeTxtReal: height = 0.1
82.4249 	EXP 	safeTxtReal: height = 0.1
82.4249 	EXP 	safeTxtReal: text = '$5.40'
82.4249 	EXP 	circleLeftReal: autoDraw = True
82.4249 	EXP 	circleRightReal: autoDraw = True
82.4249 	EXP 	lineLeftReal: autoDraw = True
82.4249 	EXP 	orTextReal: autoDraw = True
82.4249 	EXP 	lossTxtReal: autoDraw = True
82.4249 	EXP 	gainTxtReal: autoDraw = True
82.4249 	EXP 	safeTxtReal: autoDraw = True
84.4192 	EXP 	vLeftReal: autoDraw = True
84.4192 	EXP 	nRightReal: autoDraw = True
85.0391 	DATA 	Keypress: n
85.0529 	EXP 	circleLeftReal: autoDraw = False
85.0529 	EXP 	circleRightReal: autoDraw = False
85.0529 	EXP 	lineLeftReal: autoDraw = False
85.0529 	EXP 	orTextReal: autoDraw = False
85.0529 	EXP 	lossTxtReal: autoDraw = False
85.0529 	EXP 	gainTxtReal: autoDraw = False
85.0529 	EXP 	safeTxtReal: autoDraw = False
85.0529 	EXP 	vLeftReal: autoDraw = False
85.0529 	EXP 	nRightReal: autoDraw = False
85.0529 	EXP 	isiTextReal: autoDraw = True
85.5697 	EXP 	isiTextReal: autoDraw = False
85.5697 	EXP 	outcomeTextReal: foreColor = <psychopy.colors.Color: black, alpha=1.0>
85.5697 	EXP 	outcomeTextReal: height = 0.1
85.5697 	EXP 	outcomeTextReal: height = 0.1
85.5697 	EXP 	outcomeTextReal: height = 0.1
85.5697 	EXP 	outcomeTextReal: text = '$0'
85.5697 	EXP 	noRespTxtReal: autoDraw = True
85.5697 	EXP 	ocGambleReal: autoDraw = True
85.5697 	EXP 	ocSafeReal: autoDraw = True
85.5697 	EXP 	outcomeTextReal: autoDraw = True
85.5697 	EXP 	hideGambleReal: autoDraw = True
86.5703 	EXP 	noRespTxtReal: autoDraw = False
86.5703 	EXP 	ocGambleReal: autoDraw = False
86.5703 	EXP 	ocSafeReal: autoDraw = False
86.5703 	EXP 	outcomeTextReal: autoDraw = False
86.5703 	EXP 	hideGambleReal: autoDraw = False
86.5703 	EXP 	itiTextReal: autoDraw = True
87.5544 	EXP 	New trial (rep=0, index=1): OrderedDict([('riskyoption1', 28.21), ('riskyoption2', 0.0), ('safeoption', 3.89), ('ischecktrial', 0)])
87.5707 	EXP 	itiTextReal: autoDraw = False
87.5707 	EXP 	circleRightReal: fillColor = <psychopy.colors.Color: (0.52, 0.52, 0.52, 1.0)>
87.5707 	EXP 	circleRightReal: borderColor = <psychopy.colors.Color: (-0.07, 0.64, 1.0, 1.0)>
87.5707 	EXP 	lossTxtReal: text = '$0'
87.5707 	EXP 	gainTxtReal: height = 0.1
87.5707 	EXP 	gainTxtReal: height = 0.1
87.5707 	EXP 	gainTxtReal: height = 0.1
87.5707 	EXP 	gainTxtReal: text = '$28.21'
87.5707 	EXP 	safeTxtReal: height = 0.1
87.5707 	EXP 	safeTxtReal: height = 0.1
87.5707 	EXP 	safeTxtReal: height = 0.1
87.5707 	EXP 	safeTxtReal: text = '$3.89'
87.5707 	EXP 	circleLeftReal: autoDraw = True
87.5707 	EXP 	circleRightReal: autoDraw = True
87.5707 	EXP 	lineLeftReal: autoDraw = True
87.5707 	EXP 	orTextReal: autoDraw = True
87.5707 	EXP 	lossTxtReal: autoDraw = True
87.5707 	EXP 	gainTxtReal: autoDraw = True
87.5707 	EXP 	safeTxtReal: autoDraw = True
89.5551 	EXP 	vLeftReal: autoDraw = True
89.5551 	EXP 	nRightReal: autoDraw = True
90.6913 	DATA 	Keypress: n
90.7056 	EXP 	circleLeftReal: autoDraw = False
90.7056 	EXP 	circleRightReal: autoDraw = False
90.7056 	EXP 	lineLeftReal: autoDraw = False
90.7056 	EXP 	orTextReal: autoDraw = False
90.7056 	EXP 	lossTxtReal: autoDraw = False
90.7056 	EXP 	gainTxtReal: autoDraw = False
90.7056 	EXP 	safeTxtReal: autoDraw = False
90.7056 	EXP 	vLeftReal: autoDraw = False
90.7056 	EXP 	nRightReal: autoDraw = False
90.7056 	EXP 	isiTextReal: autoDraw = True
91.2226 	EXP 	isiTextReal: autoDraw = False
91.2226 	EXP 	outcomeTextReal: foreColor = <psychopy.colors.Color: black, alpha=1.0>
91.2226 	EXP 	outcomeTextReal: height = 0.1
91.2226 	EXP 	outcomeTextReal: height = 0.1
91.2226 	EXP 	outcomeTextReal: height = 0.1
91.2226 	EXP 	outcomeTextReal: text = '$28.21'
91.2226 	EXP 	noRespTxtReal: autoDraw = True
91.2226 	EXP 	ocGambleReal: autoDraw = True
91.2226 	EXP 	ocSafeReal: autoDraw = True
91.2226 	EXP 	outcomeTextReal: autoDraw = True
91.2226 	EXP 	hideGambleReal: autoDraw = True
92.2232 	EXP 	noRespTxtReal: autoDraw = False
92.2232 	EXP 	ocGambleReal: autoDraw = False
92.2232 	EXP 	ocSafeReal: autoDraw = False
92.2232 	EXP 	outcomeTextReal: autoDraw = False
92.2232 	EXP 	hideGambleReal: autoDraw = False
92.2232 	EXP 	itiTextReal: autoDraw = True
93.2072 	EXP 	New trial (rep=0, index=2): OrderedDict([('riskyoption1', 20.03), ('riskyoption2', 0.0), ('safeoption', 1.99), ('ischecktrial', 0)])
93.2235 	EXP 	itiTextReal: autoDraw = False
93.2235 	EXP 	circleRightReal: fillColor = <psychopy.colors.Color: (0.52, 0.52, 0.52, 1.0)>
93.2235 	EXP 	circleRightReal: borderColor = <psychopy.colors.Color: (-0.07, 0.64, 1.0, 1.0)>
93.2235 	EXP 	lossTxtReal: text = '$0'
93.2235 	EXP 	gainTxtReal: height = 0.1
93.2235 	EXP 	gainTxtReal: height = 0.1
93.2235 	EXP 	gainTxtReal: height = 0.1
93.2235 	EXP 	gainTxtReal: text = '$20.03'
93.2235 	EXP 	safeTxtReal: height = 0.1
93.2235 	EXP 	safeTxtReal: height = 0.1
93.2235 	EXP 	safeTxtReal: height = 0.1
93.2235 	EXP 	safeTxtReal: text = '$1.99'
93.2235 	EXP 	circleLeftReal: autoDraw = True
93.2235 	EXP 	circleRightReal: autoDraw = True
93.2235 	EXP 	lineLeftReal: autoDraw = True
93.2235 	EXP 	orTextReal: autoDraw = True
93.2235 	EXP 	lossTxtReal: autoDraw = True
93.2235 	EXP 	gainTxtReal: autoDraw = True
93.2235 	EXP 	safeTxtReal: autoDraw = True
95.2078 	EXP 	vLeftReal: autoDraw = True
95.2078 	EXP 	nRightReal: autoDraw = True
96.1939 	DATA 	Keypress: v
96.2083 	EXP 	circleLeftReal: autoDraw = False
96.2083 	EXP 	circleRightReal: autoDraw = False
96.2083 	EXP 	lineLeftReal: autoDraw = False
96.2083 	EXP 	orTextReal: autoDraw = False
96.2083 	EXP 	lossTxtReal: autoDraw = False
96.2083 	EXP 	gainTxtReal: autoDraw = False
96.2083 	EXP 	safeTxtReal: autoDraw = False
96.2083 	EXP 	vLeftReal: autoDraw = False
96.2083 	EXP 	nRightReal: autoDraw = False
96.2083 	EXP 	isiTextReal: autoDraw = True
96.7253 	EXP 	isiTextReal: autoDraw = False
96.7253 	EXP 	outcomeTextReal: foreColor = <psychopy.colors.Color: black, alpha=1.0>
96.7253 	EXP 	outcomeTextReal: height = 0.1
96.7253 	EXP 	outcomeTextReal: height = 0.1
96.7253 	EXP 	outcomeTextReal: height = 0.1
96.7253 	EXP 	outcomeTextReal: text = '$20.03'
96.7253 	EXP 	noRespTxtReal: autoDraw = True
96.7253 	EXP 	ocGambleReal: autoDraw = True
96.7253 	EXP 	ocSafeReal: autoDraw = True
96.7253 	EXP 	outcomeTextReal: autoDraw = True
96.7253 	EXP 	hideGambleReal: autoDraw = True
97.7258 	EXP 	noRespTxtReal: autoDraw = False
97.7258 	EXP 	ocGambleReal: autoDraw = False
97.7258 	EXP 	ocSafeReal: autoDraw = False
97.7258 	EXP 	outcomeTextReal: autoDraw = False
97.7258 	EXP 	hideGambleReal: autoDraw = False
97.7258 	EXP 	itiTextReal: autoDraw = True
98.7098 	EXP 	New trial (rep=0, index=3): OrderedDict([('riskyoption1', 17.73), ('riskyoption2', 0.0), ('safeoption', 3.13), ('ischecktrial', 0)])
98.7260 	EXP 	itiTextReal: autoDraw = False
98.7260 	EXP 	circleRightReal: fillColor = <psychopy.colors.Color: (0.52, 0.52, 0.52, 1.0)>
98.7260 	EXP 	circleRightReal: borderColor = <psychopy.colors.Color: (-0.07, 0.64, 1.0, 1.0)>
98.7260 	EXP 	lossTxtReal: text = '$0'
98.7260 	EXP 	gainTxtReal: height = 0.1
98.7260 	EXP 	gainTxtReal: height = 0.1
98.7260 	EXP 	gainTxtReal: height = 0.1
98.7260 	EXP 	gainTxtReal: text = '$17.73'
98.7260 	EXP 	safeTxtReal: height = 0.1
98.7260 	EXP 	safeTxtReal: height = 0.1
98.7260 	EXP 	safeTxtReal: height = 0.1
98.7260 	EXP 	safeTxtReal: text = '$3.13'
98.7260 	EXP 	circleLeftReal: autoDraw = True
98.7260 	EXP 	circleRightReal: autoDraw = True
98.7260 	EXP 	lineLeftReal: autoDraw = True
98.7260 	EXP 	orTextReal: autoDraw = True
98.7260 	EXP 	lossTxtReal: autoDraw = True
98.7260 	EXP 	gainTxtReal: autoDraw = True
98.7260 	EXP 	safeTxtReal: autoDraw = True
100.7105 	EXP 	vLeftReal: autoDraw = True
100.7105 	EXP 	nRightReal: autoDraw = True
102.7115 	EXP 	circleLeftReal: autoDraw = False
102.7115 	EXP 	circleRightReal: autoDraw = False
102.7115 	EXP 	lineLeftReal: autoDraw = False
102.7115 	EXP 	orTextReal: autoDraw = False
102.7115 	EXP 	lossTxtReal: autoDraw = False
102.7115 	EXP 	gainTxtReal: autoDraw = False
102.7115 	EXP 	safeTxtReal: autoDraw = False
102.7115 	EXP 	vLeftReal: autoDraw = False
102.7115 	EXP 	nRightReal: autoDraw = False
102.7115 	EXP 	isiTextReal: autoDraw = True
102.9125 	DATA 	Keypress: n
103.2116 	EXP 	isiTextReal: autoDraw = False
103.2116 	EXP 	outcomeTextReal: foreColor = <psychopy.colors.Color: black, alpha=1.0>
103.2116 	EXP 	outcomeTextReal: height = 0.1
103.2116 	EXP 	outcomeTextReal: height = 0.1
103.2116 	EXP 	outcomeTextReal: height = 0.1
103.2116 	EXP 	outcomeTextReal: text = '$nan'
103.2116 	EXP 	noRespTxtReal: autoDraw = True
103.2116 	EXP 	ocGambleReal: autoDraw = True
103.2116 	EXP 	ocSafeReal: autoDraw = True
103.2116 	EXP 	outcomeTextReal: autoDraw = True
103.2116 	EXP 	hideGambleReal: autoDraw = True
104.2122 	EXP 	noRespTxtReal: autoDraw = False
104.2122 	EXP 	ocGambleReal: autoDraw = False
104.2122 	EXP 	ocSafeReal: autoDraw = False
104.2122 	EXP 	outcomeTextReal: autoDraw = False
104.2122 	EXP 	hideGambleReal: autoDraw = False
104.2122 	EXP 	itiTextReal: autoDraw = True
105.5619 	EXP 	itiTextReal: autoDraw = False
105.5619 	EXP 	settingUpForPart2: autoDraw = True
109.5655 	EXP 	window1: recordFrameIntervals = False
109.5816 	EXP 	settingUpForPart2: autoDraw = False
109.5816 	EXP 	settingUpForPart2: autoDraw = False
109.5816 	EXP 	text: autoDraw = True
109.5817 	EXP 	window1: recordFrameIntervals = False
111.5674 	EXP 	text: text = ''
111.5827 	EXP 	text: autoDraw = False
111.5827 	EXP 	moveToRDMpart2: autoDraw = True
115.6045 	EXP 	Imported ../CGE/bespoke_choicesets/bespoke_choiceset_rhoInd104_muInd201.csv as conditions, 4 conditions, 5 params
115.6048 	EXP 	Created sequence: sequential, trialTypes=4, nReps=1, seed=None
115.6051 	EXP 	New trial (rep=0, index=0): OrderedDict([('riskyoption1', 19.5286692426656), ('riskyoption2', 0), ('safeoption', 11.3699757358874), ('choiceP', 0.510619322389541), ('easy0difficult1', 1)])
115.6141 	DATA 	Keypress: return
115.6205 	EXP 	moveToRDMpart2: autoDraw = False
115.6205 	EXP 	circleRightReal: fillColor = <psychopy.colors.Color: (0.52, 0.52, 0.52, 1.0)>
115.6205 	EXP 	circleRightReal: borderColor = <psychopy.colors.Color: (-0.07, 0.64, 1.0, 1.0)>
115.6205 	EXP 	lossTxtReal: text = '$0'
115.6205 	EXP 	gainTxtReal: height = 0.1
115.6205 	EXP 	gainTxtReal: height = 0.1
115.6205 	EXP 	gainTxtReal: height = 0.1
115.6205 	EXP 	gainTxtReal: text = '$19.53'
115.6205 	EXP 	safeTxtReal: height = 0.1
115.6205 	EXP 	safeTxtReal: height = 0.1
115.6205 	EXP 	safeTxtReal: height = 0.1
115.6205 	EXP 	safeTxtReal: text = '$11.37'
115.6205 	EXP 	circleLeftReal: autoDraw = True
115.6205 	EXP 	circleRightReal: autoDraw = True
115.6205 	EXP 	lineLeftReal: autoDraw = True
115.6205 	EXP 	orTextReal: autoDraw = True
115.6205 	EXP 	lossTxtReal: autoDraw = True
115.6205 	EXP 	gainTxtReal: autoDraw = True
115.6205 	EXP 	safeTxtReal: autoDraw = True
117.6025 	EXP 	vLeftReal: autoDraw = True
117.6025 	EXP 	nRightReal: autoDraw = True
119.6045 	EXP 	circleLeftReal: autoDraw = False
119.6045 	EXP 	circleRightReal: autoDraw = False
119.6045 	EXP 	lineLeftReal: autoDraw = False
119.6045 	EXP 	orTextReal: autoDraw = False
119.6045 	EXP 	lossTxtReal: autoDraw = False
119.6045 	EXP 	gainTxtReal: autoDraw = False
119.6045 	EXP 	safeTxtReal: autoDraw = False
119.6045 	EXP 	vLeftReal: autoDraw = False
119.6045 	EXP 	nRightReal: autoDraw = False
119.6045 	EXP 	isiTextReal: autoDraw = True
120.1033 	EXP 	isiTextReal: autoDraw = False
120.1033 	EXP 	outcomeTextReal: foreColor = <psychopy.colors.Color: black, alpha=1.0>
120.1033 	EXP 	outcomeTextReal: text = '$nan'
120.1033 	EXP 	noRespTxtReal: autoDraw = True
120.1033 	EXP 	ocGambleReal: autoDraw = True
120.1033 	EXP 	ocSafeReal: autoDraw = True
120.1033 	EXP 	outcomeTextReal: autoDraw = True
120.1033 	EXP 	hideGambleReal: autoDraw = True
121.1039 	EXP 	noRespTxtReal: autoDraw = False
121.1039 	EXP 	ocGambleReal: autoDraw = False
121.1039 	EXP 	ocSafeReal: autoDraw = False
121.1039 	EXP 	outcomeTextReal: autoDraw = False
121.1039 	EXP 	hideGambleReal: autoDraw = False
121.1039 	EXP 	itiTextReal: autoDraw = True
122.0880 	EXP 	New trial (rep=0, index=1): OrderedDict([('riskyoption1', 12.9748085246421), ('riskyoption2', 0), ('safeoption', 7.56585350811947), ('choiceP', 0.490821257251763), ('easy0difficult1', 1)])
122.1050 	EXP 	itiTextReal: autoDraw = False
122.1050 	EXP 	circleRightReal: fillColor = <psychopy.colors.Color: (0.52, 0.52, 0.52, 1.0)>
122.1050 	EXP 	circleRightReal: borderColor = <psychopy.colors.Color: (-0.07, 0.64, 1.0, 1.0)>
122.1050 	EXP 	lossTxtReal: text = '$0'
122.1050 	EXP 	gainTxtReal: height = 0.1
122.1050 	EXP 	gainTxtReal: height = 0.1
122.1050 	EXP 	gainTxtReal: height = 0.1
122.1050 	EXP 	gainTxtReal: text = '$12.97'
122.1050 	EXP 	safeTxtReal: height = 0.1
122.1050 	EXP 	safeTxtReal: height = 0.1
122.1050 	EXP 	safeTxtReal: height = 0.1
122.1050 	EXP 	safeTxtReal: text = '$7.57'
122.1050 	EXP 	circleLeftReal: autoDraw = True
122.1050 	EXP 	circleRightReal: autoDraw = True
122.1050 	EXP 	lineLeftReal: autoDraw = True
122.1050 	EXP 	orTextReal: autoDraw = True
122.1050 	EXP 	lossTxtReal: autoDraw = True
122.1050 	EXP 	gainTxtReal: autoDraw = True
122.1050 	EXP 	safeTxtReal: autoDraw = True
124.1052 	EXP 	vLeftReal: autoDraw = True
124.1052 	EXP 	nRightReal: autoDraw = True
126.1061 	EXP 	circleLeftReal: autoDraw = False
126.1061 	EXP 	circleRightReal: autoDraw = False
126.1061 	EXP 	lineLeftReal: autoDraw = False
126.1061 	EXP 	orTextReal: autoDraw = False
126.1061 	EXP 	lossTxtReal: autoDraw = False
126.1061 	EXP 	gainTxtReal: autoDraw = False
126.1061 	EXP 	safeTxtReal: autoDraw = False
126.1061 	EXP 	vLeftReal: autoDraw = False
126.1061 	EXP 	nRightReal: autoDraw = False
126.1061 	EXP 	isiTextReal: autoDraw = True
126.6063 	EXP 	isiTextReal: autoDraw = False
126.6063 	EXP 	outcomeTextReal: foreColor = <psychopy.colors.Color: black, alpha=1.0>
126.6063 	EXP 	outcomeTextReal: text = '$nan'
126.6063 	EXP 	noRespTxtReal: autoDraw = True
126.6063 	EXP 	ocGambleReal: autoDraw = True
126.6063 	EXP 	ocSafeReal: autoDraw = True
126.6063 	EXP 	outcomeTextReal: autoDraw = True
126.6063 	EXP 	hideGambleReal: autoDraw = True
127.6068 	EXP 	noRespTxtReal: autoDraw = False
127.6068 	EXP 	ocGambleReal: autoDraw = False
127.6068 	EXP 	ocSafeReal: autoDraw = False
127.6068 	EXP 	outcomeTextReal: autoDraw = False
127.6068 	EXP 	hideGambleReal: autoDraw = False
127.6068 	EXP 	itiTextReal: autoDraw = True
128.5910 	EXP 	New trial (rep=0, index=2): OrderedDict([('riskyoption1', 13.9958537851111), ('riskyoption2', 0), ('safeoption', 8.13937800077256), ('choiceP', 0.52520341719924), ('easy0difficult1', 1)])
128.6072 	EXP 	itiTextReal: autoDraw = False
128.6072 	EXP 	circleRightReal: fillColor = <psychopy.colors.Color: (0.52, 0.52, 0.52, 1.0)>
128.6072 	EXP 	circleRightReal: borderColor = <psychopy.colors.Color: (-0.07, 0.64, 1.0, 1.0)>
128.6072 	EXP 	lossTxtReal: text = '$0'
128.6072 	EXP 	gainTxtReal: height = 0.1
128.6072 	EXP 	gainTxtReal: height = 0.1
128.6072 	EXP 	gainTxtReal: height = 0.1
128.6072 	EXP 	gainTxtReal: text = '$14.00'
128.6072 	EXP 	safeTxtReal: height = 0.1
128.6072 	EXP 	safeTxtReal: height = 0.1
128.6072 	EXP 	safeTxtReal: height = 0.1
128.6072 	EXP 	safeTxtReal: text = '$8.14'
128.6072 	EXP 	circleLeftReal: autoDraw = True
128.6072 	EXP 	circleRightReal: autoDraw = True
128.6072 	EXP 	lineLeftReal: autoDraw = True
128.6072 	EXP 	orTextReal: autoDraw = True
128.6072 	EXP 	lossTxtReal: autoDraw = True
128.6072 	EXP 	gainTxtReal: autoDraw = True
128.6072 	EXP 	safeTxtReal: autoDraw = True
130.6084 	EXP 	vLeftReal: autoDraw = True
130.6084 	EXP 	nRightReal: autoDraw = True
132.6107 	EXP 	circleLeftReal: autoDraw = False
132.6107 	EXP 	circleRightReal: autoDraw = False
132.6107 	EXP 	lineLeftReal: autoDraw = False
132.6107 	EXP 	orTextReal: autoDraw = False
132.6107 	EXP 	lossTxtReal: autoDraw = False
132.6107 	EXP 	gainTxtReal: autoDraw = False
132.6107 	EXP 	safeTxtReal: autoDraw = False
132.6107 	EXP 	vLeftReal: autoDraw = False
132.6107 	EXP 	nRightReal: autoDraw = False
132.6107 	EXP 	isiTextReal: autoDraw = True
133.1097 	EXP 	isiTextReal: autoDraw = False
133.1097 	EXP 	outcomeTextReal: foreColor = <psychopy.colors.Color: black, alpha=1.0>
133.1097 	EXP 	outcomeTextReal: text = '$nan'
133.1097 	EXP 	noRespTxtReal: autoDraw = True
133.1097 	EXP 	ocGambleReal: autoDraw = True
133.1097 	EXP 	ocSafeReal: autoDraw = True
133.1097 	EXP 	outcomeTextReal: autoDraw = True
133.1097 	EXP 	hideGambleReal: autoDraw = True
134.1100 	EXP 	noRespTxtReal: autoDraw = False
134.1100 	EXP 	ocGambleReal: autoDraw = False
134.1100 	EXP 	ocSafeReal: autoDraw = False
134.1100 	EXP 	outcomeTextReal: autoDraw = False
134.1100 	EXP 	hideGambleReal: autoDraw = False
134.1100 	EXP 	itiTextReal: autoDraw = True
135.0943 	EXP 	New trial (rep=0, index=3): OrderedDict([('riskyoption1', 15.6522601780365), ('riskyoption2', 0), ('safeoption', 9.11843740362674), ('choiceP', 0.503046779014049), ('easy0difficult1', 1)])
135.1107 	EXP 	itiTextReal: autoDraw = False
135.1107 	EXP 	circleRightReal: fillColor = <psychopy.colors.Color: (0.52, 0.52, 0.52, 1.0)>
135.1107 	EXP 	circleRightReal: borderColor = <psychopy.colors.Color: (-0.07, 0.64, 1.0, 1.0)>
135.1107 	EXP 	lossTxtReal: text = '$0'
135.1107 	EXP 	gainTxtReal: height = 0.1
135.1107 	EXP 	gainTxtReal: height = 0.1
135.1107 	EXP 	gainTxtReal: height = 0.1
135.1107 	EXP 	gainTxtReal: text = '$15.65'
135.1107 	EXP 	safeTxtReal: height = 0.1
135.1107 	EXP 	safeTxtReal: height = 0.1
135.1107 	EXP 	safeTxtReal: height = 0.1
135.1107 	EXP 	safeTxtReal: text = '$9.12'
135.1107 	EXP 	circleLeftReal: autoDraw = True
135.1107 	EXP 	circleRightReal: autoDraw = True
135.1107 	EXP 	lineLeftReal: autoDraw = True
135.1107 	EXP 	orTextReal: autoDraw = True
135.1107 	EXP 	lossTxtReal: autoDraw = True
135.1107 	EXP 	gainTxtReal: autoDraw = True
135.1107 	EXP 	safeTxtReal: autoDraw = True
137.1116 	EXP 	vLeftReal: autoDraw = True
137.1116 	EXP 	nRightReal: autoDraw = True
139.1126 	EXP 	circleLeftReal: autoDraw = False
139.1126 	EXP 	circleRightReal: autoDraw = False
139.1126 	EXP 	lineLeftReal: autoDraw = False
139.1126 	EXP 	orTextReal: autoDraw = False
139.1126 	EXP 	lossTxtReal: autoDraw = False
139.1126 	EXP 	gainTxtReal: autoDraw = False
139.1126 	EXP 	safeTxtReal: autoDraw = False
139.1126 	EXP 	vLeftReal: autoDraw = False
139.1126 	EXP 	nRightReal: autoDraw = False
139.1126 	EXP 	isiTextReal: autoDraw = True
139.6127 	EXP 	isiTextReal: autoDraw = False
139.6127 	EXP 	outcomeTextReal: foreColor = <psychopy.colors.Color: black, alpha=1.0>
139.6127 	EXP 	outcomeTextReal: text = '$nan'
139.6127 	EXP 	noRespTxtReal: autoDraw = True
139.6127 	EXP 	ocGambleReal: autoDraw = True
139.6127 	EXP 	ocSafeReal: autoDraw = True
139.6127 	EXP 	outcomeTextReal: autoDraw = True
139.6127 	EXP 	hideGambleReal: autoDraw = True
140.6133 	EXP 	noRespTxtReal: autoDraw = False
140.6133 	EXP 	ocGambleReal: autoDraw = False
140.6133 	EXP 	ocSafeReal: autoDraw = False
140.6133 	EXP 	outcomeTextReal: autoDraw = False
140.6133 	EXP 	hideGambleReal: autoDraw = False
140.6133 	EXP 	itiTextReal: autoDraw = True
141.6136 	EXP 	itiTextReal: autoDraw = False
141.6136 	EXP 	breaktxt: autoDraw = True
146.5008 	DATA 	Keypress: escape
146.8637 	EXP 	window1: mouseVisible = True
