12.2304 	WARNING 	We strongly recommend you activate the PTB sound engine in PsychoPy prefs as the preferred audio engine. Its timing is vastly superior. Your prefs are currently set to use ['sounddevice', 'PTB', 'pyo', 'pygame'] (in that order).
30.0729 	WARNING 	User requested fullscreen with size [2560 1440], but screen is actually [1920, 1080]. Using actual size
34.3829 	EXP 	Created window1 = Window(allowGUI=True, allowStencil=False, autoLog=True, backendConf=UNKNOWN, bitsMode=UNKNOWN, blendMode='avg', bpc=(8, 8, 8), color=array([0.5216, 0.5216, 0.5216]), colorSpace='rgb', depthBits=8, fullscr=<method-wrapper '__getattribute__' of attributeSetter object at 0x000002B29B92C190>, gamma=None, gammaErrorPolicy='raise', lms=UNKNOWN, monitor=<psychopy.monitors.calibTools.Monitor object at 0x000002B2A0A082E0>, multiSample=False, name='window1', numSamples=2, pos=(0, 0), screen=0, size=array([1920, 1080]), stencilBits=0, stereo=False, units='height', useFBO=True, useRetina=False, viewOri=0.0, viewPos=None, viewScale=None, waitBlanking=True, winType='pyglet')
34.3830 	EXP 	window1: mouseVisible = True
34.3830 	EXP 	window1: mouseVisible = False
34.3830 	EXP 	window1: Attempting to measure frame rate of screen (0) ...
34.3830 	EXP 	window1: recordFrameIntervals = False
34.4316 	EXP 	window1: recordFrameIntervals = True
34.4849 	EXP 	Screen (0) actual frame rate measured at 206.03Hz
34.4849 	EXP 	window1: recordFrameIntervals = False
40.9658 	EXP 	Created Instructions = TextStim(__class__=<class 'psychopy.visual.text.TextStim'>, alignHoriz=method-wrapper(...), alignText='center', alignVert=method-wrapper(...), anchorHoriz='center', anchorVert='center', antialias=True, autoDraw=False, autoLog=True, bold=False, color=array([-0.0667,  0.6392,  1.    ]), colorSpace='rgb', contrast=1.0, depth=-1.0, flipHoriz=False, flipVert=False, font='Arial', fontFiles=[], height=0.04, italic=False, languageStyle='LTR', name='Instructions', opacity=1.0, ori=0, pos=array([0., 0.]), rgb=UNKNOWN, text=str(...), units='height', win=Window(...), wrapWidth=1.6)
40.9737 	EXP 	Created startPract = TextStim(__class__=<class 'psychopy.visual.text.TextStim'>, alignHoriz=method-wrapper(...), alignText='center', alignVert=method-wrapper(...), anchorHoriz='center', anchorVert='center', antialias=True, autoDraw=False, autoLog=True, bold=False, color=array([-0.0667,  0.6392,  1.    ]), colorSpace='rgb', contrast=1.0, depth=0.0, flipHoriz=False, flipVert=False, font='Arial', fontFiles=[], height=0.04, italic=False, languageStyle='LTR', name='startPract', opacity=1.0, ori=0, pos=array([0., 0.]), rgb=UNKNOWN, text=str(...), units='height', win=Window(...), wrapWidth=1.6)
40.9749 	EXP 	Created circleLeft = Rect(__class__=<class 'psychopy.visual.rect.Rect'>, anchor=('center', 'center'), autoDraw=False, autoLog=True, closeShape=True, color=method-wrapper(...), colorSpace='rgb', contrast=None, depth=-1.0, fillColor=array([-0.0667,  0.6392,  1.    ]), fillColorSpace='rgb', fillRGB=array([-0.0667,  0.6392,  1.    ]), interpolate=True, lineColor=array([-0.0667,  0.6392,  1.    ]), lineColorSpace='rgb', lineRGB=array([-0.0667,  0.6392,  1.    ]), lineWidth=1, name='circleLeft', opacity=1.0, ori=0.0, pos=array([-0.4,  0. ]), size=array([0.5, 0.5]), units='height', vertices=ndarray(...), win=Window(...))
40.9761 	EXP 	Created circleRight = Rect(__class__=<class 'psychopy.visual.rect.Rect'>, anchor=('center', 'center'), autoDraw=False, autoLog=True, closeShape=True, color=method-wrapper(...), colorSpace='rgb', contrast=None, depth=-2.0, fillColor=array([-0.0667,  0.6392,  1.    ]), fillColorSpace='rgb', fillRGB=array([-0.0667,  0.6392,  1.    ]), interpolate=True, lineColor=array([-0.0667,  0.6392,  1.    ]), lineColorSpace='rgb', lineRGB=array([-0.0667,  0.6392,  1.    ]), lineWidth=1, name='circleRight', opacity=1.0, ori=0.0, pos=array([0.4, 0. ]), size=array([0.5, 0.5]), units='height', vertices=ndarray(...), win=Window(...))
40.9772 	EXP 	Created lineLeft = Rect(__class__=<class 'psychopy.visual.rect.Rect'>, anchor=('center', 'center'), autoDraw=False, autoLog=True, closeShape=True, color=method-wrapper(...), colorSpace='rgb', contrast=None, depth=-3.0, fillColor=array([0.5216, 0.5216, 0.5216]), fillColorSpace='rgb', fillRGB=array([0.5216, 0.5216, 0.5216]), interpolate=True, lineColor=array([0.5216, 0.5216, 0.5216]), lineColorSpace='rgb', lineRGB=array([0.5216, 0.5216, 0.5216]), lineWidth=3, name='lineLeft', opacity=1.0, ori=0.0, pos=array([0., 0.]), size=array([0.5 , 0.01]), units='height', vertices=ndarray(...), win=Window(...))
40.9829 	EXP 	Created orText = TextStim(__class__=<class 'psychopy.visual.text.TextStim'>, alignHoriz=method-wrapper(...), alignText='center', alignVert=method-wrapper(...), anchorHoriz='center', anchorVert='center', antialias=True, autoDraw=False, autoLog=True, bold=False, color=array([-0.0667,  0.6392,  1.    ]), colorSpace='rgb', contrast=1.0, depth=-4.0, flipHoriz=False, flipVert=False, font='Arial', fontFiles=[], height=0.05, italic=False, languageStyle='LTR', name='orText', opacity=1.0, ori=0, pos=array([0., 0.]), rgb=UNKNOWN, text='OR', units='height', win=Window(...), wrapWidth=1)
40.9839 	EXP 	Created lossTxt = TextStim(__class__=<class 'psychopy.visual.text.TextStim'>, alignHoriz=method-wrapper(...), alignText='center', alignVert=method-wrapper(...), anchorHoriz='center', anchorVert='center', antialias=True, autoDraw=False, autoLog=True, bold=False, color=array([0.5216, 0.5216, 0.5216]), colorSpace='rgb', contrast=1.0, depth=-5.0, flipHoriz=False, flipVert=False, font='Arial', fontFiles=[], height=0.1, italic=False, languageStyle='LTR', name='lossTxt', opacity=1.0, ori=0, pos=array([0., 0.]), rgb=UNKNOWN, text='', units='height', win=Window(...), wrapWidth=1)
40.9844 	EXP 	Created gainTxt = TextStim(__class__=<class 'psychopy.visual.text.TextStim'>, alignHoriz=method-wrapper(...), alignText='center', alignVert=method-wrapper(...), anchorHoriz='center', anchorVert='center', antialias=True, autoDraw=False, autoLog=True, bold=False, color=array([0.5216, 0.5216, 0.5216]), colorSpace='rgb', contrast=1.0, depth=-6.0, flipHoriz=False, flipVert=False, font='Arial', fontFiles=[], height=0.1, italic=False, languageStyle='LTR', name='gainTxt', opacity=1.0, ori=0, pos=array([0., 0.]), rgb=UNKNOWN, text='', units='height', win=Window(...), wrapWidth=1)
40.9849 	EXP 	Created safeTxt = TextStim(__class__=<class 'psychopy.visual.text.TextStim'>, alignHoriz=method-wrapper(...), alignText='center', alignVert=method-wrapper(...), anchorHoriz='center', anchorVert='center', antialias=True, autoDraw=False, autoLog=True, bold=False, color=array([0.5216, 0.5216, 0.5216]), colorSpace='rgb', contrast=1.0, depth=-7.0, flipHoriz=False, flipVert=False, font='Arial', fontFiles=[], height=0.1, italic=False, languageStyle='LTR', name='safeTxt', opacity=1.0, ori=0, pos=array([0., 0.]), rgb=UNKNOWN, text='', units='height', win=Window(...), wrapWidth=1)
40.9911 	EXP 	Created vLeft = TextStim(__class__=<class 'psychopy.visual.text.TextStim'>, alignHoriz=method-wrapper(...), alignText='center', alignVert=method-wrapper(...), anchorHoriz='center', anchorVert='center', antialias=True, autoDraw=False, autoLog=True, bold=False, color=array([-0.0667,  0.6392,  1.    ]), colorSpace='rgb', contrast=1.0, depth=-8.0, flipHoriz=False, flipVert=False, font='Arial', fontFiles=[], height=0.05, italic=False, languageStyle='LTR', name='vLeft', opacity=1.0, ori=0, pos=array([-0.4 , -0.35]), rgb=UNKNOWN, text='V-Left', units='height', win=Window(...), wrapWidth=1)
40.9956 	EXP 	Created nRight = TextStim(__class__=<class 'psychopy.visual.text.TextStim'>, alignHoriz=method-wrapper(...), alignText='center', alignVert=method-wrapper(...), anchorHoriz='center', anchorVert='center', antialias=True, autoDraw=False, autoLog=True, bold=False, color=array([-0.0667,  0.6392,  1.    ]), colorSpace='rgb', contrast=1.0, depth=-9.0, flipHoriz=False, flipVert=False, font='Arial', fontFiles=[], height=0.05, italic=False, languageStyle='LTR', name='nRight', opacity=1.0, ori=0, pos=array([ 0.4 , -0.35]), rgb=UNKNOWN, text='N-Right', units='height', win=Window(...), wrapWidth=1)
40.9983 	EXP 	Created isiText = TextStim(__class__=<class 'psychopy.visual.text.TextStim'>, alignHoriz=method-wrapper(...), alignText='center', alignVert=method-wrapper(...), anchorHoriz='center', anchorVert='center', antialias=True, autoDraw=False, autoLog=True, bold=False, color=array([-0.0667,  0.6392,  1.    ]), colorSpace='rgb', contrast=1.0, depth=0.0, flipHoriz=False, flipVert=False, font='Arial', fontFiles=[], height=0.05, italic=False, languageStyle='LTR', name='isiText', opacity=1.0, ori=0, pos=array([0., 0.]), rgb=UNKNOWN, text='+', units='height', win=Window(...), wrapWidth=1)
41.0060 	EXP 	Created noRespTxt = TextStim(__class__=<class 'psychopy.visual.text.TextStim'>, alignHoriz=method-wrapper(...), alignText='center', alignVert=method-wrapper(...), anchorHoriz='center', anchorVert='center', antialias=True, autoDraw=False, autoLog=True, bold=False, color=array([-0.0667,  0.6392,  1.    ]), colorSpace='rgb', contrast=1.0, depth=-1.0, flipHoriz=False, flipVert=False, font='Arial', fontFiles=[], height=0.05, italic=False, languageStyle='LTR', name='noRespTxt', opacity=1.0, ori=0, pos=array([0., 0.]), rgb=UNKNOWN, text='You did not respond in time\n', units='height', win=Window(...), wrapWidth=1)
41.0071 	EXP 	Created ocGamble = Rect(__class__=<class 'psychopy.visual.rect.Rect'>, anchor=('center', 'center'), autoDraw=False, autoLog=True, closeShape=True, color=method-wrapper(...), colorSpace='rgb', contrast=None, depth=-2.0, fillColor=array([-0.0667,  0.6392,  1.    ]), fillColorSpace='rgb', fillRGB=array([-0.0667,  0.6392,  1.    ]), interpolate=True, lineColor=array([-0.0667,  0.6392,  1.    ]), lineColorSpace='rgb', lineRGB=array([-0.0667,  0.6392,  1.    ]), lineWidth=1, name='ocGamble', opacity=1.0, ori=0.0, pos=array([0., 0.]), size=array([0.5, 0.5]), units='height', vertices=ndarray(...), win=Window(...))
41.0081 	EXP 	Created ocSafe = Rect(__class__=<class 'psychopy.visual.rect.Rect'>, anchor=('center', 'center'), autoDraw=False, autoLog=True, closeShape=True, color=method-wrapper(...), colorSpace='rgb', contrast=None, depth=-3.0, fillColor=array([-0.0667,  0.6392,  1.    ]), fillColorSpace='rgb', fillRGB=array([-0.0667,  0.6392,  1.    ]), interpolate=True, lineColor=array([-0.0667,  0.6392,  1.    ]), lineColorSpace='rgb', lineRGB=array([-0.0667,  0.6392,  1.    ]), lineWidth=1, name='ocSafe', opacity=1.0, ori=0.0, pos=array([0., 0.]), size=array([0.5, 0.5]), units='height', vertices=ndarray(...), win=Window(...))
41.0086 	EXP 	Created outcomeText = TextStim(__class__=<class 'psychopy.visual.text.TextStim'>, alignHoriz=method-wrapper(...), alignText='center', alignVert=method-wrapper(...), anchorHoriz='center', anchorVert='center', antialias=True, autoDraw=False, autoLog=True, bold=False, color=array([0.5216, 0.5216, 0.5216]), colorSpace='rgb', contrast=1.0, depth=-4.0, flipHoriz=False, flipVert=False, font='Arial', fontFiles=[], height=0.1, italic=False, languageStyle='LTR', name='outcomeText', opacity=1.0, ori=0, pos=array([0., 0.]), rgb=UNKNOWN, text='', units='height', win=Window(...), wrapWidth=1)
41.0097 	EXP 	Created hideGamble = Rect(__class__=<class 'psychopy.visual.rect.Rect'>, anchor=('center', 'center'), autoDraw=False, autoLog=True, closeShape=True, color=method-wrapper(...), colorSpace='rgb', contrast=None, depth=-5.0, fillColor=array([0.5216, 0.5216, 0.5216]), fillColorSpace='rgb', fillRGB=array([0.5216, 0.5216, 0.5216]), interpolate=True, lineColor=array([0.5216, 0.5216, 0.5216]), lineColorSpace='rgb', lineRGB=array([0.5216, 0.5216, 0.5216]), lineWidth=1, name='hideGamble', opacity=1.0, ori=0.0, pos=array([0., 0.]), size=array([0.6, 0.3]), units='height', vertices=ndarray(...), win=Window(...))
41.0115 	EXP 	Created itiText = TextStim(__class__=<class 'psychopy.visual.text.TextStim'>, alignHoriz=method-wrapper(...), alignText='center', alignVert=method-wrapper(...), anchorHoriz='center', anchorVert='center', antialias=True, autoDraw=False, autoLog=True, bold=False, color=array([-0.0667,  0.6392,  1.    ]), colorSpace='rgb', contrast=1.0, depth=0.0, flipHoriz=False, flipVert=False, font='Arial', fontFiles=[], height=0.05, italic=False, languageStyle='LTR', name='itiText', opacity=1.0, ori=0, pos=array([0., 0.]), rgb=UNKNOWN, text='+', units='height', win=Window(...), wrapWidth=1)
41.0233 	EXP 	Created postPracText = TextStim(__class__=<class 'psychopy.visual.text.TextStim'>, alignHoriz=method-wrapper(...), alignText='center', alignVert=method-wrapper(...), anchorHoriz='center', anchorVert='center', antialias=True, autoDraw=False, autoLog=True, bold=False, color=array([-0.0667,  0.6392,  1.    ]), colorSpace='rgb', contrast=1.0, depth=0.0, flipHoriz=False, flipVert=False, font='Arial', fontFiles=[], height=0.04, italic=False, languageStyle='LTR', name='postPracText', opacity=1.0, ori=0, pos=array([0., 0.]), rgb=UNKNOWN, text=str(...), units='height', win=Window(...), wrapWidth=1.6)
41.0244 	EXP 	Created circleLeftReal = Rect(__class__=<class 'psychopy.visual.rect.Rect'>, anchor=('center', 'center'), autoDraw=False, autoLog=True, closeShape=True, color=method-wrapper(...), colorSpace='rgb', contrast=None, depth=-1.0, fillColor=array([-0.0667,  0.6392,  1.    ]), fillColorSpace='rgb', fillRGB=array([-0.0667,  0.6392,  1.    ]), interpolate=True, lineColor=array([-0.0667,  0.6392,  1.    ]), lineColorSpace='rgb', lineRGB=array([-0.0667,  0.6392,  1.    ]), lineWidth=1, name='circleLeftReal', opacity=1.0, ori=0.0, pos=array([-0.4,  0. ]), size=array([0.5, 0.5]), units='height', vertices=ndarray(...), win=Window(...))
41.0255 	EXP 	Created circleRightReal = Rect(__class__=<class 'psychopy.visual.rect.Rect'>, anchor=('center', 'center'), autoDraw=False, autoLog=True, closeShape=True, color=method-wrapper(...), colorSpace='rgb', contrast=None, depth=-2.0, fillColor=array([-0.0667,  0.6392,  1.    ]), fillColorSpace='rgb', fillRGB=array([-0.0667,  0.6392,  1.    ]), interpolate=True, lineColor=array([-0.0667,  0.6392,  1.    ]), lineColorSpace='rgb', lineRGB=array([-0.0667,  0.6392,  1.    ]), lineWidth=1, name='circleRightReal', opacity=1.0, ori=0.0, pos=array([0.4, 0. ]), size=array([0.5, 0.5]), units='height', vertices=ndarray(...), win=Window(...))
41.0265 	EXP 	Created lineLeftReal = Rect(__class__=<class 'psychopy.visual.rect.Rect'>, anchor=('center', 'center'), autoDraw=False, autoLog=True, closeShape=True, color=method-wrapper(...), colorSpace='rgb', contrast=None, depth=-3.0, fillColor=array([0.5216, 0.5216, 0.5216]), fillColorSpace='rgb', fillRGB=array([0.5216, 0.5216, 0.5216]), interpolate=True, lineColor=array([0.5216, 0.5216, 0.5216]), lineColorSpace='rgb', lineRGB=array([0.5216, 0.5216, 0.5216]), lineWidth=3, name='lineLeftReal', opacity=1.0, ori=0.0, pos=array([0., 0.]), size=array([0.5 , 0.01]), units='height', vertices=ndarray(...), win=Window(...))
41.0294 	EXP 	Created orTextReal = TextStim(__class__=<class 'psychopy.visual.text.TextStim'>, alignHoriz=method-wrapper(...), alignText='center', alignVert=method-wrapper(...), anchorHoriz='center', anchorVert='center', antialias=True, autoDraw=False, autoLog=True, bold=False, color=array([-0.0667,  0.6392,  1.    ]), colorSpace='rgb', contrast=1.0, depth=-4.0, flipHoriz=False, flipVert=False, font='Arial', fontFiles=[], height=0.05, italic=False, languageStyle='LTR', name='orTextReal', opacity=1.0, ori=0, pos=array([0., 0.]), rgb=UNKNOWN, text='OR', units='height', win=Window(...), wrapWidth=1)
41.0299 	EXP 	Created lossTxtReal = TextStim(__class__=<class 'psychopy.visual.text.TextStim'>, alignHoriz=method-wrapper(...), alignText='center', alignVert=method-wrapper(...), anchorHoriz='center', anchorVert='center', antialias=True, autoDraw=False, autoLog=True, bold=False, color=array([0.5216, 0.5216, 0.5216]), colorSpace='rgb', contrast=1.0, depth=-5.0, flipHoriz=False, flipVert=False, font='Arial', fontFiles=[], height=0.1, italic=False, languageStyle='LTR', name='lossTxtReal', opacity=1.0, ori=0, pos=array([0., 0.]), rgb=UNKNOWN, text='', units='height', win=Window(...), wrapWidth=1)
41.0304 	EXP 	Created gainTxtReal = TextStim(__class__=<class 'psychopy.visual.text.TextStim'>, alignHoriz=method-wrapper(...), alignText='center', alignVert=method-wrapper(...), anchorHoriz='center', anchorVert='center', antialias=True, autoDraw=False, autoLog=True, bold=False, color=array([0.5216, 0.5216, 0.5216]), colorSpace='rgb', contrast=1.0, depth=-6.0, flipHoriz=False, flipVert=False, font='Arial', fontFiles=[], height=0.1, italic=False, languageStyle='LTR', name='gainTxtReal', opacity=1.0, ori=0, pos=array([0., 0.]), rgb=UNKNOWN, text='', units='height', win=Window(...), wrapWidth=1)
41.0309 	EXP 	Created safeTxtReal = TextStim(__class__=<class 'psychopy.visual.text.TextStim'>, alignHoriz=method-wrapper(...), alignText='center', alignVert=method-wrapper(...), anchorHoriz='center', anchorVert='center', antialias=True, autoDraw=False, autoLog=True, bold=False, color=array([0.5216, 0.5216, 0.5216]), colorSpace='rgb', contrast=1.0, depth=-7.0, flipHoriz=False, flipVert=False, font='Arial', fontFiles=[], height=0.1, italic=False, languageStyle='LTR', name='safeTxtReal', opacity=1.0, ori=0, pos=array([0., 0.]), rgb=UNKNOWN, text='', units='height', win=Window(...), wrapWidth=1)
41.0332 	EXP 	Created vLeftReal = TextStim(__class__=<class 'psychopy.visual.text.TextStim'>, alignHoriz=method-wrapper(...), alignText='center', alignVert=method-wrapper(...), anchorHoriz='center', anchorVert='center', antialias=True, autoDraw=False, autoLog=True, bold=False, color=array([-0.0667,  0.6392,  1.    ]), colorSpace='rgb', contrast=1.0, depth=-8.0, flipHoriz=False, flipVert=False, font='Arial', fontFiles=[], height=0.05, italic=False, languageStyle='LTR', name='vLeftReal', opacity=1.0, ori=0, pos=array([-0.4 , -0.35]), rgb=UNKNOWN, text='V-Left', units='height', win=Window(...), wrapWidth=1)
41.0355 	EXP 	Created nRightReal = TextStim(__class__=<class 'psychopy.visual.text.TextStim'>, alignHoriz=method-wrapper(...), alignText='center', alignVert=method-wrapper(...), anchorHoriz='center', anchorVert='center', antialias=True, autoDraw=False, autoLog=True, bold=False, color=array([-0.0667,  0.6392,  1.    ]), colorSpace='rgb', contrast=1.0, depth=-9.0, flipHoriz=False, flipVert=False, font='Arial', fontFiles=[], height=0.05, italic=False, languageStyle='LTR', name='nRightReal', opacity=1.0, ori=0, pos=array([ 0.4 , -0.35]), rgb=UNKNOWN, text='N-Right', units='height', win=Window(...), wrapWidth=1)
41.0374 	EXP 	Created isiTextReal = TextStim(__class__=<class 'psychopy.visual.text.TextStim'>, alignHoriz=method-wrapper(...), alignText='center', alignVert=method-wrapper(...), anchorHoriz='center', anchorVert='center', antialias=True, autoDraw=False, autoLog=True, bold=False, color=array([-0.0667,  0.6392,  1.    ]), colorSpace='rgb', contrast=1.0, depth=0.0, flipHoriz=False, flipVert=False, font='Arial', fontFiles=[], height=0.05, italic=False, languageStyle='LTR', name='isiTextReal', opacity=1.0, ori=0, pos=array([0., 0.]), rgb=UNKNOWN, text='+', units='height', win=Window(...), wrapWidth=1)
41.0666 	EXP 	Created noRespTxtReal = TextStim(__class__=<class 'psychopy.visual.text.TextStim'>, alignHoriz=method-wrapper(...), alignText='center', alignVert=method-wrapper(...), anchorHoriz='center', anchorVert='center', antialias=True, autoDraw=False, autoLog=True, bold=False, color=array([-0.0667,  0.6392,  1.    ]), colorSpace='rgb', contrast=1.0, depth=-1.0, flipHoriz=False, flipVert=False, font='Arial', fontFiles=[], height=0.08, italic=False, languageStyle='LTR', name='noRespTxtReal', opacity=1.0, ori=0, pos=array([0., 0.]), rgb=UNKNOWN, text='You did not respond in time\n', units='height', win=Window(...), wrapWidth=1)
41.0685 	EXP 	Created ocGambleReal = Rect(__class__=<class 'psychopy.visual.rect.Rect'>, anchor=('center', 'center'), autoDraw=False, autoLog=True, closeShape=True, color=method-wrapper(...), colorSpace='rgb', contrast=None, depth=-2.0, fillColor=array([-0.0667,  0.6392,  1.    ]), fillColorSpace='rgb', fillRGB=array([-0.0667,  0.6392,  1.    ]), interpolate=True, lineColor=array([-0.0667,  0.6392,  1.    ]), lineColorSpace='rgb', lineRGB=array([-0.0667,  0.6392,  1.    ]), lineWidth=1, name='ocGambleReal', opacity=1.0, ori=0.0, pos=array([0., 0.]), size=array([0.5, 0.5]), units='height', vertices=ndarray(...), win=Window(...))
41.0696 	EXP 	Created ocSafeReal = Rect(__class__=<class 'psychopy.visual.rect.Rect'>, anchor=('center', 'center'), autoDraw=False, autoLog=True, closeShape=True, color=method-wrapper(...), colorSpace='rgb', contrast=None, depth=-3.0, fillColor=array([-0.0667,  0.6392,  1.    ]), fillColorSpace='rgb', fillRGB=array([-0.0667,  0.6392,  1.    ]), interpolate=True, lineColor=array([-0.0667,  0.6392,  1.    ]), lineColorSpace='rgb', lineRGB=array([-0.0667,  0.6392,  1.    ]), lineWidth=1, name='ocSafeReal', opacity=1.0, ori=0.0, pos=array([0., 0.]), size=array([0.5, 0.5]), units='height', vertices=ndarray(...), win=Window(...))
41.0701 	EXP 	Created outcomeTextReal = TextStim(__class__=<class 'psychopy.visual.text.TextStim'>, alignHoriz=method-wrapper(...), alignText='center', alignVert=method-wrapper(...), anchorHoriz='center', anchorVert='center', antialias=True, autoDraw=False, autoLog=True, bold=False, color=array([0.5216, 0.5216, 0.5216]), colorSpace='rgb', contrast=1.0, depth=-4.0, flipHoriz=False, flipVert=False, font='Arial', fontFiles=[], height=0.1, italic=False, languageStyle='LTR', name='outcomeTextReal', opacity=1.0, ori=0, pos=array([0., 0.]), rgb=UNKNOWN, text='', units='height', win=Window(...), wrapWidth=1)
41.0712 	EXP 	Created hideGambleReal = Rect(__class__=<class 'psychopy.visual.rect.Rect'>, anchor=('center', 'center'), autoDraw=False, autoLog=True, closeShape=True, color=method-wrapper(...), colorSpace='rgb', contrast=None, depth=-5.0, fillColor=array([0.5216, 0.5216, 0.5216]), fillColorSpace='rgb', fillRGB=array([0.5216, 0.5216, 0.5216]), interpolate=True, lineColor=array([0.5216, 0.5216, 0.5216]), lineColorSpace='rgb', lineRGB=array([0.5216, 0.5216, 0.5216]), lineWidth=1, name='hideGambleReal', opacity=1.0, ori=0.0, pos=array([0., 0.]), size=array([0.6, 0.3]), units='height', vertices=ndarray(...), win=Window(...))
41.0745 	EXP 	Created itiTextReal = TextStim(__class__=<class 'psychopy.visual.text.TextStim'>, alignHoriz=method-wrapper(...), alignText='center', alignVert=method-wrapper(...), anchorHoriz='center', anchorVert='center', antialias=True, autoDraw=False, autoLog=True, bold=False, color=array([-0.0667,  0.6392,  1.    ]), colorSpace='rgb', contrast=1.0, depth=0.0, flipHoriz=False, flipVert=False, font='Arial', fontFiles=[], height=0.05, italic=False, languageStyle='LTR', name='itiTextReal', opacity=1.0, ori=0, pos=array([0., 0.]), rgb=UNKNOWN, text='+', units='height', win=Window(...), wrapWidth=1)
41.0881 	EXP 	Created settingUpForPart2 = TextStim(__class__=<class 'psychopy.visual.text.TextStim'>, alignHoriz=method-wrapper(...), alignText='center', alignVert=method-wrapper(...), anchorHoriz='center', anchorVert='center', antialias=True, autoDraw=False, autoLog=True, bold=False, color=array([-0.0667,  0.6392,  1.    ]), colorSpace='rgb', contrast=1.0, depth=-4.0, flipHoriz=False, flipVert=False, font='Arial', fontFiles=[], height=0.04, italic=False, languageStyle='LTR', name='settingUpForPart2', opacity=1.0, ori=0.0, pos=array([0., 0.]), rgb=UNKNOWN, text=str(...), units='height', win=Window(...), wrapWidth=1.6)
41.0900 	EXP 	Created text = TextStim(__class__=<class 'psychopy.visual.text.TextStim'>, alignHoriz=method-wrapper(...), alignText='center', alignVert=method-wrapper(...), anchorHoriz='center', anchorVert='center', antialias=True, autoDraw=False, autoLog=True, bold=False, color=array([-0.0667,  0.6392,  1.    ]), colorSpace='rgb', contrast=1.0, depth=0.0, flipHoriz=False, flipVert=False, font='Open Sans', fontFiles=[], height=0.05, italic=False, languageStyle='LTR', name='text', opacity=1.0, ori=0.0, pos=array([0., 0.]), rgb=UNKNOWN, text='', units='height', win=Window(...), wrapWidth=1)
41.0999 	EXP 	Created moveToRDMpart2 = TextStim(__class__=<class 'psychopy.visual.text.TextStim'>, alignHoriz=method-wrapper(...), alignText='center', alignVert=method-wrapper(...), anchorHoriz='center', anchorVert='center', antialias=True, autoDraw=False, autoLog=True, bold=False, color=array([-0.0667,  0.6392,  1.    ]), colorSpace='rgb', contrast=1.0, depth=0.0, flipHoriz=False, flipVert=False, font='Arial', fontFiles=[], height=0.04, italic=False, languageStyle='LTR', name='moveToRDMpart2', opacity=1.0, ori=0.0, pos=array([0., 0.]), rgb=UNKNOWN, text=str(...), units='height', win=Window(...), wrapWidth=1.6)
41.1010 	EXP 	Created circleLeftReal = Rect(__class__=<class 'psychopy.visual.rect.Rect'>, anchor=('center', 'center'), autoDraw=False, autoLog=True, closeShape=True, color=method-wrapper(...), colorSpace='rgb', contrast=None, depth=-1.0, fillColor=array([-0.0667,  0.6392,  1.    ]), fillColorSpace='rgb', fillRGB=array([-0.0667,  0.6392,  1.    ]), interpolate=True, lineColor=array([-0.0667,  0.6392,  1.    ]), lineColorSpace='rgb', lineRGB=array([-0.0667,  0.6392,  1.    ]), lineWidth=1, name='circleLeftReal', opacity=1.0, ori=0.0, pos=array([-0.4,  0. ]), size=array([0.5, 0.5]), units='height', vertices=ndarray(...), win=Window(...))
41.1021 	EXP 	Created circleRightReal = Rect(__class__=<class 'psychopy.visual.rect.Rect'>, anchor=('center', 'center'), autoDraw=False, autoLog=True, closeShape=True, color=method-wrapper(...), colorSpace='rgb', contrast=None, depth=-2.0, fillColor=array([-0.0667,  0.6392,  1.    ]), fillColorSpace='rgb', fillRGB=array([-0.0667,  0.6392,  1.    ]), interpolate=True, lineColor=array([-0.0667,  0.6392,  1.    ]), lineColorSpace='rgb', lineRGB=array([-0.0667,  0.6392,  1.    ]), lineWidth=1, name='circleRightReal', opacity=1.0, ori=0.0, pos=array([0.4, 0. ]), size=array([0.5, 0.5]), units='height', vertices=ndarray(...), win=Window(...))
41.1032 	EXP 	Created lineLeftReal = Rect(__class__=<class 'psychopy.visual.rect.Rect'>, anchor=('center', 'center'), autoDraw=False, autoLog=True, closeShape=True, color=method-wrapper(...), colorSpace='rgb', contrast=None, depth=-3.0, fillColor=array([0.5216, 0.5216, 0.5216]), fillColorSpace='rgb', fillRGB=array([0.5216, 0.5216, 0.5216]), interpolate=True, lineColor=array([0.5216, 0.5216, 0.5216]), lineColorSpace='rgb', lineRGB=array([0.5216, 0.5216, 0.5216]), lineWidth=3, name='lineLeftReal', opacity=1.0, ori=0.0, pos=array([0., 0.]), size=array([0.5 , 0.01]), units='height', vertices=ndarray(...), win=Window(...))
41.1062 	EXP 	Created orTextReal = TextStim(__class__=<class 'psychopy.visual.text.TextStim'>, alignHoriz=method-wrapper(...), alignText='center', alignVert=method-wrapper(...), anchorHoriz='center', anchorVert='center', antialias=True, autoDraw=False, autoLog=True, bold=False, color=array([-0.0667,  0.6392,  1.    ]), colorSpace='rgb', contrast=1.0, depth=-4.0, flipHoriz=False, flipVert=False, font='Arial', fontFiles=[], height=0.05, italic=False, languageStyle='LTR', name='orTextReal', opacity=1.0, ori=0, pos=array([0., 0.]), rgb=UNKNOWN, text='OR', units='height', win=Window(...), wrapWidth=1)
41.1067 	EXP 	Created lossTxtReal = TextStim(__class__=<class 'psychopy.visual.text.TextStim'>, alignHoriz=method-wrapper(...), alignText='center', alignVert=method-wrapper(...), anchorHoriz='center', anchorVert='center', antialias=True, autoDraw=False, autoLog=True, bold=False, color=array([-0.0667,  0.6392,  1.    ]), colorSpace='rgb', contrast=1.0, depth=-5.0, flipHoriz=False, flipVert=False, font='Arial', fontFiles=[], height=0.1, italic=False, languageStyle='LTR', name='lossTxtReal', opacity=1.0, ori=0, pos=array([0., 0.]), rgb=UNKNOWN, text='', units='height', win=Window(...), wrapWidth=1)
41.1073 	EXP 	Created gainTxtReal = TextStim(__class__=<class 'psychopy.visual.text.TextStim'>, alignHoriz=method-wrapper(...), alignText='center', alignVert=method-wrapper(...), anchorHoriz='center', anchorVert='center', antialias=True, autoDraw=False, autoLog=True, bold=False, color=array([-0.0667,  0.6392,  1.    ]), colorSpace='rgb', contrast=1.0, depth=-6.0, flipHoriz=False, flipVert=False, font='Arial', fontFiles=[], height=0.1, italic=False, languageStyle='LTR', name='gainTxtReal', opacity=1.0, ori=0, pos=array([0., 0.]), rgb=UNKNOWN, text='', units='height', win=Window(...), wrapWidth=1)
41.1078 	EXP 	Created safeTxtReal = TextStim(__class__=<class 'psychopy.visual.text.TextStim'>, alignHoriz=method-wrapper(...), alignText='center', alignVert=method-wrapper(...), anchorHoriz='center', anchorVert='center', antialias=True, autoDraw=False, autoLog=True, bold=False, color=array([-0.0667,  0.6392,  1.    ]), colorSpace='rgb', contrast=1.0, depth=-7.0, flipHoriz=False, flipVert=False, font='Arial', fontFiles=[], height=0.1, italic=False, languageStyle='LTR', name='safeTxtReal', opacity=1.0, ori=0, pos=array([0., 0.]), rgb=UNKNOWN, text='', units='height', win=Window(...), wrapWidth=1)
41.1119 	EXP 	Created vLeftReal = TextStim(__class__=<class 'psychopy.visual.text.TextStim'>, alignHoriz=method-wrapper(...), alignText='center', alignVert=method-wrapper(...), anchorHoriz='center', anchorVert='center', antialias=True, autoDraw=False, autoLog=True, bold=False, color=array([-0.0667,  0.6392,  1.    ]), colorSpace='rgb', contrast=1.0, depth=-8.0, flipHoriz=False, flipVert=False, font='Arial', fontFiles=[], height=0.05, italic=False, languageStyle='LTR', name='vLeftReal', opacity=1.0, ori=0, pos=array([-0.4 , -0.35]), rgb=UNKNOWN, text='V-Left', units='height', win=Window(...), wrapWidth=1)
41.1154 	EXP 	Created nRightReal = TextStim(__class__=<class 'psychopy.visual.text.TextStim'>, alignHoriz=method-wrapper(...), alignText='center', alignVert=method-wrapper(...), anchorHoriz='center', anchorVert='center', antialias=True, autoDraw=False, autoLog=True, bold=False, color=array([-0.0667,  0.6392,  1.    ]), colorSpace='rgb', contrast=1.0, depth=-9.0, flipHoriz=False, flipVert=False, font='Arial', fontFiles=[], height=0.05, italic=False, languageStyle='LTR', name='nRightReal', opacity=1.0, ori=0, pos=array([ 0.4 , -0.35]), rgb=UNKNOWN, text='N-Right', units='height', win=Window(...), wrapWidth=1)
41.1174 	EXP 	Created isiTextReal = TextStim(__class__=<class 'psychopy.visual.text.TextStim'>, alignHoriz=method-wrapper(...), alignText='center', alignVert=method-wrapper(...), anchorHoriz='center', anchorVert='center', antialias=True, autoDraw=False, autoLog=True, bold=False, color=array([-0.0667,  0.6392,  1.    ]), colorSpace='rgb', contrast=1.0, depth=0.0, flipHoriz=False, flipVert=False, font='Arial', fontFiles=[], height=0.05, italic=False, languageStyle='LTR', name='isiTextReal', opacity=1.0, ori=0, pos=array([0., 0.]), rgb=UNKNOWN, text='+', units='height', win=Window(...), wrapWidth=1)
41.1260 	EXP 	Created noRespTxtReal = TextStim(__class__=<class 'psychopy.visual.text.TextStim'>, alignHoriz=method-wrapper(...), alignText='center', alignVert=method-wrapper(...), anchorHoriz='center', anchorVert='center', antialias=True, autoDraw=False, autoLog=True, bold=False, color=array([-0.0667,  0.6392,  1.    ]), colorSpace='rgb', contrast=1.0, depth=-1.0, flipHoriz=False, flipVert=False, font='Arial', fontFiles=[], height=0.08, italic=False, languageStyle='LTR', name='noRespTxtReal', opacity=1.0, ori=0, pos=array([0., 0.]), rgb=UNKNOWN, text='You did not respond in time\n', units='height', win=Window(...), wrapWidth=1)
41.1365 	EXP 	Created ocGambleReal = Rect(__class__=<class 'psychopy.visual.rect.Rect'>, anchor=('center', 'center'), autoDraw=False, autoLog=True, closeShape=True, color=method-wrapper(...), colorSpace='rgb', contrast=None, depth=-2.0, fillColor=array([-0.0667,  0.6392,  1.    ]), fillColorSpace='rgb', fillRGB=array([-0.0667,  0.6392,  1.    ]), interpolate=True, lineColor=array([-0.0667,  0.6392,  1.    ]), lineColorSpace='rgb', lineRGB=array([-0.0667,  0.6392,  1.    ]), lineWidth=1, name='ocGambleReal', opacity=1.0, ori=0.0, pos=array([0., 0.]), size=array([0.5, 0.5]), units='height', vertices=ndarray(...), win=Window(...))
41.1377 	EXP 	Created ocSafeReal = Rect(__class__=<class 'psychopy.visual.rect.Rect'>, anchor=('center', 'center'), autoDraw=False, autoLog=True, closeShape=True, color=method-wrapper(...), colorSpace='rgb', contrast=None, depth=-3.0, fillColor=array([-0.0667,  0.6392,  1.    ]), fillColorSpace='rgb', fillRGB=array([-0.0667,  0.6392,  1.    ]), interpolate=True, lineColor=array([-0.0667,  0.6392,  1.    ]), lineColorSpace='rgb', lineRGB=array([-0.0667,  0.6392,  1.    ]), lineWidth=1, name='ocSafeReal', opacity=1.0, ori=0.0, pos=array([0., 0.]), size=array([0.5, 0.5]), units='height', vertices=ndarray(...), win=Window(...))
41.1382 	EXP 	Created outcomeTextReal = TextStim(__class__=<class 'psychopy.visual.text.TextStim'>, alignHoriz=method-wrapper(...), alignText='center', alignVert=method-wrapper(...), anchorHoriz='center', anchorVert='center', antialias=True, autoDraw=False, autoLog=True, bold=False, color=array([0.5216, 0.5216, 0.5216]), colorSpace='rgb', contrast=1.0, depth=-4.0, flipHoriz=False, flipVert=False, font='Arial', fontFiles=[], height=0.1, italic=False, languageStyle='LTR', name='outcomeTextReal', opacity=1.0, ori=0, pos=array([0., 0.]), rgb=UNKNOWN, text='', units='height', win=Window(...), wrapWidth=1)
41.1394 	EXP 	Created hideGambleReal = Rect(__class__=<class 'psychopy.visual.rect.Rect'>, anchor=('center', 'center'), autoDraw=False, autoLog=True, closeShape=True, color=method-wrapper(...), colorSpace='rgb', contrast=None, depth=-5.0, fillColor=array([0.5216, 0.5216, 0.5216]), fillColorSpace='rgb', fillRGB=array([0.5216, 0.5216, 0.5216]), interpolate=True, lineColor=array([0.5216, 0.5216, 0.5216]), lineColorSpace='rgb', lineRGB=array([0.5216, 0.5216, 0.5216]), lineWidth=1, name='hideGambleReal', opacity=1.0, ori=0.0, pos=array([0., 0.]), size=array([0.6, 0.3]), units='height', vertices=ndarray(...), win=Window(...))
41.1424 	EXP 	Created itiTextReal = TextStim(__class__=<class 'psychopy.visual.text.TextStim'>, alignHoriz=method-wrapper(...), alignText='center', alignVert=method-wrapper(...), anchorHoriz='center', anchorVert='center', antialias=True, autoDraw=False, autoLog=True, bold=False, color=array([-0.0667,  0.6392,  1.    ]), colorSpace='rgb', contrast=1.0, depth=0.0, flipHoriz=False, flipVert=False, font='Arial', fontFiles=[], height=0.05, italic=False, languageStyle='LTR', name='itiTextReal', opacity=1.0, ori=0, pos=array([0., 0.]), rgb=UNKNOWN, text='+', units='height', win=Window(...), wrapWidth=1)
41.1619 	EXP 	Created breaktxt = TextStim(__class__=<class 'psychopy.visual.text.TextStim'>, alignHoriz=method-wrapper(...), alignText='center', alignVert=method-wrapper(...), anchorHoriz='center', anchorVert='center', antialias=True, autoDraw=False, autoLog=True, bold=False, color=array([-0.0667,  0.6392,  1.    ]), colorSpace='rgb', contrast=1.0, depth=0.0, flipHoriz=False, flipVert=False, font='Arial', fontFiles=[], height=0.04, italic=False, languageStyle='LTR', name='breaktxt', opacity=1.0, ori=0.0, pos=array([0., 0.]), rgb=UNKNOWN, text=str(...), units='height', win=Window(...), wrapWidth=1.6)
41.1692 	EXP 	Created ThankYou = TextStim(__class__=<class 'psychopy.visual.text.TextStim'>, alignHoriz=method-wrapper(...), alignText='center', alignVert=method-wrapper(...), anchorHoriz='center', anchorVert='center', antialias=True, autoDraw=False, autoLog=True, bold=False, color=array([-0.0667,  0.6392,  1.    ]), colorSpace='rgb', contrast=1.0, depth=0.0, flipHoriz=False, flipVert=False, font='Arial', fontFiles=[], height=0.04, italic=False, languageStyle='LTR', name='ThankYou', opacity=1.0, ori=0.0, pos=array([0., 0.]), rgb=UNKNOWN, text=str(...), units='height', win=Window(...), wrapWidth=1.6)
41.1760 	EXP 	Instructions: autoDraw = True
45.3313 	DATA 	Keypress: lctrl
45.4904 	DATA 	Keypress: lalt
45.8346 	DATA 	Keypress: delete
51.6389 	DATA 	Mouse: Left button down, pos=(937,295)
51.7692 	DATA 	Mouse:  Left button up, pos=(937,295)
52.3707 	DATA 	Keypress: return
52.3846 	EXP 	Instructions: autoDraw = False
52.3846 	EXP 	startPract: autoDraw = True
53.3696 	DATA 	Mouse: Left button down, pos=(937,295)
53.4862 	DATA 	Mouse:  Left button up, pos=(937,295)
54.3039 	DATA 	Keypress: v
55.6422 	DATA 	Mouse: Left button down, pos=(937,295)
55.7379 	DATA 	Mouse:  Left button up, pos=(937,295)
56.3017 	EXP 	Imported cgtRDMPractice.xlsx as conditions, 4 conditions, 6 params
56.3028 	EXP 	Created sequence: sequential, trialTypes=4, nReps=1, seed=None
56.3031 	EXP 	New trial (rep=0, index=0): {'riskyGain': 18.23, 'riskyLoss': 0, 'alternative': 9.45, 'isi': 2, 'iti': 1, 'loc': 1}
56.3248 	DATA 	Keypress: v
56.3312 	EXP 	startPract: autoDraw = False
56.3312 	EXP 	lossTxt: height = 0.1
56.3312 	EXP 	lossTxt: height = 0.1
56.3312 	EXP 	lossTxt: height = 0.1
56.3312 	EXP 	lossTxt: text = '$0'
56.3312 	EXP 	gainTxt: height = 0.1
56.3312 	EXP 	gainTxt: height = 0.1
56.3312 	EXP 	gainTxt: height = 0.1
56.3312 	EXP 	gainTxt: text = '$18.23'
56.3312 	EXP 	safeTxt: height = 0.1
56.3312 	EXP 	safeTxt: height = 0.1
56.3312 	EXP 	safeTxt: height = 0.1
56.3312 	EXP 	safeTxt: text = '$9.45'
56.3312 	EXP 	circleLeft: autoDraw = True
56.3312 	EXP 	circleRight: autoDraw = True
56.3312 	EXP 	lineLeft: autoDraw = True
56.3312 	EXP 	orText: autoDraw = True
56.3312 	EXP 	lossTxt: autoDraw = True
56.3312 	EXP 	gainTxt: autoDraw = True
56.3312 	EXP 	safeTxt: autoDraw = True
57.4741 	DATA 	Keypress: v
58.2876 	EXP 	vLeft: autoDraw = True
58.2876 	EXP 	nRight: autoDraw = True
59.1479 	DATA 	Keypress: v
59.1559 	EXP 	circleLeft: autoDraw = False
59.1559 	EXP 	circleRight: autoDraw = False
59.1559 	EXP 	lineLeft: autoDraw = False
59.1559 	EXP 	orText: autoDraw = False
59.1559 	EXP 	lossTxt: autoDraw = False
59.1559 	EXP 	gainTxt: autoDraw = False
59.1559 	EXP 	safeTxt: autoDraw = False
59.1559 	EXP 	vLeft: autoDraw = False
59.1559 	EXP 	nRight: autoDraw = False
59.1559 	EXP 	isiText: autoDraw = True
61.1835 	EXP 	isiText: autoDraw = False
61.1835 	EXP 	isiText: autoDraw = False
61.1835 	EXP 	outcomeText: height = 0.1
61.1835 	EXP 	outcomeText: height = 0.1
61.1835 	EXP 	outcomeText: height = 0.1
61.1835 	EXP 	outcomeText: text = '$18.23'
61.1835 	EXP 	noRespTxt: autoDraw = True
61.1835 	EXP 	ocGamble: autoDraw = True
61.1835 	EXP 	ocSafe: autoDraw = True
61.1835 	EXP 	outcomeText: autoDraw = True
61.1835 	EXP 	hideGamble: autoDraw = True
62.1910 	EXP 	noRespTxt: autoDraw = False
62.1910 	EXP 	ocGamble: autoDraw = False
62.1910 	EXP 	ocSafe: autoDraw = False
62.1910 	EXP 	outcomeText: autoDraw = False
62.1910 	EXP 	hideGamble: autoDraw = False
62.1910 	EXP 	itiText: autoDraw = True
63.1911 	EXP 	New trial (rep=0, index=1): {'riskyGain': 53.27, 'riskyLoss': 0, 'alternative': 35.16, 'isi': 1, 'iti': 3, 'loc': 1}
63.2156 	EXP 	itiText: autoDraw = False
63.2156 	EXP 	itiText: autoDraw = False
63.2156 	EXP 	lossTxt: text = '$0'
63.2156 	EXP 	gainTxt: height = 0.1
63.2156 	EXP 	gainTxt: height = 0.1
63.2156 	EXP 	gainTxt: height = 0.1
63.2156 	EXP 	gainTxt: text = '$53.27'
63.2156 	EXP 	safeTxt: height = 0.1
63.2156 	EXP 	safeTxt: height = 0.1
63.2156 	EXP 	safeTxt: height = 0.1
63.2156 	EXP 	safeTxt: text = '$35.16'
63.2156 	EXP 	circleLeft: autoDraw = True
63.2156 	EXP 	circleRight: autoDraw = True
63.2156 	EXP 	lineLeft: autoDraw = True
63.2156 	EXP 	orText: autoDraw = True
63.2156 	EXP 	lossTxt: autoDraw = True
63.2156 	EXP 	gainTxt: autoDraw = True
63.2156 	EXP 	safeTxt: autoDraw = True
65.2122 	EXP 	vLeft: autoDraw = True
65.2122 	EXP 	nRight: autoDraw = True
65.9681 	DATA 	Keypress: v
65.9770 	EXP 	circleLeft: autoDraw = False
65.9770 	EXP 	circleRight: autoDraw = False
65.9770 	EXP 	lineLeft: autoDraw = False
65.9770 	EXP 	orText: autoDraw = False
65.9770 	EXP 	lossTxt: autoDraw = False
65.9770 	EXP 	gainTxt: autoDraw = False
65.9770 	EXP 	safeTxt: autoDraw = False
65.9770 	EXP 	vLeft: autoDraw = False
65.9770 	EXP 	nRight: autoDraw = False
65.9770 	EXP 	isiText: autoDraw = True
67.0039 	EXP 	isiText: autoDraw = False
67.0039 	EXP 	isiText: autoDraw = False
67.0039 	EXP 	outcomeText: height = 0.1
67.0039 	EXP 	outcomeText: height = 0.1
67.0039 	EXP 	outcomeText: height = 0.1
67.0039 	EXP 	outcomeText: text = '$53.27'
67.0039 	EXP 	noRespTxt: autoDraw = True
67.0039 	EXP 	ocGamble: autoDraw = True
67.0039 	EXP 	ocSafe: autoDraw = True
67.0039 	EXP 	outcomeText: autoDraw = True
67.0039 	EXP 	hideGamble: autoDraw = True
68.0095 	EXP 	noRespTxt: autoDraw = False
68.0095 	EXP 	ocGamble: autoDraw = False
68.0095 	EXP 	ocSafe: autoDraw = False
68.0095 	EXP 	outcomeText: autoDraw = False
68.0095 	EXP 	hideGamble: autoDraw = False
68.0095 	EXP 	itiText: autoDraw = True
71.0143 	EXP 	New trial (rep=0, index=2): {'riskyGain': 8.27, 'riskyLoss': 0, 'alternative': 1.15, 'isi': 1, 'iti': 2, 'loc': 2}
71.0491 	EXP 	itiText: autoDraw = False
71.0491 	EXP 	itiText: autoDraw = False
71.0491 	EXP 	lossTxt: text = '$0'
71.0491 	EXP 	gainTxt: height = 0.1
71.0491 	EXP 	gainTxt: height = 0.1
71.0491 	EXP 	gainTxt: height = 0.1
71.0491 	EXP 	gainTxt: text = '$8.27'
71.0491 	EXP 	safeTxt: height = 0.1
71.0491 	EXP 	safeTxt: height = 0.1
71.0491 	EXP 	safeTxt: height = 0.1
71.0491 	EXP 	safeTxt: text = '$1.15'
71.0491 	EXP 	circleLeft: autoDraw = True
71.0491 	EXP 	circleRight: autoDraw = True
71.0491 	EXP 	lineLeft: autoDraw = True
71.0491 	EXP 	orText: autoDraw = True
71.0491 	EXP 	lossTxt: autoDraw = True
71.0491 	EXP 	gainTxt: autoDraw = True
71.0491 	EXP 	safeTxt: autoDraw = True
73.0313 	EXP 	vLeft: autoDraw = True
73.0313 	EXP 	nRight: autoDraw = True
73.6333 	DATA 	Keypress: n
73.6466 	EXP 	circleLeft: autoDraw = False
73.6466 	EXP 	circleRight: autoDraw = False
73.6466 	EXP 	lineLeft: autoDraw = False
73.6466 	EXP 	orText: autoDraw = False
73.6466 	EXP 	lossTxt: autoDraw = False
73.6466 	EXP 	gainTxt: autoDraw = False
73.6466 	EXP 	safeTxt: autoDraw = False
73.6466 	EXP 	vLeft: autoDraw = False
73.6466 	EXP 	nRight: autoDraw = False
73.6466 	EXP 	isiText: autoDraw = True
74.6737 	EXP 	isiText: autoDraw = False
74.6737 	EXP 	isiText: autoDraw = False
74.6737 	EXP 	outcomeText: height = 0.1
74.6737 	EXP 	outcomeText: height = 0.1
74.6737 	EXP 	outcomeText: height = 0.1
74.6737 	EXP 	outcomeText: text = '$0'
74.6737 	EXP 	noRespTxt: autoDraw = True
74.6737 	EXP 	ocGamble: autoDraw = True
74.6737 	EXP 	ocSafe: autoDraw = True
74.6737 	EXP 	outcomeText: autoDraw = True
74.6737 	EXP 	hideGamble: autoDraw = True
75.6809 	EXP 	noRespTxt: autoDraw = False
75.6809 	EXP 	ocGamble: autoDraw = False
75.6809 	EXP 	ocSafe: autoDraw = False
75.6809 	EXP 	outcomeText: autoDraw = False
75.6809 	EXP 	hideGamble: autoDraw = False
75.6809 	EXP 	itiText: autoDraw = True
77.6843 	EXP 	New trial (rep=0, index=3): {'riskyGain': 45.88, 'riskyLoss': 0, 'alternative': 40.41, 'isi': 3, 'iti': 1, 'loc': 1}
77.7196 	EXP 	itiText: autoDraw = False
77.7196 	EXP 	itiText: autoDraw = False
77.7196 	EXP 	lossTxt: text = '$0'
77.7196 	EXP 	gainTxt: height = 0.1
77.7196 	EXP 	gainTxt: height = 0.1
77.7196 	EXP 	gainTxt: height = 0.1
77.7196 	EXP 	gainTxt: text = '$45.88'
77.7196 	EXP 	safeTxt: height = 0.1
77.7196 	EXP 	safeTxt: height = 0.1
77.7196 	EXP 	safeTxt: height = 0.1
77.7196 	EXP 	safeTxt: text = '$40.41'
77.7196 	EXP 	circleLeft: autoDraw = True
77.7196 	EXP 	circleRight: autoDraw = True
77.7196 	EXP 	lineLeft: autoDraw = True
77.7196 	EXP 	orText: autoDraw = True
77.7196 	EXP 	lossTxt: autoDraw = True
77.7196 	EXP 	gainTxt: autoDraw = True
77.7196 	EXP 	safeTxt: autoDraw = True
79.7039 	EXP 	vLeft: autoDraw = True
79.7039 	EXP 	nRight: autoDraw = True
80.1507 	DATA 	Keypress: v
80.1651 	EXP 	circleLeft: autoDraw = False
80.1651 	EXP 	circleRight: autoDraw = False
80.1651 	EXP 	lineLeft: autoDraw = False
80.1651 	EXP 	orText: autoDraw = False
80.1651 	EXP 	lossTxt: autoDraw = False
80.1651 	EXP 	gainTxt: autoDraw = False
80.1651 	EXP 	safeTxt: autoDraw = False
80.1651 	EXP 	vLeft: autoDraw = False
80.1651 	EXP 	nRight: autoDraw = False
80.1651 	EXP 	isiText: autoDraw = True
83.1826 	EXP 	isiText: autoDraw = False
83.1826 	EXP 	isiText: autoDraw = False
83.1826 	EXP 	outcomeText: height = 0.1
83.1826 	EXP 	outcomeText: height = 0.1
83.1826 	EXP 	outcomeText: height = 0.1
83.1826 	EXP 	outcomeText: text = '$45.88'
83.1826 	EXP 	noRespTxt: autoDraw = True
83.1826 	EXP 	ocGamble: autoDraw = True
83.1826 	EXP 	ocSafe: autoDraw = True
83.1826 	EXP 	outcomeText: autoDraw = True
83.1826 	EXP 	hideGamble: autoDraw = True
84.1852 	EXP 	noRespTxt: autoDraw = False
84.1852 	EXP 	ocGamble: autoDraw = False
84.1852 	EXP 	ocSafe: autoDraw = False
84.1852 	EXP 	outcomeText: autoDraw = False
84.1852 	EXP 	hideGamble: autoDraw = False
84.1852 	EXP 	itiText: autoDraw = True
85.2042 	EXP 	itiText: autoDraw = False
85.2042 	EXP 	itiText: autoDraw = False
85.2042 	EXP 	postPracText: autoDraw = True
86.7611 	EXP 	Imported CGT-choice-set.csv as conditions, 4 conditions, 4 params
86.7618 	EXP 	Created sequence: random, trialTypes=4, nReps=1, seed=None
86.7621 	EXP 	New trial (rep=0, index=0): OrderedDict([('riskyoption1', 20.03), ('riskyoption2', 0.0), ('safeoption', 1.99), ('ischecktrial', 0)])
86.7720 	DATA 	Keypress: v
86.7784 	EXP 	postPracText: autoDraw = False
86.7784 	EXP 	lossTxtReal: height = 0.1
86.7784 	EXP 	lossTxtReal: height = 0.1
86.7784 	EXP 	lossTxtReal: height = 0.1
86.7784 	EXP 	lossTxtReal: text = '$0'
86.7784 	EXP 	gainTxtReal: height = 0.1
86.7784 	EXP 	gainTxtReal: height = 0.1
86.7784 	EXP 	gainTxtReal: height = 0.1
86.7784 	EXP 	gainTxtReal: text = '$20.03'
86.7784 	EXP 	safeTxtReal: height = 0.1
86.7784 	EXP 	safeTxtReal: height = 0.1
86.7784 	EXP 	safeTxtReal: height = 0.1
86.7784 	EXP 	safeTxtReal: text = '$1.99'
86.7784 	EXP 	circleLeftReal: autoDraw = True
86.7784 	EXP 	circleRightReal: autoDraw = True
86.7784 	EXP 	lineLeftReal: autoDraw = True
86.7784 	EXP 	orTextReal: autoDraw = True
86.7784 	EXP 	lossTxtReal: autoDraw = True
86.7784 	EXP 	gainTxtReal: autoDraw = True
86.7784 	EXP 	safeTxtReal: autoDraw = True
88.7231 	EXP 	vLeftReal: autoDraw = True
88.7231 	EXP 	nRightReal: autoDraw = True
90.7367 	EXP 	circleLeftReal: autoDraw = False
90.7367 	EXP 	circleRightReal: autoDraw = False
90.7367 	EXP 	lineLeftReal: autoDraw = False
90.7367 	EXP 	orTextReal: autoDraw = False
90.7367 	EXP 	lossTxtReal: autoDraw = False
90.7367 	EXP 	gainTxtReal: autoDraw = False
90.7367 	EXP 	safeTxtReal: autoDraw = False
90.7367 	EXP 	vLeftReal: autoDraw = False
90.7367 	EXP 	nRightReal: autoDraw = False
90.7367 	EXP 	isiTextReal: autoDraw = True
91.2383 	EXP 	isiTextReal: autoDraw = False
91.2383 	EXP 	outcomeTextReal: height = 0.1
91.2383 	EXP 	outcomeTextReal: height = 0.1
91.2383 	EXP 	outcomeTextReal: height = 0.1
91.2383 	EXP 	outcomeTextReal: text = '$nan'
91.2383 	EXP 	noRespTxtReal: autoDraw = True
91.2383 	EXP 	ocGambleReal: autoDraw = True
91.2383 	EXP 	ocSafeReal: autoDraw = True
91.2383 	EXP 	outcomeTextReal: autoDraw = True
91.2383 	EXP 	hideGambleReal: autoDraw = True
92.2371 	EXP 	noRespTxtReal: autoDraw = False
92.2371 	EXP 	ocGambleReal: autoDraw = False
92.2371 	EXP 	ocSafeReal: autoDraw = False
92.2371 	EXP 	outcomeTextReal: autoDraw = False
92.2371 	EXP 	hideGambleReal: autoDraw = False
92.2371 	EXP 	itiTextReal: autoDraw = True
93.2228 	EXP 	New trial (rep=0, index=1): OrderedDict([('riskyoption1', 28.21), ('riskyoption2', 0.0), ('safeoption', 3.89), ('ischecktrial', 0)])
93.2531 	EXP 	itiTextReal: autoDraw = False
93.2531 	EXP 	lossTxtReal: text = '$0'
93.2531 	EXP 	gainTxtReal: height = 0.1
93.2531 	EXP 	gainTxtReal: height = 0.1
93.2531 	EXP 	gainTxtReal: height = 0.1
93.2531 	EXP 	gainTxtReal: text = '$28.21'
93.2531 	EXP 	safeTxtReal: height = 0.1
93.2531 	EXP 	safeTxtReal: height = 0.1
93.2531 	EXP 	safeTxtReal: height = 0.1
93.2531 	EXP 	safeTxtReal: text = '$3.89'
93.2531 	EXP 	circleLeftReal: autoDraw = True
93.2531 	EXP 	circleRightReal: autoDraw = True
93.2531 	EXP 	lineLeftReal: autoDraw = True
93.2531 	EXP 	orTextReal: autoDraw = True
93.2531 	EXP 	lossTxtReal: autoDraw = True
93.2531 	EXP 	gainTxtReal: autoDraw = True
93.2531 	EXP 	safeTxtReal: autoDraw = True
95.2238 	EXP 	vLeftReal: autoDraw = True
95.2238 	EXP 	nRightReal: autoDraw = True
96.9781 	DATA 	Keypress: v
96.9913 	EXP 	circleLeftReal: autoDraw = False
96.9913 	EXP 	circleRightReal: autoDraw = False
96.9913 	EXP 	lineLeftReal: autoDraw = False
96.9913 	EXP 	orTextReal: autoDraw = False
96.9913 	EXP 	lossTxtReal: autoDraw = False
96.9913 	EXP 	gainTxtReal: autoDraw = False
96.9913 	EXP 	safeTxtReal: autoDraw = False
96.9913 	EXP 	vLeftReal: autoDraw = False
96.9913 	EXP 	nRightReal: autoDraw = False
96.9913 	EXP 	isiTextReal: autoDraw = True
97.5153 	EXP 	isiTextReal: autoDraw = False
97.5153 	EXP 	outcomeTextReal: height = 0.1
97.5153 	EXP 	outcomeTextReal: height = 0.1
97.5153 	EXP 	outcomeTextReal: height = 0.1
97.5153 	EXP 	outcomeTextReal: text = '$3.89'
97.5153 	EXP 	noRespTxtReal: autoDraw = True
97.5153 	EXP 	ocGambleReal: autoDraw = True
97.5153 	EXP 	ocSafeReal: autoDraw = True
97.5153 	EXP 	outcomeTextReal: autoDraw = True
97.5153 	EXP 	hideGambleReal: autoDraw = True
98.5086 	EXP 	noRespTxtReal: autoDraw = False
98.5086 	EXP 	ocGambleReal: autoDraw = False
98.5086 	EXP 	ocSafeReal: autoDraw = False
98.5086 	EXP 	outcomeTextReal: autoDraw = False
98.5086 	EXP 	hideGambleReal: autoDraw = False
98.5086 	EXP 	itiTextReal: autoDraw = True
99.4913 	EXP 	New trial (rep=0, index=2): OrderedDict([('riskyoption1', 25.2), ('riskyoption2', 0.0), ('safeoption', 5.4), ('ischecktrial', 0)])
99.5097 	EXP 	itiTextReal: autoDraw = False
99.5097 	EXP 	lossTxtReal: text = '$0'
99.5097 	EXP 	gainTxtReal: height = 0.1
99.5097 	EXP 	gainTxtReal: height = 0.1
99.5097 	EXP 	gainTxtReal: height = 0.1
99.5097 	EXP 	gainTxtReal: text = '$25.20'
99.5097 	EXP 	safeTxtReal: height = 0.1
99.5097 	EXP 	safeTxtReal: height = 0.1
99.5097 	EXP 	safeTxtReal: height = 0.1
99.5097 	EXP 	safeTxtReal: text = '$5.40'
99.5097 	EXP 	circleLeftReal: autoDraw = True
99.5097 	EXP 	circleRightReal: autoDraw = True
99.5097 	EXP 	lineLeftReal: autoDraw = True
99.5097 	EXP 	orTextReal: autoDraw = True
99.5097 	EXP 	lossTxtReal: autoDraw = True
99.5097 	EXP 	gainTxtReal: autoDraw = True
99.5097 	EXP 	safeTxtReal: autoDraw = True
101.4949 	EXP 	vLeftReal: autoDraw = True
101.4949 	EXP 	nRightReal: autoDraw = True
101.8440 	DATA 	Keypress: v
101.8646 	EXP 	circleLeftReal: autoDraw = False
101.8646 	EXP 	circleRightReal: autoDraw = False
101.8646 	EXP 	lineLeftReal: autoDraw = False
101.8646 	EXP 	orTextReal: autoDraw = False
101.8646 	EXP 	lossTxtReal: autoDraw = False
101.8646 	EXP 	gainTxtReal: autoDraw = False
101.8646 	EXP 	safeTxtReal: autoDraw = False
101.8646 	EXP 	vLeftReal: autoDraw = False
101.8646 	EXP 	nRightReal: autoDraw = False
101.8646 	EXP 	isiTextReal: autoDraw = True
102.3842 	EXP 	isiTextReal: autoDraw = False
102.3842 	EXP 	outcomeTextReal: height = 0.1
102.3842 	EXP 	outcomeTextReal: height = 0.1
102.3842 	EXP 	outcomeTextReal: height = 0.1
102.3842 	EXP 	outcomeTextReal: text = '$0'
102.3842 	EXP 	noRespTxtReal: autoDraw = True
102.3842 	EXP 	ocGambleReal: autoDraw = True
102.3842 	EXP 	ocSafeReal: autoDraw = True
102.3842 	EXP 	outcomeTextReal: autoDraw = True
102.3842 	EXP 	hideGambleReal: autoDraw = True
103.3777 	EXP 	noRespTxtReal: autoDraw = False
103.3777 	EXP 	ocGambleReal: autoDraw = False
103.3777 	EXP 	ocSafeReal: autoDraw = False
103.3777 	EXP 	outcomeTextReal: autoDraw = False
103.3777 	EXP 	hideGambleReal: autoDraw = False
103.3777 	EXP 	itiTextReal: autoDraw = True
104.3605 	EXP 	New trial (rep=0, index=3): OrderedDict([('riskyoption1', 17.73), ('riskyoption2', 0.0), ('safeoption', 3.13), ('ischecktrial', 0)])
104.3788 	EXP 	itiTextReal: autoDraw = False
104.3788 	EXP 	lossTxtReal: text = '$0'
104.3788 	EXP 	gainTxtReal: height = 0.1
104.3788 	EXP 	gainTxtReal: height = 0.1
104.3788 	EXP 	gainTxtReal: height = 0.1
104.3788 	EXP 	gainTxtReal: text = '$17.73'
104.3788 	EXP 	safeTxtReal: height = 0.1
104.3788 	EXP 	safeTxtReal: height = 0.1
104.3788 	EXP 	safeTxtReal: height = 0.1
104.3788 	EXP 	safeTxtReal: text = '$3.13'
104.3788 	EXP 	circleLeftReal: autoDraw = True
104.3788 	EXP 	circleRightReal: autoDraw = True
104.3788 	EXP 	lineLeftReal: autoDraw = True
104.3788 	EXP 	orTextReal: autoDraw = True
104.3788 	EXP 	lossTxtReal: autoDraw = True
104.3788 	EXP 	gainTxtReal: autoDraw = True
104.3788 	EXP 	safeTxtReal: autoDraw = True
106.3799 	EXP 	vLeftReal: autoDraw = True
106.3799 	EXP 	nRightReal: autoDraw = True
106.7265 	DATA 	Keypress: n
106.7491 	EXP 	circleLeftReal: autoDraw = False
106.7491 	EXP 	circleRightReal: autoDraw = False
106.7491 	EXP 	lineLeftReal: autoDraw = False
106.7491 	EXP 	orTextReal: autoDraw = False
106.7491 	EXP 	lossTxtReal: autoDraw = False
106.7491 	EXP 	gainTxtReal: autoDraw = False
106.7491 	EXP 	safeTxtReal: autoDraw = False
106.7491 	EXP 	vLeftReal: autoDraw = False
106.7491 	EXP 	nRightReal: autoDraw = False
106.7491 	EXP 	isiTextReal: autoDraw = True
107.2613 	EXP 	isiTextReal: autoDraw = False
107.2613 	EXP 	outcomeTextReal: text = '$0'
107.2613 	EXP 	noRespTxtReal: autoDraw = True
107.2613 	EXP 	ocGambleReal: autoDraw = True
107.2613 	EXP 	ocSafeReal: autoDraw = True
107.2613 	EXP 	outcomeTextReal: autoDraw = True
107.2613 	EXP 	hideGambleReal: autoDraw = True
108.2618 	EXP 	noRespTxtReal: autoDraw = False
108.2618 	EXP 	ocGambleReal: autoDraw = False
108.2618 	EXP 	ocSafeReal: autoDraw = False
108.2618 	EXP 	outcomeTextReal: autoDraw = False
108.2618 	EXP 	hideGambleReal: autoDraw = False
108.2618 	EXP 	itiTextReal: autoDraw = True
109.6062 	EXP 	itiTextReal: autoDraw = False
109.6062 	EXP 	settingUpForPart2: autoDraw = True
113.6179 	EXP 	window1: recordFrameIntervals = False
113.6327 	EXP 	settingUpForPart2: autoDraw = False
113.6327 	EXP 	settingUpForPart2: autoDraw = False
113.6327 	EXP 	text: autoDraw = True
113.6332 	EXP 	window1: recordFrameIntervals = False
115.6205 	EXP 	text: text = ''
115.6324 	EXP 	text: autoDraw = False
115.6324 	EXP 	moveToRDMpart2: autoDraw = True
117.3219 	EXP 	Imported ../CGE/bespoke_choicesets/bespoke_choiceset_rhoInd021_muInd001.csv as conditions, 4 conditions, 5 params
117.3223 	EXP 	Created sequence: sequential, trialTypes=4, nReps=1, seed=None
117.3228 	EXP 	New trial (rep=0, index=0): OrderedDict([('riskyoption1', 25.157074133982), ('riskyoption2', 0), ('safeoption', 0.217215789714828), ('choiceP', 0.943799206615273), ('easy0difficult1', 0)])
117.3326 	DATA 	Keypress: return
117.3393 	EXP 	moveToRDMpart2: autoDraw = False
117.3393 	EXP 	lossTxtReal: text = '$0'
117.3393 	EXP 	gainTxtReal: height = 0.1
117.3393 	EXP 	gainTxtReal: height = 0.1
117.3393 	EXP 	gainTxtReal: height = 0.1
117.3393 	EXP 	gainTxtReal: text = '$25.16'
117.3393 	EXP 	safeTxtReal: height = 0.1
117.3393 	EXP 	safeTxtReal: height = 0.1
117.3393 	EXP 	safeTxtReal: height = 0.1
117.3393 	EXP 	safeTxtReal: text = '$0.22'
117.3393 	EXP 	circleLeftReal: autoDraw = True
117.3393 	EXP 	circleRightReal: autoDraw = True
117.3393 	EXP 	lineLeftReal: autoDraw = True
117.3393 	EXP 	orTextReal: autoDraw = True
117.3393 	EXP 	lossTxtReal: autoDraw = True
117.3393 	EXP 	gainTxtReal: autoDraw = True
117.3393 	EXP 	safeTxtReal: autoDraw = True
119.3193 	EXP 	vLeftReal: autoDraw = True
119.3193 	EXP 	nRightReal: autoDraw = True
121.1708 	DATA 	Keypress: v
121.1852 	EXP 	circleLeftReal: autoDraw = False
121.1852 	EXP 	circleRightReal: autoDraw = False
121.1852 	EXP 	lineLeftReal: autoDraw = False
121.1852 	EXP 	orTextReal: autoDraw = False
121.1852 	EXP 	lossTxtReal: autoDraw = False
121.1852 	EXP 	gainTxtReal: autoDraw = False
121.1852 	EXP 	safeTxtReal: autoDraw = False
121.1852 	EXP 	vLeftReal: autoDraw = False
121.1852 	EXP 	nRightReal: autoDraw = False
121.1852 	EXP 	isiTextReal: autoDraw = True
121.6963 	EXP 	isiTextReal: autoDraw = False
121.6963 	EXP 	outcomeTextReal: height = 0.1
121.6963 	EXP 	outcomeTextReal: height = 0.1
121.6963 	EXP 	outcomeTextReal: height = 0.1
121.6963 	EXP 	outcomeTextReal: text = '$25.16'
121.6963 	EXP 	noRespTxtReal: autoDraw = True
121.6963 	EXP 	ocGambleReal: autoDraw = True
121.6963 	EXP 	ocSafeReal: autoDraw = True
121.6963 	EXP 	outcomeTextReal: autoDraw = True
121.6963 	EXP 	hideGambleReal: autoDraw = True
122.6872 	EXP 	noRespTxtReal: autoDraw = False
122.6872 	EXP 	ocGambleReal: autoDraw = False
122.6872 	EXP 	ocSafeReal: autoDraw = False
122.6872 	EXP 	outcomeTextReal: autoDraw = False
122.6872 	EXP 	hideGambleReal: autoDraw = False
122.6872 	EXP 	itiTextReal: autoDraw = True
123.6721 	EXP 	New trial (rep=0, index=1): OrderedDict([('riskyoption1', 25.5292840344366), ('riskyoption2', 0), ('safeoption', 0.526463752950076), ('choiceP', 0.921206765331107), ('easy0difficult1', 0)])
123.7085 	EXP 	itiTextReal: autoDraw = False
123.7085 	EXP 	lossTxtReal: text = '$0'
123.7085 	EXP 	gainTxtReal: height = 0.1
123.7085 	EXP 	gainTxtReal: height = 0.1
123.7085 	EXP 	gainTxtReal: height = 0.1
123.7085 	EXP 	gainTxtReal: text = '$25.53'
123.7085 	EXP 	safeTxtReal: height = 0.1
123.7085 	EXP 	safeTxtReal: height = 0.1
123.7085 	EXP 	safeTxtReal: height = 0.1
123.7085 	EXP 	safeTxtReal: text = '$0.53'
123.7085 	EXP 	circleLeftReal: autoDraw = True
123.7085 	EXP 	circleRightReal: autoDraw = True
123.7085 	EXP 	lineLeftReal: autoDraw = True
123.7085 	EXP 	orTextReal: autoDraw = True
123.7085 	EXP 	lossTxtReal: autoDraw = True
123.7085 	EXP 	gainTxtReal: autoDraw = True
123.7085 	EXP 	safeTxtReal: autoDraw = True
125.6903 	EXP 	vLeftReal: autoDraw = True
125.6903 	EXP 	nRightReal: autoDraw = True
126.2079 	DATA 	Keypress: v
126.2206 	EXP 	circleLeftReal: autoDraw = False
126.2206 	EXP 	circleRightReal: autoDraw = False
126.2206 	EXP 	lineLeftReal: autoDraw = False
126.2206 	EXP 	orTextReal: autoDraw = False
126.2206 	EXP 	lossTxtReal: autoDraw = False
126.2206 	EXP 	gainTxtReal: autoDraw = False
126.2206 	EXP 	safeTxtReal: autoDraw = False
126.2206 	EXP 	vLeftReal: autoDraw = False
126.2206 	EXP 	nRightReal: autoDraw = False
126.2206 	EXP 	isiTextReal: autoDraw = True
126.7459 	EXP 	isiTextReal: autoDraw = False
126.7459 	EXP 	outcomeTextReal: height = 0.1
126.7459 	EXP 	outcomeTextReal: height = 0.1
126.7459 	EXP 	outcomeTextReal: height = 0.1
126.7459 	EXP 	outcomeTextReal: text = '$0'
126.7459 	EXP 	noRespTxtReal: autoDraw = True
126.7459 	EXP 	ocGambleReal: autoDraw = True
126.7459 	EXP 	ocSafeReal: autoDraw = True
126.7459 	EXP 	outcomeTextReal: autoDraw = True
126.7459 	EXP 	hideGambleReal: autoDraw = True
127.7231 	EXP 	noRespTxtReal: autoDraw = False
127.7231 	EXP 	ocGambleReal: autoDraw = False
127.7231 	EXP 	ocSafeReal: autoDraw = False
127.7231 	EXP 	outcomeTextReal: autoDraw = False
127.7231 	EXP 	hideGambleReal: autoDraw = False
127.7231 	EXP 	itiTextReal: autoDraw = True
128.7079 	EXP 	New trial (rep=0, index=2): OrderedDict([('riskyoption1', 11.8901295801275), ('riskyoption2', 0), ('safeoption', 0.135516687482595), ('choiceP', 0.938302218963328), ('easy0difficult1', 0)])
128.7299 	EXP 	itiTextReal: autoDraw = False
128.7299 	EXP 	lossTxtReal: text = '$0'
128.7299 	EXP 	gainTxtReal: height = 0.1
128.7299 	EXP 	gainTxtReal: height = 0.1
128.7299 	EXP 	gainTxtReal: height = 0.1
128.7299 	EXP 	gainTxtReal: text = '$11.89'
128.7299 	EXP 	safeTxtReal: height = 0.1
128.7299 	EXP 	safeTxtReal: height = 0.1
128.7299 	EXP 	safeTxtReal: height = 0.1
128.7299 	EXP 	safeTxtReal: text = '$0.14'
128.7299 	EXP 	circleLeftReal: autoDraw = True
128.7299 	EXP 	circleRightReal: autoDraw = True
128.7299 	EXP 	lineLeftReal: autoDraw = True
128.7299 	EXP 	orTextReal: autoDraw = True
128.7299 	EXP 	lossTxtReal: autoDraw = True
128.7299 	EXP 	gainTxtReal: autoDraw = True
128.7299 	EXP 	safeTxtReal: autoDraw = True
130.7228 	EXP 	vLeftReal: autoDraw = True
130.7228 	EXP 	nRightReal: autoDraw = True
131.1793 	DATA 	Keypress: n
131.1895 	EXP 	circleLeftReal: autoDraw = False
131.1895 	EXP 	circleRightReal: autoDraw = False
131.1895 	EXP 	lineLeftReal: autoDraw = False
131.1895 	EXP 	orTextReal: autoDraw = False
131.1895 	EXP 	lossTxtReal: autoDraw = False
131.1895 	EXP 	gainTxtReal: autoDraw = False
131.1895 	EXP 	safeTxtReal: autoDraw = False
131.1895 	EXP 	vLeftReal: autoDraw = False
131.1895 	EXP 	nRightReal: autoDraw = False
131.1895 	EXP 	isiTextReal: autoDraw = True
131.7098 	EXP 	isiTextReal: autoDraw = False
131.7098 	EXP 	outcomeTextReal: text = '$0'
131.7098 	EXP 	noRespTxtReal: autoDraw = True
131.7098 	EXP 	ocGambleReal: autoDraw = True
131.7098 	EXP 	ocSafeReal: autoDraw = True
131.7098 	EXP 	outcomeTextReal: autoDraw = True
131.7098 	EXP 	hideGambleReal: autoDraw = True
132.7089 	EXP 	noRespTxtReal: autoDraw = False
132.7089 	EXP 	ocGambleReal: autoDraw = False
132.7089 	EXP 	ocSafeReal: autoDraw = False
132.7089 	EXP 	outcomeTextReal: autoDraw = False
132.7089 	EXP 	hideGambleReal: autoDraw = False
132.7089 	EXP 	itiTextReal: autoDraw = True
133.6936 	EXP 	New trial (rep=0, index=3): OrderedDict([('riskyoption1', 9.9245956495055), ('riskyoption2', 0), ('safeoption', 8.12519698499236), ('choiceP', 0.054930647074635), ('easy0difficult1', 0)])
133.7244 	EXP 	itiTextReal: autoDraw = False
133.7244 	EXP 	lossTxtReal: text = '$0'
133.7244 	EXP 	gainTxtReal: height = 0.1
133.7244 	EXP 	gainTxtReal: height = 0.1
133.7244 	EXP 	gainTxtReal: height = 0.1
133.7244 	EXP 	gainTxtReal: text = '$9.92'
133.7244 	EXP 	safeTxtReal: height = 0.1
133.7244 	EXP 	safeTxtReal: height = 0.1
133.7244 	EXP 	safeTxtReal: height = 0.1
133.7244 	EXP 	safeTxtReal: text = '$8.13'
133.7244 	EXP 	circleLeftReal: autoDraw = True
133.7244 	EXP 	circleRightReal: autoDraw = True
133.7244 	EXP 	lineLeftReal: autoDraw = True
133.7244 	EXP 	orTextReal: autoDraw = True
133.7244 	EXP 	lossTxtReal: autoDraw = True
133.7244 	EXP 	gainTxtReal: autoDraw = True
133.7244 	EXP 	safeTxtReal: autoDraw = True
135.6950 	EXP 	vLeftReal: autoDraw = True
135.6950 	EXP 	nRightReal: autoDraw = True
136.6175 	DATA 	Keypress: v
136.6275 	EXP 	circleLeftReal: autoDraw = False
136.6275 	EXP 	circleRightReal: autoDraw = False
136.6275 	EXP 	lineLeftReal: autoDraw = False
136.6275 	EXP 	orTextReal: autoDraw = False
136.6275 	EXP 	lossTxtReal: autoDraw = False
136.6275 	EXP 	gainTxtReal: autoDraw = False
136.6275 	EXP 	safeTxtReal: autoDraw = False
136.6275 	EXP 	vLeftReal: autoDraw = False
136.6275 	EXP 	nRightReal: autoDraw = False
136.6275 	EXP 	isiTextReal: autoDraw = True
137.1479 	EXP 	isiTextReal: autoDraw = False
137.1479 	EXP 	outcomeTextReal: text = '$0'
137.1479 	EXP 	noRespTxtReal: autoDraw = True
137.1479 	EXP 	ocGambleReal: autoDraw = True
137.1479 	EXP 	ocSafeReal: autoDraw = True
137.1479 	EXP 	outcomeTextReal: autoDraw = True
137.1479 	EXP 	hideGambleReal: autoDraw = True
138.1452 	EXP 	noRespTxtReal: autoDraw = False
138.1452 	EXP 	ocGambleReal: autoDraw = False
138.1452 	EXP 	ocSafeReal: autoDraw = False
138.1452 	EXP 	outcomeTextReal: autoDraw = False
138.1452 	EXP 	hideGambleReal: autoDraw = False
138.1452 	EXP 	itiTextReal: autoDraw = True
139.1452 	EXP 	itiTextReal: autoDraw = False
139.1452 	EXP 	breaktxt: autoDraw = True
142.2464 	DATA 	Keypress: return
142.2615 	EXP 	breaktxt: autoDraw = False
142.2904 	EXP 	window1: mouseVisible = True
