2.6389 	WARNING 	We strongly recommend you activate the PTB sound engine in PsychoPy prefs as the preferred audio engine. Its timing is vastly superior. Your prefs are currently set to use ['sounddevice', 'PTB', 'pyo', 'pygame'] (in that order).
12.1616 	WARNING 	User requested fullscreen with size [2560 1440], but screen is actually [1920, 1080]. Using actual size
16.8524 	EXP 	Created window1 = Window(allowGUI=True, allowStencil=False, autoLog=True, backendConf=UNKNOWN, bitsMode=UNKNOWN, blendMode='avg', bpc=(8, 8, 8), color=array([0.5216, 0.5216, 0.5216]), colorSpace='rgb', depthBits=8, fullscr=<method-wrapper '__getattribute__' of attributeSetter object at 0x0000021255CFC1C0>, gamma=None, gammaErrorPolicy='raise', lms=UNKNOWN, monitor=<psychopy.monitors.calibTools.Monitor object at 0x000002125AE983A0>, multiSample=False, name='window1', numSamples=2, pos=(0, 0), screen=0, size=array([1920, 1080]), stencilBits=0, stereo=False, units='height', useFBO=True, useRetina=False, viewOri=0.0, viewPos=None, viewScale=None, waitBlanking=True, winType='pyglet')
16.8525 	EXP 	window1: mouseVisible = True
16.8526 	EXP 	window1: mouseVisible = False
16.8526 	EXP 	window1: Attempting to measure frame rate of screen (0) ...
16.8526 	EXP 	window1: recordFrameIntervals = False
16.9074 	EXP 	window1: recordFrameIntervals = True
16.9370 	WARNING 	t of last frame was 6.13ms (=1/163)
16.9431 	WARNING 	t of last frame was 6.13ms (=1/163)
16.9492 	WARNING 	t of last frame was 6.14ms (=1/162)
16.9554 	WARNING 	t of last frame was 6.13ms (=1/163)
16.9617 	WARNING 	Multiple dropped frames have occurred - I'll stop bothering you about them!
16.9747 	EXP 	Screen (0) actual frame rate measured at 163.89Hz
16.9748 	EXP 	window1: recordFrameIntervals = False
18.9957 	EXP 	Created Instructions = TextStim(__class__=<class 'psychopy.visual.text.TextStim'>, alignHoriz=method-wrapper(...), alignText='center', alignVert=method-wrapper(...), anchorHoriz='center', anchorVert='center', antialias=True, autoDraw=False, autoLog=True, bold=False, color=array([-0.0667,  0.6392,  1.    ]), colorSpace='rgb', contrast=1.0, depth=-1.0, flipHoriz=False, flipVert=False, font='Arial', fontFiles=[], height=0.04, italic=False, languageStyle='LTR', name='Instructions', opacity=1.0, ori=0, pos=array([0., 0.]), rgb=UNKNOWN, text=str(...), units='height', win=Window(...), wrapWidth=1.6)
19.0030 	EXP 	Created startPract = TextStim(__class__=<class 'psychopy.visual.text.TextStim'>, alignHoriz=method-wrapper(...), alignText='center', alignVert=method-wrapper(...), anchorHoriz='center', anchorVert='center', antialias=True, autoDraw=False, autoLog=True, bold=False, color=array([-0.0667,  0.6392,  1.    ]), colorSpace='rgb', contrast=1.0, depth=0.0, flipHoriz=False, flipVert=False, font='Arial', fontFiles=[], height=0.04, italic=False, languageStyle='LTR', name='startPract', opacity=1.0, ori=0, pos=array([0., 0.]), rgb=UNKNOWN, text=str(...), units='height', win=Window(...), wrapWidth=1.6)
19.0041 	EXP 	Created circleLeft = Rect(__class__=<class 'psychopy.visual.rect.Rect'>, anchor=('center', 'center'), autoDraw=False, autoLog=True, closeShape=True, color=method-wrapper(...), colorSpace='rgb', contrast=None, depth=-1.0, fillColor=array([-0.0667,  0.6392,  1.    ]), fillColorSpace='rgb', fillRGB=array([-0.0667,  0.6392,  1.    ]), interpolate=True, lineColor=array([-0.0667,  0.6392,  1.    ]), lineColorSpace='rgb', lineRGB=array([-0.0667,  0.6392,  1.    ]), lineWidth=1, name='circleLeft', opacity=1.0, ori=0.0, pos=array([-0.4,  0. ]), size=array([0.5, 0.5]), units='height', vertices=ndarray(...), win=Window(...))
19.0052 	EXP 	Created circleRight = Rect(__class__=<class 'psychopy.visual.rect.Rect'>, anchor=('center', 'center'), autoDraw=False, autoLog=True, closeShape=True, color=method-wrapper(...), colorSpace='rgb', contrast=None, depth=-2.0, fillColor=array([-0.0667,  0.6392,  1.    ]), fillColorSpace='rgb', fillRGB=array([-0.0667,  0.6392,  1.    ]), interpolate=True, lineColor=array([-0.0667,  0.6392,  1.    ]), lineColorSpace='rgb', lineRGB=array([-0.0667,  0.6392,  1.    ]), lineWidth=1, name='circleRight', opacity=1.0, ori=0.0, pos=array([0.4, 0. ]), size=array([0.5, 0.5]), units='height', vertices=ndarray(...), win=Window(...))
19.0063 	EXP 	Created lineLeft = Rect(__class__=<class 'psychopy.visual.rect.Rect'>, anchor=('center', 'center'), autoDraw=False, autoLog=True, closeShape=True, color=method-wrapper(...), colorSpace='rgb', contrast=None, depth=-3.0, fillColor=array([0.5216, 0.5216, 0.5216]), fillColorSpace='rgb', fillRGB=array([0.5216, 0.5216, 0.5216]), interpolate=True, lineColor=array([0.5216, 0.5216, 0.5216]), lineColorSpace='rgb', lineRGB=array([0.5216, 0.5216, 0.5216]), lineWidth=3, name='lineLeft', opacity=1.0, ori=0.0, pos=array([0., 0.]), size=array([0.5 , 0.01]), units='height', vertices=ndarray(...), win=Window(...))
19.0117 	EXP 	Created orText = TextStim(__class__=<class 'psychopy.visual.text.TextStim'>, alignHoriz=method-wrapper(...), alignText='center', alignVert=method-wrapper(...), anchorHoriz='center', anchorVert='center', antialias=True, autoDraw=False, autoLog=True, bold=False, color=array([-0.0667,  0.6392,  1.    ]), colorSpace='rgb', contrast=1.0, depth=-4.0, flipHoriz=False, flipVert=False, font='Arial', fontFiles=[], height=0.05, italic=False, languageStyle='LTR', name='orText', opacity=1.0, ori=0, pos=array([0., 0.]), rgb=UNKNOWN, text='OR', units='height', win=Window(...), wrapWidth=1)
19.0126 	EXP 	Created lossTxt = TextStim(__class__=<class 'psychopy.visual.text.TextStim'>, alignHoriz=method-wrapper(...), alignText='center', alignVert=method-wrapper(...), anchorHoriz='center', anchorVert='center', antialias=True, autoDraw=False, autoLog=True, bold=False, color=array([0.5216, 0.5216, 0.5216]), colorSpace='rgb', contrast=1.0, depth=-5.0, flipHoriz=False, flipVert=False, font='Arial', fontFiles=[], height=0.1, italic=False, languageStyle='LTR', name='lossTxt', opacity=1.0, ori=0, pos=array([0., 0.]), rgb=UNKNOWN, text='', units='height', win=Window(...), wrapWidth=1)
19.0131 	EXP 	Created gainTxt = TextStim(__class__=<class 'psychopy.visual.text.TextStim'>, alignHoriz=method-wrapper(...), alignText='center', alignVert=method-wrapper(...), anchorHoriz='center', anchorVert='center', antialias=True, autoDraw=False, autoLog=True, bold=False, color=array([0.5216, 0.5216, 0.5216]), colorSpace='rgb', contrast=1.0, depth=-6.0, flipHoriz=False, flipVert=False, font='Arial', fontFiles=[], height=0.1, italic=False, languageStyle='LTR', name='gainTxt', opacity=1.0, ori=0, pos=array([0., 0.]), rgb=UNKNOWN, text='', units='height', win=Window(...), wrapWidth=1)
19.0136 	EXP 	Created safeTxt = TextStim(__class__=<class 'psychopy.visual.text.TextStim'>, alignHoriz=method-wrapper(...), alignText='center', alignVert=method-wrapper(...), anchorHoriz='center', anchorVert='center', antialias=True, autoDraw=False, autoLog=True, bold=False, color=array([0.5216, 0.5216, 0.5216]), colorSpace='rgb', contrast=1.0, depth=-7.0, flipHoriz=False, flipVert=False, font='Arial', fontFiles=[], height=0.1, italic=False, languageStyle='LTR', name='safeTxt', opacity=1.0, ori=0, pos=array([0., 0.]), rgb=UNKNOWN, text='', units='height', win=Window(...), wrapWidth=1)
19.0194 	EXP 	Created vLeft = TextStim(__class__=<class 'psychopy.visual.text.TextStim'>, alignHoriz=method-wrapper(...), alignText='center', alignVert=method-wrapper(...), anchorHoriz='center', anchorVert='center', antialias=True, autoDraw=False, autoLog=True, bold=False, color=array([-0.0667,  0.6392,  1.    ]), colorSpace='rgb', contrast=1.0, depth=-8.0, flipHoriz=False, flipVert=False, font='Arial', fontFiles=[], height=0.05, italic=False, languageStyle='LTR', name='vLeft', opacity=1.0, ori=0, pos=array([-0.4 , -0.35]), rgb=UNKNOWN, text='V-Left', units='height', win=Window(...), wrapWidth=1)
19.0236 	EXP 	Created nRight = TextStim(__class__=<class 'psychopy.visual.text.TextStim'>, alignHoriz=method-wrapper(...), alignText='center', alignVert=method-wrapper(...), anchorHoriz='center', anchorVert='center', antialias=True, autoDraw=False, autoLog=True, bold=False, color=array([-0.0667,  0.6392,  1.    ]), colorSpace='rgb', contrast=1.0, depth=-9.0, flipHoriz=False, flipVert=False, font='Arial', fontFiles=[], height=0.05, italic=False, languageStyle='LTR', name='nRight', opacity=1.0, ori=0, pos=array([ 0.4 , -0.35]), rgb=UNKNOWN, text='N-Right', units='height', win=Window(...), wrapWidth=1)
19.0264 	EXP 	Created isiText = TextStim(__class__=<class 'psychopy.visual.text.TextStim'>, alignHoriz=method-wrapper(...), alignText='center', alignVert=method-wrapper(...), anchorHoriz='center', anchorVert='center', antialias=True, autoDraw=False, autoLog=True, bold=False, color=array([-0.0667,  0.6392,  1.    ]), colorSpace='rgb', contrast=1.0, depth=0.0, flipHoriz=False, flipVert=False, font='Arial', fontFiles=[], height=0.05, italic=False, languageStyle='LTR', name='isiText', opacity=1.0, ori=0, pos=array([0., 0.]), rgb=UNKNOWN, text='+', units='height', win=Window(...), wrapWidth=1)
19.0346 	EXP 	Created noRespTxt = TextStim(__class__=<class 'psychopy.visual.text.TextStim'>, alignHoriz=method-wrapper(...), alignText='center', alignVert=method-wrapper(...), anchorHoriz='center', anchorVert='center', antialias=True, autoDraw=False, autoLog=True, bold=False, color=array([-0.0667,  0.6392,  1.    ]), colorSpace='rgb', contrast=1.0, depth=-1.0, flipHoriz=False, flipVert=False, font='Arial', fontFiles=[], height=0.05, italic=False, languageStyle='LTR', name='noRespTxt', opacity=1.0, ori=0, pos=array([0., 0.]), rgb=UNKNOWN, text='You did not respond in time\n', units='height', win=Window(...), wrapWidth=1)
19.0357 	EXP 	Created ocGamble = Rect(__class__=<class 'psychopy.visual.rect.Rect'>, anchor=('center', 'center'), autoDraw=False, autoLog=True, closeShape=True, color=method-wrapper(...), colorSpace='rgb', contrast=None, depth=-2.0, fillColor=array([-0.0667,  0.6392,  1.    ]), fillColorSpace='rgb', fillRGB=array([-0.0667,  0.6392,  1.    ]), interpolate=True, lineColor=array([-0.0667,  0.6392,  1.    ]), lineColorSpace='rgb', lineRGB=array([-0.0667,  0.6392,  1.    ]), lineWidth=1, name='ocGamble', opacity=1.0, ori=0.0, pos=array([0., 0.]), size=array([0.5, 0.5]), units='height', vertices=ndarray(...), win=Window(...))
19.0369 	EXP 	Created ocSafe = Rect(__class__=<class 'psychopy.visual.rect.Rect'>, anchor=('center', 'center'), autoDraw=False, autoLog=True, closeShape=True, color=method-wrapper(...), colorSpace='rgb', contrast=None, depth=-3.0, fillColor=array([-0.0667,  0.6392,  1.    ]), fillColorSpace='rgb', fillRGB=array([-0.0667,  0.6392,  1.    ]), interpolate=True, lineColor=array([-0.0667,  0.6392,  1.    ]), lineColorSpace='rgb', lineRGB=array([-0.0667,  0.6392,  1.    ]), lineWidth=1, name='ocSafe', opacity=1.0, ori=0.0, pos=array([0., 0.]), size=array([0.5, 0.5]), units='height', vertices=ndarray(...), win=Window(...))
19.0374 	EXP 	Created outcomeText = TextStim(__class__=<class 'psychopy.visual.text.TextStim'>, alignHoriz=method-wrapper(...), alignText='center', alignVert=method-wrapper(...), anchorHoriz='center', anchorVert='center', antialias=True, autoDraw=False, autoLog=True, bold=False, color=array([0.5216, 0.5216, 0.5216]), colorSpace='rgb', contrast=1.0, depth=-4.0, flipHoriz=False, flipVert=False, font='Arial', fontFiles=[], height=0.1, italic=False, languageStyle='LTR', name='outcomeText', opacity=1.0, ori=0, pos=array([0., 0.]), rgb=UNKNOWN, text='', units='height', win=Window(...), wrapWidth=1)
19.0385 	EXP 	Created hideGamble = Rect(__class__=<class 'psychopy.visual.rect.Rect'>, anchor=('center', 'center'), autoDraw=False, autoLog=True, closeShape=True, color=method-wrapper(...), colorSpace='rgb', contrast=None, depth=-5.0, fillColor=array([0.5216, 0.5216, 0.5216]), fillColorSpace='rgb', fillRGB=array([0.5216, 0.5216, 0.5216]), interpolate=True, lineColor=array([0.5216, 0.5216, 0.5216]), lineColorSpace='rgb', lineRGB=array([0.5216, 0.5216, 0.5216]), lineWidth=1, name='hideGamble', opacity=1.0, ori=0.0, pos=array([0., 0.]), size=array([0.6, 0.3]), units='height', vertices=ndarray(...), win=Window(...))
19.0404 	EXP 	Created itiText = TextStim(__class__=<class 'psychopy.visual.text.TextStim'>, alignHoriz=method-wrapper(...), alignText='center', alignVert=method-wrapper(...), anchorHoriz='center', anchorVert='center', antialias=True, autoDraw=False, autoLog=True, bold=False, color=array([-0.0667,  0.6392,  1.    ]), colorSpace='rgb', contrast=1.0, depth=0.0, flipHoriz=False, flipVert=False, font='Arial', fontFiles=[], height=0.05, italic=False, languageStyle='LTR', name='itiText', opacity=1.0, ori=0, pos=array([0., 0.]), rgb=UNKNOWN, text='+', units='height', win=Window(...), wrapWidth=1)
19.0527 	EXP 	Created postPracText = TextStim(__class__=<class 'psychopy.visual.text.TextStim'>, alignHoriz=method-wrapper(...), alignText='center', alignVert=method-wrapper(...), anchorHoriz='center', anchorVert='center', antialias=True, autoDraw=False, autoLog=True, bold=False, color=array([-0.0667,  0.6392,  1.    ]), colorSpace='rgb', contrast=1.0, depth=0.0, flipHoriz=False, flipVert=False, font='Arial', fontFiles=[], height=0.04, italic=False, languageStyle='LTR', name='postPracText', opacity=1.0, ori=0, pos=array([0., 0.]), rgb=UNKNOWN, text=str(...), units='height', win=Window(...), wrapWidth=1.6)
19.0539 	EXP 	Created circleLeftReal = Rect(__class__=<class 'psychopy.visual.rect.Rect'>, anchor=('center', 'center'), autoDraw=False, autoLog=True, closeShape=True, color=method-wrapper(...), colorSpace='rgb', contrast=None, depth=-1.0, fillColor=array([-0.0667,  0.6392,  1.    ]), fillColorSpace='rgb', fillRGB=array([-0.0667,  0.6392,  1.    ]), interpolate=True, lineColor=array([-0.0667,  0.6392,  1.    ]), lineColorSpace='rgb', lineRGB=array([-0.0667,  0.6392,  1.    ]), lineWidth=1, name='circleLeftReal', opacity=1.0, ori=0.0, pos=array([-0.4,  0. ]), size=array([0.5, 0.5]), units='height', vertices=ndarray(...), win=Window(...))
19.0550 	EXP 	Created circleRightReal = Rect(__class__=<class 'psychopy.visual.rect.Rect'>, anchor=('center', 'center'), autoDraw=False, autoLog=True, closeShape=True, color=method-wrapper(...), colorSpace='rgb', contrast=None, depth=-2.0, fillColor=array([-0.0667,  0.6392,  1.    ]), fillColorSpace='rgb', fillRGB=array([-0.0667,  0.6392,  1.    ]), interpolate=True, lineColor=array([-0.0667,  0.6392,  1.    ]), lineColorSpace='rgb', lineRGB=array([-0.0667,  0.6392,  1.    ]), lineWidth=1, name='circleRightReal', opacity=1.0, ori=0.0, pos=array([0.4, 0. ]), size=array([0.5, 0.5]), units='height', vertices=ndarray(...), win=Window(...))
19.0560 	EXP 	Created lineLeftReal = Rect(__class__=<class 'psychopy.visual.rect.Rect'>, anchor=('center', 'center'), autoDraw=False, autoLog=True, closeShape=True, color=method-wrapper(...), colorSpace='rgb', contrast=None, depth=-3.0, fillColor=array([0.5216, 0.5216, 0.5216]), fillColorSpace='rgb', fillRGB=array([0.5216, 0.5216, 0.5216]), interpolate=True, lineColor=array([0.5216, 0.5216, 0.5216]), lineColorSpace='rgb', lineRGB=array([0.5216, 0.5216, 0.5216]), lineWidth=3, name='lineLeftReal', opacity=1.0, ori=0.0, pos=array([0., 0.]), size=array([0.5 , 0.01]), units='height', vertices=ndarray(...), win=Window(...))
19.0578 	EXP 	Created orTextReal = TextStim(__class__=<class 'psychopy.visual.text.TextStim'>, alignHoriz=method-wrapper(...), alignText='center', alignVert=method-wrapper(...), anchorHoriz='center', anchorVert='center', antialias=True, autoDraw=False, autoLog=True, bold=False, color=array([-0.0667,  0.6392,  1.    ]), colorSpace='rgb', contrast=1.0, depth=-4.0, flipHoriz=False, flipVert=False, font='Arial', fontFiles=[], height=0.05, italic=False, languageStyle='LTR', name='orTextReal', opacity=1.0, ori=0, pos=array([0., 0.]), rgb=UNKNOWN, text='OR', units='height', win=Window(...), wrapWidth=1)
19.0584 	EXP 	Created lossTxtReal = TextStim(__class__=<class 'psychopy.visual.text.TextStim'>, alignHoriz=method-wrapper(...), alignText='center', alignVert=method-wrapper(...), anchorHoriz='center', anchorVert='center', antialias=True, autoDraw=False, autoLog=True, bold=False, color=array([0.5216, 0.5216, 0.5216]), colorSpace='rgb', contrast=1.0, depth=-5.0, flipHoriz=False, flipVert=False, font='Arial', fontFiles=[], height=0.1, italic=False, languageStyle='LTR', name='lossTxtReal', opacity=1.0, ori=0, pos=array([0., 0.]), rgb=UNKNOWN, text='', units='height', win=Window(...), wrapWidth=1)
19.0589 	EXP 	Created gainTxtReal = TextStim(__class__=<class 'psychopy.visual.text.TextStim'>, alignHoriz=method-wrapper(...), alignText='center', alignVert=method-wrapper(...), anchorHoriz='center', anchorVert='center', antialias=True, autoDraw=False, autoLog=True, bold=False, color=array([0.5216, 0.5216, 0.5216]), colorSpace='rgb', contrast=1.0, depth=-6.0, flipHoriz=False, flipVert=False, font='Arial', fontFiles=[], height=0.1, italic=False, languageStyle='LTR', name='gainTxtReal', opacity=1.0, ori=0, pos=array([0., 0.]), rgb=UNKNOWN, text='', units='height', win=Window(...), wrapWidth=1)
19.0594 	EXP 	Created safeTxtReal = TextStim(__class__=<class 'psychopy.visual.text.TextStim'>, alignHoriz=method-wrapper(...), alignText='center', alignVert=method-wrapper(...), anchorHoriz='center', anchorVert='center', antialias=True, autoDraw=False, autoLog=True, bold=False, color=array([0.5216, 0.5216, 0.5216]), colorSpace='rgb', contrast=1.0, depth=-7.0, flipHoriz=False, flipVert=False, font='Arial', fontFiles=[], height=0.1, italic=False, languageStyle='LTR', name='safeTxtReal', opacity=1.0, ori=0, pos=array([0., 0.]), rgb=UNKNOWN, text='', units='height', win=Window(...), wrapWidth=1)
19.0618 	EXP 	Created vLeftReal = TextStim(__class__=<class 'psychopy.visual.text.TextStim'>, alignHoriz=method-wrapper(...), alignText='center', alignVert=method-wrapper(...), anchorHoriz='center', anchorVert='center', antialias=True, autoDraw=False, autoLog=True, bold=False, color=array([-0.0667,  0.6392,  1.    ]), colorSpace='rgb', contrast=1.0, depth=-8.0, flipHoriz=False, flipVert=False, font='Arial', fontFiles=[], height=0.05, italic=False, languageStyle='LTR', name='vLeftReal', opacity=1.0, ori=0, pos=array([-0.4 , -0.35]), rgb=UNKNOWN, text='V-Left', units='height', win=Window(...), wrapWidth=1)
19.0641 	EXP 	Created nRightReal = TextStim(__class__=<class 'psychopy.visual.text.TextStim'>, alignHoriz=method-wrapper(...), alignText='center', alignVert=method-wrapper(...), anchorHoriz='center', anchorVert='center', antialias=True, autoDraw=False, autoLog=True, bold=False, color=array([-0.0667,  0.6392,  1.    ]), colorSpace='rgb', contrast=1.0, depth=-9.0, flipHoriz=False, flipVert=False, font='Arial', fontFiles=[], height=0.05, italic=False, languageStyle='LTR', name='nRightReal', opacity=1.0, ori=0, pos=array([ 0.4 , -0.35]), rgb=UNKNOWN, text='N-Right', units='height', win=Window(...), wrapWidth=1)
19.0659 	EXP 	Created isiTextReal = TextStim(__class__=<class 'psychopy.visual.text.TextStim'>, alignHoriz=method-wrapper(...), alignText='center', alignVert=method-wrapper(...), anchorHoriz='center', anchorVert='center', antialias=True, autoDraw=False, autoLog=True, bold=False, color=array([-0.0667,  0.6392,  1.    ]), colorSpace='rgb', contrast=1.0, depth=0.0, flipHoriz=False, flipVert=False, font='Arial', fontFiles=[], height=0.05, italic=False, languageStyle='LTR', name='isiTextReal', opacity=1.0, ori=0, pos=array([0., 0.]), rgb=UNKNOWN, text='+', units='height', win=Window(...), wrapWidth=1)
19.0790 	EXP 	Created noRespTxtReal = TextStim(__class__=<class 'psychopy.visual.text.TextStim'>, alignHoriz=method-wrapper(...), alignText='center', alignVert=method-wrapper(...), anchorHoriz='center', anchorVert='center', antialias=True, autoDraw=False, autoLog=True, bold=False, color=array([-0.0667,  0.6392,  1.    ]), colorSpace='rgb', contrast=1.0, depth=-1.0, flipHoriz=False, flipVert=False, font='Arial', fontFiles=[], height=0.08, italic=False, languageStyle='LTR', name='noRespTxtReal', opacity=1.0, ori=0, pos=array([0., 0.]), rgb=UNKNOWN, text='You did not respond in time\n', units='height', win=Window(...), wrapWidth=1)
19.0810 	EXP 	Created ocGambleReal = Rect(__class__=<class 'psychopy.visual.rect.Rect'>, anchor=('center', 'center'), autoDraw=False, autoLog=True, closeShape=True, color=method-wrapper(...), colorSpace='rgb', contrast=None, depth=-2.0, fillColor=array([-0.0667,  0.6392,  1.    ]), fillColorSpace='rgb', fillRGB=array([-0.0667,  0.6392,  1.    ]), interpolate=True, lineColor=array([-0.0667,  0.6392,  1.    ]), lineColorSpace='rgb', lineRGB=array([-0.0667,  0.6392,  1.    ]), lineWidth=1, name='ocGambleReal', opacity=1.0, ori=0.0, pos=array([0., 0.]), size=array([0.5, 0.5]), units='height', vertices=ndarray(...), win=Window(...))
19.0821 	EXP 	Created ocSafeReal = Rect(__class__=<class 'psychopy.visual.rect.Rect'>, anchor=('center', 'center'), autoDraw=False, autoLog=True, closeShape=True, color=method-wrapper(...), colorSpace='rgb', contrast=None, depth=-3.0, fillColor=array([-0.0667,  0.6392,  1.    ]), fillColorSpace='rgb', fillRGB=array([-0.0667,  0.6392,  1.    ]), interpolate=True, lineColor=array([-0.0667,  0.6392,  1.    ]), lineColorSpace='rgb', lineRGB=array([-0.0667,  0.6392,  1.    ]), lineWidth=1, name='ocSafeReal', opacity=1.0, ori=0.0, pos=array([0., 0.]), size=array([0.5, 0.5]), units='height', vertices=ndarray(...), win=Window(...))
19.0826 	EXP 	Created outcomeTextReal = TextStim(__class__=<class 'psychopy.visual.text.TextStim'>, alignHoriz=method-wrapper(...), alignText='center', alignVert=method-wrapper(...), anchorHoriz='center', anchorVert='center', antialias=True, autoDraw=False, autoLog=True, bold=False, color=array([0.5216, 0.5216, 0.5216]), colorSpace='rgb', contrast=1.0, depth=-4.0, flipHoriz=False, flipVert=False, font='Arial', fontFiles=[], height=0.1, italic=False, languageStyle='LTR', name='outcomeTextReal', opacity=1.0, ori=0, pos=array([0., 0.]), rgb=UNKNOWN, text='', units='height', win=Window(...), wrapWidth=1)
19.0836 	EXP 	Created hideGambleReal = Rect(__class__=<class 'psychopy.visual.rect.Rect'>, anchor=('center', 'center'), autoDraw=False, autoLog=True, closeShape=True, color=method-wrapper(...), colorSpace='rgb', contrast=None, depth=-5.0, fillColor=array([0.5216, 0.5216, 0.5216]), fillColorSpace='rgb', fillRGB=array([0.5216, 0.5216, 0.5216]), interpolate=True, lineColor=array([0.5216, 0.5216, 0.5216]), lineColorSpace='rgb', lineRGB=array([0.5216, 0.5216, 0.5216]), lineWidth=1, name='hideGambleReal', opacity=1.0, ori=0.0, pos=array([0., 0.]), size=array([0.6, 0.3]), units='height', vertices=ndarray(...), win=Window(...))
19.0866 	EXP 	Created itiTextReal = TextStim(__class__=<class 'psychopy.visual.text.TextStim'>, alignHoriz=method-wrapper(...), alignText='center', alignVert=method-wrapper(...), anchorHoriz='center', anchorVert='center', antialias=True, autoDraw=False, autoLog=True, bold=False, color=array([-0.0667,  0.6392,  1.    ]), colorSpace='rgb', contrast=1.0, depth=0.0, flipHoriz=False, flipVert=False, font='Arial', fontFiles=[], height=0.05, italic=False, languageStyle='LTR', name='itiTextReal', opacity=1.0, ori=0, pos=array([0., 0.]), rgb=UNKNOWN, text='+', units='height', win=Window(...), wrapWidth=1)
19.1013 	EXP 	Created settingUpForPart2 = TextStim(__class__=<class 'psychopy.visual.text.TextStim'>, alignHoriz=method-wrapper(...), alignText='center', alignVert=method-wrapper(...), anchorHoriz='center', anchorVert='center', antialias=True, autoDraw=False, autoLog=True, bold=False, color=array([-0.0667,  0.6392,  1.    ]), colorSpace='rgb', contrast=1.0, depth=-4.0, flipHoriz=False, flipVert=False, font='Arial', fontFiles=[], height=0.04, italic=False, languageStyle='LTR', name='settingUpForPart2', opacity=1.0, ori=0.0, pos=array([0., 0.]), rgb=UNKNOWN, text=str(...), units='height', win=Window(...), wrapWidth=1.6)
19.1030 	EXP 	Created text = TextStim(__class__=<class 'psychopy.visual.text.TextStim'>, alignHoriz=method-wrapper(...), alignText='center', alignVert=method-wrapper(...), anchorHoriz='center', anchorVert='center', antialias=True, autoDraw=False, autoLog=True, bold=False, color=array([-0.0667,  0.6392,  1.    ]), colorSpace='rgb', contrast=1.0, depth=0.0, flipHoriz=False, flipVert=False, font='Open Sans', fontFiles=[], height=0.05, italic=False, languageStyle='LTR', name='text', opacity=1.0, ori=0.0, pos=array([0., 0.]), rgb=UNKNOWN, text='', units='height', win=Window(...), wrapWidth=1)
19.1128 	EXP 	Created moveToRDMpart2 = TextStim(__class__=<class 'psychopy.visual.text.TextStim'>, alignHoriz=method-wrapper(...), alignText='center', alignVert=method-wrapper(...), anchorHoriz='center', anchorVert='center', antialias=True, autoDraw=False, autoLog=True, bold=False, color=array([-0.0667,  0.6392,  1.    ]), colorSpace='rgb', contrast=1.0, depth=0.0, flipHoriz=False, flipVert=False, font='Arial', fontFiles=[], height=0.04, italic=False, languageStyle='LTR', name='moveToRDMpart2', opacity=1.0, ori=0.0, pos=array([0., 0.]), rgb=UNKNOWN, text=str(...), units='height', win=Window(...), wrapWidth=1.6)
19.1139 	EXP 	Created circleLeftReal = Rect(__class__=<class 'psychopy.visual.rect.Rect'>, anchor=('center', 'center'), autoDraw=False, autoLog=True, closeShape=True, color=method-wrapper(...), colorSpace='rgb', contrast=None, depth=-1.0, fillColor=array([-0.0667,  0.6392,  1.    ]), fillColorSpace='rgb', fillRGB=array([-0.0667,  0.6392,  1.    ]), interpolate=True, lineColor=array([-0.0667,  0.6392,  1.    ]), lineColorSpace='rgb', lineRGB=array([-0.0667,  0.6392,  1.    ]), lineWidth=1, name='circleLeftReal', opacity=1.0, ori=0.0, pos=array([-0.4,  0. ]), size=array([0.5, 0.5]), units='height', vertices=ndarray(...), win=Window(...))
19.1150 	EXP 	Created circleRightReal = Rect(__class__=<class 'psychopy.visual.rect.Rect'>, anchor=('center', 'center'), autoDraw=False, autoLog=True, closeShape=True, color=method-wrapper(...), colorSpace='rgb', contrast=None, depth=-2.0, fillColor=array([-0.0667,  0.6392,  1.    ]), fillColorSpace='rgb', fillRGB=array([-0.0667,  0.6392,  1.    ]), interpolate=True, lineColor=array([-0.0667,  0.6392,  1.    ]), lineColorSpace='rgb', lineRGB=array([-0.0667,  0.6392,  1.    ]), lineWidth=1, name='circleRightReal', opacity=1.0, ori=0.0, pos=array([0.4, 0. ]), size=array([0.5, 0.5]), units='height', vertices=ndarray(...), win=Window(...))
19.1161 	EXP 	Created lineLeftReal = Rect(__class__=<class 'psychopy.visual.rect.Rect'>, anchor=('center', 'center'), autoDraw=False, autoLog=True, closeShape=True, color=method-wrapper(...), colorSpace='rgb', contrast=None, depth=-3.0, fillColor=array([0.5216, 0.5216, 0.5216]), fillColorSpace='rgb', fillRGB=array([0.5216, 0.5216, 0.5216]), interpolate=True, lineColor=array([0.5216, 0.5216, 0.5216]), lineColorSpace='rgb', lineRGB=array([0.5216, 0.5216, 0.5216]), lineWidth=3, name='lineLeftReal', opacity=1.0, ori=0.0, pos=array([0., 0.]), size=array([0.5 , 0.01]), units='height', vertices=ndarray(...), win=Window(...))
19.1190 	EXP 	Created orTextReal = TextStim(__class__=<class 'psychopy.visual.text.TextStim'>, alignHoriz=method-wrapper(...), alignText='center', alignVert=method-wrapper(...), anchorHoriz='center', anchorVert='center', antialias=True, autoDraw=False, autoLog=True, bold=False, color=array([-0.0667,  0.6392,  1.    ]), colorSpace='rgb', contrast=1.0, depth=-4.0, flipHoriz=False, flipVert=False, font='Arial', fontFiles=[], height=0.05, italic=False, languageStyle='LTR', name='orTextReal', opacity=1.0, ori=0, pos=array([0., 0.]), rgb=UNKNOWN, text='OR', units='height', win=Window(...), wrapWidth=1)
19.1196 	EXP 	Created lossTxtReal = TextStim(__class__=<class 'psychopy.visual.text.TextStim'>, alignHoriz=method-wrapper(...), alignText='center', alignVert=method-wrapper(...), anchorHoriz='center', anchorVert='center', antialias=True, autoDraw=False, autoLog=True, bold=False, color=array([0.5216, 0.5216, 0.5216]), colorSpace='rgb', contrast=1.0, depth=-5.0, flipHoriz=False, flipVert=False, font='Arial', fontFiles=[], height=0.1, italic=False, languageStyle='LTR', name='lossTxtReal', opacity=1.0, ori=0, pos=array([0., 0.]), rgb=UNKNOWN, text='', units='height', win=Window(...), wrapWidth=1)
19.1201 	EXP 	Created gainTxtReal = TextStim(__class__=<class 'psychopy.visual.text.TextStim'>, alignHoriz=method-wrapper(...), alignText='center', alignVert=method-wrapper(...), anchorHoriz='center', anchorVert='center', antialias=True, autoDraw=False, autoLog=True, bold=False, color=array([0.5216, 0.5216, 0.5216]), colorSpace='rgb', contrast=1.0, depth=-6.0, flipHoriz=False, flipVert=False, font='Arial', fontFiles=[], height=0.1, italic=False, languageStyle='LTR', name='gainTxtReal', opacity=1.0, ori=0, pos=array([0., 0.]), rgb=UNKNOWN, text='', units='height', win=Window(...), wrapWidth=1)
19.1206 	EXP 	Created safeTxtReal = TextStim(__class__=<class 'psychopy.visual.text.TextStim'>, alignHoriz=method-wrapper(...), alignText='center', alignVert=method-wrapper(...), anchorHoriz='center', anchorVert='center', antialias=True, autoDraw=False, autoLog=True, bold=False, color=array([0.5216, 0.5216, 0.5216]), colorSpace='rgb', contrast=1.0, depth=-7.0, flipHoriz=False, flipVert=False, font='Arial', fontFiles=[], height=0.1, italic=False, languageStyle='LTR', name='safeTxtReal', opacity=1.0, ori=0, pos=array([0., 0.]), rgb=UNKNOWN, text='', units='height', win=Window(...), wrapWidth=1)
19.1249 	EXP 	Created vLeftReal = TextStim(__class__=<class 'psychopy.visual.text.TextStim'>, alignHoriz=method-wrapper(...), alignText='center', alignVert=method-wrapper(...), anchorHoriz='center', anchorVert='center', antialias=True, autoDraw=False, autoLog=True, bold=False, color=array([-0.0667,  0.6392,  1.    ]), colorSpace='rgb', contrast=1.0, depth=-8.0, flipHoriz=False, flipVert=False, font='Arial', fontFiles=[], height=0.05, italic=False, languageStyle='LTR', name='vLeftReal', opacity=1.0, ori=0, pos=array([-0.4 , -0.35]), rgb=UNKNOWN, text='V-Left', units='height', win=Window(...), wrapWidth=1)
19.1284 	EXP 	Created nRightReal = TextStim(__class__=<class 'psychopy.visual.text.TextStim'>, alignHoriz=method-wrapper(...), alignText='center', alignVert=method-wrapper(...), anchorHoriz='center', anchorVert='center', antialias=True, autoDraw=False, autoLog=True, bold=False, color=array([-0.0667,  0.6392,  1.    ]), colorSpace='rgb', contrast=1.0, depth=-9.0, flipHoriz=False, flipVert=False, font='Arial', fontFiles=[], height=0.05, italic=False, languageStyle='LTR', name='nRightReal', opacity=1.0, ori=0, pos=array([ 0.4 , -0.35]), rgb=UNKNOWN, text='N-Right', units='height', win=Window(...), wrapWidth=1)
19.1305 	EXP 	Created isiTextReal = TextStim(__class__=<class 'psychopy.visual.text.TextStim'>, alignHoriz=method-wrapper(...), alignText='center', alignVert=method-wrapper(...), anchorHoriz='center', anchorVert='center', antialias=True, autoDraw=False, autoLog=True, bold=False, color=array([-0.0667,  0.6392,  1.    ]), colorSpace='rgb', contrast=1.0, depth=0.0, flipHoriz=False, flipVert=False, font='Arial', fontFiles=[], height=0.05, italic=False, languageStyle='LTR', name='isiTextReal', opacity=1.0, ori=0, pos=array([0., 0.]), rgb=UNKNOWN, text='+', units='height', win=Window(...), wrapWidth=1)
19.1391 	EXP 	Created noRespTxtReal = TextStim(__class__=<class 'psychopy.visual.text.TextStim'>, alignHoriz=method-wrapper(...), alignText='center', alignVert=method-wrapper(...), anchorHoriz='center', anchorVert='center', antialias=True, autoDraw=False, autoLog=True, bold=False, color=array([-0.0667,  0.6392,  1.    ]), colorSpace='rgb', contrast=1.0, depth=-1.0, flipHoriz=False, flipVert=False, font='Arial', fontFiles=[], height=0.08, italic=False, languageStyle='LTR', name='noRespTxtReal', opacity=1.0, ori=0, pos=array([0., 0.]), rgb=UNKNOWN, text='You did not respond in time\n', units='height', win=Window(...), wrapWidth=1)
19.1403 	EXP 	Created ocGambleReal = Rect(__class__=<class 'psychopy.visual.rect.Rect'>, anchor=('center', 'center'), autoDraw=False, autoLog=True, closeShape=True, color=method-wrapper(...), colorSpace='rgb', contrast=None, depth=-2.0, fillColor=array([-0.0667,  0.6392,  1.    ]), fillColorSpace='rgb', fillRGB=array([-0.0667,  0.6392,  1.    ]), interpolate=True, lineColor=array([-0.0667,  0.6392,  1.    ]), lineColorSpace='rgb', lineRGB=array([-0.0667,  0.6392,  1.    ]), lineWidth=1, name='ocGambleReal', opacity=1.0, ori=0.0, pos=array([0., 0.]), size=array([0.5, 0.5]), units='height', vertices=ndarray(...), win=Window(...))
19.1414 	EXP 	Created ocSafeReal = Rect(__class__=<class 'psychopy.visual.rect.Rect'>, anchor=('center', 'center'), autoDraw=False, autoLog=True, closeShape=True, color=method-wrapper(...), colorSpace='rgb', contrast=None, depth=-3.0, fillColor=array([-0.0667,  0.6392,  1.    ]), fillColorSpace='rgb', fillRGB=array([-0.0667,  0.6392,  1.    ]), interpolate=True, lineColor=array([-0.0667,  0.6392,  1.    ]), lineColorSpace='rgb', lineRGB=array([-0.0667,  0.6392,  1.    ]), lineWidth=1, name='ocSafeReal', opacity=1.0, ori=0.0, pos=array([0., 0.]), size=array([0.5, 0.5]), units='height', vertices=ndarray(...), win=Window(...))
19.1419 	EXP 	Created outcomeTextReal = TextStim(__class__=<class 'psychopy.visual.text.TextStim'>, alignHoriz=method-wrapper(...), alignText='center', alignVert=method-wrapper(...), anchorHoriz='center', anchorVert='center', antialias=True, autoDraw=False, autoLog=True, bold=False, color=array([0.5216, 0.5216, 0.5216]), colorSpace='rgb', contrast=1.0, depth=-4.0, flipHoriz=False, flipVert=False, font='Arial', fontFiles=[], height=0.1, italic=False, languageStyle='LTR', name='outcomeTextReal', opacity=1.0, ori=0, pos=array([0., 0.]), rgb=UNKNOWN, text='', units='height', win=Window(...), wrapWidth=1)
19.1430 	EXP 	Created hideGambleReal = Rect(__class__=<class 'psychopy.visual.rect.Rect'>, anchor=('center', 'center'), autoDraw=False, autoLog=True, closeShape=True, color=method-wrapper(...), colorSpace='rgb', contrast=None, depth=-5.0, fillColor=array([0.5216, 0.5216, 0.5216]), fillColorSpace='rgb', fillRGB=array([0.5216, 0.5216, 0.5216]), interpolate=True, lineColor=array([0.5216, 0.5216, 0.5216]), lineColorSpace='rgb', lineRGB=array([0.5216, 0.5216, 0.5216]), lineWidth=1, name='hideGambleReal', opacity=1.0, ori=0.0, pos=array([0., 0.]), size=array([0.6, 0.3]), units='height', vertices=ndarray(...), win=Window(...))
19.1455 	EXP 	Created itiTextReal = TextStim(__class__=<class 'psychopy.visual.text.TextStim'>, alignHoriz=method-wrapper(...), alignText='center', alignVert=method-wrapper(...), anchorHoriz='center', anchorVert='center', antialias=True, autoDraw=False, autoLog=True, bold=False, color=array([-0.0667,  0.6392,  1.    ]), colorSpace='rgb', contrast=1.0, depth=0.0, flipHoriz=False, flipVert=False, font='Arial', fontFiles=[], height=0.05, italic=False, languageStyle='LTR', name='itiTextReal', opacity=1.0, ori=0, pos=array([0., 0.]), rgb=UNKNOWN, text='+', units='height', win=Window(...), wrapWidth=1)
19.1642 	EXP 	Created breaktxt = TextStim(__class__=<class 'psychopy.visual.text.TextStim'>, alignHoriz=method-wrapper(...), alignText='center', alignVert=method-wrapper(...), anchorHoriz='center', anchorVert='center', antialias=True, autoDraw=False, autoLog=True, bold=False, color=array([-0.0667,  0.6392,  1.    ]), colorSpace='rgb', contrast=1.0, depth=0.0, flipHoriz=False, flipVert=False, font='Arial', fontFiles=[], height=0.04, italic=False, languageStyle='LTR', name='breaktxt', opacity=1.0, ori=0.0, pos=array([0., 0.]), rgb=UNKNOWN, text=str(...), units='height', win=Window(...), wrapWidth=1.6)
19.1717 	EXP 	Created ThankYou = TextStim(__class__=<class 'psychopy.visual.text.TextStim'>, alignHoriz=method-wrapper(...), alignText='center', alignVert=method-wrapper(...), anchorHoriz='center', anchorVert='center', antialias=True, autoDraw=False, autoLog=True, bold=False, color=array([-0.0667,  0.6392,  1.    ]), colorSpace='rgb', contrast=1.0, depth=0.0, flipHoriz=False, flipVert=False, font='Arial', fontFiles=[], height=0.04, italic=False, languageStyle='LTR', name='ThankYou', opacity=1.0, ori=0.0, pos=array([0., 0.]), rgb=UNKNOWN, text=str(...), units='height', win=Window(...), wrapWidth=1.6)
19.1783 	EXP 	Instructions: autoDraw = True
30.0793 	DATA 	Keypress: lctrl
30.2371 	DATA 	Keypress: lalt
30.5683 	DATA 	Keypress: delete
34.0842 	DATA 	Mouse: Left button down, pos=(957,543)
34.1983 	DATA 	Mouse:  Left button up, pos=(957,543)
34.7164 	DATA 	Keypress: return
34.7307 	EXP 	Instructions: autoDraw = False
34.7307 	EXP 	startPract: autoDraw = True
36.2723 	DATA 	Mouse: Left button down, pos=(943,467)
36.3996 	DATA 	Mouse:  Left button up, pos=(943,467)
37.2741 	EXP 	Imported cgtRDMPractice.xlsx as conditions, 4 conditions, 6 params
37.2746 	EXP 	Created sequence: sequential, trialTypes=4, nReps=1, seed=None
37.2750 	EXP 	New trial (rep=0, index=0): {'riskyGain': 18.23, 'riskyLoss': 0, 'alternative': 9.45, 'isi': 2, 'iti': 1, 'loc': 1}
37.2976 	DATA 	Keypress: v
37.3046 	EXP 	startPract: autoDraw = False
37.3046 	EXP 	lossTxt: height = 0.1
37.3046 	EXP 	lossTxt: height = 0.1
37.3046 	EXP 	lossTxt: height = 0.1
37.3046 	EXP 	lossTxt: text = '$0'
37.3046 	EXP 	gainTxt: height = 0.1
37.3046 	EXP 	gainTxt: height = 0.1
37.3046 	EXP 	gainTxt: height = 0.1
37.3046 	EXP 	gainTxt: text = '$18.23'
37.3046 	EXP 	safeTxt: height = 0.1
37.3046 	EXP 	safeTxt: height = 0.1
37.3046 	EXP 	safeTxt: height = 0.1
37.3046 	EXP 	safeTxt: text = '$9.45'
37.3046 	EXP 	circleLeft: autoDraw = True
37.3046 	EXP 	circleRight: autoDraw = True
37.3046 	EXP 	lineLeft: autoDraw = True
37.3046 	EXP 	orText: autoDraw = True
37.3046 	EXP 	lossTxt: autoDraw = True
37.3046 	EXP 	gainTxt: autoDraw = True
37.3046 	EXP 	safeTxt: autoDraw = True
39.2881 	EXP 	vLeft: autoDraw = True
39.2881 	EXP 	nRight: autoDraw = True
39.8600 	DATA 	Keypress: v
39.8673 	EXP 	circleLeft: autoDraw = False
39.8673 	EXP 	circleRight: autoDraw = False
39.8673 	EXP 	lineLeft: autoDraw = False
39.8673 	EXP 	orText: autoDraw = False
39.8673 	EXP 	lossTxt: autoDraw = False
39.8673 	EXP 	gainTxt: autoDraw = False
39.8673 	EXP 	safeTxt: autoDraw = False
39.8673 	EXP 	vLeft: autoDraw = False
39.8673 	EXP 	nRight: autoDraw = False
39.8673 	EXP 	isiText: autoDraw = True
41.8949 	EXP 	isiText: autoDraw = False
41.8949 	EXP 	isiText: autoDraw = False
41.8949 	EXP 	outcomeText: height = 0.1
41.8949 	EXP 	outcomeText: height = 0.1
41.8949 	EXP 	outcomeText: height = 0.1
41.8949 	EXP 	outcomeText: text = '$18.23'
41.8949 	EXP 	noRespTxt: autoDraw = True
41.8949 	EXP 	ocGamble: autoDraw = True
41.8949 	EXP 	ocSafe: autoDraw = True
41.8949 	EXP 	outcomeText: autoDraw = True
41.8949 	EXP 	hideGamble: autoDraw = True
42.9029 	EXP 	noRespTxt: autoDraw = False
42.9029 	EXP 	ocGamble: autoDraw = False
42.9029 	EXP 	ocSafe: autoDraw = False
42.9029 	EXP 	outcomeText: autoDraw = False
42.9029 	EXP 	hideGamble: autoDraw = False
42.9029 	EXP 	itiText: autoDraw = True
43.9059 	EXP 	New trial (rep=0, index=1): {'riskyGain': 53.27, 'riskyLoss': 0, 'alternative': 35.16, 'isi': 1, 'iti': 3, 'loc': 1}
43.9454 	EXP 	itiText: autoDraw = False
43.9454 	EXP 	itiText: autoDraw = False
43.9454 	EXP 	lossTxt: text = '$0'
43.9454 	EXP 	gainTxt: height = 0.1
43.9454 	EXP 	gainTxt: height = 0.1
43.9454 	EXP 	gainTxt: height = 0.1
43.9454 	EXP 	gainTxt: text = '$53.27'
43.9454 	EXP 	safeTxt: height = 0.1
43.9454 	EXP 	safeTxt: height = 0.1
43.9454 	EXP 	safeTxt: height = 0.1
43.9454 	EXP 	safeTxt: text = '$35.16'
43.9454 	EXP 	circleLeft: autoDraw = True
43.9454 	EXP 	circleRight: autoDraw = True
43.9454 	EXP 	lineLeft: autoDraw = True
43.9454 	EXP 	orText: autoDraw = True
43.9454 	EXP 	lossTxt: autoDraw = True
43.9454 	EXP 	gainTxt: autoDraw = True
43.9454 	EXP 	safeTxt: autoDraw = True
45.9226 	EXP 	vLeft: autoDraw = True
45.9226 	EXP 	nRight: autoDraw = True
46.4896 	DATA 	Keypress: v
46.5034 	EXP 	circleLeft: autoDraw = False
46.5034 	EXP 	circleRight: autoDraw = False
46.5034 	EXP 	lineLeft: autoDraw = False
46.5034 	EXP 	orText: autoDraw = False
46.5034 	EXP 	lossTxt: autoDraw = False
46.5034 	EXP 	gainTxt: autoDraw = False
46.5034 	EXP 	safeTxt: autoDraw = False
46.5034 	EXP 	vLeft: autoDraw = False
46.5034 	EXP 	nRight: autoDraw = False
46.5034 	EXP 	isiText: autoDraw = True
47.5217 	EXP 	isiText: autoDraw = False
47.5217 	EXP 	isiText: autoDraw = False
47.5217 	EXP 	outcomeText: height = 0.1
47.5217 	EXP 	outcomeText: height = 0.1
47.5217 	EXP 	outcomeText: height = 0.1
47.5217 	EXP 	outcomeText: text = '$0'
47.5217 	EXP 	noRespTxt: autoDraw = True
47.5217 	EXP 	ocGamble: autoDraw = True
47.5217 	EXP 	ocSafe: autoDraw = True
47.5217 	EXP 	outcomeText: autoDraw = True
47.5217 	EXP 	hideGamble: autoDraw = True
48.5380 	EXP 	noRespTxt: autoDraw = False
48.5380 	EXP 	ocGamble: autoDraw = False
48.5380 	EXP 	ocSafe: autoDraw = False
48.5380 	EXP 	outcomeText: autoDraw = False
48.5380 	EXP 	hideGamble: autoDraw = False
48.5380 	EXP 	itiText: autoDraw = True
51.5400 	EXP 	New trial (rep=0, index=2): {'riskyGain': 8.27, 'riskyLoss': 0, 'alternative': 1.15, 'isi': 1, 'iti': 2, 'loc': 2}
51.5612 	EXP 	itiText: autoDraw = False
51.5612 	EXP 	itiText: autoDraw = False
51.5612 	EXP 	lossTxt: text = '$0'
51.5612 	EXP 	gainTxt: height = 0.1
51.5612 	EXP 	gainTxt: height = 0.1
51.5612 	EXP 	gainTxt: height = 0.1
51.5612 	EXP 	gainTxt: text = '$8.27'
51.5612 	EXP 	safeTxt: height = 0.1
51.5612 	EXP 	safeTxt: height = 0.1
51.5612 	EXP 	safeTxt: height = 0.1
51.5612 	EXP 	safeTxt: text = '$1.15'
51.5612 	EXP 	circleLeft: autoDraw = True
51.5612 	EXP 	circleRight: autoDraw = True
51.5612 	EXP 	lineLeft: autoDraw = True
51.5612 	EXP 	orText: autoDraw = True
51.5612 	EXP 	lossTxt: autoDraw = True
51.5612 	EXP 	gainTxt: autoDraw = True
51.5612 	EXP 	safeTxt: autoDraw = True
53.5608 	EXP 	vLeft: autoDraw = True
53.5608 	EXP 	nRight: autoDraw = True
54.0501 	DATA 	Keypress: n
54.0752 	EXP 	circleLeft: autoDraw = False
54.0752 	EXP 	circleRight: autoDraw = False
54.0752 	EXP 	lineLeft: autoDraw = False
54.0752 	EXP 	orText: autoDraw = False
54.0752 	EXP 	lossTxt: autoDraw = False
54.0752 	EXP 	gainTxt: autoDraw = False
54.0752 	EXP 	safeTxt: autoDraw = False
54.0752 	EXP 	vLeft: autoDraw = False
54.0752 	EXP 	nRight: autoDraw = False
54.0752 	EXP 	isiText: autoDraw = True
55.1034 	EXP 	isiText: autoDraw = False
55.1034 	EXP 	isiText: autoDraw = False
55.1034 	EXP 	outcomeText: height = 0.1
55.1034 	EXP 	outcomeText: height = 0.1
55.1034 	EXP 	outcomeText: height = 0.1
55.1034 	EXP 	outcomeText: text = '$8.27'
55.1034 	EXP 	noRespTxt: autoDraw = True
55.1034 	EXP 	ocGamble: autoDraw = True
55.1034 	EXP 	ocSafe: autoDraw = True
55.1034 	EXP 	outcomeText: autoDraw = True
55.1034 	EXP 	hideGamble: autoDraw = True
56.1094 	EXP 	noRespTxt: autoDraw = False
56.1094 	EXP 	ocGamble: autoDraw = False
56.1094 	EXP 	ocSafe: autoDraw = False
56.1094 	EXP 	outcomeText: autoDraw = False
56.1094 	EXP 	hideGamble: autoDraw = False
56.1094 	EXP 	itiText: autoDraw = True
58.1098 	EXP 	New trial (rep=0, index=3): {'riskyGain': 45.88, 'riskyLoss': 0, 'alternative': 40.41, 'isi': 3, 'iti': 1, 'loc': 1}
58.1296 	EXP 	itiText: autoDraw = False
58.1296 	EXP 	itiText: autoDraw = False
58.1296 	EXP 	lossTxt: text = '$0'
58.1296 	EXP 	gainTxt: height = 0.1
58.1296 	EXP 	gainTxt: height = 0.1
58.1296 	EXP 	gainTxt: height = 0.1
58.1296 	EXP 	gainTxt: text = '$45.88'
58.1296 	EXP 	safeTxt: height = 0.1
58.1296 	EXP 	safeTxt: height = 0.1
58.1296 	EXP 	safeTxt: height = 0.1
58.1296 	EXP 	safeTxt: text = '$40.41'
58.1296 	EXP 	circleLeft: autoDraw = True
58.1296 	EXP 	circleRight: autoDraw = True
58.1296 	EXP 	lineLeft: autoDraw = True
58.1296 	EXP 	orText: autoDraw = True
58.1296 	EXP 	lossTxt: autoDraw = True
58.1296 	EXP 	gainTxt: autoDraw = True
58.1296 	EXP 	safeTxt: autoDraw = True
60.1265 	EXP 	vLeft: autoDraw = True
60.1265 	EXP 	nRight: autoDraw = True
60.8991 	DATA 	Keypress: v
60.9118 	EXP 	circleLeft: autoDraw = False
60.9118 	EXP 	circleRight: autoDraw = False
60.9118 	EXP 	lineLeft: autoDraw = False
60.9118 	EXP 	orText: autoDraw = False
60.9118 	EXP 	lossTxt: autoDraw = False
60.9118 	EXP 	gainTxt: autoDraw = False
60.9118 	EXP 	safeTxt: autoDraw = False
60.9118 	EXP 	vLeft: autoDraw = False
60.9118 	EXP 	nRight: autoDraw = False
60.9118 	EXP 	isiText: autoDraw = True
63.9437 	EXP 	isiText: autoDraw = False
63.9437 	EXP 	isiText: autoDraw = False
63.9437 	EXP 	outcomeText: height = 0.1
63.9437 	EXP 	outcomeText: height = 0.1
63.9437 	EXP 	outcomeText: height = 0.1
63.9437 	EXP 	outcomeText: text = '$45.88'
63.9437 	EXP 	noRespTxt: autoDraw = True
63.9437 	EXP 	ocGamble: autoDraw = True
63.9437 	EXP 	ocSafe: autoDraw = True
63.9437 	EXP 	outcomeText: autoDraw = True
63.9437 	EXP 	hideGamble: autoDraw = True
64.9455 	EXP 	noRespTxt: autoDraw = False
64.9455 	EXP 	ocGamble: autoDraw = False
64.9455 	EXP 	ocSafe: autoDraw = False
64.9455 	EXP 	outcomeText: autoDraw = False
64.9455 	EXP 	hideGamble: autoDraw = False
64.9455 	EXP 	itiText: autoDraw = True
65.9641 	EXP 	itiText: autoDraw = False
65.9641 	EXP 	itiText: autoDraw = False
65.9641 	EXP 	postPracText: autoDraw = True
67.1536 	EXP 	Imported CGT-choice-set.csv as conditions, 4 conditions, 4 params
67.1553 	EXP 	Created sequence: random, trialTypes=4, nReps=1, seed=None
67.1563 	EXP 	New trial (rep=0, index=0): OrderedDict([('riskyoption1', 17.73), ('riskyoption2', 0.0), ('safeoption', 3.13), ('ischecktrial', 0)])
67.1800 	DATA 	Keypress: v
67.1865 	EXP 	postPracText: autoDraw = False
67.1865 	EXP 	lossTxtReal: height = 0.1
67.1865 	EXP 	lossTxtReal: height = 0.1
67.1865 	EXP 	lossTxtReal: height = 0.1
67.1865 	EXP 	lossTxtReal: text = '$0'
67.1865 	EXP 	gainTxtReal: height = 0.1
67.1865 	EXP 	gainTxtReal: height = 0.1
67.1865 	EXP 	gainTxtReal: height = 0.1
67.1865 	EXP 	gainTxtReal: text = '$17.73'
67.1865 	EXP 	safeTxtReal: height = 0.1
67.1865 	EXP 	safeTxtReal: height = 0.1
67.1865 	EXP 	safeTxtReal: height = 0.1
67.1865 	EXP 	safeTxtReal: text = '$3.13'
67.1865 	EXP 	circleLeftReal: autoDraw = True
67.1865 	EXP 	circleRightReal: autoDraw = True
67.1865 	EXP 	lineLeftReal: autoDraw = True
67.1865 	EXP 	orTextReal: autoDraw = True
67.1865 	EXP 	lossTxtReal: autoDraw = True
67.1865 	EXP 	gainTxtReal: autoDraw = True
67.1865 	EXP 	safeTxtReal: autoDraw = True
69.1474 	EXP 	vLeftReal: autoDraw = True
69.1474 	EXP 	nRightReal: autoDraw = True
69.6674 	DATA 	Keypress: v
69.6808 	EXP 	circleLeftReal: autoDraw = False
69.6808 	EXP 	circleRightReal: autoDraw = False
69.6808 	EXP 	lineLeftReal: autoDraw = False
69.6808 	EXP 	orTextReal: autoDraw = False
69.6808 	EXP 	lossTxtReal: autoDraw = False
69.6808 	EXP 	gainTxtReal: autoDraw = False
69.6808 	EXP 	safeTxtReal: autoDraw = False
69.6808 	EXP 	vLeftReal: autoDraw = False
69.6808 	EXP 	nRightReal: autoDraw = False
69.6808 	EXP 	isiTextReal: autoDraw = True
70.1878 	EXP 	isiTextReal: autoDraw = False
70.1878 	EXP 	outcomeTextReal: height = 0.1
70.1878 	EXP 	outcomeTextReal: height = 0.1
70.1878 	EXP 	outcomeTextReal: height = 0.1
70.1878 	EXP 	outcomeTextReal: text = '$0'
70.1878 	EXP 	noRespTxtReal: autoDraw = True
70.1878 	EXP 	ocGambleReal: autoDraw = True
70.1878 	EXP 	ocSafeReal: autoDraw = True
70.1878 	EXP 	outcomeTextReal: autoDraw = True
70.1878 	EXP 	hideGambleReal: autoDraw = True
71.1834 	EXP 	noRespTxtReal: autoDraw = False
71.1834 	EXP 	ocGambleReal: autoDraw = False
71.1834 	EXP 	ocSafeReal: autoDraw = False
71.1834 	EXP 	outcomeTextReal: autoDraw = False
71.1834 	EXP 	hideGambleReal: autoDraw = False
71.1834 	EXP 	itiTextReal: autoDraw = True
72.1683 	EXP 	New trial (rep=0, index=1): OrderedDict([('riskyoption1', 25.2), ('riskyoption2', 0.0), ('safeoption', 5.4), ('ischecktrial', 0)])
72.1972 	EXP 	itiTextReal: autoDraw = False
72.1972 	EXP 	lossTxtReal: text = '$0'
72.1972 	EXP 	gainTxtReal: height = 0.1
72.1972 	EXP 	gainTxtReal: height = 0.1
72.1972 	EXP 	gainTxtReal: height = 0.1
72.1972 	EXP 	gainTxtReal: text = '$25.20'
72.1972 	EXP 	safeTxtReal: height = 0.1
72.1972 	EXP 	safeTxtReal: height = 0.1
72.1972 	EXP 	safeTxtReal: height = 0.1
72.1972 	EXP 	safeTxtReal: text = '$5.40'
72.1972 	EXP 	circleLeftReal: autoDraw = True
72.1972 	EXP 	circleRightReal: autoDraw = True
72.1972 	EXP 	lineLeftReal: autoDraw = True
72.1972 	EXP 	orTextReal: autoDraw = True
72.1972 	EXP 	lossTxtReal: autoDraw = True
72.1972 	EXP 	gainTxtReal: autoDraw = True
72.1972 	EXP 	safeTxtReal: autoDraw = True
74.1852 	EXP 	vLeftReal: autoDraw = True
74.1852 	EXP 	nRightReal: autoDraw = True
74.7191 	DATA 	Keypress: n
74.7352 	EXP 	circleLeftReal: autoDraw = False
74.7352 	EXP 	circleRightReal: autoDraw = False
74.7352 	EXP 	lineLeftReal: autoDraw = False
74.7352 	EXP 	orTextReal: autoDraw = False
74.7352 	EXP 	lossTxtReal: autoDraw = False
74.7352 	EXP 	gainTxtReal: autoDraw = False
74.7352 	EXP 	safeTxtReal: autoDraw = False
74.7352 	EXP 	vLeftReal: autoDraw = False
74.7352 	EXP 	nRightReal: autoDraw = False
74.7352 	EXP 	isiTextReal: autoDraw = True
75.2415 	EXP 	isiTextReal: autoDraw = False
75.2415 	EXP 	outcomeTextReal: height = 0.1
75.2415 	EXP 	outcomeTextReal: height = 0.1
75.2415 	EXP 	outcomeTextReal: height = 0.1
75.2415 	EXP 	outcomeTextReal: text = '$25.20'
75.2415 	EXP 	noRespTxtReal: autoDraw = True
75.2415 	EXP 	ocGambleReal: autoDraw = True
75.2415 	EXP 	ocSafeReal: autoDraw = True
75.2415 	EXP 	outcomeTextReal: autoDraw = True
75.2415 	EXP 	hideGambleReal: autoDraw = True
76.2515 	EXP 	noRespTxtReal: autoDraw = False
76.2515 	EXP 	ocGambleReal: autoDraw = False
76.2515 	EXP 	ocSafeReal: autoDraw = False
76.2515 	EXP 	outcomeTextReal: autoDraw = False
76.2515 	EXP 	hideGambleReal: autoDraw = False
76.2515 	EXP 	itiTextReal: autoDraw = True
77.2209 	EXP 	New trial (rep=0, index=2): OrderedDict([('riskyoption1', 28.21), ('riskyoption2', 0.0), ('safeoption', 3.89), ('ischecktrial', 0)])
77.2426 	EXP 	itiTextReal: autoDraw = False
77.2426 	EXP 	lossTxtReal: text = '$0'
77.2426 	EXP 	gainTxtReal: height = 0.1
77.2426 	EXP 	gainTxtReal: height = 0.1
77.2426 	EXP 	gainTxtReal: height = 0.1
77.2426 	EXP 	gainTxtReal: text = '$28.21'
77.2426 	EXP 	safeTxtReal: height = 0.1
77.2426 	EXP 	safeTxtReal: height = 0.1
77.2426 	EXP 	safeTxtReal: height = 0.1
77.2426 	EXP 	safeTxtReal: text = '$3.89'
77.2426 	EXP 	circleLeftReal: autoDraw = True
77.2426 	EXP 	circleRightReal: autoDraw = True
77.2426 	EXP 	lineLeftReal: autoDraw = True
77.2426 	EXP 	orTextReal: autoDraw = True
77.2426 	EXP 	lossTxtReal: autoDraw = True
77.2426 	EXP 	gainTxtReal: autoDraw = True
77.2426 	EXP 	safeTxtReal: autoDraw = True
79.2391 	EXP 	vLeftReal: autoDraw = True
79.2391 	EXP 	nRightReal: autoDraw = True
79.6884 	DATA 	Keypress: v
79.7027 	EXP 	circleLeftReal: autoDraw = False
79.7027 	EXP 	circleRightReal: autoDraw = False
79.7027 	EXP 	lineLeftReal: autoDraw = False
79.7027 	EXP 	orTextReal: autoDraw = False
79.7027 	EXP 	lossTxtReal: autoDraw = False
79.7027 	EXP 	gainTxtReal: autoDraw = False
79.7027 	EXP 	safeTxtReal: autoDraw = False
79.7027 	EXP 	vLeftReal: autoDraw = False
79.7027 	EXP 	nRightReal: autoDraw = False
79.7027 	EXP 	isiTextReal: autoDraw = True
80.2271 	EXP 	isiTextReal: autoDraw = False
80.2271 	EXP 	outcomeTextReal: height = 0.1
80.2271 	EXP 	outcomeTextReal: height = 0.1
80.2271 	EXP 	outcomeTextReal: height = 0.1
80.2271 	EXP 	outcomeTextReal: text = '$0'
80.2271 	EXP 	noRespTxtReal: autoDraw = True
80.2271 	EXP 	ocGambleReal: autoDraw = True
80.2271 	EXP 	ocSafeReal: autoDraw = True
80.2271 	EXP 	outcomeTextReal: autoDraw = True
80.2271 	EXP 	hideGambleReal: autoDraw = True
81.2047 	EXP 	noRespTxtReal: autoDraw = False
81.2047 	EXP 	ocGambleReal: autoDraw = False
81.2047 	EXP 	ocSafeReal: autoDraw = False
81.2047 	EXP 	outcomeTextReal: autoDraw = False
81.2047 	EXP 	hideGambleReal: autoDraw = False
81.2047 	EXP 	itiTextReal: autoDraw = True
82.1897 	EXP 	New trial (rep=0, index=3): OrderedDict([('riskyoption1', 20.03), ('riskyoption2', 0.0), ('safeoption', 1.99), ('ischecktrial', 0)])
82.2123 	EXP 	itiTextReal: autoDraw = False
82.2123 	EXP 	lossTxtReal: text = '$0'
82.2123 	EXP 	gainTxtReal: height = 0.1
82.2123 	EXP 	gainTxtReal: height = 0.1
82.2123 	EXP 	gainTxtReal: height = 0.1
82.2123 	EXP 	gainTxtReal: text = '$20.03'
82.2123 	EXP 	safeTxtReal: height = 0.1
82.2123 	EXP 	safeTxtReal: height = 0.1
82.2123 	EXP 	safeTxtReal: height = 0.1
82.2123 	EXP 	safeTxtReal: text = '$1.99'
82.2123 	EXP 	circleLeftReal: autoDraw = True
82.2123 	EXP 	circleRightReal: autoDraw = True
82.2123 	EXP 	lineLeftReal: autoDraw = True
82.2123 	EXP 	orTextReal: autoDraw = True
82.2123 	EXP 	lossTxtReal: autoDraw = True
82.2123 	EXP 	gainTxtReal: autoDraw = True
82.2123 	EXP 	safeTxtReal: autoDraw = True
84.2082 	EXP 	vLeftReal: autoDraw = True
84.2082 	EXP 	nRightReal: autoDraw = True
84.6950 	DATA 	Keypress: n
84.7047 	EXP 	circleLeftReal: autoDraw = False
84.7047 	EXP 	circleRightReal: autoDraw = False
84.7047 	EXP 	lineLeftReal: autoDraw = False
84.7047 	EXP 	orTextReal: autoDraw = False
84.7047 	EXP 	lossTxtReal: autoDraw = False
84.7047 	EXP 	gainTxtReal: autoDraw = False
84.7047 	EXP 	safeTxtReal: autoDraw = False
84.7047 	EXP 	vLeftReal: autoDraw = False
84.7047 	EXP 	nRightReal: autoDraw = False
84.7047 	EXP 	isiTextReal: autoDraw = True
85.2268 	EXP 	isiTextReal: autoDraw = False
85.2268 	EXP 	outcomeTextReal: text = '$0'
85.2268 	EXP 	noRespTxtReal: autoDraw = True
85.2268 	EXP 	ocGambleReal: autoDraw = True
85.2268 	EXP 	ocSafeReal: autoDraw = True
85.2268 	EXP 	outcomeTextReal: autoDraw = True
85.2268 	EXP 	hideGambleReal: autoDraw = True
86.2240 	EXP 	noRespTxtReal: autoDraw = False
86.2240 	EXP 	ocGambleReal: autoDraw = False
86.2240 	EXP 	ocSafeReal: autoDraw = False
86.2240 	EXP 	outcomeTextReal: autoDraw = False
86.2240 	EXP 	hideGambleReal: autoDraw = False
86.2240 	EXP 	itiTextReal: autoDraw = True
87.6564 	EXP 	itiTextReal: autoDraw = False
87.6564 	EXP 	settingUpForPart2: autoDraw = True
91.6597 	EXP 	window1: recordFrameIntervals = False
91.6760 	EXP 	settingUpForPart2: autoDraw = False
91.6760 	EXP 	settingUpForPart2: autoDraw = False
91.6760 	EXP 	text: autoDraw = True
91.6766 	EXP 	window1: recordFrameIntervals = False
93.6619 	EXP 	text: text = ''
93.6758 	EXP 	text: autoDraw = False
93.6758 	EXP 	moveToRDMpart2: autoDraw = True
95.1823 	EXP 	Imported ../CGE/bespoke_choicesets/bespoke_choiceset_rhoInd105_muInd201.csv as conditions, 4 conditions, 5 params
95.1826 	EXP 	Created sequence: sequential, trialTypes=4, nReps=1, seed=None
95.1830 	EXP 	New trial (rep=0, index=0): OrderedDict([('riskyoption1', 7.66675390849123), ('riskyoption2', 0), ('safeoption', 4.5003943475429), ('choiceP', 0.456532801787895), ('easy0difficult1', 1)])
95.1929 	DATA 	Keypress: return
95.1996 	EXP 	moveToRDMpart2: autoDraw = False
95.1996 	EXP 	lossTxtReal: text = '$0'
95.1996 	EXP 	gainTxtReal: height = 0.1
95.1996 	EXP 	gainTxtReal: height = 0.1
95.1996 	EXP 	gainTxtReal: height = 0.1
95.1996 	EXP 	gainTxtReal: text = '$7.67'
95.1996 	EXP 	safeTxtReal: height = 0.1
95.1996 	EXP 	safeTxtReal: height = 0.1
95.1996 	EXP 	safeTxtReal: height = 0.1
95.1996 	EXP 	safeTxtReal: text = '$4.50'
95.1996 	EXP 	circleLeftReal: autoDraw = True
95.1996 	EXP 	circleRightReal: autoDraw = True
95.1996 	EXP 	lineLeftReal: autoDraw = True
95.1996 	EXP 	orTextReal: autoDraw = True
95.1996 	EXP 	lossTxtReal: autoDraw = True
95.1996 	EXP 	gainTxtReal: autoDraw = True
95.1996 	EXP 	safeTxtReal: autoDraw = True
97.1785 	EXP 	vLeftReal: autoDraw = True
97.1785 	EXP 	nRightReal: autoDraw = True
97.8613 	DATA 	Keypress: v
97.8832 	EXP 	circleLeftReal: autoDraw = False
97.8832 	EXP 	circleRightReal: autoDraw = False
97.8832 	EXP 	lineLeftReal: autoDraw = False
97.8832 	EXP 	orTextReal: autoDraw = False
97.8832 	EXP 	lossTxtReal: autoDraw = False
97.8832 	EXP 	gainTxtReal: autoDraw = False
97.8832 	EXP 	safeTxtReal: autoDraw = False
97.8832 	EXP 	vLeftReal: autoDraw = False
97.8832 	EXP 	nRightReal: autoDraw = False
97.8832 	EXP 	isiTextReal: autoDraw = True
98.3967 	EXP 	isiTextReal: autoDraw = False
98.3967 	EXP 	outcomeTextReal: height = 0.1
98.3967 	EXP 	outcomeTextReal: height = 0.1
98.3967 	EXP 	outcomeTextReal: height = 0.1
98.3967 	EXP 	outcomeTextReal: text = '$7.67'
98.3967 	EXP 	noRespTxtReal: autoDraw = True
98.3967 	EXP 	ocGambleReal: autoDraw = True
98.3967 	EXP 	ocSafeReal: autoDraw = True
98.3967 	EXP 	outcomeTextReal: autoDraw = True
98.3967 	EXP 	hideGambleReal: autoDraw = True
99.3972 	EXP 	noRespTxtReal: autoDraw = False
99.3972 	EXP 	ocGambleReal: autoDraw = False
99.3972 	EXP 	ocSafeReal: autoDraw = False
99.3972 	EXP 	outcomeTextReal: autoDraw = False
99.3972 	EXP 	hideGambleReal: autoDraw = False
99.3972 	EXP 	itiTextReal: autoDraw = True
100.3819 	EXP 	New trial (rep=0, index=1): OrderedDict([('riskyoption1', 8.32134093958885), ('riskyoption2', 0), ('safeoption', 7.4256045608432), ('choiceP', 2.4295061261112997e-13), ('easy0difficult1', 0)])
100.4004 	EXP 	itiTextReal: autoDraw = False
100.4004 	EXP 	lossTxtReal: text = '$0'
100.4004 	EXP 	gainTxtReal: height = 0.1
100.4004 	EXP 	gainTxtReal: height = 0.1
100.4004 	EXP 	gainTxtReal: height = 0.1
100.4004 	EXP 	gainTxtReal: text = '$8.32'
100.4004 	EXP 	safeTxtReal: height = 0.1
100.4004 	EXP 	safeTxtReal: height = 0.1
100.4004 	EXP 	safeTxtReal: height = 0.1
100.4004 	EXP 	safeTxtReal: text = '$7.43'
100.4004 	EXP 	circleLeftReal: autoDraw = True
100.4004 	EXP 	circleRightReal: autoDraw = True
100.4004 	EXP 	lineLeftReal: autoDraw = True
100.4004 	EXP 	orTextReal: autoDraw = True
100.4004 	EXP 	lossTxtReal: autoDraw = True
100.4004 	EXP 	gainTxtReal: autoDraw = True
100.4004 	EXP 	safeTxtReal: autoDraw = True
102.4006 	EXP 	vLeftReal: autoDraw = True
102.4006 	EXP 	nRightReal: autoDraw = True
102.8767 	DATA 	Keypress: v
102.9005 	EXP 	circleLeftReal: autoDraw = False
102.9005 	EXP 	circleRightReal: autoDraw = False
102.9005 	EXP 	lineLeftReal: autoDraw = False
102.9005 	EXP 	orTextReal: autoDraw = False
102.9005 	EXP 	lossTxtReal: autoDraw = False
102.9005 	EXP 	gainTxtReal: autoDraw = False
102.9005 	EXP 	safeTxtReal: autoDraw = False
102.9005 	EXP 	vLeftReal: autoDraw = False
102.9005 	EXP 	nRightReal: autoDraw = False
102.9005 	EXP 	isiTextReal: autoDraw = True
103.4297 	EXP 	isiTextReal: autoDraw = False
103.4297 	EXP 	outcomeTextReal: height = 0.1
103.4297 	EXP 	outcomeTextReal: height = 0.1
103.4297 	EXP 	outcomeTextReal: height = 0.1
103.4297 	EXP 	outcomeTextReal: text = '$8.32'
103.4297 	EXP 	noRespTxtReal: autoDraw = True
103.4297 	EXP 	ocGambleReal: autoDraw = True
103.4297 	EXP 	ocSafeReal: autoDraw = True
103.4297 	EXP 	outcomeTextReal: autoDraw = True
103.4297 	EXP 	hideGambleReal: autoDraw = True
104.4163 	EXP 	noRespTxtReal: autoDraw = False
104.4163 	EXP 	ocGambleReal: autoDraw = False
104.4163 	EXP 	ocSafeReal: autoDraw = False
104.4163 	EXP 	outcomeTextReal: autoDraw = False
104.4163 	EXP 	hideGambleReal: autoDraw = False
104.4163 	EXP 	itiTextReal: autoDraw = True
105.4010 	EXP 	New trial (rep=0, index=2): OrderedDict([('riskyoption1', 1.62053720630938), ('riskyoption2', 0), ('safeoption', 0.949876057705842), ('choiceP', 0.475296336600041), ('easy0difficult1', 1)])
105.4356 	EXP 	itiTextReal: autoDraw = False
105.4356 	EXP 	lossTxtReal: text = '$0'
105.4356 	EXP 	gainTxtReal: height = 0.1
105.4356 	EXP 	gainTxtReal: height = 0.1
105.4356 	EXP 	gainTxtReal: height = 0.1
105.4356 	EXP 	gainTxtReal: text = '$1.62'
105.4356 	EXP 	safeTxtReal: height = 0.1
105.4356 	EXP 	safeTxtReal: height = 0.1
105.4356 	EXP 	safeTxtReal: height = 0.1
105.4356 	EXP 	safeTxtReal: text = '$0.95'
105.4356 	EXP 	circleLeftReal: autoDraw = True
105.4356 	EXP 	circleRightReal: autoDraw = True
105.4356 	EXP 	lineLeftReal: autoDraw = True
105.4356 	EXP 	orTextReal: autoDraw = True
105.4356 	EXP 	lossTxtReal: autoDraw = True
105.4356 	EXP 	gainTxtReal: autoDraw = True
105.4356 	EXP 	safeTxtReal: autoDraw = True
107.4038 	EXP 	vLeftReal: autoDraw = True
107.4038 	EXP 	nRightReal: autoDraw = True
107.9540 	DATA 	Keypress: v
107.9664 	EXP 	circleLeftReal: autoDraw = False
107.9664 	EXP 	circleRightReal: autoDraw = False
107.9664 	EXP 	lineLeftReal: autoDraw = False
107.9664 	EXP 	orTextReal: autoDraw = False
107.9664 	EXP 	lossTxtReal: autoDraw = False
107.9664 	EXP 	gainTxtReal: autoDraw = False
107.9664 	EXP 	safeTxtReal: autoDraw = False
107.9664 	EXP 	vLeftReal: autoDraw = False
107.9664 	EXP 	nRightReal: autoDraw = False
107.9664 	EXP 	isiTextReal: autoDraw = True
108.4920 	EXP 	isiTextReal: autoDraw = False
108.4920 	EXP 	outcomeTextReal: height = 0.1
108.4920 	EXP 	outcomeTextReal: height = 0.1
108.4920 	EXP 	outcomeTextReal: height = 0.1
108.4920 	EXP 	outcomeTextReal: text = '$0'
108.4920 	EXP 	noRespTxtReal: autoDraw = True
108.4920 	EXP 	ocGambleReal: autoDraw = True
108.4920 	EXP 	ocSafeReal: autoDraw = True
108.4920 	EXP 	outcomeTextReal: autoDraw = True
108.4920 	EXP 	hideGambleReal: autoDraw = True
109.4839 	EXP 	noRespTxtReal: autoDraw = False
109.4839 	EXP 	ocGambleReal: autoDraw = False
109.4839 	EXP 	ocSafeReal: autoDraw = False
109.4839 	EXP 	outcomeTextReal: autoDraw = False
109.4839 	EXP 	hideGambleReal: autoDraw = False
109.4839 	EXP 	itiTextReal: autoDraw = True
110.4697 	EXP 	New trial (rep=0, index=3): OrderedDict([('riskyoption1', 9.88711204302963), ('riskyoption2', 0), ('safeoption', 5.80353321779985), ('choiceP', 0.457008479278563), ('easy0difficult1', 1)])
110.4926 	EXP 	itiTextReal: autoDraw = False
110.4926 	EXP 	lossTxtReal: text = '$0'
110.4926 	EXP 	gainTxtReal: height = 0.1
110.4926 	EXP 	gainTxtReal: height = 0.1
110.4926 	EXP 	gainTxtReal: height = 0.1
110.4926 	EXP 	gainTxtReal: text = '$9.89'
110.4926 	EXP 	safeTxtReal: height = 0.1
110.4926 	EXP 	safeTxtReal: height = 0.1
110.4926 	EXP 	safeTxtReal: height = 0.1
110.4926 	EXP 	safeTxtReal: text = '$5.80'
110.4926 	EXP 	circleLeftReal: autoDraw = True
110.4926 	EXP 	circleRightReal: autoDraw = True
110.4926 	EXP 	lineLeftReal: autoDraw = True
110.4926 	EXP 	orTextReal: autoDraw = True
110.4926 	EXP 	lossTxtReal: autoDraw = True
110.4926 	EXP 	gainTxtReal: autoDraw = True
110.4926 	EXP 	safeTxtReal: autoDraw = True
112.4714 	EXP 	vLeftReal: autoDraw = True
112.4714 	EXP 	nRightReal: autoDraw = True
113.3458 	DATA 	Keypress: v
113.3707 	EXP 	circleLeftReal: autoDraw = False
113.3707 	EXP 	circleRightReal: autoDraw = False
113.3707 	EXP 	lineLeftReal: autoDraw = False
113.3707 	EXP 	orTextReal: autoDraw = False
113.3707 	EXP 	lossTxtReal: autoDraw = False
113.3707 	EXP 	gainTxtReal: autoDraw = False
113.3707 	EXP 	safeTxtReal: autoDraw = False
113.3707 	EXP 	vLeftReal: autoDraw = False
113.3707 	EXP 	nRightReal: autoDraw = False
113.3707 	EXP 	isiTextReal: autoDraw = True
113.8893 	EXP 	isiTextReal: autoDraw = False
113.8893 	EXP 	outcomeTextReal: text = '$0'
113.8893 	EXP 	noRespTxtReal: autoDraw = True
113.8893 	EXP 	ocGambleReal: autoDraw = True
113.8893 	EXP 	ocSafeReal: autoDraw = True
113.8893 	EXP 	outcomeTextReal: autoDraw = True
113.8893 	EXP 	hideGambleReal: autoDraw = True
114.8881 	EXP 	noRespTxtReal: autoDraw = False
114.8881 	EXP 	ocGambleReal: autoDraw = False
114.8881 	EXP 	ocSafeReal: autoDraw = False
114.8881 	EXP 	outcomeTextReal: autoDraw = False
114.8881 	EXP 	hideGambleReal: autoDraw = False
114.8881 	EXP 	itiTextReal: autoDraw = True
115.8886 	EXP 	itiTextReal: autoDraw = False
115.8886 	EXP 	breaktxt: autoDraw = True
117.6063 	DATA 	Keypress: return
117.6209 	EXP 	breaktxt: autoDraw = False
117.6620 	EXP 	window1: mouseVisible = True
